To override log4j configuration add JVM option: -Dlog4j.configuration=file:/home/.../your_log4j.properties
Loading log4j configuration: jar:file:/Users/xiao/src/morph-xr2rml/morph-xr2rml-dist/target/morph-xr2rml-dist-1.0-SNAPSHOT-jar-with-dependencies.jar!/xr2rml-log4j.properties
2017-05-12 23:30:08 INFO  [main] (MorphRunner.scala:57) - properties Directory = /Users/xiao/Development/obda-mongo/ontop-mongo/src/test/resources/dblp/morph
2017-05-12 23:30:08 INFO  [main] (MorphRunner.scala:58) - properties File      = output/q02.rq.properties
Reading configuration file : /Users/xiao/Development/obda-mongo/ontop-mongo/src/test/resources/dblp/morph/output/q02.rq.properties
2017-05-12 23:30:08 INFO  [main] (MorphProperties.scala:118) - Server active = false
2017-05-12 23:30:08 INFO  [main] (MorphProperties.scala:121) - Server port number = 8080
2017-05-12 23:30:08 INFO  [main] (MorphProperties.scala:124) - Output file = result.txt
2017-05-12 23:30:08 INFO  [main] (MorphProperties.scala:144) - Output RDF syntax = TURTLE
2017-05-12 23:30:08 INFO  [main] (MorphProperties.scala:153) - Output SPARQL result syntax = TURTLE
2017-05-12 23:30:08 INFO  [main] (MorphProperties.scala:156) - Display result on std output = true
2017-05-12 23:30:08 INFO  [main] (MorphProperties.scala:159) - Jena mode = memory
2017-05-12 23:30:08 INFO  [main] (MorphProperties.scala:162) - SPARQL Query Optimization = true
2017-05-12 23:30:08 INFO  [main] (MorphProperties.scala:165) - Optimization - Self join elimination = true
2017-05-12 23:30:08 INFO  [main] (MorphProperties.scala:168) - Optimization - Self union elimination = true
2017-05-12 23:30:08 INFO  [main] (MorphProperties.scala:171) - Optimization - Propagate conditions from a joined query = true
2017-05-12 23:30:08 INFO  [main] (MorphProperties.scala:174) - Optimization - Reorder STG = true
2017-05-12 23:30:08 INFO  [main] (MorphProperties.scala:177) - Optimization - Subquery elimination = true
2017-05-12 23:30:08 INFO  [main] (MorphProperties.scala:180) - Optimization - Trans join subquery elimination = true
2017-05-12 23:30:08 INFO  [main] (MorphProperties.scala:183) - Optimization - Trans stg subquery elimination = true
2017-05-12 23:30:08 INFO  [main] (MorphProperties.scala:186) - Optimization - Subquery as view = false
2017-05-12 23:30:08 INFO  [main] (MorphProperties.scala:189) - Cache the result of student.queries for join evaluation (non Relational DBs) = false
2017-05-12 23:30:08 INFO  [main] (MorphProperties.scala:196) - RunnerFactory = fr.unice.i3s.morph.xr2rml.mongo.engine.MorphMongoRunnerFactory
2017-05-12 23:30:08 INFO  [main] (MorphProperties.scala:199) - Remove Strange Chars From Literal Column = true
2017-05-12 23:30:08 INFO  [main] (MorphProperties.scala:202) - URL-encode reserved chars IRI tempalte string = true
2017-05-12 23:30:08 INFO  [main] (MorphProperties.scala:205) - URL-encode reserved chars in database values = true
2017-05-12 23:30:08 INFO  [main] (MorphProperties.scala:208) - String transformation = None
2017-05-12 23:30:09 INFO  [main] (R2RMLMappingDocument.scala:225) - Parsing mapping document /Users/xiao/Development/obda-mongo/ontop-mongo/src/test/resources/dblp/morph/dblp-mapping-authors.ttl
2017-05-12 23:30:10 INFO  [main] (MorphBaseRunner.scala:59) - ****************************************************************************************************************
2017-05-12 23:30:10 INFO  [main] (MorphBaseRunner.scala:60) - Running query translation. Content-type: null
2017-05-12 23:30:10 INFO  [main] (SparqlUtility.scala:224) - Request Accept: null. Negotiated: (application/sparql-results+xml,XML)
2017-05-12 23:30:10 INFO  [main] (SparqlQueryRewriter.scala:97) - SPARQL graph pattern:
(slice _ 100
  (distinct
    (project (?name)
      (bgp
        (triple ?x <http://www.w3.org/1999/02/22-rdf-syntax-ns#type> <http://dblp.l3s.de/d2r/Author>)
        (triple ?x <http://xmlns.com/foaf/0.1/name> ?name)
      ))))

2017-05-12 23:30:10 INFO  [main] (MorphMongoQueryTranslator.scala:84) - Triple pattern bindings computation time = 52ms.
2017-05-12 23:30:10 INFO  [main] (MorphMongoQueryTranslator.scala:85) - Triple pattern bindings:
   Binding(?x @rdf:type http://dblp.l3s.de/d2r/Author -> Author_Author)
   Binding(?x @http://xmlns.com/foaf/0.1/name ?name -> Author_name)
2017-05-12 23:30:10 WARN  [main] (MorphMongoQueryTranslator.scala:219) - SPARQL DISTINCT ignored in query translation.
2017-05-12 23:30:10 INFO  [main] (MorphMongoQueryTranslator.scala:113) - 
-------------------------------------------------------------------------
------------------ Abstract query BEFORE optimization: ------------------
[{ Binding(?x @rdf:type http://dblp.l3s.de/d2r/Author -> Author_Author)
  from   : db.authors.find({}), Iterator: Some($)
  project: Set(_id AS ?x)
  where  : Set(NotNull(_id)) }
] INNER JOIN [
{ Binding(?x @http://xmlns.com/foaf/0.1/name ?name -> Author_name)
  from   : db.authors.find({}), Iterator: Some($)
  project: Set(_id AS ?x, $.name AS ?name)
  where  : Set(NotNull(_id), NotNull($.name)) }
] ON Set(?x)
LIMIT 100
2017-05-12 23:30:10 INFO  [main] (MorphMongoQueryTranslator.scala:115) - 
------------------ Abstract query AFTER optimization: -------------------
{ Binding(?x @rdf:type http://dblp.l3s.de/d2r/Author -> Author_Author)
   Binding(?x @http://xmlns.com/foaf/0.1/name ?name -> Author_name)
  from   : db.authors.find({}), Iterator: Some($)
  project: Set(_id AS ?x, $.name AS ?name)
  where  : Set(NotNull(_id), NotNull($.name)) }
LIMIT 100
-------------------------------------------------------------------------
2017-05-12 23:30:10 WARN  [main] (JsonPathToMongoTranslator.scala:464) - JSONPath expression [_id] did not match any rule. It is ignored.
2017-05-12 23:30:10 INFO  [main] (MorphBaseQueryTranslator.scala:107) - Query translation time (including bindings) = 126ms.
2017-05-12 23:30:10 INFO  [main] (MorphBaseRunner.scala:90) - SPARQL Query = 
PREFIX  :     <http://dblp.l3s.de/d2r/>
PREFIX  dcterms: <http://purl.org/dc/terms/>
PREFIX  foaf: <http://xmlns.com/foaf/0.1/>
PREFIX  dc:   <http://purl.org/dc/elements/1.1/>

SELECT DISTINCT  ?name
WHERE
  { ?x <http://www.w3.org/1999/02/22-rdf-syntax-ns#type> :Author .
    ?x foaf:name ?name
  }
LIMIT   100

2017-05-12 23:30:10 INFO  [main] (MorphBaseRunner.scala:91) - ------------------ Abstract Query ------------------ = 
{ Binding(?x @rdf:type http://dblp.l3s.de/d2r/Author -> Author_Author)
   Binding(?x @http://xmlns.com/foaf/0.1/name ?name -> Author_name)
  from   : db.authors.find({}), Iterator: Some($)
  project: Set(_id AS ?x, $.name AS ?name)
  where  : Set(NotNull(_id), NotNull($.name)) }
LIMIT 100
2017-05-12 23:30:10 INFO  [main] (MorphBaseRunner.scala:92) - ------------------ Concrete Query ------------------ = 
{ Binding(?x @rdf:type http://dblp.l3s.de/d2r/Author -> Author_Author)
   Binding(?x @http://xmlns.com/foaf/0.1/name ?name -> Author_name)
 MongoDBQuery[Collection: authors. Query: {'name': {$exists: true, $ne: null}}. Projection: {}] }
LIMIT 100
2017-05-12 23:30:10 INFO  [main] (MorphMongoDataSourceReader.scala:84) - Executing query: MongoDBQuery[Collection: authors. Query: {'name': {$exists: true, $ne: null}}. Projection: {}] with limit Some(100)
2017-05-12 23:30:10 INFO  [main] (MorphMongoDataSourceReader.scala:113) - Query returned 5 result(s), 5 result(s) after applying the iterator, in: 286 ms.
2017-05-12 23:30:10 INFO  [main] (AbstractQueryAtomicMongo.scala:476) - Atomic query generated 5 RDF triples for binding
 Binding(?x @rdf:type http://dblp.l3s.de/d2r/Author -> Author_Author)
2017-05-12 23:30:10 INFO  [main] (AbstractQueryAtomicMongo.scala:476) - Atomic query generated 5 RDF triples for binding
 Binding(?x @http://xmlns.com/foaf/0.1/name ?name -> Author_name)
2017-05-12 23:30:10 INFO  [main] (AbstractQueryAtomicMongo.scala:483) - Atomic query generated 10 RDF triples for all binding in 57 ms.
2017-05-12 23:30:10 WARN  [main] (MorphMongoDataTranslator.scala:229) - Duration of query execution and generation of triples = 346 ms.
2017-05-12 23:30:10 INFO  [main] (MorphMongoQueryProcessor.scala:139) - Result set contains 5 triples.
2017-05-12 23:30:10 INFO  [main] (MorphMongoQueryProcessor.scala:140) - Tabular result set:
-------------------------
| name                  |
=========================
| "Phokion G. Kolaitis" |
| "Moshe Y. Vardi"      |
| "Diego Calvanese"     |
| "Alessandro Artale"   |
| "A-Youn Park"         |
-------------------------

2017-05-12 23:30:10 WARN  [main] (MorphMongoQueryProcessor.scala:146) - Time for late SPARQL query evaluation = 132ms.
2017-05-12 23:30:10 INFO  [main] (MorphBaseRunner.scala:104) - Query response output file: /Users/xiao/Development/obda-mongo/ontop-mongo/src/test/resources/dblp/morph/result.txt
2017-05-12 23:30:10 WARN  [main] (MorphBaseRunner.scala:111) - Overall SPARQL query processing time = 616ms.
2017-05-12 23:30:10 WARN  [main] (MorphBaseRunner.scala:112) - **********************DONE****************************
2017-05-12 23:30:10 INFO  [main] (MorphRunner.scala:74) - Query result:
<?xml version="1.0"?>
<sparql xmlns="http://www.w3.org/2005/sparql-results#">
  <head>
    <variable name="name"/>
  </head>
  <results>
    <result>
      <binding name="name">
        <literal>Phokion G. Kolaitis</literal>
      </binding>
    </result>
    <result>
      <binding name="name">
        <literal>Moshe Y. Vardi</literal>
      </binding>
    </result>
    <result>
      <binding name="name">
        <literal>Diego Calvanese</literal>
      </binding>
    </result>
    <result>
      <binding name="name">
        <literal>Alessandro Artale</literal>
      </binding>
    </result>
    <result>
      <binding name="name">
        <literal>A-Youn Park</literal>
      </binding>
    </result>
  </results>
</sparql>
2017-05-12 23:30:10 INFO  [main] (MorphRunner.scala:79) - Treatment completed, exiting.
