To override log4j configuration add JVM option: -Dlog4j.configuration=file:/home/.../your_log4j.properties
Loading log4j configuration: jar:file:/Users/xiao/src/morph-xr2rml/morph-xr2rml-dist/target/morph-xr2rml-dist-1.0-SNAPSHOT-jar-with-dependencies.jar!/xr2rml-log4j.properties
2017-05-12 23:30:52 INFO  [main] (MorphRunner.scala:57) - properties Directory = /Users/xiao/Development/obda-mongo/ontop-mongo/src/test/resources/dblp/morph
2017-05-12 23:30:52 INFO  [main] (MorphRunner.scala:58) - properties File      = output/q12.rq.properties
Reading configuration file : /Users/xiao/Development/obda-mongo/ontop-mongo/src/test/resources/dblp/morph/output/q12.rq.properties
2017-05-12 23:30:53 INFO  [main] (MorphProperties.scala:118) - Server active = false
2017-05-12 23:30:53 INFO  [main] (MorphProperties.scala:121) - Server port number = 8080
2017-05-12 23:30:53 INFO  [main] (MorphProperties.scala:124) - Output file = result.txt
2017-05-12 23:30:53 INFO  [main] (MorphProperties.scala:144) - Output RDF syntax = TURTLE
2017-05-12 23:30:53 INFO  [main] (MorphProperties.scala:153) - Output SPARQL result syntax = TURTLE
2017-05-12 23:30:53 INFO  [main] (MorphProperties.scala:156) - Display result on std output = true
2017-05-12 23:30:53 INFO  [main] (MorphProperties.scala:159) - Jena mode = memory
2017-05-12 23:30:53 INFO  [main] (MorphProperties.scala:162) - SPARQL Query Optimization = true
2017-05-12 23:30:53 INFO  [main] (MorphProperties.scala:165) - Optimization - Self join elimination = true
2017-05-12 23:30:53 INFO  [main] (MorphProperties.scala:168) - Optimization - Self union elimination = true
2017-05-12 23:30:53 INFO  [main] (MorphProperties.scala:171) - Optimization - Propagate conditions from a joined query = true
2017-05-12 23:30:53 INFO  [main] (MorphProperties.scala:174) - Optimization - Reorder STG = true
2017-05-12 23:30:53 INFO  [main] (MorphProperties.scala:177) - Optimization - Subquery elimination = true
2017-05-12 23:30:53 INFO  [main] (MorphProperties.scala:180) - Optimization - Trans join subquery elimination = true
2017-05-12 23:30:53 INFO  [main] (MorphProperties.scala:183) - Optimization - Trans stg subquery elimination = true
2017-05-12 23:30:53 INFO  [main] (MorphProperties.scala:186) - Optimization - Subquery as view = false
2017-05-12 23:30:53 INFO  [main] (MorphProperties.scala:189) - Cache the result of student.queries for join evaluation (non Relational DBs) = false
2017-05-12 23:30:53 INFO  [main] (MorphProperties.scala:196) - RunnerFactory = fr.unice.i3s.morph.xr2rml.mongo.engine.MorphMongoRunnerFactory
2017-05-12 23:30:53 INFO  [main] (MorphProperties.scala:199) - Remove Strange Chars From Literal Column = true
2017-05-12 23:30:53 INFO  [main] (MorphProperties.scala:202) - URL-encode reserved chars IRI tempalte string = true
2017-05-12 23:30:53 INFO  [main] (MorphProperties.scala:205) - URL-encode reserved chars in database values = true
2017-05-12 23:30:53 INFO  [main] (MorphProperties.scala:208) - String transformation = None
2017-05-12 23:30:53 INFO  [main] (R2RMLMappingDocument.scala:225) - Parsing mapping document /Users/xiao/Development/obda-mongo/ontop-mongo/src/test/resources/dblp/morph/dblp-mapping-authors.ttl
2017-05-12 23:30:54 INFO  [main] (MorphBaseRunner.scala:59) - ****************************************************************************************************************
2017-05-12 23:30:54 INFO  [main] (MorphBaseRunner.scala:60) - Running query translation. Content-type: null
2017-05-12 23:30:54 INFO  [main] (SparqlUtility.scala:224) - Request Accept: null. Negotiated: (application/sparql-results+xml,XML)
2017-05-12 23:30:54 INFO  [main] (SparqlQueryRewriter.scala:97) - SPARQL graph pattern:
(distinct
  (project (?title ?year ?venue)
    (bgp
      (triple ?x <http://www.w3.org/1999/02/22-rdf-syntax-ns#type> <http://dblp.l3s.de/d2r/Author>)
      (triple ?x <http://xmlns.com/foaf/0.1/name> "Moshe Y. Vardi")
      (triple ?y <http://www.w3.org/1999/02/22-rdf-syntax-ns#type> <http://dblp.l3s.de/d2r/Author>)
      (triple ?y <http://xmlns.com/foaf/0.1/name> "Phokion G. Kolaitis")
      (triple ?publ <http://www.w3.org/1999/02/22-rdf-syntax-ns#type> <http://dblp.l3s.de/d2r/JournalArticle>)
      (triple ?publ <http://purl.org/dc/elements/1.1/creator> ?x)
      (triple ?publ <http://purl.org/dc/elements/1.1/creator> ?y)
      (triple ?publ <http://purl.org/dc/elements/1.1/title> ?title)
      (triple ?publ <http://purl.org/dc/terms/issued> ?year)
      (triple ?publ <http://dblp.l3s.de/d2r/appearsIn> ?venue)
    )))

2017-05-12 23:30:54 INFO  [main] (MorphMongoQueryTranslator.scala:84) - Triple pattern bindings computation time = 122ms.
2017-05-12 23:30:54 INFO  [main] (MorphMongoQueryTranslator.scala:85) - Triple pattern bindings:
   Binding(?y @rdf:type http://dblp.l3s.de/d2r/Author -> Author_Author)
   Binding(?publ @http://purl.org/dc/terms/issued ?year -> Journal_issued)
   Binding(?publ @dc:creator ?y -> Journal_creator)
   Binding(?publ @dc:creator ?x -> Journal_creator)
   Binding(?publ @dc:title ?title -> Journal_titler)
   Binding(?y @http://xmlns.com/foaf/0.1/name "Phokion G. Kolaitis" -> Author_name)
   Binding(?x @rdf:type http://dblp.l3s.de/d2r/Author -> Author_Author)
   Binding(?publ @http://dblp.l3s.de/d2r/appearsIn ?venue -> Journal_appearsIn)
   Binding(?x @http://xmlns.com/foaf/0.1/name "Moshe Y. Vardi" -> Author_name)
   Binding(?publ @rdf:type http://dblp.l3s.de/d2r/JournalArticle -> Journal_JournalArticle)
2017-05-12 23:30:54 WARN  [main] (MorphMongoQueryTranslator.scala:219) - SPARQL DISTINCT ignored in query translation.
2017-05-12 23:30:54 INFO  [main] (MorphMongoQueryTranslator.scala:113) - 
-------------------------------------------------------------------------
------------------ Abstract query BEFORE optimization: ------------------
[{ Binding(?x @rdf:type http://dblp.l3s.de/d2r/Author -> Author_Author)
  from   : db.authors.find({}), Iterator: Some($)
  project: Set(_id AS ?x)
  where  : Set(NotNull(_id)) }
] INNER JOIN [
[{ Binding(?x @http://xmlns.com/foaf/0.1/name "Moshe Y. Vardi" -> Author_name)
  from   : db.authors.find({}), Iterator: Some($)
  project: Set(_id AS ?x)
  where  : Set(NotNull(_id), Equals($.name, Moshe Y. Vardi)) }
] INNER JOIN [
[{ Binding(?y @rdf:type http://dblp.l3s.de/d2r/Author -> Author_Author)
  from   : db.authors.find({}), Iterator: Some($)
  project: Set(_id AS ?y)
  where  : Set(NotNull(_id)) }
] INNER JOIN [
[{ Binding(?y @http://xmlns.com/foaf/0.1/name "Phokion G. Kolaitis" -> Author_name)
  from   : db.authors.find({}), Iterator: Some($)
  project: Set(_id AS ?y)
  where  : Set(NotNull(_id), Equals($.name, Phokion G. Kolaitis)) }
] INNER JOIN [
[{ Binding(?publ @rdf:type http://dblp.l3s.de/d2r/JournalArticle -> Journal_JournalArticle)
  from   : db.authors.find({}), Iterator: Some($)
  project: Set($.publications.article[*].dblp_key AS ?publ)
  where  : Set(NotNull($.publications.article[*].dblp_key)) }
] INNER JOIN [
[{ Binding(?publ @dc:creator ?x -> Journal_creator)
  from   : db.authors.find({}), Iterator: Some($)
  project: Set(publications.article[*].dblp_key AS ?publ, _id AS ?x)
  where  : Set(NotNull(publications.article[*].dblp_key), NotNull(_id)) }
] INNER JOIN [
[{ Binding(?publ @dc:creator ?y -> Journal_creator)
  from   : db.authors.find({}), Iterator: Some($)
  project: Set(publications.article[*].dblp_key AS ?publ, _id AS ?y)
  where  : Set(NotNull(publications.article[*].dblp_key), NotNull(_id)) }
] INNER JOIN [
[{ Binding(?publ @dc:title ?title -> Journal_titler)
  from   : db.authors.find({}), Iterator: Some($.publications.article.*)
  project: Set(dblp_key AS ?publ, $.title AS ?title)
  where  : Set(NotNull(dblp_key), NotNull($.title)) }
] INNER JOIN [
[{ Binding(?publ @http://purl.org/dc/terms/issued ?year -> Journal_issued)
  from   : db.authors.find({}), Iterator: Some($.publications.article.*)
  project: Set(dblp_key AS ?publ, $.year AS ?year)
  where  : Set(NotNull(dblp_key), NotNull($.year)) }
] INNER JOIN [
{ Binding(?publ @http://dblp.l3s.de/d2r/appearsIn ?venue -> Journal_appearsIn)
  from   : db.authors.find({}), Iterator: Some($.publications.article.*)
  project: Set(dblp_key AS ?publ, $.in AS ?venue)
  where  : Set(NotNull(dblp_key), NotNull($.in)) }
] ON Set(?publ)
] ON Set(?publ)
] ON Set(?publ)
] ON Set(?publ)
] ON Set(?publ)
] ON Set(?y)
] ON Set(?y)
] ON Set(?x)
] ON Set(?x)
2017-05-12 23:30:54 INFO  [main] (MorphMongoQueryTranslator.scala:115) - 
------------------ Abstract query AFTER optimization: -------------------
[{ Binding(?x @rdf:type http://dblp.l3s.de/d2r/Author -> Author_Author)
   Binding(?x @http://xmlns.com/foaf/0.1/name "Moshe Y. Vardi" -> Author_name)
   Binding(?publ @dc:creator ?x -> Journal_creator)
  from   : db.authors.find({}), Iterator: Some($)
  project: Set(_id AS ?x, publications.article[*].dblp_key AS ?publ)
  where  : Set(NotNull(_id), Equals($.name, Moshe Y. Vardi), NotNull(publications.article[*].dblp_key)) }
] INNER JOIN [
[{ Binding(?y @rdf:type http://dblp.l3s.de/d2r/Author -> Author_Author)
   Binding(?y @http://xmlns.com/foaf/0.1/name "Phokion G. Kolaitis" -> Author_name)
   Binding(?publ @dc:creator ?y -> Journal_creator)
  from   : db.authors.find({}), Iterator: Some($)
  project: Set(_id AS ?y, publications.article[*].dblp_key AS ?publ)
  where  : Set(NotNull(_id), Equals($.name, Phokion G. Kolaitis), NotNull(publications.article[*].dblp_key)) }
] INNER JOIN [
[{ Binding(?publ @rdf:type http://dblp.l3s.de/d2r/JournalArticle -> Journal_JournalArticle)
  from   : db.authors.find({}), Iterator: Some($)
  project: Set($.publications.article[*].dblp_key AS ?publ)
  where  : Set(NotNull($.publications.article[*].dblp_key)) }
] INNER JOIN [
{ Binding(?publ @dc:title ?title -> Journal_titler)
   Binding(?publ @http://purl.org/dc/terms/issued ?year -> Journal_issued)
   Binding(?publ @http://dblp.l3s.de/d2r/appearsIn ?venue -> Journal_appearsIn)
  from   : db.authors.find({}), Iterator: Some($.publications.article.*)
  project: Set(dblp_key AS ?publ, $.title AS ?title, $.year AS ?year, $.in AS ?venue)
  where  : Set(NotNull(dblp_key), NotNull($.title), NotNull($.year), NotNull($.in)) }
] ON Set(?publ)
] ON Set(?publ)
] ON Set(?publ)
-------------------------------------------------------------------------
2017-05-12 23:30:54 WARN  [main] (JsonPathToMongoTranslator.scala:464) - JSONPath expression [_id] did not match any rule. It is ignored.
2017-05-12 23:30:54 WARN  [main] (JsonPathToMongoTranslator.scala:464) - JSONPath expression [publications.article[*].dblp_key] did not match any rule. It is ignored.
2017-05-12 23:30:54 WARN  [main] (JsonPathToMongoTranslator.scala:464) - JSONPath expression [_id] did not match any rule. It is ignored.
2017-05-12 23:30:54 WARN  [main] (JsonPathToMongoTranslator.scala:464) - JSONPath expression [publications.article[*].dblp_key] did not match any rule. It is ignored.
2017-05-12 23:30:54 WARN  [main] (JsonPathToMongoTranslator.scala:464) - JSONPath expression [dblp_key] did not match any rule. It is ignored.
2017-05-12 23:30:54 INFO  [main] (MorphBaseQueryTranslator.scala:107) - Query translation time (including bindings) = 261ms.
2017-05-12 23:30:54 INFO  [main] (MorphBaseRunner.scala:90) - SPARQL Query = 
PREFIX  :     <http://dblp.l3s.de/d2r/>
PREFIX  dcterms: <http://purl.org/dc/terms/>
PREFIX  foaf: <http://xmlns.com/foaf/0.1/>
PREFIX  dc:   <http://purl.org/dc/elements/1.1/>

SELECT DISTINCT  ?title ?year ?venue
WHERE
  { ?x <http://www.w3.org/1999/02/22-rdf-syntax-ns#type> :Author .
    ?x foaf:name "Moshe Y. Vardi" .
    ?y <http://www.w3.org/1999/02/22-rdf-syntax-ns#type> :Author .
    ?y foaf:name "Phokion G. Kolaitis" .
    ?publ <http://www.w3.org/1999/02/22-rdf-syntax-ns#type> :JournalArticle .
    ?publ dc:creator ?x .
    ?publ dc:creator ?y .
    ?publ dc:title ?title .
    ?publ dcterms:issued ?year .
    ?publ :appearsIn ?venue
  }

2017-05-12 23:30:54 INFO  [main] (MorphBaseRunner.scala:91) - ------------------ Abstract Query ------------------ = 
[{ Binding(?x @rdf:type http://dblp.l3s.de/d2r/Author -> Author_Author)
   Binding(?x @http://xmlns.com/foaf/0.1/name "Moshe Y. Vardi" -> Author_name)
   Binding(?publ @dc:creator ?x -> Journal_creator)
  from   : db.authors.find({}), Iterator: Some($)
  project: Set(_id AS ?x, publications.article[*].dblp_key AS ?publ)
  where  : Set(NotNull(_id), Equals($.name, Moshe Y. Vardi), NotNull(publications.article[*].dblp_key)) }
] INNER JOIN [
[{ Binding(?y @rdf:type http://dblp.l3s.de/d2r/Author -> Author_Author)
   Binding(?y @http://xmlns.com/foaf/0.1/name "Phokion G. Kolaitis" -> Author_name)
   Binding(?publ @dc:creator ?y -> Journal_creator)
  from   : db.authors.find({}), Iterator: Some($)
  project: Set(_id AS ?y, publications.article[*].dblp_key AS ?publ)
  where  : Set(NotNull(_id), Equals($.name, Phokion G. Kolaitis), NotNull(publications.article[*].dblp_key)) }
] INNER JOIN [
[{ Binding(?publ @rdf:type http://dblp.l3s.de/d2r/JournalArticle -> Journal_JournalArticle)
  from   : db.authors.find({}), Iterator: Some($)
  project: Set($.publications.article[*].dblp_key AS ?publ)
  where  : Set(NotNull($.publications.article[*].dblp_key)) }
] INNER JOIN [
{ Binding(?publ @dc:title ?title -> Journal_titler)
   Binding(?publ @http://purl.org/dc/terms/issued ?year -> Journal_issued)
   Binding(?publ @http://dblp.l3s.de/d2r/appearsIn ?venue -> Journal_appearsIn)
  from   : db.authors.find({}), Iterator: Some($.publications.article.*)
  project: Set(dblp_key AS ?publ, $.title AS ?title, $.year AS ?year, $.in AS ?venue)
  where  : Set(NotNull(dblp_key), NotNull($.title), NotNull($.year), NotNull($.in)) }
] ON Set(?publ)
] ON Set(?publ)
] ON Set(?publ)
2017-05-12 23:30:54 INFO  [main] (MorphBaseRunner.scala:92) - ------------------ Concrete Query ------------------ = 
[{ Binding(?x @rdf:type http://dblp.l3s.de/d2r/Author -> Author_Author)
   Binding(?x @http://xmlns.com/foaf/0.1/name "Moshe Y. Vardi" -> Author_name)
   Binding(?publ @dc:creator ?x -> Journal_creator)
 MongoDBQuery[Collection: authors. Query: {'name': {$eq: 'Moshe Y. Vardi'}}. Projection: {}] }
] INNER JOIN [
[{ Binding(?y @rdf:type http://dblp.l3s.de/d2r/Author -> Author_Author)
   Binding(?y @http://xmlns.com/foaf/0.1/name "Phokion G. Kolaitis" -> Author_name)
   Binding(?publ @dc:creator ?y -> Journal_creator)
 MongoDBQuery[Collection: authors. Query: {'name': {$eq: 'Phokion G. Kolaitis'}}. Projection: {}] }
] INNER JOIN [
[{ Binding(?publ @rdf:type http://dblp.l3s.de/d2r/JournalArticle -> Journal_JournalArticle)
 MongoDBQuery[Collection: authors. Query: {'publications.article': {$elemMatch: {'dblp_key': {$exists: true, $ne: null}}}}. Projection: {}] }
] INNER JOIN [
{ Binding(?publ @dc:title ?title -> Journal_titler)
   Binding(?publ @http://purl.org/dc/terms/issued ?year -> Journal_issued)
   Binding(?publ @http://dblp.l3s.de/d2r/appearsIn ?venue -> Journal_appearsIn)
 MongoDBQuery[Collection: authors. Query: {'publications.article': {$elemMatch: {'title': {$exists: true, $ne: null}, 'year': {$exists: true, $ne: null}, 'in': {$exists: true, $ne: null}}}}. Projection: {}] }
] ON Set(?publ)
] ON Set(?publ)
] ON Set(?publ)
2017-05-12 23:30:54 INFO  [main] (AbstractQueryInnerJoin.scala:223) - ===============================================================================
2017-05-12 23:30:54 INFO  [main] (AbstractQueryInnerJoin.scala:224) - Generating RDF triples from the inner join query:
[{ Binding(?x @rdf:type http://dblp.l3s.de/d2r/Author -> Author_Author)
   Binding(?x @http://xmlns.com/foaf/0.1/name "Moshe Y. Vardi" -> Author_name)
   Binding(?publ @dc:creator ?x -> Journal_creator)
 MongoDBQuery[Collection: authors. Query: {'name': {$eq: 'Moshe Y. Vardi'}}. Projection: {}] }
] INNER JOIN [
[{ Binding(?y @rdf:type http://dblp.l3s.de/d2r/Author -> Author_Author)
   Binding(?y @http://xmlns.com/foaf/0.1/name "Phokion G. Kolaitis" -> Author_name)
   Binding(?publ @dc:creator ?y -> Journal_creator)
 MongoDBQuery[Collection: authors. Query: {'name': {$eq: 'Phokion G. Kolaitis'}}. Projection: {}] }
] INNER JOIN [
[{ Binding(?publ @rdf:type http://dblp.l3s.de/d2r/JournalArticle -> Journal_JournalArticle)
 MongoDBQuery[Collection: authors. Query: {'publications.article': {$elemMatch: {'dblp_key': {$exists: true, $ne: null}}}}. Projection: {}] }
] INNER JOIN [
{ Binding(?publ @dc:title ?title -> Journal_titler)
   Binding(?publ @http://purl.org/dc/terms/issued ?year -> Journal_issued)
   Binding(?publ @http://dblp.l3s.de/d2r/appearsIn ?venue -> Journal_appearsIn)
 MongoDBQuery[Collection: authors. Query: {'publications.article': {$elemMatch: {'title': {$exists: true, $ne: null}, 'year': {$exists: true, $ne: null}, 'in': {$exists: true, $ne: null}}}}. Projection: {}] }
] ON Set(?publ)
] ON Set(?publ)
] ON Set(?publ)
2017-05-12 23:30:54 INFO  [main] (MorphMongoDataSourceReader.scala:84) - Executing query: MongoDBQuery[Collection: authors. Query: {'name': {$eq: 'Moshe Y. Vardi'}}. Projection: {}] with limit None
2017-05-12 23:30:54 INFO  [main] (MorphMongoDataSourceReader.scala:113) - Query returned 1 result(s), 1 result(s) after applying the iterator, in: 239 ms.
2017-05-12 23:30:54 INFO  [main] (AbstractQueryAtomicMongo.scala:476) - Atomic query generated 1 RDF triples for binding
 Binding(?x @rdf:type http://dblp.l3s.de/d2r/Author -> Author_Author)
2017-05-12 23:30:54 INFO  [main] (AbstractQueryAtomicMongo.scala:476) - Atomic query generated 1 RDF triples for binding
 Binding(?x @http://xmlns.com/foaf/0.1/name "Moshe Y. Vardi" -> Author_name)
2017-05-12 23:30:54 INFO  [main] (AbstractQueryAtomicMongo.scala:476) - Atomic query generated 220 RDF triples for binding
 Binding(?publ @dc:creator ?x -> Journal_creator)
2017-05-12 23:30:54 INFO  [main] (AbstractQueryAtomicMongo.scala:483) - Atomic query generated 222 RDF triples for all binding in 100 ms.
2017-05-12 23:30:54 INFO  [main] (AbstractQueryInnerJoin.scala:223) - ===============================================================================
2017-05-12 23:30:54 INFO  [main] (AbstractQueryInnerJoin.scala:224) - Generating RDF triples from the inner join query:
[{ Binding(?y @rdf:type http://dblp.l3s.de/d2r/Author -> Author_Author)
   Binding(?y @http://xmlns.com/foaf/0.1/name "Phokion G. Kolaitis" -> Author_name)
   Binding(?publ @dc:creator ?y -> Journal_creator)
 MongoDBQuery[Collection: authors. Query: {'name': {$eq: 'Phokion G. Kolaitis'}}. Projection: {}] }
] INNER JOIN [
[{ Binding(?publ @rdf:type http://dblp.l3s.de/d2r/JournalArticle -> Journal_JournalArticle)
 MongoDBQuery[Collection: authors. Query: {'publications.article': {$elemMatch: {'dblp_key': {$exists: true, $ne: null}}}}. Projection: {}] }
] INNER JOIN [
{ Binding(?publ @dc:title ?title -> Journal_titler)
   Binding(?publ @http://purl.org/dc/terms/issued ?year -> Journal_issued)
   Binding(?publ @http://dblp.l3s.de/d2r/appearsIn ?venue -> Journal_appearsIn)
 MongoDBQuery[Collection: authors. Query: {'publications.article': {$elemMatch: {'title': {$exists: true, $ne: null}, 'year': {$exists: true, $ne: null}, 'in': {$exists: true, $ne: null}}}}. Projection: {}] }
] ON Set(?publ)
] ON Set(?publ)
2017-05-12 23:30:54 INFO  [main] (MorphMongoDataSourceReader.scala:84) - Executing query: MongoDBQuery[Collection: authors. Query: {'name': {$eq: 'Phokion G. Kolaitis'}}. Projection: {}] with limit None
2017-05-12 23:30:54 INFO  [main] (MorphMongoDataSourceReader.scala:113) - Query returned 1 result(s), 1 result(s) after applying the iterator, in: 54 ms.
2017-05-12 23:30:55 INFO  [main] (AbstractQueryAtomicMongo.scala:476) - Atomic query generated 1 RDF triples for binding
 Binding(?y @rdf:type http://dblp.l3s.de/d2r/Author -> Author_Author)
2017-05-12 23:30:55 INFO  [main] (AbstractQueryAtomicMongo.scala:476) - Atomic query generated 1 RDF triples for binding
 Binding(?y @http://xmlns.com/foaf/0.1/name "Phokion G. Kolaitis" -> Author_name)
2017-05-12 23:30:55 INFO  [main] (AbstractQueryAtomicMongo.scala:476) - Atomic query generated 66 RDF triples for binding
 Binding(?publ @dc:creator ?y -> Journal_creator)
2017-05-12 23:30:55 INFO  [main] (AbstractQueryAtomicMongo.scala:483) - Atomic query generated 68 RDF triples for all binding in 36 ms.
2017-05-12 23:30:55 INFO  [main] (AbstractQueryInnerJoin.scala:223) - ===============================================================================
2017-05-12 23:30:55 INFO  [main] (AbstractQueryInnerJoin.scala:224) - Generating RDF triples from the inner join query:
[{ Binding(?publ @rdf:type http://dblp.l3s.de/d2r/JournalArticle -> Journal_JournalArticle)
 MongoDBQuery[Collection: authors. Query: {'publications.article': {$elemMatch: {'dblp_key': {$exists: true, $ne: null}}}}. Projection: {}] }
] INNER JOIN [
{ Binding(?publ @dc:title ?title -> Journal_titler)
   Binding(?publ @http://purl.org/dc/terms/issued ?year -> Journal_issued)
   Binding(?publ @http://dblp.l3s.de/d2r/appearsIn ?venue -> Journal_appearsIn)
 MongoDBQuery[Collection: authors. Query: {'publications.article': {$elemMatch: {'title': {$exists: true, $ne: null}, 'year': {$exists: true, $ne: null}, 'in': {$exists: true, $ne: null}}}}. Projection: {}] }
] ON Set(?publ)
2017-05-12 23:30:55 INFO  [main] (MorphMongoDataSourceReader.scala:84) - Executing query: MongoDBQuery[Collection: authors. Query: {'publications.article': {$elemMatch: {'dblp_key': {$exists: true, $ne: null}}}}. Projection: {}] with limit None
2017-05-12 23:30:55 INFO  [main] (MorphMongoDataSourceReader.scala:113) - Query returned 4 result(s), 4 result(s) after applying the iterator, in: 93 ms.
2017-05-12 23:30:55 INFO  [main] (AbstractQueryAtomicMongo.scala:476) - Atomic query generated 376 RDF triples for binding
 Binding(?publ @rdf:type http://dblp.l3s.de/d2r/JournalArticle -> Journal_JournalArticle)
2017-05-12 23:30:55 INFO  [main] (AbstractQueryAtomicMongo.scala:483) - Atomic query generated 376 RDF triples for all binding in 56 ms.
2017-05-12 23:30:55 INFO  [main] (MorphMongoDataSourceReader.scala:84) - Executing query: MongoDBQuery[Collection: authors. Query: {'publications.article': {$elemMatch: {'title': {$exists: true, $ne: null}, 'year': {$exists: true, $ne: null}, 'in': {$exists: true, $ne: null}}}}. Projection: {}] with limit None
2017-05-12 23:30:55 INFO  [main] (MorphMongoDataSourceReader.scala:113) - Query returned 4 result(s), 376 result(s) after applying the iterator, in: 78 ms.
2017-05-12 23:30:55 INFO  [main] (AbstractQueryAtomicMongo.scala:476) - Atomic query generated 376 RDF triples for binding
 Binding(?publ @dc:title ?title -> Journal_titler)
2017-05-12 23:30:55 INFO  [main] (AbstractQueryAtomicMongo.scala:476) - Atomic query generated 376 RDF triples for binding
 Binding(?publ @http://purl.org/dc/terms/issued ?year -> Journal_issued)
2017-05-12 23:30:55 INFO  [main] (AbstractQueryAtomicMongo.scala:476) - Atomic query generated 376 RDF triples for binding
 Binding(?publ @http://dblp.l3s.de/d2r/appearsIn ?venue -> Journal_appearsIn)
2017-05-12 23:30:55 INFO  [main] (AbstractQueryAtomicMongo.scala:483) - Atomic query generated 1128 RDF triples for all binding in 317 ms.
2017-05-12 23:30:55 INFO  [main] (AbstractQueryInnerJoin.scala:257) - Inner join on variable(s) Set(?publ)
2017-05-12 23:30:55 INFO  [main] (AbstractQueryInnerJoin.scala:290) - Inner join computed 1436 triples + 0 triples with no shared variable, in 101 ms.
2017-05-12 23:30:55 INFO  [main] (AbstractQueryInnerJoin.scala:257) - Inner join on variable(s) Set(?publ)
2017-05-12 23:30:55 INFO  [main] (AbstractQueryInnerJoin.scala:290) - Inner join computed 330 triples + 2 triples with no shared variable, in 13 ms.
2017-05-12 23:30:55 INFO  [main] (AbstractQueryInnerJoin.scala:257) - Inner join on variable(s) Set(?publ)
2017-05-12 23:30:55 INFO  [main] (AbstractQueryInnerJoin.scala:290) - Inner join computed 36 triples + 4 triples with no shared variable, in 27 ms.
2017-05-12 23:30:55 WARN  [main] (MorphMongoDataTranslator.scala:229) - Duration of query execution and generation of triples = 1126 ms.
2017-05-12 23:30:55 INFO  [main] (MorphMongoQueryProcessor.scala:139) - Result set contains 6 triples.
2017-05-12 23:30:55 INFO  [main] (MorphMongoQueryProcessor.scala:140) - Tabular result set:
--------------------------------------------------------------------------------------------------------------
| title                                                                | year | venue                        |
==============================================================================================================
| "Conjunctive-Query Containment and Constraint Satisfaction."         | 2000 | "J. Comput. Syst. Sci."      |
| "On the unusual effectiveness of logic in computer science."         | 2001 | "Bulletin of Symbolic Logic" |
| "On the decision problem for two-variable first-order logic."        | 1997 | "Bulletin of Symbolic Logic" |
| "Infinitary Logics and 0-1 Laws"                                     | 1992 | "Inf. Comput."               |
| "On the Expressive Power of Datalog: Tools and a Case Study."        | 1995 | "J. Comput. Syst. Sci."      |
| "0-1 Laws and Decision Problems for Fragments of Second-Order Logic" | 1990 | "Inf. Comput."               |
--------------------------------------------------------------------------------------------------------------

2017-05-12 23:30:55 WARN  [main] (MorphMongoQueryProcessor.scala:146) - Time for late SPARQL query evaluation = 173ms.
2017-05-12 23:30:55 INFO  [main] (MorphBaseRunner.scala:104) - Query response output file: /Users/xiao/Development/obda-mongo/ontop-mongo/src/test/resources/dblp/morph/result.txt
2017-05-12 23:30:55 WARN  [main] (MorphBaseRunner.scala:111) - Overall SPARQL query processing time = 1573ms.
2017-05-12 23:30:55 WARN  [main] (MorphBaseRunner.scala:112) - **********************DONE****************************
2017-05-12 23:30:55 INFO  [main] (MorphRunner.scala:74) - Query result:
<?xml version="1.0"?>
<sparql xmlns="http://www.w3.org/2005/sparql-results#">
  <head>
    <variable name="title"/>
    <variable name="year"/>
    <variable name="venue"/>
  </head>
  <results>
    <result>
      <binding name="title">
        <literal>Conjunctive-Query Containment and Constraint Satisfaction.</literal>
      </binding>
      <binding name="year">
        <literal datatype="http://www.w3.org/2001/XMLSchema#integer">2000</literal>
      </binding>
      <binding name="venue">
        <literal>J. Comput. Syst. Sci.</literal>
      </binding>
    </result>
    <result>
      <binding name="title">
        <literal>On the unusual effectiveness of logic in computer science.</literal>
      </binding>
      <binding name="year">
        <literal datatype="http://www.w3.org/2001/XMLSchema#integer">2001</literal>
      </binding>
      <binding name="venue">
        <literal>Bulletin of Symbolic Logic</literal>
      </binding>
    </result>
    <result>
      <binding name="title">
        <literal>On the decision problem for two-variable first-order logic.</literal>
      </binding>
      <binding name="year">
        <literal datatype="http://www.w3.org/2001/XMLSchema#integer">1997</literal>
      </binding>
      <binding name="venue">
        <literal>Bulletin of Symbolic Logic</literal>
      </binding>
    </result>
    <result>
      <binding name="title">
        <literal>Infinitary Logics and 0-1 Laws</literal>
      </binding>
      <binding name="year">
        <literal datatype="http://www.w3.org/2001/XMLSchema#integer">1992</literal>
      </binding>
      <binding name="venue">
        <literal>Inf. Comput.</literal>
      </binding>
    </result>
    <result>
      <binding name="title">
        <literal>On the Expressive Power of Datalog: Tools and a Case Study.</literal>
      </binding>
      <binding name="year">
        <literal datatype="http://www.w3.org/2001/XMLSchema#integer">1995</literal>
      </binding>
      <binding name="venue">
        <literal>J. Comput. Syst. Sci.</literal>
      </binding>
    </result>
    <result>
      <binding name="title">
        <literal>0-1 Laws and Decision Problems for Fragments of Second-Order Logic</literal>
      </binding>
      <binding name="year">
        <literal datatype="http://www.w3.org/2001/XMLSchema#integer">1990</literal>
      </binding>
      <binding name="venue">
        <literal>Inf. Comput.</literal>
      </binding>
    </result>
  </results>
</sparql>
2017-05-12 23:30:55 INFO  [main] (MorphRunner.scala:79) - Treatment completed, exiting.
