To override log4j configuration add JVM option: -Dlog4j.configuration=file:/home/.../your_log4j.properties
Loading log4j configuration: jar:file:/Users/xiao/src/morph-xr2rml/morph-xr2rml-dist/target/morph-xr2rml-dist-1.0-SNAPSHOT-jar-with-dependencies.jar!/xr2rml-log4j.properties
2017-05-12 16:25:05 INFO  [main] (MorphRunner.scala:57) - properties Directory = /Users/xiao/Development/obda-mongo/ontop-mongo/src/test/resources/dblp/morph
2017-05-12 16:25:05 INFO  [main] (MorphRunner.scala:58) - properties File      = output/q06.rq.properties
Reading configuration file : /Users/xiao/Development/obda-mongo/ontop-mongo/src/test/resources/dblp/morph/output/q06.rq.properties
2017-05-12 16:25:05 INFO  [main] (MorphProperties.scala:118) - Server active = false
2017-05-12 16:25:05 INFO  [main] (MorphProperties.scala:121) - Server port number = 8080
2017-05-12 16:25:05 INFO  [main] (MorphProperties.scala:124) - Output file = result.txt
2017-05-12 16:25:05 INFO  [main] (MorphProperties.scala:144) - Output RDF syntax = TURTLE
2017-05-12 16:25:05 INFO  [main] (MorphProperties.scala:153) - Output SPARQL result syntax = TURTLE
2017-05-12 16:25:05 INFO  [main] (MorphProperties.scala:156) - Display result on std output = true
2017-05-12 16:25:05 INFO  [main] (MorphProperties.scala:159) - Jena mode = memory
2017-05-12 16:25:05 INFO  [main] (MorphProperties.scala:162) - SPARQL Query Optimization = true
2017-05-12 16:25:05 INFO  [main] (MorphProperties.scala:165) - Optimization - Self join elimination = true
2017-05-12 16:25:05 INFO  [main] (MorphProperties.scala:168) - Optimization - Self union elimination = true
2017-05-12 16:25:05 INFO  [main] (MorphProperties.scala:171) - Optimization - Propagate conditions from a joined query = true
2017-05-12 16:25:05 INFO  [main] (MorphProperties.scala:174) - Optimization - Reorder STG = true
2017-05-12 16:25:05 INFO  [main] (MorphProperties.scala:177) - Optimization - Subquery elimination = true
2017-05-12 16:25:05 INFO  [main] (MorphProperties.scala:180) - Optimization - Trans join subquery elimination = true
2017-05-12 16:25:05 INFO  [main] (MorphProperties.scala:183) - Optimization - Trans stg subquery elimination = true
2017-05-12 16:25:05 INFO  [main] (MorphProperties.scala:186) - Optimization - Subquery as view = false
2017-05-12 16:25:05 INFO  [main] (MorphProperties.scala:189) - Cache the result of student.queries for join evaluation (non Relational DBs) = false
2017-05-12 16:25:05 INFO  [main] (MorphProperties.scala:196) - RunnerFactory = fr.unice.i3s.morph.xr2rml.mongo.engine.MorphMongoRunnerFactory
2017-05-12 16:25:05 INFO  [main] (MorphProperties.scala:199) - Remove Strange Chars From Literal Column = true
2017-05-12 16:25:05 INFO  [main] (MorphProperties.scala:202) - URL-encode reserved chars IRI tempalte string = true
2017-05-12 16:25:05 INFO  [main] (MorphProperties.scala:205) - URL-encode reserved chars in database values = true
2017-05-12 16:25:05 INFO  [main] (MorphProperties.scala:208) - String transformation = None
2017-05-12 16:25:06 INFO  [main] (R2RMLMappingDocument.scala:225) - Parsing mapping document /Users/xiao/Development/obda-mongo/ontop-mongo/src/test/resources/dblp/morph/dblp-mapping-publications.ttl
2017-05-12 16:25:07 INFO  [main] (MorphBaseRunner.scala:59) - ****************************************************************************************************************
2017-05-12 16:25:07 INFO  [main] (MorphBaseRunner.scala:60) - Running query translation. Content-type: null
2017-05-12 16:25:07 INFO  [main] (SparqlUtility.scala:224) - Request Accept: null. Negotiated: (application/sparql-results+xml,XML)
2017-05-12 16:25:07 INFO  [main] (SparqlQueryRewriter.scala:97) - SPARQL graph pattern:
(slice _ 1000
  (distinct
    (project (?name ?title ?year)
      (bgp
        (triple ?x <http://www.w3.org/1999/02/22-rdf-syntax-ns#type> <http://dblp.l3s.de/d2r/Author>)
        (triple ?x <http://xmlns.com/foaf/0.1/name> ?name)
        (triple ?journ1 <http://www.w3.org/1999/02/22-rdf-syntax-ns#type> <http://dblp.l3s.de/d2r/JournalArticle>)
        (triple ?journ1 <http://purl.org/dc/elements/1.1/creator> ?x)
        (triple ?journ1 <http://purl.org/dc/terms/issued> ?year)
        (triple ?journ1 <http://purl.org/dc/elements/1.1/title> ?title)
        (triple ?journ1 <http://dblp.l3s.de/d2r/appearsIn> "Artif. Intell.")
      ))))

2017-05-12 16:25:07 INFO  [main] (MorphMongoQueryTranslator.scala:84) - Triple pattern bindings computation time = 170ms.
2017-05-12 16:25:07 INFO  [main] (MorphMongoQueryTranslator.scala:85) - Triple pattern bindings:
   Binding(?journ1 @http://dblp.l3s.de/d2r/appearsIn "Artif. Intell." -> Article_appearsIn)
   Binding(?journ1 @dc:title ?title -> Article_title)
   Binding(?journ1 @rdf:type http://dblp.l3s.de/d2r/JournalArticle -> Article_JournalArticle)
   Binding(?journ1 @http://purl.org/dc/terms/issued ?year -> Article_issued)
   Binding(?x @rdf:type http://dblp.l3s.de/d2r/Author -> Author_Author)
   Binding(?journ1 @dc:creator ?x -> Journal_creator)
   Binding(?x @http://xmlns.com/foaf/0.1/name ?name -> Author_name)
2017-05-12 16:25:07 WARN  [main] (MorphMongoQueryTranslator.scala:219) - SPARQL DISTINCT ignored in query translation.
2017-05-12 16:25:07 WARN  [main] (JsonPathToMongoTranslator.scala:464) - JSONPath expression [_id] did not match any rule. It is ignored.
2017-05-12 16:25:07 WARN  [main] (JsonPathToMongoTranslator.scala:464) - JSONPath expression [_id] did not match any rule. It is ignored.
2017-05-12 16:25:07 WARN  [main] (JsonPathToMongoTranslator.scala:464) - JSONPath expression [_id] did not match any rule. It is ignored.
2017-05-12 16:25:07 WARN  [main] (JsonPathToMongoTranslator.scala:464) - JSONPath expression [_id] did not match any rule. It is ignored.
2017-05-12 16:25:07 WARN  [main] (JsonPathToMongoTranslator.scala:464) - JSONPath expression [authors[*]._id] did not match any rule. It is ignored.
2017-05-12 16:25:07 WARN  [main] (JsonPathToMongoTranslator.scala:464) - JSONPath expression [_id] did not match any rule. It is ignored.
2017-05-12 16:25:07 WARN  [main] (JsonPathToMongoTranslator.scala:464) - JSONPath expression [_id] did not match any rule. It is ignored.
2017-05-12 16:25:07 WARN  [main] (JsonPathToMongoTranslator.scala:464) - JSONPath expression [_id] did not match any rule. It is ignored.
2017-05-12 16:25:07 INFO  [main] (MorphBaseQueryTranslator.scala:107) - Query translation time (including bindings) = 285ms.
2017-05-12 16:25:07 INFO  [main] (MorphBaseRunner.scala:90) - SPARQL Query = 
PREFIX  :     <http://dblp.l3s.de/d2r/>
PREFIX  dcterms: <http://purl.org/dc/terms/>
PREFIX  foaf: <http://xmlns.com/foaf/0.1/>
PREFIX  dc:   <http://purl.org/dc/elements/1.1/>

SELECT DISTINCT  ?name ?title ?year
WHERE
  { ?x <http://www.w3.org/1999/02/22-rdf-syntax-ns#type> :Author .
    ?x foaf:name ?name .
    ?journ1 <http://www.w3.org/1999/02/22-rdf-syntax-ns#type> :JournalArticle .
    ?journ1 dc:creator ?x .
    ?journ1 dcterms:issued ?year .
    ?journ1 dc:title ?title .
    ?journ1 :appearsIn "Artif. Intell."
  }
LIMIT   1000

2017-05-12 16:25:07 INFO  [main] (MorphBaseRunner.scala:91) - ------------------ Abstract Query ------------------ = 
[{ Binding(?x @rdf:type http://dblp.l3s.de/d2r/Author -> Author_Author)
  from   : db.publications.find({}), Iterator: Some($.authors.*)
  project: Set(_id AS ?x)
  where  : Set(NotNull(_id)) }
] INNER JOIN [
[{ Binding(?x @http://xmlns.com/foaf/0.1/name ?name -> Author_name)
  from   : db.publications.find({}), Iterator: Some($.authors.*)
  project: Set(_id AS ?x, $.name AS ?name)
  where  : Set(NotNull(_id), NotNull($.name)) }
] INNER JOIN [
[{ Binding(?journ1 @rdf:type http://dblp.l3s.de/d2r/JournalArticle -> Article_JournalArticle)
  from   : db.publications.find({'type' : 'article'}), Iterator: Some($)
  project: Set(_id AS ?journ1)
  where  : Set(NotNull(_id)) }
] INNER JOIN [
[{ Binding(?journ1 @dc:creator ?x -> Journal_creator)
  from   : db.publications.find({'type' : 'article'}), Iterator: Some($)
  project: Set(_id AS ?journ1, authors[*]._id AS ?x)
  where  : Set(NotNull(_id), NotNull(authors[*]._id)) }
] INNER JOIN [
[{ Binding(?journ1 @http://purl.org/dc/terms/issued ?year -> Article_issued)
  from   : db.publications.find({'type' : 'article'}), Iterator: Some($)
  project: Set(_id AS ?journ1, $.year AS ?year)
  where  : Set(NotNull(_id), NotNull($.year)) }
] INNER JOIN [
[{ Binding(?journ1 @dc:title ?title -> Article_title)
  from   : db.publications.find({'type' : 'article'}), Iterator: Some($)
  project: Set(_id AS ?journ1, $.title AS ?title)
  where  : Set(NotNull(_id), NotNull($.title)) }
] INNER JOIN [
{ Binding(?journ1 @http://dblp.l3s.de/d2r/appearsIn "Artif. Intell." -> Article_appearsIn)
  from   : db.publications.find({'type' : 'article'}), Iterator: Some($)
  project: Set(_id AS ?journ1)
  where  : Set(NotNull(_id), Equals($.in, Artif. Intell.)) }
] ON Set(?journ1)
] ON Set(?journ1)
] ON Set(?journ1)
] ON Set(?journ1)
] ON Set(?x)
] ON Set(?x)
LIMIT 1000
2017-05-12 16:25:07 INFO  [main] (MorphBaseRunner.scala:92) - ------------------ Concrete Query ------------------ = 
[{ Binding(?x @rdf:type http://dblp.l3s.de/d2r/Author -> Author_Author)
 MongoDBQuery[Collection: publications. Query: {}. Projection: {}] }
] INNER JOIN [
[{ Binding(?x @http://xmlns.com/foaf/0.1/name ?name -> Author_name)
 MongoDBQuery[Collection: publications. Query: {'authors': {$elemMatch: {'name': {$exists: true, $ne: null}}}}. Projection: {}] }
] INNER JOIN [
[{ Binding(?journ1 @rdf:type http://dblp.l3s.de/d2r/JournalArticle -> Article_JournalArticle)
 MongoDBQuery[Collection: publications. Query: {'type':'article', }. Projection: {}] }
] INNER JOIN [
[{ Binding(?journ1 @dc:creator ?x -> Journal_creator)
 MongoDBQuery[Collection: publications. Query: {'type':'article', }. Projection: {}] }
] INNER JOIN [
[{ Binding(?journ1 @http://purl.org/dc/terms/issued ?year -> Article_issued)
 MongoDBQuery[Collection: publications. Query: {'type':'article', 'year': {$exists: true, $ne: null}}. Projection: {}] }
] INNER JOIN [
[{ Binding(?journ1 @dc:title ?title -> Article_title)
 MongoDBQuery[Collection: publications. Query: {'type':'article', 'title': {$exists: true, $ne: null}}. Projection: {}] }
] INNER JOIN [
{ Binding(?journ1 @http://dblp.l3s.de/d2r/appearsIn "Artif. Intell." -> Article_appearsIn)
 MongoDBQuery[Collection: publications. Query: {'type':'article', 'in': {$eq: 'Artif. Intell.'}}. Projection: {}] }
] ON Set(?journ1)
] ON Set(?journ1)
] ON Set(?journ1)
] ON Set(?journ1)
] ON Set(?x)
] ON Set(?x)
LIMIT 1000
2017-05-12 16:25:07 INFO  [main] (AbstractQueryInnerJoin.scala:223) - ===============================================================================
2017-05-12 16:25:07 INFO  [main] (AbstractQueryInnerJoin.scala:224) - Generating RDF triples from the inner join query:
[{ Binding(?x @rdf:type http://dblp.l3s.de/d2r/Author -> Author_Author)
 MongoDBQuery[Collection: publications. Query: {}. Projection: {}] }
] INNER JOIN [
[{ Binding(?x @http://xmlns.com/foaf/0.1/name ?name -> Author_name)
 MongoDBQuery[Collection: publications. Query: {'authors': {$elemMatch: {'name': {$exists: true, $ne: null}}}}. Projection: {}] }
] INNER JOIN [
[{ Binding(?journ1 @rdf:type http://dblp.l3s.de/d2r/JournalArticle -> Article_JournalArticle)
 MongoDBQuery[Collection: publications. Query: {'type':'article', }. Projection: {}] }
] INNER JOIN [
[{ Binding(?journ1 @dc:creator ?x -> Journal_creator)
 MongoDBQuery[Collection: publications. Query: {'type':'article', }. Projection: {}] }
] INNER JOIN [
[{ Binding(?journ1 @http://purl.org/dc/terms/issued ?year -> Article_issued)
 MongoDBQuery[Collection: publications. Query: {'type':'article', 'year': {$exists: true, $ne: null}}. Projection: {}] }
] INNER JOIN [
[{ Binding(?journ1 @dc:title ?title -> Article_title)
 MongoDBQuery[Collection: publications. Query: {'type':'article', 'title': {$exists: true, $ne: null}}. Projection: {}] }
] INNER JOIN [
{ Binding(?journ1 @http://dblp.l3s.de/d2r/appearsIn "Artif. Intell." -> Article_appearsIn)
 MongoDBQuery[Collection: publications. Query: {'type':'article', 'in': {$eq: 'Artif. Intell.'}}. Projection: {}] }
] ON Set(?journ1)
] ON Set(?journ1)
] ON Set(?journ1)
] ON Set(?journ1)
] ON Set(?x)
] ON Set(?x)
LIMIT 1000
2017-05-12 16:25:07 INFO  [main] (MorphMongoDataSourceReader.scala:84) - Executing query: MongoDBQuery[Collection: publications. Query: {}. Projection: {}] with limit None
2017-05-12 16:25:08 INFO  [main] (MorphMongoDataSourceReader.scala:113) - Query returned 1059 result(s), 3264 result(s) after applying the iterator, in: 811 ms.
2017-05-12 16:25:09 INFO  [main] (AbstractQueryAtomicMongo.scala:476) - Atomic query generated 3264 RDF triples for binding
 Binding(?x @rdf:type http://dblp.l3s.de/d2r/Author -> Author_Author)
2017-05-12 16:25:09 INFO  [main] (AbstractQueryAtomicMongo.scala:483) - Atomic query generated 3264 RDF triples for all binding in 776 ms.
2017-05-12 16:25:09 INFO  [main] (AbstractQueryInnerJoin.scala:223) - ===============================================================================
2017-05-12 16:25:09 INFO  [main] (AbstractQueryInnerJoin.scala:224) - Generating RDF triples from the inner join query:
[{ Binding(?x @http://xmlns.com/foaf/0.1/name ?name -> Author_name)
 MongoDBQuery[Collection: publications. Query: {'authors': {$elemMatch: {'name': {$exists: true, $ne: null}}}}. Projection: {}] }
] INNER JOIN [
[{ Binding(?journ1 @rdf:type http://dblp.l3s.de/d2r/JournalArticle -> Article_JournalArticle)
 MongoDBQuery[Collection: publications. Query: {'type':'article', }. Projection: {}] }
] INNER JOIN [
[{ Binding(?journ1 @dc:creator ?x -> Journal_creator)
 MongoDBQuery[Collection: publications. Query: {'type':'article', }. Projection: {}] }
] INNER JOIN [
[{ Binding(?journ1 @http://purl.org/dc/terms/issued ?year -> Article_issued)
 MongoDBQuery[Collection: publications. Query: {'type':'article', 'year': {$exists: true, $ne: null}}. Projection: {}] }
] INNER JOIN [
[{ Binding(?journ1 @dc:title ?title -> Article_title)
 MongoDBQuery[Collection: publications. Query: {'type':'article', 'title': {$exists: true, $ne: null}}. Projection: {}] }
] INNER JOIN [
{ Binding(?journ1 @http://dblp.l3s.de/d2r/appearsIn "Artif. Intell." -> Article_appearsIn)
 MongoDBQuery[Collection: publications. Query: {'type':'article', 'in': {$eq: 'Artif. Intell.'}}. Projection: {}] }
] ON Set(?journ1)
] ON Set(?journ1)
] ON Set(?journ1)
] ON Set(?journ1)
] ON Set(?x)
2017-05-12 16:25:09 INFO  [main] (MorphMongoDataSourceReader.scala:84) - Executing query: MongoDBQuery[Collection: publications. Query: {'authors': {$elemMatch: {'name': {$exists: true, $ne: null}}}}. Projection: {}] with limit None
2017-05-12 16:25:09 INFO  [main] (MorphMongoDataSourceReader.scala:113) - Query returned 1059 result(s), 3264 result(s) after applying the iterator, in: 148 ms.
2017-05-12 16:25:09 INFO  [main] (AbstractQueryAtomicMongo.scala:476) - Atomic query generated 3264 RDF triples for binding
 Binding(?x @http://xmlns.com/foaf/0.1/name ?name -> Author_name)
2017-05-12 16:25:09 INFO  [main] (AbstractQueryAtomicMongo.scala:483) - Atomic query generated 3264 RDF triples for all binding in 462 ms.
2017-05-12 16:25:09 INFO  [main] (AbstractQueryInnerJoin.scala:223) - ===============================================================================
2017-05-12 16:25:09 INFO  [main] (AbstractQueryInnerJoin.scala:224) - Generating RDF triples from the inner join query:
[{ Binding(?journ1 @rdf:type http://dblp.l3s.de/d2r/JournalArticle -> Article_JournalArticle)
 MongoDBQuery[Collection: publications. Query: {'type':'article', }. Projection: {}] }
] INNER JOIN [
[{ Binding(?journ1 @dc:creator ?x -> Journal_creator)
 MongoDBQuery[Collection: publications. Query: {'type':'article', }. Projection: {}] }
] INNER JOIN [
[{ Binding(?journ1 @http://purl.org/dc/terms/issued ?year -> Article_issued)
 MongoDBQuery[Collection: publications. Query: {'type':'article', 'year': {$exists: true, $ne: null}}. Projection: {}] }
] INNER JOIN [
[{ Binding(?journ1 @dc:title ?title -> Article_title)
 MongoDBQuery[Collection: publications. Query: {'type':'article', 'title': {$exists: true, $ne: null}}. Projection: {}] }
] INNER JOIN [
{ Binding(?journ1 @http://dblp.l3s.de/d2r/appearsIn "Artif. Intell." -> Article_appearsIn)
 MongoDBQuery[Collection: publications. Query: {'type':'article', 'in': {$eq: 'Artif. Intell.'}}. Projection: {}] }
] ON Set(?journ1)
] ON Set(?journ1)
] ON Set(?journ1)
] ON Set(?journ1)
2017-05-12 16:25:09 INFO  [main] (MorphMongoDataSourceReader.scala:84) - Executing query: MongoDBQuery[Collection: publications. Query: {'type':'article', }. Projection: {}] with limit None
2017-05-12 16:25:09 INFO  [main] (MorphMongoDataSourceReader.scala:113) - Query returned 359 result(s), 359 result(s) after applying the iterator, in: 39 ms.
2017-05-12 16:25:09 INFO  [main] (AbstractQueryAtomicMongo.scala:476) - Atomic query generated 359 RDF triples for binding
 Binding(?journ1 @rdf:type http://dblp.l3s.de/d2r/JournalArticle -> Article_JournalArticle)
2017-05-12 16:25:09 INFO  [main] (AbstractQueryAtomicMongo.scala:483) - Atomic query generated 359 RDF triples for all binding in 70 ms.
2017-05-12 16:25:09 INFO  [main] (AbstractQueryInnerJoin.scala:223) - ===============================================================================
2017-05-12 16:25:09 INFO  [main] (AbstractQueryInnerJoin.scala:224) - Generating RDF triples from the inner join query:
[{ Binding(?journ1 @dc:creator ?x -> Journal_creator)
 MongoDBQuery[Collection: publications. Query: {'type':'article', }. Projection: {}] }
] INNER JOIN [
[{ Binding(?journ1 @http://purl.org/dc/terms/issued ?year -> Article_issued)
 MongoDBQuery[Collection: publications. Query: {'type':'article', 'year': {$exists: true, $ne: null}}. Projection: {}] }
] INNER JOIN [
[{ Binding(?journ1 @dc:title ?title -> Article_title)
 MongoDBQuery[Collection: publications. Query: {'type':'article', 'title': {$exists: true, $ne: null}}. Projection: {}] }
] INNER JOIN [
{ Binding(?journ1 @http://dblp.l3s.de/d2r/appearsIn "Artif. Intell." -> Article_appearsIn)
 MongoDBQuery[Collection: publications. Query: {'type':'article', 'in': {$eq: 'Artif. Intell.'}}. Projection: {}] }
] ON Set(?journ1)
] ON Set(?journ1)
] ON Set(?journ1)
2017-05-12 16:25:09 INFO  [main] (MorphMongoDataSourceReader.scala:84) - Executing query: MongoDBQuery[Collection: publications. Query: {'type':'article', }. Projection: {}] with limit None
2017-05-12 16:25:09 INFO  [main] (MorphMongoDataSourceReader.scala:113) - Query returned 359 result(s), 359 result(s) after applying the iterator, in: 47 ms.
2017-05-12 16:25:10 INFO  [main] (AbstractQueryAtomicMongo.scala:476) - Atomic query generated 1032 RDF triples for binding
 Binding(?journ1 @dc:creator ?x -> Journal_creator)
2017-05-12 16:25:10 INFO  [main] (AbstractQueryAtomicMongo.scala:483) - Atomic query generated 1032 RDF triples for all binding in 108 ms.
2017-05-12 16:25:10 INFO  [main] (AbstractQueryInnerJoin.scala:223) - ===============================================================================
2017-05-12 16:25:10 INFO  [main] (AbstractQueryInnerJoin.scala:224) - Generating RDF triples from the inner join query:
[{ Binding(?journ1 @http://purl.org/dc/terms/issued ?year -> Article_issued)
 MongoDBQuery[Collection: publications. Query: {'type':'article', 'year': {$exists: true, $ne: null}}. Projection: {}] }
] INNER JOIN [
[{ Binding(?journ1 @dc:title ?title -> Article_title)
 MongoDBQuery[Collection: publications. Query: {'type':'article', 'title': {$exists: true, $ne: null}}. Projection: {}] }
] INNER JOIN [
{ Binding(?journ1 @http://dblp.l3s.de/d2r/appearsIn "Artif. Intell." -> Article_appearsIn)
 MongoDBQuery[Collection: publications. Query: {'type':'article', 'in': {$eq: 'Artif. Intell.'}}. Projection: {}] }
] ON Set(?journ1)
] ON Set(?journ1)
2017-05-12 16:25:10 INFO  [main] (MorphMongoDataSourceReader.scala:84) - Executing query: MongoDBQuery[Collection: publications. Query: {'type':'article', 'year': {$exists: true, $ne: null}}. Projection: {}] with limit None
2017-05-12 16:25:10 INFO  [main] (MorphMongoDataSourceReader.scala:113) - Query returned 359 result(s), 359 result(s) after applying the iterator, in: 41 ms.
2017-05-12 16:25:10 INFO  [main] (AbstractQueryAtomicMongo.scala:476) - Atomic query generated 359 RDF triples for binding
 Binding(?journ1 @http://purl.org/dc/terms/issued ?year -> Article_issued)
2017-05-12 16:25:10 INFO  [main] (AbstractQueryAtomicMongo.scala:483) - Atomic query generated 359 RDF triples for all binding in 77 ms.
2017-05-12 16:25:10 INFO  [main] (AbstractQueryInnerJoin.scala:223) - ===============================================================================
2017-05-12 16:25:10 INFO  [main] (AbstractQueryInnerJoin.scala:224) - Generating RDF triples from the inner join query:
[{ Binding(?journ1 @dc:title ?title -> Article_title)
 MongoDBQuery[Collection: publications. Query: {'type':'article', 'title': {$exists: true, $ne: null}}. Projection: {}] }
] INNER JOIN [
{ Binding(?journ1 @http://dblp.l3s.de/d2r/appearsIn "Artif. Intell." -> Article_appearsIn)
 MongoDBQuery[Collection: publications. Query: {'type':'article', 'in': {$eq: 'Artif. Intell.'}}. Projection: {}] }
] ON Set(?journ1)
2017-05-12 16:25:10 INFO  [main] (MorphMongoDataSourceReader.scala:84) - Executing query: MongoDBQuery[Collection: publications. Query: {'type':'article', 'title': {$exists: true, $ne: null}}. Projection: {}] with limit None
2017-05-12 16:25:10 INFO  [main] (MorphMongoDataSourceReader.scala:113) - Query returned 359 result(s), 359 result(s) after applying the iterator, in: 35 ms.
2017-05-12 16:25:10 INFO  [main] (AbstractQueryAtomicMongo.scala:476) - Atomic query generated 359 RDF triples for binding
 Binding(?journ1 @dc:title ?title -> Article_title)
2017-05-12 16:25:10 INFO  [main] (AbstractQueryAtomicMongo.scala:483) - Atomic query generated 359 RDF triples for all binding in 67 ms.
2017-05-12 16:25:10 INFO  [main] (MorphMongoDataSourceReader.scala:84) - Executing query: MongoDBQuery[Collection: publications. Query: {'type':'article', 'in': {$eq: 'Artif. Intell.'}}. Projection: {}] with limit None
2017-05-12 16:25:10 INFO  [main] (MorphMongoDataSourceReader.scala:113) - Query returned 4 result(s), 4 result(s) after applying the iterator, in: 4 ms.
2017-05-12 16:25:10 INFO  [main] (AbstractQueryAtomicMongo.scala:476) - Atomic query generated 4 RDF triples for binding
 Binding(?journ1 @http://dblp.l3s.de/d2r/appearsIn "Artif. Intell." -> Article_appearsIn)
2017-05-12 16:25:10 INFO  [main] (AbstractQueryAtomicMongo.scala:483) - Atomic query generated 4 RDF triples for all binding in 1 ms.
2017-05-12 16:25:10 INFO  [main] (AbstractQueryInnerJoin.scala:257) - Inner join on variable(s) Set(?journ1)
2017-05-12 16:25:10 INFO  [main] (AbstractQueryInnerJoin.scala:290) - Inner join computed 8 triples + 0 triples with no shared variable, in 11 ms.
2017-05-12 16:25:10 INFO  [main] (AbstractQueryInnerJoin.scala:257) - Inner join on variable(s) Set(?journ1)
2017-05-12 16:25:10 INFO  [main] (AbstractQueryInnerJoin.scala:290) - Inner join computed 12 triples + 0 triples with no shared variable, in 4 ms.
2017-05-12 16:25:10 INFO  [main] (AbstractQueryInnerJoin.scala:257) - Inner join on variable(s) Set(?journ1)
2017-05-12 16:25:10 INFO  [main] (AbstractQueryInnerJoin.scala:290) - Inner join computed 27 triples + 0 triples with no shared variable, in 8 ms.
2017-05-12 16:25:10 INFO  [main] (AbstractQueryInnerJoin.scala:257) - Inner join on variable(s) Set(?journ1)
2017-05-12 16:25:10 INFO  [main] (AbstractQueryInnerJoin.scala:290) - Inner join computed 31 triples + 0 triples with no shared variable, in 4 ms.
2017-05-12 16:25:10 INFO  [main] (AbstractQueryInnerJoin.scala:257) - Inner join on variable(s) Set(?x)
2017-05-12 16:25:10 INFO  [main] (AbstractQueryInnerJoin.scala:290) - Inner join computed 27 triples + 16 triples with no shared variable, in 58 ms.
2017-05-12 16:25:10 INFO  [main] (AbstractQueryInnerJoin.scala:257) - Inner join on variable(s) Set(?x)
2017-05-12 16:25:10 INFO  [main] (AbstractQueryInnerJoin.scala:290) - Inner join computed 39 triples + 16 triples with no shared variable, in 37 ms.
2017-05-12 16:25:10 WARN  [main] (MorphMongoDataTranslator.scala:229) - Duration of query execution and generation of triples = 2837 ms.
2017-05-12 16:25:10 INFO  [main] (MorphMongoQueryProcessor.scala:139) - Result set contains 15 triples.
2017-05-12 16:25:10 INFO  [main] (MorphMongoQueryProcessor.scala:140) - Tabular result set:
-----------------------------------------------------------------------------------------------
| name                  | title                                                        | year |
===============================================================================================
| "Elena Botoeva"       | "Knowledge base exchange: The case of OWL 2 QL."             | 2016 |
| "Moshe Y. Vardi"      | "A Nonstandard Approach to the Logical Omniscience Problem." | 1995 |
| "Ronald Fagin"        | "A Nonstandard Approach to the Logical Omniscience Problem." | 1995 |
| "Maurizio Lenzerini"  | "Data complexity of query answering in description logics."  | 2013 |
| "Daniela Berardi"     | "Reasoning on UML class diagrams."                           | 2005 |
| "Riccardo Rosati"     | "Data complexity of query answering in description logics."  | 2013 |
| "Domenico Lembo"      | "Data complexity of query answering in description logics."  | 2013 |
| "Diego Calvanese"     | "Knowledge base exchange: The case of OWL 2 QL."             | 2016 |
| "Diego Calvanese"     | "Reasoning on UML class diagrams."                           | 2005 |
| "Diego Calvanese"     | "Data complexity of query answering in description logics."  | 2013 |
| "Joseph Y. Halpern"   | "A Nonstandard Approach to the Logical Omniscience Problem." | 1995 |
| "Giuseppe De Giacomo" | "Reasoning on UML class diagrams."                           | 2005 |
| "Giuseppe De Giacomo" | "Data complexity of query answering in description logics."  | 2013 |
| "Marcelo Arenas"      | "Knowledge base exchange: The case of OWL 2 QL."             | 2016 |
| "Vladislav Ryzhikov"  | "Knowledge base exchange: The case of OWL 2 QL."             | 2016 |
-----------------------------------------------------------------------------------------------

2017-05-12 16:25:10 WARN  [main] (MorphMongoQueryProcessor.scala:146) - Time for late SPARQL query evaluation = 193ms.
2017-05-12 16:25:10 INFO  [main] (MorphBaseRunner.scala:104) - Query response output file: /Users/xiao/Development/obda-mongo/ontop-mongo/src/test/resources/dblp/morph/result.txt
2017-05-12 16:25:10 WARN  [main] (MorphBaseRunner.scala:111) - Overall SPARQL query processing time = 3340ms.
2017-05-12 16:25:10 WARN  [main] (MorphBaseRunner.scala:112) - **********************DONE****************************
2017-05-12 16:25:10 INFO  [main] (MorphRunner.scala:74) - Query result:
<?xml version="1.0"?>
<sparql xmlns="http://www.w3.org/2005/sparql-results#">
  <head>
    <variable name="name"/>
    <variable name="title"/>
    <variable name="year"/>
  </head>
  <results>
    <result>
      <binding name="name">
        <literal>Elena Botoeva</literal>
      </binding>
      <binding name="title">
        <literal>Knowledge base exchange: The case of OWL 2 QL.</literal>
      </binding>
      <binding name="year">
        <literal datatype="http://www.w3.org/2001/XMLSchema#integer">2016</literal>
      </binding>
    </result>
    <result>
      <binding name="name">
        <literal>Moshe Y. Vardi</literal>
      </binding>
      <binding name="title">
        <literal>A Nonstandard Approach to the Logical Omniscience Problem.</literal>
      </binding>
      <binding name="year">
        <literal datatype="http://www.w3.org/2001/XMLSchema#integer">1995</literal>
      </binding>
    </result>
    <result>
      <binding name="name">
        <literal>Ronald Fagin</literal>
      </binding>
      <binding name="title">
        <literal>A Nonstandard Approach to the Logical Omniscience Problem.</literal>
      </binding>
      <binding name="year">
        <literal datatype="http://www.w3.org/2001/XMLSchema#integer">1995</literal>
      </binding>
    </result>
    <result>
      <binding name="name">
        <literal>Maurizio Lenzerini</literal>
      </binding>
      <binding name="title">
        <literal>Data complexity of query answering in description logics.</literal>
      </binding>
      <binding name="year">
        <literal datatype="http://www.w3.org/2001/XMLSchema#integer">2013</literal>
      </binding>
    </result>
    <result>
      <binding name="name">
        <literal>Daniela Berardi</literal>
      </binding>
      <binding name="title">
        <literal>Reasoning on UML class diagrams.</literal>
      </binding>
      <binding name="year">
        <literal datatype="http://www.w3.org/2001/XMLSchema#integer">2005</literal>
      </binding>
    </result>
    <result>
      <binding name="name">
        <literal>Riccardo Rosati</literal>
      </binding>
      <binding name="title">
        <literal>Data complexity of query answering in description logics.</literal>
      </binding>
      <binding name="year">
        <literal datatype="http://www.w3.org/2001/XMLSchema#integer">2013</literal>
      </binding>
    </result>
    <result>
      <binding name="name">
        <literal>Domenico Lembo</literal>
      </binding>
      <binding name="title">
        <literal>Data complexity of query answering in description logics.</literal>
      </binding>
      <binding name="year">
        <literal datatype="http://www.w3.org/2001/XMLSchema#integer">2013</literal>
      </binding>
    </result>
    <result>
      <binding name="name">
        <literal>Diego Calvanese</literal>
      </binding>
      <binding name="title">
        <literal>Knowledge base exchange: The case of OWL 2 QL.</literal>
      </binding>
      <binding name="year">
        <literal datatype="http://www.w3.org/2001/XMLSchema#integer">2016</literal>
      </binding>
    </result>
    <result>
      <binding name="name">
        <literal>Diego Calvanese</literal>
      </binding>
      <binding name="title">
        <literal>Reasoning on UML class diagrams.</literal>
      </binding>
      <binding name="year">
        <literal datatype="http://www.w3.org/2001/XMLSchema#integer">2005</literal>
      </binding>
    </result>
    <result>
      <binding name="name">
        <literal>Diego Calvanese</literal>
      </binding>
      <binding name="title">
        <literal>Data complexity of query answering in description logics.</literal>
      </binding>
      <binding name="year">
        <literal datatype="http://www.w3.org/2001/XMLSchema#integer">2013</literal>
      </binding>
    </result>
    <result>
      <binding name="name">
        <literal>Joseph Y. Halpern</literal>
      </binding>
      <binding name="title">
        <literal>A Nonstandard Approach to the Logical Omniscience Problem.</literal>
      </binding>
      <binding name="year">
        <literal datatype="http://www.w3.org/2001/XMLSchema#integer">1995</literal>
      </binding>
    </result>
    <result>
      <binding name="name">
        <literal>Giuseppe De Giacomo</literal>
      </binding>
      <binding name="title">
        <literal>Reasoning on UML class diagrams.</literal>
      </binding>
      <binding name="year">
        <literal datatype="http://www.w3.org/2001/XMLSchema#integer">2005</literal>
      </binding>
    </result>
    <result>
      <binding name="name">
        <literal>Giuseppe De Giacomo</literal>
      </binding>
      <binding name="title">
        <literal>Data complexity of query answering in description logics.</literal>
      </binding>
      <binding name="year">
        <literal datatype="http://www.w3.org/2001/XMLSchema#integer">2013</literal>
      </binding>
    </result>
    <result>
      <binding name="name">
        <literal>Marcelo Arenas</literal>
      </binding>
      <binding name="title">
        <literal>Knowledge base exchange: The case of OWL 2 QL.</literal>
      </binding>
      <binding name="year">
        <literal datatype="http://www.w3.org/2001/XMLSchema#integer">2016</literal>
      </binding>
    </result>
    <result>
      <binding name="name">
        <literal>Vladislav Ryzhikov</literal>
      </binding>
      <binding name="title">
        <literal>Knowledge base exchange: The case of OWL 2 QL.</literal>
      </binding>
      <binding name="year">
        <literal datatype="http://www.w3.org/2001/XMLSchema#integer">2016</literal>
      </binding>
    </result>
  </results>
</sparql>
2017-05-12 16:25:10 INFO  [main] (MorphRunner.scala:79) - Treatment completed, exiting.
