To override log4j configuration add JVM option: -Dlog4j.configuration=file:/home/.../your_log4j.properties
Loading log4j configuration: jar:file:/Users/xiao/src/morph-xr2rml/morph-xr2rml-dist/target/morph-xr2rml-dist-1.0-SNAPSHOT-jar-with-dependencies.jar!/xr2rml-log4j.properties
2017-05-12 16:25:11 INFO  [main] (MorphRunner.scala:57) - properties Directory = /Users/xiao/Development/obda-mongo/ontop-mongo/src/test/resources/dblp/morph
2017-05-12 16:25:11 INFO  [main] (MorphRunner.scala:58) - properties File      = output/q07.rq.properties
Reading configuration file : /Users/xiao/Development/obda-mongo/ontop-mongo/src/test/resources/dblp/morph/output/q07.rq.properties
2017-05-12 16:25:11 INFO  [main] (MorphProperties.scala:118) - Server active = false
2017-05-12 16:25:11 INFO  [main] (MorphProperties.scala:121) - Server port number = 8080
2017-05-12 16:25:11 INFO  [main] (MorphProperties.scala:124) - Output file = result.txt
2017-05-12 16:25:11 INFO  [main] (MorphProperties.scala:144) - Output RDF syntax = TURTLE
2017-05-12 16:25:11 INFO  [main] (MorphProperties.scala:153) - Output SPARQL result syntax = TURTLE
2017-05-12 16:25:11 INFO  [main] (MorphProperties.scala:156) - Display result on std output = true
2017-05-12 16:25:11 INFO  [main] (MorphProperties.scala:159) - Jena mode = memory
2017-05-12 16:25:11 INFO  [main] (MorphProperties.scala:162) - SPARQL Query Optimization = true
2017-05-12 16:25:11 INFO  [main] (MorphProperties.scala:165) - Optimization - Self join elimination = true
2017-05-12 16:25:11 INFO  [main] (MorphProperties.scala:168) - Optimization - Self union elimination = true
2017-05-12 16:25:11 INFO  [main] (MorphProperties.scala:171) - Optimization - Propagate conditions from a joined query = true
2017-05-12 16:25:11 INFO  [main] (MorphProperties.scala:174) - Optimization - Reorder STG = true
2017-05-12 16:25:11 INFO  [main] (MorphProperties.scala:177) - Optimization - Subquery elimination = true
2017-05-12 16:25:11 INFO  [main] (MorphProperties.scala:180) - Optimization - Trans join subquery elimination = true
2017-05-12 16:25:11 INFO  [main] (MorphProperties.scala:183) - Optimization - Trans stg subquery elimination = true
2017-05-12 16:25:11 INFO  [main] (MorphProperties.scala:186) - Optimization - Subquery as view = false
2017-05-12 16:25:11 INFO  [main] (MorphProperties.scala:189) - Cache the result of student.queries for join evaluation (non Relational DBs) = false
2017-05-12 16:25:11 INFO  [main] (MorphProperties.scala:196) - RunnerFactory = fr.unice.i3s.morph.xr2rml.mongo.engine.MorphMongoRunnerFactory
2017-05-12 16:25:11 INFO  [main] (MorphProperties.scala:199) - Remove Strange Chars From Literal Column = true
2017-05-12 16:25:11 INFO  [main] (MorphProperties.scala:202) - URL-encode reserved chars IRI tempalte string = true
2017-05-12 16:25:11 INFO  [main] (MorphProperties.scala:205) - URL-encode reserved chars in database values = true
2017-05-12 16:25:11 INFO  [main] (MorphProperties.scala:208) - String transformation = None
2017-05-12 16:25:11 INFO  [main] (R2RMLMappingDocument.scala:225) - Parsing mapping document /Users/xiao/Development/obda-mongo/ontop-mongo/src/test/resources/dblp/morph/dblp-mapping-publications.ttl
2017-05-12 16:25:13 INFO  [main] (MorphBaseRunner.scala:59) - ****************************************************************************************************************
2017-05-12 16:25:13 INFO  [main] (MorphBaseRunner.scala:60) - Running query translation. Content-type: null
2017-05-12 16:25:13 INFO  [main] (SparqlUtility.scala:224) - Request Accept: null. Negotiated: (application/sparql-results+xml,XML)
2017-05-12 16:25:13 INFO  [main] (SparqlQueryRewriter.scala:97) - SPARQL graph pattern:
(distinct
  (project (?name ?title1 ?title2 ?year)
    (filter (!= ?journ1 ?journ2)
      (bgp
        (triple ?x <http://www.w3.org/1999/02/22-rdf-syntax-ns#type> <http://dblp.l3s.de/d2r/Author>)
        (triple ?x <http://xmlns.com/foaf/0.1/name> ?name)
        (triple ?journ1 <http://www.w3.org/1999/02/22-rdf-syntax-ns#type> <http://dblp.l3s.de/d2r/JournalArticle>)
        (triple ?journ1 <http://purl.org/dc/elements/1.1/creator> ?x)
        (triple ?journ1 <http://purl.org/dc/terms/issued> ?year)
        (triple ?journ1 <http://purl.org/dc/elements/1.1/title> ?title1)
        (triple ?journ1 <http://dblp.l3s.de/d2r/appearsIn> "Artif. Intell.")
        (triple ?journ2 <http://www.w3.org/1999/02/22-rdf-syntax-ns#type> <http://dblp.l3s.de/d2r/JournalArticle>)
        (triple ?journ2 <http://purl.org/dc/elements/1.1/creator> ?x)
        (triple ?journ2 <http://purl.org/dc/terms/issued> ?year)
        (triple ?journ2 <http://purl.org/dc/elements/1.1/title> ?title2)
        (triple ?journ2 <http://dblp.l3s.de/d2r/appearsIn> "Artif. Intell.")
      ))))

2017-05-12 16:25:13 INFO  [main] (MorphMongoQueryTranslator.scala:84) - Triple pattern bindings computation time = 190ms.
2017-05-12 16:25:13 INFO  [main] (MorphMongoQueryTranslator.scala:85) - Triple pattern bindings:
   Binding(?journ1 @http://dblp.l3s.de/d2r/appearsIn "Artif. Intell." -> Article_appearsIn)
   Binding(?journ2 @rdf:type http://dblp.l3s.de/d2r/JournalArticle -> Article_JournalArticle)
   Binding(?journ2 @dc:title ?title2 -> Article_title)
   Binding(?journ1 @rdf:type http://dblp.l3s.de/d2r/JournalArticle -> Article_JournalArticle)
   Binding(?journ2 @dc:creator ?x -> Journal_creator)
   Binding(?journ2 @http://purl.org/dc/terms/issued ?year -> Article_issued)
   Binding(?journ2 @http://dblp.l3s.de/d2r/appearsIn "Artif. Intell." -> Article_appearsIn)
   Binding(?journ1 @http://purl.org/dc/terms/issued ?year -> Article_issued)
   Binding(?x @rdf:type http://dblp.l3s.de/d2r/Author -> Author_Author)
   Binding(?journ1 @dc:creator ?x -> Journal_creator)
   Binding(?journ1 @dc:title ?title1 -> Article_title)
   Binding(?x @http://xmlns.com/foaf/0.1/name ?name -> Author_name)
2017-05-12 16:25:13 WARN  [main] (MorphMongoQueryTranslator.scala:219) - SPARQL DISTINCT ignored in query translation.
2017-05-12 16:25:13 WARN  [main] (MorphMongoQueryTranslator.scala:211) - SPARQL Filter ignored in query translation.
2017-05-12 16:25:13 WARN  [main] (JsonPathToMongoTranslator.scala:464) - JSONPath expression [_id] did not match any rule. It is ignored.
2017-05-12 16:25:13 WARN  [main] (JsonPathToMongoTranslator.scala:464) - JSONPath expression [_id] did not match any rule. It is ignored.
2017-05-12 16:25:13 WARN  [main] (JsonPathToMongoTranslator.scala:464) - JSONPath expression [_id] did not match any rule. It is ignored.
2017-05-12 16:25:13 WARN  [main] (JsonPathToMongoTranslator.scala:464) - JSONPath expression [_id] did not match any rule. It is ignored.
2017-05-12 16:25:13 WARN  [main] (JsonPathToMongoTranslator.scala:464) - JSONPath expression [authors[*]._id] did not match any rule. It is ignored.
2017-05-12 16:25:13 WARN  [main] (JsonPathToMongoTranslator.scala:464) - JSONPath expression [_id] did not match any rule. It is ignored.
2017-05-12 16:25:13 WARN  [main] (JsonPathToMongoTranslator.scala:464) - JSONPath expression [_id] did not match any rule. It is ignored.
2017-05-12 16:25:13 WARN  [main] (JsonPathToMongoTranslator.scala:464) - JSONPath expression [_id] did not match any rule. It is ignored.
2017-05-12 16:25:13 WARN  [main] (JsonPathToMongoTranslator.scala:464) - JSONPath expression [_id] did not match any rule. It is ignored.
2017-05-12 16:25:13 WARN  [main] (JsonPathToMongoTranslator.scala:464) - JSONPath expression [_id] did not match any rule. It is ignored.
2017-05-12 16:25:13 WARN  [main] (JsonPathToMongoTranslator.scala:464) - JSONPath expression [authors[*]._id] did not match any rule. It is ignored.
2017-05-12 16:25:13 WARN  [main] (JsonPathToMongoTranslator.scala:464) - JSONPath expression [_id] did not match any rule. It is ignored.
2017-05-12 16:25:13 WARN  [main] (JsonPathToMongoTranslator.scala:464) - JSONPath expression [_id] did not match any rule. It is ignored.
2017-05-12 16:25:13 WARN  [main] (JsonPathToMongoTranslator.scala:464) - JSONPath expression [_id] did not match any rule. It is ignored.
2017-05-12 16:25:13 INFO  [main] (MorphBaseQueryTranslator.scala:107) - Query translation time (including bindings) = 424ms.
2017-05-12 16:25:13 INFO  [main] (MorphBaseRunner.scala:90) - SPARQL Query = 
PREFIX  :     <http://dblp.l3s.de/d2r/>
PREFIX  dcterms: <http://purl.org/dc/terms/>
PREFIX  foaf: <http://xmlns.com/foaf/0.1/>
PREFIX  dc:   <http://purl.org/dc/elements/1.1/>

SELECT DISTINCT  ?name ?title1 ?title2 ?year
WHERE
  { ?x <http://www.w3.org/1999/02/22-rdf-syntax-ns#type> :Author .
    ?x foaf:name ?name .
    ?journ1 <http://www.w3.org/1999/02/22-rdf-syntax-ns#type> :JournalArticle .
    ?journ1 dc:creator ?x .
    ?journ1 dcterms:issued ?year .
    ?journ1 dc:title ?title1 .
    ?journ1 :appearsIn "Artif. Intell." .
    ?journ2 <http://www.w3.org/1999/02/22-rdf-syntax-ns#type> :JournalArticle .
    ?journ2 dc:creator ?x .
    ?journ2 dcterms:issued ?year .
    ?journ2 dc:title ?title2 .
    ?journ2 :appearsIn "Artif. Intell."
    FILTER ( ?journ1 != ?journ2 )
  }

2017-05-12 16:25:13 INFO  [main] (MorphBaseRunner.scala:91) - ------------------ Abstract Query ------------------ = 
[{ Binding(?x @rdf:type http://dblp.l3s.de/d2r/Author -> Author_Author)
  from   : db.publications.find({}), Iterator: Some($.authors.*)
  project: Set(_id AS ?x)
  where  : Set(NotNull(_id)) }
] INNER JOIN [
[{ Binding(?x @http://xmlns.com/foaf/0.1/name ?name -> Author_name)
  from   : db.publications.find({}), Iterator: Some($.authors.*)
  project: Set(_id AS ?x, $.name AS ?name)
  where  : Set(NotNull(_id), NotNull($.name)) }
] INNER JOIN [
[{ Binding(?journ1 @rdf:type http://dblp.l3s.de/d2r/JournalArticle -> Article_JournalArticle)
  from   : db.publications.find({'type' : 'article'}), Iterator: Some($)
  project: Set(_id AS ?journ1)
  where  : Set(NotNull(_id)) }
] INNER JOIN [
[{ Binding(?journ1 @dc:creator ?x -> Journal_creator)
  from   : db.publications.find({'type' : 'article'}), Iterator: Some($)
  project: Set(_id AS ?journ1, authors[*]._id AS ?x)
  where  : Set(NotNull(_id), NotNull(authors[*]._id)) }
] INNER JOIN [
[{ Binding(?journ1 @http://purl.org/dc/terms/issued ?year -> Article_issued)
  from   : db.publications.find({'type' : 'article'}), Iterator: Some($)
  project: Set(_id AS ?journ1, $.year AS ?year)
  where  : Set(NotNull(_id), NotNull($.year)) }
] INNER JOIN [
[{ Binding(?journ1 @dc:title ?title1 -> Article_title)
  from   : db.publications.find({'type' : 'article'}), Iterator: Some($)
  project: Set(_id AS ?journ1, $.title AS ?title1)
  where  : Set(NotNull(_id), NotNull($.title)) }
] INNER JOIN [
[{ Binding(?journ1 @http://dblp.l3s.de/d2r/appearsIn "Artif. Intell." -> Article_appearsIn)
  from   : db.publications.find({'type' : 'article'}), Iterator: Some($)
  project: Set(_id AS ?journ1)
  where  : Set(NotNull(_id), Equals($.in, Artif. Intell.)) }
] INNER JOIN [
[{ Binding(?journ2 @rdf:type http://dblp.l3s.de/d2r/JournalArticle -> Article_JournalArticle)
  from   : db.publications.find({'type' : 'article'}), Iterator: Some($)
  project: Set(_id AS ?journ2)
  where  : Set(NotNull(_id)) }
] INNER JOIN [
[{ Binding(?journ2 @dc:creator ?x -> Journal_creator)
  from   : db.publications.find({'type' : 'article'}), Iterator: Some($)
  project: Set(_id AS ?journ2, authors[*]._id AS ?x)
  where  : Set(NotNull(_id), NotNull(authors[*]._id)) }
] INNER JOIN [
[{ Binding(?journ2 @http://purl.org/dc/terms/issued ?year -> Article_issued)
  from   : db.publications.find({'type' : 'article'}), Iterator: Some($)
  project: Set(_id AS ?journ2, $.year AS ?year)
  where  : Set(NotNull(_id), NotNull($.year)) }
] INNER JOIN [
[{ Binding(?journ2 @dc:title ?title2 -> Article_title)
  from   : db.publications.find({'type' : 'article'}), Iterator: Some($)
  project: Set(_id AS ?journ2, $.title AS ?title2)
  where  : Set(NotNull(_id), NotNull($.title)) }
] INNER JOIN [
{ Binding(?journ2 @http://dblp.l3s.de/d2r/appearsIn "Artif. Intell." -> Article_appearsIn)
  from   : db.publications.find({'type' : 'article'}), Iterator: Some($)
  project: Set(_id AS ?journ2)
  where  : Set(NotNull(_id), Equals($.in, Artif. Intell.)) }
] ON Set(?journ2)
] ON Set(?journ2)
] ON Set(?journ2)
] ON Set(?journ2)
] ON Set()
] ON Set(?journ1)
] ON Set(?journ1, ?year)
] ON Set(?journ1, ?x)
] ON Set(?journ1)
] ON Set(?x)
] ON Set(?x)
2017-05-12 16:25:13 INFO  [main] (MorphBaseRunner.scala:92) - ------------------ Concrete Query ------------------ = 
[{ Binding(?x @rdf:type http://dblp.l3s.de/d2r/Author -> Author_Author)
 MongoDBQuery[Collection: publications. Query: {}. Projection: {}] }
] INNER JOIN [
[{ Binding(?x @http://xmlns.com/foaf/0.1/name ?name -> Author_name)
 MongoDBQuery[Collection: publications. Query: {'authors': {$elemMatch: {'name': {$exists: true, $ne: null}}}}. Projection: {}] }
] INNER JOIN [
[{ Binding(?journ1 @rdf:type http://dblp.l3s.de/d2r/JournalArticle -> Article_JournalArticle)
 MongoDBQuery[Collection: publications. Query: {'type':'article', }. Projection: {}] }
] INNER JOIN [
[{ Binding(?journ1 @dc:creator ?x -> Journal_creator)
 MongoDBQuery[Collection: publications. Query: {'type':'article', }. Projection: {}] }
] INNER JOIN [
[{ Binding(?journ1 @http://purl.org/dc/terms/issued ?year -> Article_issued)
 MongoDBQuery[Collection: publications. Query: {'type':'article', 'year': {$exists: true, $ne: null}}. Projection: {}] }
] INNER JOIN [
[{ Binding(?journ1 @dc:title ?title1 -> Article_title)
 MongoDBQuery[Collection: publications. Query: {'type':'article', 'title': {$exists: true, $ne: null}}. Projection: {}] }
] INNER JOIN [
[{ Binding(?journ1 @http://dblp.l3s.de/d2r/appearsIn "Artif. Intell." -> Article_appearsIn)
 MongoDBQuery[Collection: publications. Query: {'type':'article', 'in': {$eq: 'Artif. Intell.'}}. Projection: {}] }
] INNER JOIN [
[{ Binding(?journ2 @rdf:type http://dblp.l3s.de/d2r/JournalArticle -> Article_JournalArticle)
 MongoDBQuery[Collection: publications. Query: {'type':'article', }. Projection: {}] }
] INNER JOIN [
[{ Binding(?journ2 @dc:creator ?x -> Journal_creator)
 MongoDBQuery[Collection: publications. Query: {'type':'article', }. Projection: {}] }
] INNER JOIN [
[{ Binding(?journ2 @http://purl.org/dc/terms/issued ?year -> Article_issued)
 MongoDBQuery[Collection: publications. Query: {'type':'article', 'year': {$exists: true, $ne: null}}. Projection: {}] }
] INNER JOIN [
[{ Binding(?journ2 @dc:title ?title2 -> Article_title)
 MongoDBQuery[Collection: publications. Query: {'type':'article', 'title': {$exists: true, $ne: null}}. Projection: {}] }
] INNER JOIN [
{ Binding(?journ2 @http://dblp.l3s.de/d2r/appearsIn "Artif. Intell." -> Article_appearsIn)
 MongoDBQuery[Collection: publications. Query: {'type':'article', 'in': {$eq: 'Artif. Intell.'}}. Projection: {}] }
] ON Set(?journ2)
] ON Set(?journ2)
] ON Set(?journ2)
] ON Set(?journ2)
] ON Set()
] ON Set(?journ1)
] ON Set(?journ1, ?year)
] ON Set(?journ1, ?x)
] ON Set(?journ1)
] ON Set(?x)
] ON Set(?x)
2017-05-12 16:25:13 INFO  [main] (AbstractQueryInnerJoin.scala:223) - ===============================================================================
2017-05-12 16:25:13 INFO  [main] (AbstractQueryInnerJoin.scala:224) - Generating RDF triples from the inner join query:
[{ Binding(?x @rdf:type http://dblp.l3s.de/d2r/Author -> Author_Author)
 MongoDBQuery[Collection: publications. Query: {}. Projection: {}] }
] INNER JOIN [
[{ Binding(?x @http://xmlns.com/foaf/0.1/name ?name -> Author_name)
 MongoDBQuery[Collection: publications. Query: {'authors': {$elemMatch: {'name': {$exists: true, $ne: null}}}}. Projection: {}] }
] INNER JOIN [
[{ Binding(?journ1 @rdf:type http://dblp.l3s.de/d2r/JournalArticle -> Article_JournalArticle)
 MongoDBQuery[Collection: publications. Query: {'type':'article', }. Projection: {}] }
] INNER JOIN [
[{ Binding(?journ1 @dc:creator ?x -> Journal_creator)
 MongoDBQuery[Collection: publications. Query: {'type':'article', }. Projection: {}] }
] INNER JOIN [
[{ Binding(?journ1 @http://purl.org/dc/terms/issued ?year -> Article_issued)
 MongoDBQuery[Collection: publications. Query: {'type':'article', 'year': {$exists: true, $ne: null}}. Projection: {}] }
] INNER JOIN [
[{ Binding(?journ1 @dc:title ?title1 -> Article_title)
 MongoDBQuery[Collection: publications. Query: {'type':'article', 'title': {$exists: true, $ne: null}}. Projection: {}] }
] INNER JOIN [
[{ Binding(?journ1 @http://dblp.l3s.de/d2r/appearsIn "Artif. Intell." -> Article_appearsIn)
 MongoDBQuery[Collection: publications. Query: {'type':'article', 'in': {$eq: 'Artif. Intell.'}}. Projection: {}] }
] INNER JOIN [
[{ Binding(?journ2 @rdf:type http://dblp.l3s.de/d2r/JournalArticle -> Article_JournalArticle)
 MongoDBQuery[Collection: publications. Query: {'type':'article', }. Projection: {}] }
] INNER JOIN [
[{ Binding(?journ2 @dc:creator ?x -> Journal_creator)
 MongoDBQuery[Collection: publications. Query: {'type':'article', }. Projection: {}] }
] INNER JOIN [
[{ Binding(?journ2 @http://purl.org/dc/terms/issued ?year -> Article_issued)
 MongoDBQuery[Collection: publications. Query: {'type':'article', 'year': {$exists: true, $ne: null}}. Projection: {}] }
] INNER JOIN [
[{ Binding(?journ2 @dc:title ?title2 -> Article_title)
 MongoDBQuery[Collection: publications. Query: {'type':'article', 'title': {$exists: true, $ne: null}}. Projection: {}] }
] INNER JOIN [
{ Binding(?journ2 @http://dblp.l3s.de/d2r/appearsIn "Artif. Intell." -> Article_appearsIn)
 MongoDBQuery[Collection: publications. Query: {'type':'article', 'in': {$eq: 'Artif. Intell.'}}. Projection: {}] }
] ON Set(?journ2)
] ON Set(?journ2)
] ON Set(?journ2)
] ON Set(?journ2)
] ON Set()
] ON Set(?journ1)
] ON Set(?journ1, ?year)
] ON Set(?journ1, ?x)
] ON Set(?journ1)
] ON Set(?x)
] ON Set(?x)
2017-05-12 16:25:13 INFO  [main] (MorphMongoDataSourceReader.scala:84) - Executing query: MongoDBQuery[Collection: publications. Query: {}. Projection: {}] with limit None
2017-05-12 16:25:14 INFO  [main] (MorphMongoDataSourceReader.scala:113) - Query returned 1059 result(s), 3264 result(s) after applying the iterator, in: 818 ms.
2017-05-12 16:25:15 INFO  [main] (AbstractQueryAtomicMongo.scala:476) - Atomic query generated 3264 RDF triples for binding
 Binding(?x @rdf:type http://dblp.l3s.de/d2r/Author -> Author_Author)
2017-05-12 16:25:15 INFO  [main] (AbstractQueryAtomicMongo.scala:483) - Atomic query generated 3264 RDF triples for all binding in 846 ms.
2017-05-12 16:25:15 INFO  [main] (AbstractQueryInnerJoin.scala:223) - ===============================================================================
2017-05-12 16:25:15 INFO  [main] (AbstractQueryInnerJoin.scala:224) - Generating RDF triples from the inner join query:
[{ Binding(?x @http://xmlns.com/foaf/0.1/name ?name -> Author_name)
 MongoDBQuery[Collection: publications. Query: {'authors': {$elemMatch: {'name': {$exists: true, $ne: null}}}}. Projection: {}] }
] INNER JOIN [
[{ Binding(?journ1 @rdf:type http://dblp.l3s.de/d2r/JournalArticle -> Article_JournalArticle)
 MongoDBQuery[Collection: publications. Query: {'type':'article', }. Projection: {}] }
] INNER JOIN [
[{ Binding(?journ1 @dc:creator ?x -> Journal_creator)
 MongoDBQuery[Collection: publications. Query: {'type':'article', }. Projection: {}] }
] INNER JOIN [
[{ Binding(?journ1 @http://purl.org/dc/terms/issued ?year -> Article_issued)
 MongoDBQuery[Collection: publications. Query: {'type':'article', 'year': {$exists: true, $ne: null}}. Projection: {}] }
] INNER JOIN [
[{ Binding(?journ1 @dc:title ?title1 -> Article_title)
 MongoDBQuery[Collection: publications. Query: {'type':'article', 'title': {$exists: true, $ne: null}}. Projection: {}] }
] INNER JOIN [
[{ Binding(?journ1 @http://dblp.l3s.de/d2r/appearsIn "Artif. Intell." -> Article_appearsIn)
 MongoDBQuery[Collection: publications. Query: {'type':'article', 'in': {$eq: 'Artif. Intell.'}}. Projection: {}] }
] INNER JOIN [
[{ Binding(?journ2 @rdf:type http://dblp.l3s.de/d2r/JournalArticle -> Article_JournalArticle)
 MongoDBQuery[Collection: publications. Query: {'type':'article', }. Projection: {}] }
] INNER JOIN [
[{ Binding(?journ2 @dc:creator ?x -> Journal_creator)
 MongoDBQuery[Collection: publications. Query: {'type':'article', }. Projection: {}] }
] INNER JOIN [
[{ Binding(?journ2 @http://purl.org/dc/terms/issued ?year -> Article_issued)
 MongoDBQuery[Collection: publications. Query: {'type':'article', 'year': {$exists: true, $ne: null}}. Projection: {}] }
] INNER JOIN [
[{ Binding(?journ2 @dc:title ?title2 -> Article_title)
 MongoDBQuery[Collection: publications. Query: {'type':'article', 'title': {$exists: true, $ne: null}}. Projection: {}] }
] INNER JOIN [
{ Binding(?journ2 @http://dblp.l3s.de/d2r/appearsIn "Artif. Intell." -> Article_appearsIn)
 MongoDBQuery[Collection: publications. Query: {'type':'article', 'in': {$eq: 'Artif. Intell.'}}. Projection: {}] }
] ON Set(?journ2)
] ON Set(?journ2)
] ON Set(?journ2)
] ON Set(?journ2)
] ON Set()
] ON Set(?journ1)
] ON Set(?journ1, ?year)
] ON Set(?journ1, ?x)
] ON Set(?journ1)
] ON Set(?x)
2017-05-12 16:25:15 INFO  [main] (MorphMongoDataSourceReader.scala:84) - Executing query: MongoDBQuery[Collection: publications. Query: {'authors': {$elemMatch: {'name': {$exists: true, $ne: null}}}}. Projection: {}] with limit None
2017-05-12 16:25:15 INFO  [main] (MorphMongoDataSourceReader.scala:113) - Query returned 1059 result(s), 3264 result(s) after applying the iterator, in: 129 ms.
2017-05-12 16:25:15 INFO  [main] (AbstractQueryAtomicMongo.scala:476) - Atomic query generated 3264 RDF triples for binding
 Binding(?x @http://xmlns.com/foaf/0.1/name ?name -> Author_name)
2017-05-12 16:25:15 INFO  [main] (AbstractQueryAtomicMongo.scala:483) - Atomic query generated 3264 RDF triples for all binding in 523 ms.
2017-05-12 16:25:15 INFO  [main] (AbstractQueryInnerJoin.scala:223) - ===============================================================================
2017-05-12 16:25:15 INFO  [main] (AbstractQueryInnerJoin.scala:224) - Generating RDF triples from the inner join query:
[{ Binding(?journ1 @rdf:type http://dblp.l3s.de/d2r/JournalArticle -> Article_JournalArticle)
 MongoDBQuery[Collection: publications. Query: {'type':'article', }. Projection: {}] }
] INNER JOIN [
[{ Binding(?journ1 @dc:creator ?x -> Journal_creator)
 MongoDBQuery[Collection: publications. Query: {'type':'article', }. Projection: {}] }
] INNER JOIN [
[{ Binding(?journ1 @http://purl.org/dc/terms/issued ?year -> Article_issued)
 MongoDBQuery[Collection: publications. Query: {'type':'article', 'year': {$exists: true, $ne: null}}. Projection: {}] }
] INNER JOIN [
[{ Binding(?journ1 @dc:title ?title1 -> Article_title)
 MongoDBQuery[Collection: publications. Query: {'type':'article', 'title': {$exists: true, $ne: null}}. Projection: {}] }
] INNER JOIN [
[{ Binding(?journ1 @http://dblp.l3s.de/d2r/appearsIn "Artif. Intell." -> Article_appearsIn)
 MongoDBQuery[Collection: publications. Query: {'type':'article', 'in': {$eq: 'Artif. Intell.'}}. Projection: {}] }
] INNER JOIN [
[{ Binding(?journ2 @rdf:type http://dblp.l3s.de/d2r/JournalArticle -> Article_JournalArticle)
 MongoDBQuery[Collection: publications. Query: {'type':'article', }. Projection: {}] }
] INNER JOIN [
[{ Binding(?journ2 @dc:creator ?x -> Journal_creator)
 MongoDBQuery[Collection: publications. Query: {'type':'article', }. Projection: {}] }
] INNER JOIN [
[{ Binding(?journ2 @http://purl.org/dc/terms/issued ?year -> Article_issued)
 MongoDBQuery[Collection: publications. Query: {'type':'article', 'year': {$exists: true, $ne: null}}. Projection: {}] }
] INNER JOIN [
[{ Binding(?journ2 @dc:title ?title2 -> Article_title)
 MongoDBQuery[Collection: publications. Query: {'type':'article', 'title': {$exists: true, $ne: null}}. Projection: {}] }
] INNER JOIN [
{ Binding(?journ2 @http://dblp.l3s.de/d2r/appearsIn "Artif. Intell." -> Article_appearsIn)
 MongoDBQuery[Collection: publications. Query: {'type':'article', 'in': {$eq: 'Artif. Intell.'}}. Projection: {}] }
] ON Set(?journ2)
] ON Set(?journ2)
] ON Set(?journ2)
] ON Set(?journ2)
] ON Set()
] ON Set(?journ1)
] ON Set(?journ1, ?year)
] ON Set(?journ1, ?x)
] ON Set(?journ1)
2017-05-12 16:25:15 INFO  [main] (MorphMongoDataSourceReader.scala:84) - Executing query: MongoDBQuery[Collection: publications. Query: {'type':'article', }. Projection: {}] with limit None
2017-05-12 16:25:15 INFO  [main] (MorphMongoDataSourceReader.scala:113) - Query returned 359 result(s), 359 result(s) after applying the iterator, in: 42 ms.
2017-05-12 16:25:15 INFO  [main] (AbstractQueryAtomicMongo.scala:476) - Atomic query generated 359 RDF triples for binding
 Binding(?journ1 @rdf:type http://dblp.l3s.de/d2r/JournalArticle -> Article_JournalArticle)
2017-05-12 16:25:15 INFO  [main] (AbstractQueryAtomicMongo.scala:483) - Atomic query generated 359 RDF triples for all binding in 66 ms.
2017-05-12 16:25:15 INFO  [main] (AbstractQueryInnerJoin.scala:223) - ===============================================================================
2017-05-12 16:25:15 INFO  [main] (AbstractQueryInnerJoin.scala:224) - Generating RDF triples from the inner join query:
[{ Binding(?journ1 @dc:creator ?x -> Journal_creator)
 MongoDBQuery[Collection: publications. Query: {'type':'article', }. Projection: {}] }
] INNER JOIN [
[{ Binding(?journ1 @http://purl.org/dc/terms/issued ?year -> Article_issued)
 MongoDBQuery[Collection: publications. Query: {'type':'article', 'year': {$exists: true, $ne: null}}. Projection: {}] }
] INNER JOIN [
[{ Binding(?journ1 @dc:title ?title1 -> Article_title)
 MongoDBQuery[Collection: publications. Query: {'type':'article', 'title': {$exists: true, $ne: null}}. Projection: {}] }
] INNER JOIN [
[{ Binding(?journ1 @http://dblp.l3s.de/d2r/appearsIn "Artif. Intell." -> Article_appearsIn)
 MongoDBQuery[Collection: publications. Query: {'type':'article', 'in': {$eq: 'Artif. Intell.'}}. Projection: {}] }
] INNER JOIN [
[{ Binding(?journ2 @rdf:type http://dblp.l3s.de/d2r/JournalArticle -> Article_JournalArticle)
 MongoDBQuery[Collection: publications. Query: {'type':'article', }. Projection: {}] }
] INNER JOIN [
[{ Binding(?journ2 @dc:creator ?x -> Journal_creator)
 MongoDBQuery[Collection: publications. Query: {'type':'article', }. Projection: {}] }
] INNER JOIN [
[{ Binding(?journ2 @http://purl.org/dc/terms/issued ?year -> Article_issued)
 MongoDBQuery[Collection: publications. Query: {'type':'article', 'year': {$exists: true, $ne: null}}. Projection: {}] }
] INNER JOIN [
[{ Binding(?journ2 @dc:title ?title2 -> Article_title)
 MongoDBQuery[Collection: publications. Query: {'type':'article', 'title': {$exists: true, $ne: null}}. Projection: {}] }
] INNER JOIN [
{ Binding(?journ2 @http://dblp.l3s.de/d2r/appearsIn "Artif. Intell." -> Article_appearsIn)
 MongoDBQuery[Collection: publications. Query: {'type':'article', 'in': {$eq: 'Artif. Intell.'}}. Projection: {}] }
] ON Set(?journ2)
] ON Set(?journ2)
] ON Set(?journ2)
] ON Set(?journ2)
] ON Set()
] ON Set(?journ1)
] ON Set(?journ1, ?year)
] ON Set(?journ1, ?x)
2017-05-12 16:25:15 INFO  [main] (MorphMongoDataSourceReader.scala:84) - Executing query: MongoDBQuery[Collection: publications. Query: {'type':'article', }. Projection: {}] with limit None
2017-05-12 16:25:15 INFO  [main] (MorphMongoDataSourceReader.scala:113) - Query returned 359 result(s), 359 result(s) after applying the iterator, in: 49 ms.
2017-05-12 16:25:16 INFO  [main] (AbstractQueryAtomicMongo.scala:476) - Atomic query generated 1032 RDF triples for binding
 Binding(?journ1 @dc:creator ?x -> Journal_creator)
2017-05-12 16:25:16 INFO  [main] (AbstractQueryAtomicMongo.scala:483) - Atomic query generated 1032 RDF triples for all binding in 135 ms.
2017-05-12 16:25:16 INFO  [main] (AbstractQueryInnerJoin.scala:223) - ===============================================================================
2017-05-12 16:25:16 INFO  [main] (AbstractQueryInnerJoin.scala:224) - Generating RDF triples from the inner join query:
[{ Binding(?journ1 @http://purl.org/dc/terms/issued ?year -> Article_issued)
 MongoDBQuery[Collection: publications. Query: {'type':'article', 'year': {$exists: true, $ne: null}}. Projection: {}] }
] INNER JOIN [
[{ Binding(?journ1 @dc:title ?title1 -> Article_title)
 MongoDBQuery[Collection: publications. Query: {'type':'article', 'title': {$exists: true, $ne: null}}. Projection: {}] }
] INNER JOIN [
[{ Binding(?journ1 @http://dblp.l3s.de/d2r/appearsIn "Artif. Intell." -> Article_appearsIn)
 MongoDBQuery[Collection: publications. Query: {'type':'article', 'in': {$eq: 'Artif. Intell.'}}. Projection: {}] }
] INNER JOIN [
[{ Binding(?journ2 @rdf:type http://dblp.l3s.de/d2r/JournalArticle -> Article_JournalArticle)
 MongoDBQuery[Collection: publications. Query: {'type':'article', }. Projection: {}] }
] INNER JOIN [
[{ Binding(?journ2 @dc:creator ?x -> Journal_creator)
 MongoDBQuery[Collection: publications. Query: {'type':'article', }. Projection: {}] }
] INNER JOIN [
[{ Binding(?journ2 @http://purl.org/dc/terms/issued ?year -> Article_issued)
 MongoDBQuery[Collection: publications. Query: {'type':'article', 'year': {$exists: true, $ne: null}}. Projection: {}] }
] INNER JOIN [
[{ Binding(?journ2 @dc:title ?title2 -> Article_title)
 MongoDBQuery[Collection: publications. Query: {'type':'article', 'title': {$exists: true, $ne: null}}. Projection: {}] }
] INNER JOIN [
{ Binding(?journ2 @http://dblp.l3s.de/d2r/appearsIn "Artif. Intell." -> Article_appearsIn)
 MongoDBQuery[Collection: publications. Query: {'type':'article', 'in': {$eq: 'Artif. Intell.'}}. Projection: {}] }
] ON Set(?journ2)
] ON Set(?journ2)
] ON Set(?journ2)
] ON Set(?journ2)
] ON Set()
] ON Set(?journ1)
] ON Set(?journ1, ?year)
2017-05-12 16:25:16 INFO  [main] (MorphMongoDataSourceReader.scala:84) - Executing query: MongoDBQuery[Collection: publications. Query: {'type':'article', 'year': {$exists: true, $ne: null}}. Projection: {}] with limit None
2017-05-12 16:25:16 INFO  [main] (MorphMongoDataSourceReader.scala:113) - Query returned 359 result(s), 359 result(s) after applying the iterator, in: 43 ms.
2017-05-12 16:25:16 INFO  [main] (AbstractQueryAtomicMongo.scala:476) - Atomic query generated 359 RDF triples for binding
 Binding(?journ1 @http://purl.org/dc/terms/issued ?year -> Article_issued)
2017-05-12 16:25:16 INFO  [main] (AbstractQueryAtomicMongo.scala:483) - Atomic query generated 359 RDF triples for all binding in 57 ms.
2017-05-12 16:25:16 INFO  [main] (AbstractQueryInnerJoin.scala:223) - ===============================================================================
2017-05-12 16:25:16 INFO  [main] (AbstractQueryInnerJoin.scala:224) - Generating RDF triples from the inner join query:
[{ Binding(?journ1 @dc:title ?title1 -> Article_title)
 MongoDBQuery[Collection: publications. Query: {'type':'article', 'title': {$exists: true, $ne: null}}. Projection: {}] }
] INNER JOIN [
[{ Binding(?journ1 @http://dblp.l3s.de/d2r/appearsIn "Artif. Intell." -> Article_appearsIn)
 MongoDBQuery[Collection: publications. Query: {'type':'article', 'in': {$eq: 'Artif. Intell.'}}. Projection: {}] }
] INNER JOIN [
[{ Binding(?journ2 @rdf:type http://dblp.l3s.de/d2r/JournalArticle -> Article_JournalArticle)
 MongoDBQuery[Collection: publications. Query: {'type':'article', }. Projection: {}] }
] INNER JOIN [
[{ Binding(?journ2 @dc:creator ?x -> Journal_creator)
 MongoDBQuery[Collection: publications. Query: {'type':'article', }. Projection: {}] }
] INNER JOIN [
[{ Binding(?journ2 @http://purl.org/dc/terms/issued ?year -> Article_issued)
 MongoDBQuery[Collection: publications. Query: {'type':'article', 'year': {$exists: true, $ne: null}}. Projection: {}] }
] INNER JOIN [
[{ Binding(?journ2 @dc:title ?title2 -> Article_title)
 MongoDBQuery[Collection: publications. Query: {'type':'article', 'title': {$exists: true, $ne: null}}. Projection: {}] }
] INNER JOIN [
{ Binding(?journ2 @http://dblp.l3s.de/d2r/appearsIn "Artif. Intell." -> Article_appearsIn)
 MongoDBQuery[Collection: publications. Query: {'type':'article', 'in': {$eq: 'Artif. Intell.'}}. Projection: {}] }
] ON Set(?journ2)
] ON Set(?journ2)
] ON Set(?journ2)
] ON Set(?journ2)
] ON Set()
] ON Set(?journ1)
2017-05-12 16:25:16 INFO  [main] (MorphMongoDataSourceReader.scala:84) - Executing query: MongoDBQuery[Collection: publications. Query: {'type':'article', 'title': {$exists: true, $ne: null}}. Projection: {}] with limit None
2017-05-12 16:25:16 INFO  [main] (MorphMongoDataSourceReader.scala:113) - Query returned 359 result(s), 359 result(s) after applying the iterator, in: 40 ms.
2017-05-12 16:25:16 INFO  [main] (AbstractQueryAtomicMongo.scala:476) - Atomic query generated 359 RDF triples for binding
 Binding(?journ1 @dc:title ?title1 -> Article_title)
2017-05-12 16:25:16 INFO  [main] (AbstractQueryAtomicMongo.scala:483) - Atomic query generated 359 RDF triples for all binding in 57 ms.
2017-05-12 16:25:16 INFO  [main] (AbstractQueryInnerJoin.scala:223) - ===============================================================================
2017-05-12 16:25:16 INFO  [main] (AbstractQueryInnerJoin.scala:224) - Generating RDF triples from the inner join query:
[{ Binding(?journ1 @http://dblp.l3s.de/d2r/appearsIn "Artif. Intell." -> Article_appearsIn)
 MongoDBQuery[Collection: publications. Query: {'type':'article', 'in': {$eq: 'Artif. Intell.'}}. Projection: {}] }
] INNER JOIN [
[{ Binding(?journ2 @rdf:type http://dblp.l3s.de/d2r/JournalArticle -> Article_JournalArticle)
 MongoDBQuery[Collection: publications. Query: {'type':'article', }. Projection: {}] }
] INNER JOIN [
[{ Binding(?journ2 @dc:creator ?x -> Journal_creator)
 MongoDBQuery[Collection: publications. Query: {'type':'article', }. Projection: {}] }
] INNER JOIN [
[{ Binding(?journ2 @http://purl.org/dc/terms/issued ?year -> Article_issued)
 MongoDBQuery[Collection: publications. Query: {'type':'article', 'year': {$exists: true, $ne: null}}. Projection: {}] }
] INNER JOIN [
[{ Binding(?journ2 @dc:title ?title2 -> Article_title)
 MongoDBQuery[Collection: publications. Query: {'type':'article', 'title': {$exists: true, $ne: null}}. Projection: {}] }
] INNER JOIN [
{ Binding(?journ2 @http://dblp.l3s.de/d2r/appearsIn "Artif. Intell." -> Article_appearsIn)
 MongoDBQuery[Collection: publications. Query: {'type':'article', 'in': {$eq: 'Artif. Intell.'}}. Projection: {}] }
] ON Set(?journ2)
] ON Set(?journ2)
] ON Set(?journ2)
] ON Set(?journ2)
] ON Set()
2017-05-12 16:25:16 INFO  [main] (MorphMongoDataSourceReader.scala:84) - Executing query: MongoDBQuery[Collection: publications. Query: {'type':'article', 'in': {$eq: 'Artif. Intell.'}}. Projection: {}] with limit None
2017-05-12 16:25:16 INFO  [main] (MorphMongoDataSourceReader.scala:113) - Query returned 4 result(s), 4 result(s) after applying the iterator, in: 4 ms.
2017-05-12 16:25:16 INFO  [main] (AbstractQueryAtomicMongo.scala:476) - Atomic query generated 4 RDF triples for binding
 Binding(?journ1 @http://dblp.l3s.de/d2r/appearsIn "Artif. Intell." -> Article_appearsIn)
2017-05-12 16:25:16 INFO  [main] (AbstractQueryAtomicMongo.scala:483) - Atomic query generated 4 RDF triples for all binding in 2 ms.
2017-05-12 16:25:16 INFO  [main] (AbstractQueryInnerJoin.scala:223) - ===============================================================================
2017-05-12 16:25:16 INFO  [main] (AbstractQueryInnerJoin.scala:224) - Generating RDF triples from the inner join query:
[{ Binding(?journ2 @rdf:type http://dblp.l3s.de/d2r/JournalArticle -> Article_JournalArticle)
 MongoDBQuery[Collection: publications. Query: {'type':'article', }. Projection: {}] }
] INNER JOIN [
[{ Binding(?journ2 @dc:creator ?x -> Journal_creator)
 MongoDBQuery[Collection: publications. Query: {'type':'article', }. Projection: {}] }
] INNER JOIN [
[{ Binding(?journ2 @http://purl.org/dc/terms/issued ?year -> Article_issued)
 MongoDBQuery[Collection: publications. Query: {'type':'article', 'year': {$exists: true, $ne: null}}. Projection: {}] }
] INNER JOIN [
[{ Binding(?journ2 @dc:title ?title2 -> Article_title)
 MongoDBQuery[Collection: publications. Query: {'type':'article', 'title': {$exists: true, $ne: null}}. Projection: {}] }
] INNER JOIN [
{ Binding(?journ2 @http://dblp.l3s.de/d2r/appearsIn "Artif. Intell." -> Article_appearsIn)
 MongoDBQuery[Collection: publications. Query: {'type':'article', 'in': {$eq: 'Artif. Intell.'}}. Projection: {}] }
] ON Set(?journ2)
] ON Set(?journ2)
] ON Set(?journ2)
] ON Set(?journ2)
2017-05-12 16:25:16 INFO  [main] (MorphMongoDataSourceReader.scala:84) - Executing query: MongoDBQuery[Collection: publications. Query: {'type':'article', }. Projection: {}] with limit None
2017-05-12 16:25:16 INFO  [main] (MorphMongoDataSourceReader.scala:113) - Query returned 359 result(s), 359 result(s) after applying the iterator, in: 39 ms.
2017-05-12 16:25:16 INFO  [main] (AbstractQueryAtomicMongo.scala:476) - Atomic query generated 359 RDF triples for binding
 Binding(?journ2 @rdf:type http://dblp.l3s.de/d2r/JournalArticle -> Article_JournalArticle)
2017-05-12 16:25:16 INFO  [main] (AbstractQueryAtomicMongo.scala:483) - Atomic query generated 359 RDF triples for all binding in 61 ms.
2017-05-12 16:25:16 INFO  [main] (AbstractQueryInnerJoin.scala:223) - ===============================================================================
2017-05-12 16:25:16 INFO  [main] (AbstractQueryInnerJoin.scala:224) - Generating RDF triples from the inner join query:
[{ Binding(?journ2 @dc:creator ?x -> Journal_creator)
 MongoDBQuery[Collection: publications. Query: {'type':'article', }. Projection: {}] }
] INNER JOIN [
[{ Binding(?journ2 @http://purl.org/dc/terms/issued ?year -> Article_issued)
 MongoDBQuery[Collection: publications. Query: {'type':'article', 'year': {$exists: true, $ne: null}}. Projection: {}] }
] INNER JOIN [
[{ Binding(?journ2 @dc:title ?title2 -> Article_title)
 MongoDBQuery[Collection: publications. Query: {'type':'article', 'title': {$exists: true, $ne: null}}. Projection: {}] }
] INNER JOIN [
{ Binding(?journ2 @http://dblp.l3s.de/d2r/appearsIn "Artif. Intell." -> Article_appearsIn)
 MongoDBQuery[Collection: publications. Query: {'type':'article', 'in': {$eq: 'Artif. Intell.'}}. Projection: {}] }
] ON Set(?journ2)
] ON Set(?journ2)
] ON Set(?journ2)
2017-05-12 16:25:16 INFO  [main] (MorphMongoDataSourceReader.scala:84) - Executing query: MongoDBQuery[Collection: publications. Query: {'type':'article', }. Projection: {}] with limit None
2017-05-12 16:25:16 INFO  [main] (MorphMongoDataSourceReader.scala:113) - Query returned 359 result(s), 359 result(s) after applying the iterator, in: 28 ms.
2017-05-12 16:25:16 INFO  [main] (AbstractQueryAtomicMongo.scala:476) - Atomic query generated 1032 RDF triples for binding
 Binding(?journ2 @dc:creator ?x -> Journal_creator)
2017-05-12 16:25:16 INFO  [main] (AbstractQueryAtomicMongo.scala:483) - Atomic query generated 1032 RDF triples for all binding in 105 ms.
2017-05-12 16:25:16 INFO  [main] (AbstractQueryInnerJoin.scala:223) - ===============================================================================
2017-05-12 16:25:16 INFO  [main] (AbstractQueryInnerJoin.scala:224) - Generating RDF triples from the inner join query:
[{ Binding(?journ2 @http://purl.org/dc/terms/issued ?year -> Article_issued)
 MongoDBQuery[Collection: publications. Query: {'type':'article', 'year': {$exists: true, $ne: null}}. Projection: {}] }
] INNER JOIN [
[{ Binding(?journ2 @dc:title ?title2 -> Article_title)
 MongoDBQuery[Collection: publications. Query: {'type':'article', 'title': {$exists: true, $ne: null}}. Projection: {}] }
] INNER JOIN [
{ Binding(?journ2 @http://dblp.l3s.de/d2r/appearsIn "Artif. Intell." -> Article_appearsIn)
 MongoDBQuery[Collection: publications. Query: {'type':'article', 'in': {$eq: 'Artif. Intell.'}}. Projection: {}] }
] ON Set(?journ2)
] ON Set(?journ2)
2017-05-12 16:25:16 INFO  [main] (MorphMongoDataSourceReader.scala:84) - Executing query: MongoDBQuery[Collection: publications. Query: {'type':'article', 'year': {$exists: true, $ne: null}}. Projection: {}] with limit None
2017-05-12 16:25:16 INFO  [main] (MorphMongoDataSourceReader.scala:113) - Query returned 359 result(s), 359 result(s) after applying the iterator, in: 38 ms.
2017-05-12 16:25:16 INFO  [main] (AbstractQueryAtomicMongo.scala:476) - Atomic query generated 359 RDF triples for binding
 Binding(?journ2 @http://purl.org/dc/terms/issued ?year -> Article_issued)
2017-05-12 16:25:16 INFO  [main] (AbstractQueryAtomicMongo.scala:483) - Atomic query generated 359 RDF triples for all binding in 92 ms.
2017-05-12 16:25:16 INFO  [main] (AbstractQueryInnerJoin.scala:223) - ===============================================================================
2017-05-12 16:25:16 INFO  [main] (AbstractQueryInnerJoin.scala:224) - Generating RDF triples from the inner join query:
[{ Binding(?journ2 @dc:title ?title2 -> Article_title)
 MongoDBQuery[Collection: publications. Query: {'type':'article', 'title': {$exists: true, $ne: null}}. Projection: {}] }
] INNER JOIN [
{ Binding(?journ2 @http://dblp.l3s.de/d2r/appearsIn "Artif. Intell." -> Article_appearsIn)
 MongoDBQuery[Collection: publications. Query: {'type':'article', 'in': {$eq: 'Artif. Intell.'}}. Projection: {}] }
] ON Set(?journ2)
2017-05-12 16:25:16 INFO  [main] (MorphMongoDataSourceReader.scala:84) - Executing query: MongoDBQuery[Collection: publications. Query: {'type':'article', 'title': {$exists: true, $ne: null}}. Projection: {}] with limit None
2017-05-12 16:25:16 INFO  [main] (MorphMongoDataSourceReader.scala:113) - Query returned 359 result(s), 359 result(s) after applying the iterator, in: 33 ms.
2017-05-12 16:25:16 INFO  [main] (AbstractQueryAtomicMongo.scala:476) - Atomic query generated 359 RDF triples for binding
 Binding(?journ2 @dc:title ?title2 -> Article_title)
2017-05-12 16:25:16 INFO  [main] (AbstractQueryAtomicMongo.scala:483) - Atomic query generated 359 RDF triples for all binding in 79 ms.
2017-05-12 16:25:16 INFO  [main] (MorphMongoDataSourceReader.scala:84) - Executing query: MongoDBQuery[Collection: publications. Query: {'type':'article', 'in': {$eq: 'Artif. Intell.'}}. Projection: {}] with limit None
2017-05-12 16:25:16 INFO  [main] (MorphMongoDataSourceReader.scala:113) - Query returned 4 result(s), 4 result(s) after applying the iterator, in: 3 ms.
2017-05-12 16:25:16 INFO  [main] (AbstractQueryAtomicMongo.scala:476) - Atomic query generated 4 RDF triples for binding
 Binding(?journ2 @http://dblp.l3s.de/d2r/appearsIn "Artif. Intell." -> Article_appearsIn)
2017-05-12 16:25:16 INFO  [main] (AbstractQueryAtomicMongo.scala:483) - Atomic query generated 4 RDF triples for all binding in 2 ms.
2017-05-12 16:25:16 INFO  [main] (AbstractQueryInnerJoin.scala:257) - Inner join on variable(s) Set(?journ2)
2017-05-12 16:25:16 INFO  [main] (AbstractQueryInnerJoin.scala:290) - Inner join computed 8 triples + 0 triples with no shared variable, in 40 ms.
2017-05-12 16:25:16 INFO  [main] (AbstractQueryInnerJoin.scala:257) - Inner join on variable(s) Set(?journ2)
2017-05-12 16:25:16 INFO  [main] (AbstractQueryInnerJoin.scala:290) - Inner join computed 12 triples + 0 triples with no shared variable, in 32 ms.
2017-05-12 16:25:16 INFO  [main] (AbstractQueryInnerJoin.scala:257) - Inner join on variable(s) Set(?journ2)
2017-05-12 16:25:16 INFO  [main] (AbstractQueryInnerJoin.scala:290) - Inner join computed 27 triples + 0 triples with no shared variable, in 16 ms.
2017-05-12 16:25:16 INFO  [main] (AbstractQueryInnerJoin.scala:257) - Inner join on variable(s) Set(?journ2)
2017-05-12 16:25:16 INFO  [main] (AbstractQueryInnerJoin.scala:290) - Inner join computed 31 triples + 0 triples with no shared variable, in 12 ms.
2017-05-12 16:25:16 INFO  [main] (AbstractQueryInnerJoin.scala:254) - Inner join on empty set of variables computed 35 triples.
2017-05-12 16:25:16 INFO  [main] (AbstractQueryInnerJoin.scala:257) - Inner join on variable(s) Set(?journ1)
2017-05-12 16:25:16 INFO  [main] (AbstractQueryInnerJoin.scala:290) - Inner join computed 8 triples + 31 triples with no shared variable, in 9 ms.
2017-05-12 16:25:16 INFO  [main] (AbstractQueryInnerJoin.scala:257) - Inner join on variable(s) Set(?journ1, ?year)
2017-05-12 16:25:17 INFO  [main] (AbstractQueryInnerJoin.scala:290) - Inner join computed 91 triples + 66 triples with no shared variable, in 16 ms.
2017-05-12 16:25:17 INFO  [main] (AbstractQueryInnerJoin.scala:257) - Inner join on variable(s) Set(?journ1, ?x)
2017-05-12 16:25:17 INFO  [main] (AbstractQueryInnerJoin.scala:290) - Inner join computed 658 triples + 185 triples with no shared variable, in 36 ms.
2017-05-12 16:25:17 INFO  [main] (AbstractQueryInnerJoin.scala:257) - Inner join on variable(s) Set(?journ1)
2017-05-12 16:25:17 INFO  [main] (AbstractQueryInnerJoin.scala:290) - Inner join computed 965 triples + 86 triples with no shared variable, in 45 ms.
2017-05-12 16:25:17 INFO  [main] (AbstractQueryInnerJoin.scala:257) - Inner join on variable(s) Set(?x)
2017-05-12 16:25:17 INFO  [main] (AbstractQueryInnerJoin.scala:290) - Inner join computed 691 triples + 454 triples with no shared variable, in 160 ms.
2017-05-12 16:25:17 INFO  [main] (AbstractQueryInnerJoin.scala:257) - Inner join on variable(s) Set(?x)
2017-05-12 16:25:17 INFO  [main] (AbstractQueryInnerJoin.scala:290) - Inner join computed 815 triples + 454 triples with no shared variable, in 131 ms.
2017-05-12 16:25:17 WARN  [main] (MorphMongoDataTranslator.scala:229) - Duration of query execution and generation of triples = 3968 ms.
2017-05-12 16:25:18 WARN  [main] (MorphMongoQueryProcessor.scala:146) - Time for late SPARQL query evaluation = 567ms.
2017-05-12 16:25:18 INFO  [main] (MorphBaseRunner.scala:104) - Query response output file: /Users/xiao/Development/obda-mongo/ontop-mongo/src/test/resources/dblp/morph/result.txt
2017-05-12 16:25:18 WARN  [main] (MorphBaseRunner.scala:111) - Overall SPARQL query processing time = 4986ms.
2017-05-12 16:25:18 WARN  [main] (MorphBaseRunner.scala:112) - **********************DONE****************************
2017-05-12 16:25:18 INFO  [main] (MorphRunner.scala:74) - Query result:
<?xml version="1.0"?>
<sparql xmlns="http://www.w3.org/2005/sparql-results#">
  <head>
    <variable name="name"/>
    <variable name="title1"/>
    <variable name="title2"/>
    <variable name="year"/>
  </head>
  <results>
  </results>
</sparql>
2017-05-12 16:25:18 INFO  [main] (MorphRunner.scala:79) - Treatment completed, exiting.
