To override log4j configuration add JVM option: -Dlog4j.configuration=file:/home/.../your_log4j.properties
Loading log4j configuration: jar:file:/Users/xiao/src/morph-xr2rml/morph-xr2rml-dist/target/morph-xr2rml-dist-1.0-SNAPSHOT-jar-with-dependencies.jar!/xr2rml-log4j.properties
2017-05-12 16:25:27 INFO  [main] (MorphRunner.scala:57) - properties Directory = /Users/xiao/Development/obda-mongo/ontop-mongo/src/test/resources/dblp/morph
2017-05-12 16:25:27 INFO  [main] (MorphRunner.scala:58) - properties File      = output/q09.rq.properties
Reading configuration file : /Users/xiao/Development/obda-mongo/ontop-mongo/src/test/resources/dblp/morph/output/q09.rq.properties
2017-05-12 16:25:27 INFO  [main] (MorphProperties.scala:118) - Server active = false
2017-05-12 16:25:27 INFO  [main] (MorphProperties.scala:121) - Server port number = 8080
2017-05-12 16:25:27 INFO  [main] (MorphProperties.scala:124) - Output file = result.txt
2017-05-12 16:25:27 INFO  [main] (MorphProperties.scala:144) - Output RDF syntax = TURTLE
2017-05-12 16:25:27 INFO  [main] (MorphProperties.scala:153) - Output SPARQL result syntax = TURTLE
2017-05-12 16:25:27 INFO  [main] (MorphProperties.scala:156) - Display result on std output = true
2017-05-12 16:25:27 INFO  [main] (MorphProperties.scala:159) - Jena mode = memory
2017-05-12 16:25:27 INFO  [main] (MorphProperties.scala:162) - SPARQL Query Optimization = true
2017-05-12 16:25:27 INFO  [main] (MorphProperties.scala:165) - Optimization - Self join elimination = true
2017-05-12 16:25:27 INFO  [main] (MorphProperties.scala:168) - Optimization - Self union elimination = true
2017-05-12 16:25:27 INFO  [main] (MorphProperties.scala:171) - Optimization - Propagate conditions from a joined query = true
2017-05-12 16:25:27 INFO  [main] (MorphProperties.scala:174) - Optimization - Reorder STG = true
2017-05-12 16:25:27 INFO  [main] (MorphProperties.scala:177) - Optimization - Subquery elimination = true
2017-05-12 16:25:27 INFO  [main] (MorphProperties.scala:180) - Optimization - Trans join subquery elimination = true
2017-05-12 16:25:27 INFO  [main] (MorphProperties.scala:183) - Optimization - Trans stg subquery elimination = true
2017-05-12 16:25:27 INFO  [main] (MorphProperties.scala:186) - Optimization - Subquery as view = false
2017-05-12 16:25:27 INFO  [main] (MorphProperties.scala:189) - Cache the result of student.queries for join evaluation (non Relational DBs) = false
2017-05-12 16:25:27 INFO  [main] (MorphProperties.scala:196) - RunnerFactory = fr.unice.i3s.morph.xr2rml.mongo.engine.MorphMongoRunnerFactory
2017-05-12 16:25:27 INFO  [main] (MorphProperties.scala:199) - Remove Strange Chars From Literal Column = true
2017-05-12 16:25:27 INFO  [main] (MorphProperties.scala:202) - URL-encode reserved chars IRI tempalte string = true
2017-05-12 16:25:27 INFO  [main] (MorphProperties.scala:205) - URL-encode reserved chars in database values = true
2017-05-12 16:25:27 INFO  [main] (MorphProperties.scala:208) - String transformation = None
2017-05-12 16:25:28 INFO  [main] (R2RMLMappingDocument.scala:225) - Parsing mapping document /Users/xiao/Development/obda-mongo/ontop-mongo/src/test/resources/dblp/morph/dblp-mapping-publications.ttl
2017-05-12 16:25:29 INFO  [main] (MorphBaseRunner.scala:59) - ****************************************************************************************************************
2017-05-12 16:25:29 INFO  [main] (MorphBaseRunner.scala:60) - Running query translation. Content-type: null
2017-05-12 16:25:29 INFO  [main] (SparqlUtility.scala:224) - Request Accept: null. Negotiated: (application/sparql-results+xml,XML)
2017-05-12 16:25:29 INFO  [main] (SparqlQueryRewriter.scala:97) - SPARQL graph pattern:
(distinct
  (project (?title ?year)
    (bgp
      (triple ?x <http://www.w3.org/1999/02/22-rdf-syntax-ns#type> <http://dblp.l3s.de/d2r/Author>)
      (triple ?x <http://xmlns.com/foaf/0.1/name> "Diego Calvanese")
      (triple ?publ <http://www.w3.org/1999/02/22-rdf-syntax-ns#type> <http://dblp.l3s.de/d2r/Publication>)
      (triple ?publ <http://purl.org/dc/elements/1.1/creator> ?x)
      (triple ?publ <http://purl.org/dc/terms/issued> ?year)
      (triple ?publ <http://purl.org/dc/elements/1.1/title> ?title)
    )))

2017-05-12 16:25:29 INFO  [main] (MorphMongoQueryTranslator.scala:84) - Triple pattern bindings computation time = 150ms.
2017-05-12 16:25:29 INFO  [main] (MorphMongoQueryTranslator.scala:85) - Triple pattern bindings:
   Binding(?publ @rdf:type http://dblp.l3s.de/d2r/Publication -> Article_Publication)
   Binding(?publ @http://purl.org/dc/terms/issued ?year -> Article_issued)
   Binding(?publ @dc:creator ?x -> Journal_creator)
   Binding(?publ @dc:title ?title -> Article_title)
   Binding(?x @rdf:type http://dblp.l3s.de/d2r/Author -> Author_Author)
   Binding(?x @http://xmlns.com/foaf/0.1/name "Diego Calvanese" -> Author_name)
2017-05-12 16:25:29 WARN  [main] (MorphMongoQueryTranslator.scala:219) - SPARQL DISTINCT ignored in query translation.
2017-05-12 16:25:29 WARN  [main] (JsonPathToMongoTranslator.scala:464) - JSONPath expression [_id] did not match any rule. It is ignored.
2017-05-12 16:25:29 WARN  [main] (JsonPathToMongoTranslator.scala:464) - JSONPath expression [_id] did not match any rule. It is ignored.
2017-05-12 16:25:29 WARN  [main] (JsonPathToMongoTranslator.scala:464) - JSONPath expression [_id] did not match any rule. It is ignored.
2017-05-12 16:25:29 WARN  [main] (JsonPathToMongoTranslator.scala:464) - JSONPath expression [_id] did not match any rule. It is ignored.
2017-05-12 16:25:29 WARN  [main] (JsonPathToMongoTranslator.scala:464) - JSONPath expression [authors[*]._id] did not match any rule. It is ignored.
2017-05-12 16:25:29 WARN  [main] (JsonPathToMongoTranslator.scala:464) - JSONPath expression [_id] did not match any rule. It is ignored.
2017-05-12 16:25:29 WARN  [main] (JsonPathToMongoTranslator.scala:464) - JSONPath expression [_id] did not match any rule. It is ignored.
2017-05-12 16:25:29 INFO  [main] (MorphBaseQueryTranslator.scala:107) - Query translation time (including bindings) = 295ms.
2017-05-12 16:25:29 INFO  [main] (MorphBaseRunner.scala:90) - SPARQL Query = 
PREFIX  :     <http://dblp.l3s.de/d2r/>
PREFIX  dcterms: <http://purl.org/dc/terms/>
PREFIX  foaf: <http://xmlns.com/foaf/0.1/>
PREFIX  dc:   <http://purl.org/dc/elements/1.1/>

SELECT DISTINCT  ?title ?year
WHERE
  { ?x <http://www.w3.org/1999/02/22-rdf-syntax-ns#type> :Author .
    ?x foaf:name "Diego Calvanese" .
    ?publ <http://www.w3.org/1999/02/22-rdf-syntax-ns#type> :Publication .
    ?publ dc:creator ?x .
    ?publ dcterms:issued ?year .
    ?publ dc:title ?title
  }

2017-05-12 16:25:29 INFO  [main] (MorphBaseRunner.scala:91) - ------------------ Abstract Query ------------------ = 
[{ Binding(?x @rdf:type http://dblp.l3s.de/d2r/Author -> Author_Author)
  from   : db.publications.find({}), Iterator: Some($.authors.*)
  project: Set(_id AS ?x)
  where  : Set(NotNull(_id)) }
] INNER JOIN [
[{ Binding(?x @http://xmlns.com/foaf/0.1/name "Diego Calvanese" -> Author_name)
  from   : db.publications.find({}), Iterator: Some($.authors.*)
  project: Set(_id AS ?x)
  where  : Set(NotNull(_id), Equals($.name, Diego Calvanese)) }
] INNER JOIN [
[{ Binding(?publ @rdf:type http://dblp.l3s.de/d2r/Publication -> Article_Publication)
  from   : db.publications.find({'type' : 'article'}), Iterator: Some($)
  project: Set(_id AS ?publ)
  where  : Set(NotNull(_id)) }
] INNER JOIN [
[{ Binding(?publ @dc:creator ?x -> Journal_creator)
  from   : db.publications.find({'type' : 'article'}), Iterator: Some($)
  project: Set(_id AS ?publ, authors[*]._id AS ?x)
  where  : Set(NotNull(_id), NotNull(authors[*]._id)) }
] INNER JOIN [
[{ Binding(?publ @http://purl.org/dc/terms/issued ?year -> Article_issued)
  from   : db.publications.find({'type' : 'article'}), Iterator: Some($)
  project: Set(_id AS ?publ, $.year AS ?year)
  where  : Set(NotNull(_id), NotNull($.year)) }
] INNER JOIN [
{ Binding(?publ @dc:title ?title -> Article_title)
  from   : db.publications.find({'type' : 'article'}), Iterator: Some($)
  project: Set(_id AS ?publ, $.title AS ?title)
  where  : Set(NotNull(_id), NotNull($.title)) }
] ON Set(?publ)
] ON Set(?publ)
] ON Set(?publ)
] ON Set(?x)
] ON Set(?x)
2017-05-12 16:25:29 INFO  [main] (MorphBaseRunner.scala:92) - ------------------ Concrete Query ------------------ = 
[{ Binding(?x @rdf:type http://dblp.l3s.de/d2r/Author -> Author_Author)
 MongoDBQuery[Collection: publications. Query: {}. Projection: {}] }
] INNER JOIN [
[{ Binding(?x @http://xmlns.com/foaf/0.1/name "Diego Calvanese" -> Author_name)
 MongoDBQuery[Collection: publications. Query: {'authors': {$elemMatch: {'name': {$eq: 'Diego Calvanese'}}}}. Projection: {}] }
] INNER JOIN [
[{ Binding(?publ @rdf:type http://dblp.l3s.de/d2r/Publication -> Article_Publication)
 MongoDBQuery[Collection: publications. Query: {'type':'article', }. Projection: {}] }
] INNER JOIN [
[{ Binding(?publ @dc:creator ?x -> Journal_creator)
 MongoDBQuery[Collection: publications. Query: {'type':'article', }. Projection: {}] }
] INNER JOIN [
[{ Binding(?publ @http://purl.org/dc/terms/issued ?year -> Article_issued)
 MongoDBQuery[Collection: publications. Query: {'type':'article', 'year': {$exists: true, $ne: null}}. Projection: {}] }
] INNER JOIN [
{ Binding(?publ @dc:title ?title -> Article_title)
 MongoDBQuery[Collection: publications. Query: {'type':'article', 'title': {$exists: true, $ne: null}}. Projection: {}] }
] ON Set(?publ)
] ON Set(?publ)
] ON Set(?publ)
] ON Set(?x)
] ON Set(?x)
2017-05-12 16:25:29 INFO  [main] (AbstractQueryInnerJoin.scala:223) - ===============================================================================
2017-05-12 16:25:29 INFO  [main] (AbstractQueryInnerJoin.scala:224) - Generating RDF triples from the inner join query:
[{ Binding(?x @rdf:type http://dblp.l3s.de/d2r/Author -> Author_Author)
 MongoDBQuery[Collection: publications. Query: {}. Projection: {}] }
] INNER JOIN [
[{ Binding(?x @http://xmlns.com/foaf/0.1/name "Diego Calvanese" -> Author_name)
 MongoDBQuery[Collection: publications. Query: {'authors': {$elemMatch: {'name': {$eq: 'Diego Calvanese'}}}}. Projection: {}] }
] INNER JOIN [
[{ Binding(?publ @rdf:type http://dblp.l3s.de/d2r/Publication -> Article_Publication)
 MongoDBQuery[Collection: publications. Query: {'type':'article', }. Projection: {}] }
] INNER JOIN [
[{ Binding(?publ @dc:creator ?x -> Journal_creator)
 MongoDBQuery[Collection: publications. Query: {'type':'article', }. Projection: {}] }
] INNER JOIN [
[{ Binding(?publ @http://purl.org/dc/terms/issued ?year -> Article_issued)
 MongoDBQuery[Collection: publications. Query: {'type':'article', 'year': {$exists: true, $ne: null}}. Projection: {}] }
] INNER JOIN [
{ Binding(?publ @dc:title ?title -> Article_title)
 MongoDBQuery[Collection: publications. Query: {'type':'article', 'title': {$exists: true, $ne: null}}. Projection: {}] }
] ON Set(?publ)
] ON Set(?publ)
] ON Set(?publ)
] ON Set(?x)
] ON Set(?x)
2017-05-12 16:25:29 INFO  [main] (MorphMongoDataSourceReader.scala:84) - Executing query: MongoDBQuery[Collection: publications. Query: {}. Projection: {}] with limit None
2017-05-12 16:25:30 INFO  [main] (MorphMongoDataSourceReader.scala:113) - Query returned 1059 result(s), 3264 result(s) after applying the iterator, in: 739 ms.
2017-05-12 16:25:31 INFO  [main] (AbstractQueryAtomicMongo.scala:476) - Atomic query generated 3264 RDF triples for binding
 Binding(?x @rdf:type http://dblp.l3s.de/d2r/Author -> Author_Author)
2017-05-12 16:25:31 INFO  [main] (AbstractQueryAtomicMongo.scala:483) - Atomic query generated 3264 RDF triples for all binding in 783 ms.
2017-05-12 16:25:31 INFO  [main] (AbstractQueryInnerJoin.scala:223) - ===============================================================================
2017-05-12 16:25:31 INFO  [main] (AbstractQueryInnerJoin.scala:224) - Generating RDF triples from the inner join query:
[{ Binding(?x @http://xmlns.com/foaf/0.1/name "Diego Calvanese" -> Author_name)
 MongoDBQuery[Collection: publications. Query: {'authors': {$elemMatch: {'name': {$eq: 'Diego Calvanese'}}}}. Projection: {}] }
] INNER JOIN [
[{ Binding(?publ @rdf:type http://dblp.l3s.de/d2r/Publication -> Article_Publication)
 MongoDBQuery[Collection: publications. Query: {'type':'article', }. Projection: {}] }
] INNER JOIN [
[{ Binding(?publ @dc:creator ?x -> Journal_creator)
 MongoDBQuery[Collection: publications. Query: {'type':'article', }. Projection: {}] }
] INNER JOIN [
[{ Binding(?publ @http://purl.org/dc/terms/issued ?year -> Article_issued)
 MongoDBQuery[Collection: publications. Query: {'type':'article', 'year': {$exists: true, $ne: null}}. Projection: {}] }
] INNER JOIN [
{ Binding(?publ @dc:title ?title -> Article_title)
 MongoDBQuery[Collection: publications. Query: {'type':'article', 'title': {$exists: true, $ne: null}}. Projection: {}] }
] ON Set(?publ)
] ON Set(?publ)
] ON Set(?publ)
] ON Set(?x)
2017-05-12 16:25:31 INFO  [main] (MorphMongoDataSourceReader.scala:84) - Executing query: MongoDBQuery[Collection: publications. Query: {'authors': {$elemMatch: {'name': {$eq: 'Diego Calvanese'}}}}. Projection: {}] with limit None
2017-05-12 16:25:31 INFO  [main] (MorphMongoDataSourceReader.scala:113) - Query returned 317 result(s), 1272 result(s) after applying the iterator, in: 49 ms.
2017-05-12 16:25:31 INFO  [main] (AbstractQueryAtomicMongo.scala:476) - Atomic query generated 1272 RDF triples for binding
 Binding(?x @http://xmlns.com/foaf/0.1/name "Diego Calvanese" -> Author_name)
2017-05-12 16:25:31 INFO  [main] (AbstractQueryAtomicMongo.scala:483) - Atomic query generated 1272 RDF triples for all binding in 151 ms.
2017-05-12 16:25:31 INFO  [main] (AbstractQueryInnerJoin.scala:223) - ===============================================================================
2017-05-12 16:25:31 INFO  [main] (AbstractQueryInnerJoin.scala:224) - Generating RDF triples from the inner join query:
[{ Binding(?publ @rdf:type http://dblp.l3s.de/d2r/Publication -> Article_Publication)
 MongoDBQuery[Collection: publications. Query: {'type':'article', }. Projection: {}] }
] INNER JOIN [
[{ Binding(?publ @dc:creator ?x -> Journal_creator)
 MongoDBQuery[Collection: publications. Query: {'type':'article', }. Projection: {}] }
] INNER JOIN [
[{ Binding(?publ @http://purl.org/dc/terms/issued ?year -> Article_issued)
 MongoDBQuery[Collection: publications. Query: {'type':'article', 'year': {$exists: true, $ne: null}}. Projection: {}] }
] INNER JOIN [
{ Binding(?publ @dc:title ?title -> Article_title)
 MongoDBQuery[Collection: publications. Query: {'type':'article', 'title': {$exists: true, $ne: null}}. Projection: {}] }
] ON Set(?publ)
] ON Set(?publ)
] ON Set(?publ)
2017-05-12 16:25:31 INFO  [main] (MorphMongoDataSourceReader.scala:84) - Executing query: MongoDBQuery[Collection: publications. Query: {'type':'article', }. Projection: {}] with limit None
2017-05-12 16:25:31 INFO  [main] (MorphMongoDataSourceReader.scala:113) - Query returned 359 result(s), 359 result(s) after applying the iterator, in: 38 ms.
2017-05-12 16:25:31 INFO  [main] (AbstractQueryAtomicMongo.scala:476) - Atomic query generated 359 RDF triples for binding
 Binding(?publ @rdf:type http://dblp.l3s.de/d2r/Publication -> Article_Publication)
2017-05-12 16:25:31 INFO  [main] (AbstractQueryAtomicMongo.scala:483) - Atomic query generated 359 RDF triples for all binding in 81 ms.
2017-05-12 16:25:31 INFO  [main] (AbstractQueryInnerJoin.scala:223) - ===============================================================================
2017-05-12 16:25:31 INFO  [main] (AbstractQueryInnerJoin.scala:224) - Generating RDF triples from the inner join query:
[{ Binding(?publ @dc:creator ?x -> Journal_creator)
 MongoDBQuery[Collection: publications. Query: {'type':'article', }. Projection: {}] }
] INNER JOIN [
[{ Binding(?publ @http://purl.org/dc/terms/issued ?year -> Article_issued)
 MongoDBQuery[Collection: publications. Query: {'type':'article', 'year': {$exists: true, $ne: null}}. Projection: {}] }
] INNER JOIN [
{ Binding(?publ @dc:title ?title -> Article_title)
 MongoDBQuery[Collection: publications. Query: {'type':'article', 'title': {$exists: true, $ne: null}}. Projection: {}] }
] ON Set(?publ)
] ON Set(?publ)
2017-05-12 16:25:31 INFO  [main] (MorphMongoDataSourceReader.scala:84) - Executing query: MongoDBQuery[Collection: publications. Query: {'type':'article', }. Projection: {}] with limit None
2017-05-12 16:25:31 INFO  [main] (MorphMongoDataSourceReader.scala:113) - Query returned 359 result(s), 359 result(s) after applying the iterator, in: 45 ms.
2017-05-12 16:25:31 INFO  [main] (AbstractQueryAtomicMongo.scala:476) - Atomic query generated 1032 RDF triples for binding
 Binding(?publ @dc:creator ?x -> Journal_creator)
2017-05-12 16:25:31 INFO  [main] (AbstractQueryAtomicMongo.scala:483) - Atomic query generated 1032 RDF triples for all binding in 88 ms.
2017-05-12 16:25:31 INFO  [main] (AbstractQueryInnerJoin.scala:223) - ===============================================================================
2017-05-12 16:25:31 INFO  [main] (AbstractQueryInnerJoin.scala:224) - Generating RDF triples from the inner join query:
[{ Binding(?publ @http://purl.org/dc/terms/issued ?year -> Article_issued)
 MongoDBQuery[Collection: publications. Query: {'type':'article', 'year': {$exists: true, $ne: null}}. Projection: {}] }
] INNER JOIN [
{ Binding(?publ @dc:title ?title -> Article_title)
 MongoDBQuery[Collection: publications. Query: {'type':'article', 'title': {$exists: true, $ne: null}}. Projection: {}] }
] ON Set(?publ)
2017-05-12 16:25:31 INFO  [main] (MorphMongoDataSourceReader.scala:84) - Executing query: MongoDBQuery[Collection: publications. Query: {'type':'article', 'year': {$exists: true, $ne: null}}. Projection: {}] with limit None
2017-05-12 16:25:31 INFO  [main] (MorphMongoDataSourceReader.scala:113) - Query returned 359 result(s), 359 result(s) after applying the iterator, in: 37 ms.
2017-05-12 16:25:31 INFO  [main] (AbstractQueryAtomicMongo.scala:476) - Atomic query generated 359 RDF triples for binding
 Binding(?publ @http://purl.org/dc/terms/issued ?year -> Article_issued)
2017-05-12 16:25:31 INFO  [main] (AbstractQueryAtomicMongo.scala:483) - Atomic query generated 359 RDF triples for all binding in 50 ms.
2017-05-12 16:25:31 INFO  [main] (MorphMongoDataSourceReader.scala:84) - Executing query: MongoDBQuery[Collection: publications. Query: {'type':'article', 'title': {$exists: true, $ne: null}}. Projection: {}] with limit None
2017-05-12 16:25:31 INFO  [main] (MorphMongoDataSourceReader.scala:113) - Query returned 359 result(s), 359 result(s) after applying the iterator, in: 45 ms.
2017-05-12 16:25:31 INFO  [main] (AbstractQueryAtomicMongo.scala:476) - Atomic query generated 359 RDF triples for binding
 Binding(?publ @dc:title ?title -> Article_title)
2017-05-12 16:25:31 INFO  [main] (AbstractQueryAtomicMongo.scala:483) - Atomic query generated 359 RDF triples for all binding in 57 ms.
2017-05-12 16:25:31 INFO  [main] (AbstractQueryInnerJoin.scala:257) - Inner join on variable(s) Set(?publ)
2017-05-12 16:25:31 INFO  [main] (AbstractQueryInnerJoin.scala:290) - Inner join computed 718 triples + 0 triples with no shared variable, in 56 ms.
2017-05-12 16:25:31 INFO  [main] (AbstractQueryInnerJoin.scala:257) - Inner join on variable(s) Set(?publ)
2017-05-12 16:25:31 INFO  [main] (AbstractQueryInnerJoin.scala:290) - Inner join computed 1750 triples + 0 triples with no shared variable, in 82 ms.
2017-05-12 16:25:31 INFO  [main] (AbstractQueryInnerJoin.scala:257) - Inner join on variable(s) Set(?publ)
2017-05-12 16:25:31 INFO  [main] (AbstractQueryInnerJoin.scala:290) - Inner join computed 2109 triples + 0 triples with no shared variable, in 39 ms.
2017-05-12 16:25:31 INFO  [main] (AbstractQueryInnerJoin.scala:257) - Inner join on variable(s) Set(?x)
2017-05-12 16:25:32 INFO  [main] (AbstractQueryInnerJoin.scala:290) - Inner join computed 651 triples + 1077 triples with no shared variable, in 154 ms.
2017-05-12 16:25:32 INFO  [main] (AbstractQueryInnerJoin.scala:257) - Inner join on variable(s) Set(?x)
2017-05-12 16:25:32 INFO  [main] (AbstractQueryInnerJoin.scala:290) - Inner join computed 745 triples + 1077 triples with no shared variable, in 139 ms.
2017-05-12 16:25:32 WARN  [main] (MorphMongoDataTranslator.scala:229) - Duration of query execution and generation of triples = 2705 ms.
2017-05-12 16:25:32 INFO  [main] (MorphMongoQueryProcessor.scala:139) - Result set contains 71 triples.
2017-05-12 16:25:32 INFO  [main] (MorphMongoQueryProcessor.scala:140) - Tabular result set:
-------------------------------------------------------------------------------------------------------------------
| title                                                                                                    | year |
===================================================================================================================
| "Verifiable UML Artifact-Centric Business Process Models (Extended Version)."                            | 2014 |
| "Representing and Reasoning on XML Documents: A Description Logic Approach."                             | 1999 |
| "Capturing model-based ontology evolution at the instance level: The case of DL-Lite."                   | 2013 |
| "Reasoning on regular path student.queries."                                                                     | 2003 |
| "Soundness of data-aware, case-centric processes."                                                       | 2016 |
| "Conjunctive query containment and answering under description logic constraints."                       | 2008 |
| "Reasoning about Explanations for Negative Query Answers in DL-Lite."                                    | 2013 |
| "Shape and Content: Incorporating Domain Knowledge into Shape Analysis."                                 | 2013 |
| "View-based query processing: On the relationship between rewriting, answering and losslessness."        | 2007 |
| "Unifying Class-Based Representation Formalisms"                                                         | 2011 |
| "Ontop: Answering SPARQL student.queries over relational databases."                                             | 2017 |
| "Data Complexity of Query Answering in Expressive Description Logics via Tableaux."                      | 2008 |
| "Verification of Relational Multiagent Systems with Data Types (Extended Version)."                      | 2014 |
| "Data integration under integrity constraints."                                                          | 2004 |
| "Ontologies and Description Logics."                                                                     | 2006 |
| "Metric Temporal Logic for Ontology-Based Data Access over Log Data."                                    | 2017 |
| "Exchanging OWL 2 QL Knowledge Bases"                                                                    | 2013 |
| "Data Integration and Reconciliation in data Warehousing: Conceptual Modeling and Reasoning Support."    | 1999 |
| "Reasoning on UML class diagrams."                                                                       | 2005 |
| "Automatic Service Composition and Synthesis: the Roman Model."                                          | 2008 |
| "Knowledge base exchange: The case of OWL 2 QL."                                                         | 2016 |
| "Rewriting of Regular Expressions and Regular Path Queries."                                             | 2002 |
| "Research Directions for Principles of Data Management (Dagstuhl Perspectives Workshop 16151)."          | 2017 |
| "Query Processing under GLAV Mappings for Relational and Graph Databases."                               | 2012 |
| "Toward a new landscape of systems management in an autonomic computing environment."                    | 2003 |
| "Dynamic Query Optimization under Access Limitations and Dependencies."                                  | 2009 |
| "Enterprise modeling and Data Warehousing in Telecom Italia."                                            | 2006 |
| "On simplification of schema mappings."                                                                  | 2013 |
| "Verification of Inconsistency-Aware Knowledge and Action Bases (Extended Version)"                      | 2013 |
| "Nested Regular Path Queries in Description Logics."                                                     | 2014 |
| "Reasoning about Explanations for Negative Query Answers in DL-Lite."                                    | 2014 |
| "LAURIN: A Distributed Digital Library of Newspaper Clippings."                                          | 2001 |
| "Inconsistency tolerance in P2P data integration: An epistemic logic approach."                          | 2008 |
| "On the Role of Integrity Constraints in Data Integration."                                              | 2002 |
| "Data complexity of query answering in description logics."                                              | 2013 |
| "Automatic Service Composition Based on Behavioral Descriptions."                                        | 2005 |
| "Managing Change in Graph-structured Data Using Description Logics (long version with appendix)."        | 2014 |
| "Updating RDFS ABoxes and TBoxes in SPARQL."                                                             | 2014 |
| "Data Integration: A Logic-Based Perspective."                                                           | 2005 |
| "Modeling and Querying Semi-Structured data ."                                                           | 1999 |
| "The DL-Lite Family and Relations."                                                                      | 2009 |
| "Ontology-based data integration in EPNet: Production and distribution of food during the Roman Empire." | 2016 |
| "Data Integration in Data Warehousing."                                                                  | 2001 |
| "Beyond OWL 2 QL in OBDA: Rewritings and Approximations (Extended Version)."                             | 2015 |
| "Adding Context to Knowledge and Action Bases."                                                          | 2014 |
| "Decidable containment of recursive student.queries."                                                            | 2005 |
| "Tractable Reasoning and Efficient Query Answering in Description Logics: The DL-Lite Family."           | 2007 |
| "A Formal Presentation of MongoDB (Extended Version)."                                                   | 2016 |
| "Verification of Relational Data-Centric Dynamic Systems with External Services"                         | 2012 |
| "Conjunctive Query Containment and Answering under Description Logics Constraints"                       | 2005 |
| "Automated Reasoning on Conceptual Schemas (Dagstuhl Seminar 13211)."                                    | 2013 |
| "Description Logic Knowledge and Action Bases."                                                          | 2014 |
| "The MASTRO system for ontology-based data access."                                                      | 2011 |
| "Report on PODS 2015."                                                                                   | 2015 |
| "Answering regular path student.queries in expressive Description Logics via alternating tree-automata."         | 2014 |
| "Node Selection Query Languages for Trees."                                                              | 2015 |
| "Unifying Class-Based Representation Formalisms."                                                        | 1999 |
| "Data complexity of answering conjunctive student.queries over SHIQ knowledge bases"                             | 2005 |
| "Data Scaling in OBDA Benchmarks: The VIG Approach."                                                     | 2016 |
| "Finite model reasoning on UML class diagrams via constraint programming."                               | 2013 |
| "Verification of Semantically-Enhanced Artifact Systems (Extended Version)."                             | 2013 |
| "View-based query answering in Description Logics: Semantics and complexity."                            | 2012 |
| "Description Logic Knowledge and Action Bases."                                                          | 2013 |
| "The DL-Lite Family and Relations."                                                                      | 2014 |
| "Verification of Generalized Inconsistency-Aware Knowledge and Action Bases (Extended Version)."         | 2015 |
| "View Synthesis from Schema Mappings"                                                                    | 2010 |
| "OCL-Lite: Finite reasoning on UML/OCL conceptual schemas."                                              | 2012 |
| "Preface."                                                                                               | 2013 |
| "Semantics and Analysis of DMN Decision Tables."                                                         | 2016 |
| "Tractability and Intractability of Controlled Languages for Data Access."                               | 2012 |
| "Special issue of the Journal of Web Semantics on ontology-based data access."                           | 2015 |
-------------------------------------------------------------------------------------------------------------------

2017-05-12 16:25:32 WARN  [main] (MorphMongoQueryProcessor.scala:146) - Time for late SPARQL query evaluation = 146ms.
2017-05-12 16:25:32 INFO  [main] (MorphBaseRunner.scala:104) - Query response output file: /Users/xiao/Development/obda-mongo/ontop-mongo/src/test/resources/dblp/morph/result.txt
2017-05-12 16:25:32 WARN  [main] (MorphBaseRunner.scala:111) - Overall SPARQL query processing time = 3164ms.
2017-05-12 16:25:32 WARN  [main] (MorphBaseRunner.scala:112) - **********************DONE****************************
2017-05-12 16:25:32 INFO  [main] (MorphRunner.scala:74) - Query result:
<?xml version="1.0"?>
<sparql xmlns="http://www.w3.org/2005/sparql-results#">
  <head>
    <variable name="title"/>
    <variable name="year"/>
  </head>
  <results>
    <result>
      <binding name="title">
        <literal>Verifiable UML Artifact-Centric Business Process Models (Extended Version).</literal>
      </binding>
      <binding name="year">
        <literal datatype="http://www.w3.org/2001/XMLSchema#integer">2014</literal>
      </binding>
    </result>
    <result>
      <binding name="title">
        <literal>Representing and Reasoning on XML Documents: A Description Logic Approach.</literal>
      </binding>
      <binding name="year">
        <literal datatype="http://www.w3.org/2001/XMLSchema#integer">1999</literal>
      </binding>
    </result>
    <result>
      <binding name="title">
        <literal>Capturing model-based ontology evolution at the instance level: The case of DL-Lite.</literal>
      </binding>
      <binding name="year">
        <literal datatype="http://www.w3.org/2001/XMLSchema#integer">2013</literal>
      </binding>
    </result>
    <result>
      <binding name="title">
        <literal>Reasoning on regular path student.queries.</literal>
      </binding>
      <binding name="year">
        <literal datatype="http://www.w3.org/2001/XMLSchema#integer">2003</literal>
      </binding>
    </result>
    <result>
      <binding name="title">
        <literal>Soundness of data-aware, case-centric processes.</literal>
      </binding>
      <binding name="year">
        <literal datatype="http://www.w3.org/2001/XMLSchema#integer">2016</literal>
      </binding>
    </result>
    <result>
      <binding name="title">
        <literal>Conjunctive query containment and answering under description logic constraints.</literal>
      </binding>
      <binding name="year">
        <literal datatype="http://www.w3.org/2001/XMLSchema#integer">2008</literal>
      </binding>
    </result>
    <result>
      <binding name="title">
        <literal>Reasoning about Explanations for Negative Query Answers in DL-Lite.</literal>
      </binding>
      <binding name="year">
        <literal datatype="http://www.w3.org/2001/XMLSchema#integer">2013</literal>
      </binding>
    </result>
    <result>
      <binding name="title">
        <literal>Shape and Content: Incorporating Domain Knowledge into Shape Analysis.</literal>
      </binding>
      <binding name="year">
        <literal datatype="http://www.w3.org/2001/XMLSchema#integer">2013</literal>
      </binding>
    </result>
    <result>
      <binding name="title">
        <literal>View-based query processing: On the relationship between rewriting, answering and losslessness.</literal>
      </binding>
      <binding name="year">
        <literal datatype="http://www.w3.org/2001/XMLSchema#integer">2007</literal>
      </binding>
    </result>
    <result>
      <binding name="title">
        <literal>Unifying Class-Based Representation Formalisms</literal>
      </binding>
      <binding name="year">
        <literal datatype="http://www.w3.org/2001/XMLSchema#integer">2011</literal>
      </binding>
    </result>
    <result>
      <binding name="title">
        <literal>Ontop: Answering SPARQL student.queries over relational databases.</literal>
      </binding>
      <binding name="year">
        <literal datatype="http://www.w3.org/2001/XMLSchema#integer">2017</literal>
      </binding>
    </result>
    <result>
      <binding name="title">
        <literal>Data Complexity of Query Answering in Expressive Description Logics via Tableaux.</literal>
      </binding>
      <binding name="year">
        <literal datatype="http://www.w3.org/2001/XMLSchema#integer">2008</literal>
      </binding>
    </result>
    <result>
      <binding name="title">
        <literal>Verification of Relational Multiagent Systems with Data Types (Extended Version).</literal>
      </binding>
      <binding name="year">
        <literal datatype="http://www.w3.org/2001/XMLSchema#integer">2014</literal>
      </binding>
    </result>
    <result>
      <binding name="title">
        <literal>Data integration under integrity constraints.</literal>
      </binding>
      <binding name="year">
        <literal datatype="http://www.w3.org/2001/XMLSchema#integer">2004</literal>
      </binding>
    </result>
    <result>
      <binding name="title">
        <literal>Ontologies and Description Logics.</literal>
      </binding>
      <binding name="year">
        <literal datatype="http://www.w3.org/2001/XMLSchema#integer">2006</literal>
      </binding>
    </result>
    <result>
      <binding name="title">
        <literal>Metric Temporal Logic for Ontology-Based Data Access over Log Data.</literal>
      </binding>
      <binding name="year">
        <literal datatype="http://www.w3.org/2001/XMLSchema#integer">2017</literal>
      </binding>
    </result>
    <result>
      <binding name="title">
        <literal>Exchanging OWL 2 QL Knowledge Bases</literal>
      </binding>
      <binding name="year">
        <literal datatype="http://www.w3.org/2001/XMLSchema#integer">2013</literal>
      </binding>
    </result>
    <result>
      <binding name="title">
        <literal>Data Integration and Reconciliation in data Warehousing: Conceptual Modeling and Reasoning Support.</literal>
      </binding>
      <binding name="year">
        <literal datatype="http://www.w3.org/2001/XMLSchema#integer">1999</literal>
      </binding>
    </result>
    <result>
      <binding name="title">
        <literal>Reasoning on UML class diagrams.</literal>
      </binding>
      <binding name="year">
        <literal datatype="http://www.w3.org/2001/XMLSchema#integer">2005</literal>
      </binding>
    </result>
    <result>
      <binding name="title">
        <literal>Automatic Service Composition and Synthesis: the Roman Model.</literal>
      </binding>
      <binding name="year">
        <literal datatype="http://www.w3.org/2001/XMLSchema#integer">2008</literal>
      </binding>
    </result>
    <result>
      <binding name="title">
        <literal>Knowledge base exchange: The case of OWL 2 QL.</literal>
      </binding>
      <binding name="year">
        <literal datatype="http://www.w3.org/2001/XMLSchema#integer">2016</literal>
      </binding>
    </result>
    <result>
      <binding name="title">
        <literal>Rewriting of Regular Expressions and Regular Path Queries.</literal>
      </binding>
      <binding name="year">
        <literal datatype="http://www.w3.org/2001/XMLSchema#integer">2002</literal>
      </binding>
    </result>
    <result>
      <binding name="title">
        <literal>Research Directions for Principles of Data Management (Dagstuhl Perspectives Workshop 16151).</literal>
      </binding>
      <binding name="year">
        <literal datatype="http://www.w3.org/2001/XMLSchema#integer">2017</literal>
      </binding>
    </result>
    <result>
      <binding name="title">
        <literal>Query Processing under GLAV Mappings for Relational and Graph Databases.</literal>
      </binding>
      <binding name="year">
        <literal datatype="http://www.w3.org/2001/XMLSchema#integer">2012</literal>
      </binding>
    </result>
    <result>
      <binding name="title">
        <literal>Toward a new landscape of systems management in an autonomic computing environment.</literal>
      </binding>
      <binding name="year">
        <literal datatype="http://www.w3.org/2001/XMLSchema#integer">2003</literal>
      </binding>
    </result>
    <result>
      <binding name="title">
        <literal>Dynamic Query Optimization under Access Limitations and Dependencies.</literal>
      </binding>
      <binding name="year">
        <literal datatype="http://www.w3.org/2001/XMLSchema#integer">2009</literal>
      </binding>
    </result>
    <result>
      <binding name="title">
        <literal>Enterprise modeling and Data Warehousing in Telecom Italia.</literal>
      </binding>
      <binding name="year">
        <literal datatype="http://www.w3.org/2001/XMLSchema#integer">2006</literal>
      </binding>
    </result>
    <result>
      <binding name="title">
        <literal>On simplification of schema mappings.</literal>
      </binding>
      <binding name="year">
        <literal datatype="http://www.w3.org/2001/XMLSchema#integer">2013</literal>
      </binding>
    </result>
    <result>
      <binding name="title">
        <literal>Verification of Inconsistency-Aware Knowledge and Action Bases (Extended Version)</literal>
      </binding>
      <binding name="year">
        <literal datatype="http://www.w3.org/2001/XMLSchema#integer">2013</literal>
      </binding>
    </result>
    <result>
      <binding name="title">
        <literal>Nested Regular Path Queries in Description Logics.</literal>
      </binding>
      <binding name="year">
        <literal datatype="http://www.w3.org/2001/XMLSchema#integer">2014</literal>
      </binding>
    </result>
    <result>
      <binding name="title">
        <literal>Reasoning about Explanations for Negative Query Answers in DL-Lite.</literal>
      </binding>
      <binding name="year">
        <literal datatype="http://www.w3.org/2001/XMLSchema#integer">2014</literal>
      </binding>
    </result>
    <result>
      <binding name="title">
        <literal>LAURIN: A Distributed Digital Library of Newspaper Clippings.</literal>
      </binding>
      <binding name="year">
        <literal datatype="http://www.w3.org/2001/XMLSchema#integer">2001</literal>
      </binding>
    </result>
    <result>
      <binding name="title">
        <literal>Inconsistency tolerance in P2P data integration: An epistemic logic approach.</literal>
      </binding>
      <binding name="year">
        <literal datatype="http://www.w3.org/2001/XMLSchema#integer">2008</literal>
      </binding>
    </result>
    <result>
      <binding name="title">
        <literal>On the Role of Integrity Constraints in Data Integration.</literal>
      </binding>
      <binding name="year">
        <literal datatype="http://www.w3.org/2001/XMLSchema#integer">2002</literal>
      </binding>
    </result>
    <result>
      <binding name="title">
        <literal>Data complexity of query answering in description logics.</literal>
      </binding>
      <binding name="year">
        <literal datatype="http://www.w3.org/2001/XMLSchema#integer">2013</literal>
      </binding>
    </result>
    <result>
      <binding name="title">
        <literal>Automatic Service Composition Based on Behavioral Descriptions.</literal>
      </binding>
      <binding name="year">
        <literal datatype="http://www.w3.org/2001/XMLSchema#integer">2005</literal>
      </binding>
    </result>
    <result>
      <binding name="title">
        <literal>Managing Change in Graph-structured Data Using Description Logics (long version with appendix).</literal>
      </binding>
      <binding name="year">
        <literal datatype="http://www.w3.org/2001/XMLSchema#integer">2014</literal>
      </binding>
    </result>
    <result>
      <binding name="title">
        <literal>Updating RDFS ABoxes and TBoxes in SPARQL.</literal>
      </binding>
      <binding name="year">
        <literal datatype="http://www.w3.org/2001/XMLSchema#integer">2014</literal>
      </binding>
    </result>
    <result>
      <binding name="title">
        <literal>Data Integration: A Logic-Based Perspective.</literal>
      </binding>
      <binding name="year">
        <literal datatype="http://www.w3.org/2001/XMLSchema#integer">2005</literal>
      </binding>
    </result>
    <result>
      <binding name="title">
        <literal>Modeling and Querying Semi-Structured data .</literal>
      </binding>
      <binding name="year">
        <literal datatype="http://www.w3.org/2001/XMLSchema#integer">1999</literal>
      </binding>
    </result>
    <result>
      <binding name="title">
        <literal>The DL-Lite Family and Relations.</literal>
      </binding>
      <binding name="year">
        <literal datatype="http://www.w3.org/2001/XMLSchema#integer">2009</literal>
      </binding>
    </result>
    <result>
      <binding name="title">
        <literal>Ontology-based data integration in EPNet: Production and distribution of food during the Roman Empire.</literal>
      </binding>
      <binding name="year">
        <literal datatype="http://www.w3.org/2001/XMLSchema#integer">2016</literal>
      </binding>
    </result>
    <result>
      <binding name="title">
        <literal>Data Integration in Data Warehousing.</literal>
      </binding>
      <binding name="year">
        <literal datatype="http://www.w3.org/2001/XMLSchema#integer">2001</literal>
      </binding>
    </result>
    <result>
      <binding name="title">
        <literal>Beyond OWL 2 QL in OBDA: Rewritings and Approximations (Extended Version).</literal>
      </binding>
      <binding name="year">
        <literal datatype="http://www.w3.org/2001/XMLSchema#integer">2015</literal>
      </binding>
    </result>
    <result>
      <binding name="title">
        <literal>Adding Context to Knowledge and Action Bases.</literal>
      </binding>
      <binding name="year">
        <literal datatype="http://www.w3.org/2001/XMLSchema#integer">2014</literal>
      </binding>
    </result>
    <result>
      <binding name="title">
        <literal>Decidable containment of recursive student.queries.</literal>
      </binding>
      <binding name="year">
        <literal datatype="http://www.w3.org/2001/XMLSchema#integer">2005</literal>
      </binding>
    </result>
    <result>
      <binding name="title">
        <literal>Tractable Reasoning and Efficient Query Answering in Description Logics: The DL-Lite Family.</literal>
      </binding>
      <binding name="year">
        <literal datatype="http://www.w3.org/2001/XMLSchema#integer">2007</literal>
      </binding>
    </result>
    <result>
      <binding name="title">
        <literal>A Formal Presentation of MongoDB (Extended Version).</literal>
      </binding>
      <binding name="year">
        <literal datatype="http://www.w3.org/2001/XMLSchema#integer">2016</literal>
      </binding>
    </result>
    <result>
      <binding name="title">
        <literal>Verification of Relational Data-Centric Dynamic Systems with External Services</literal>
      </binding>
      <binding name="year">
        <literal datatype="http://www.w3.org/2001/XMLSchema#integer">2012</literal>
      </binding>
    </result>
    <result>
      <binding name="title">
        <literal>Conjunctive Query Containment and Answering under Description Logics Constraints</literal>
      </binding>
      <binding name="year">
        <literal datatype="http://www.w3.org/2001/XMLSchema#integer">2005</literal>
      </binding>
    </result>
    <result>
      <binding name="title">
        <literal>Automated Reasoning on Conceptual Schemas (Dagstuhl Seminar 13211).</literal>
      </binding>
      <binding name="year">
        <literal datatype="http://www.w3.org/2001/XMLSchema#integer">2013</literal>
      </binding>
    </result>
    <result>
      <binding name="title">
        <literal>Description Logic Knowledge and Action Bases.</literal>
      </binding>
      <binding name="year">
        <literal datatype="http://www.w3.org/2001/XMLSchema#integer">2014</literal>
      </binding>
    </result>
    <result>
      <binding name="title">
        <literal>The MASTRO system for ontology-based data access.</literal>
      </binding>
      <binding name="year">
        <literal datatype="http://www.w3.org/2001/XMLSchema#integer">2011</literal>
      </binding>
    </result>
    <result>
      <binding name="title">
        <literal>Report on PODS 2015.</literal>
      </binding>
      <binding name="year">
        <literal datatype="http://www.w3.org/2001/XMLSchema#integer">2015</literal>
      </binding>
    </result>
    <result>
      <binding name="title">
        <literal>Answering regular path student.queries in expressive Description Logics via alternating tree-automata.</literal>
      </binding>
      <binding name="year">
        <literal datatype="http://www.w3.org/2001/XMLSchema#integer">2014</literal>
      </binding>
    </result>
    <result>
      <binding name="title">
        <literal>Node Selection Query Languages for Trees.</literal>
      </binding>
      <binding name="year">
        <literal datatype="http://www.w3.org/2001/XMLSchema#integer">2015</literal>
      </binding>
    </result>
    <result>
      <binding name="title">
        <literal>Unifying Class-Based Representation Formalisms.</literal>
      </binding>
      <binding name="year">
        <literal datatype="http://www.w3.org/2001/XMLSchema#integer">1999</literal>
      </binding>
    </result>
    <result>
      <binding name="title">
        <literal>Data complexity of answering conjunctive student.queries over SHIQ knowledge bases</literal>
      </binding>
      <binding name="year">
        <literal datatype="http://www.w3.org/2001/XMLSchema#integer">2005</literal>
      </binding>
    </result>
    <result>
      <binding name="title">
        <literal>Data Scaling in OBDA Benchmarks: The VIG Approach.</literal>
      </binding>
      <binding name="year">
        <literal datatype="http://www.w3.org/2001/XMLSchema#integer">2016</literal>
      </binding>
    </result>
    <result>
      <binding name="title">
        <literal>Finite model reasoning on UML class diagrams via constraint programming.</literal>
      </binding>
      <binding name="year">
        <literal datatype="http://www.w3.org/2001/XMLSchema#integer">2013</literal>
      </binding>
    </result>
    <result>
      <binding name="title">
        <literal>Verification of Semantically-Enhanced Artifact Systems (Extended Version).</literal>
      </binding>
      <binding name="year">
        <literal datatype="http://www.w3.org/2001/XMLSchema#integer">2013</literal>
      </binding>
    </result>
    <result>
      <binding name="title">
        <literal>View-based query answering in Description Logics: Semantics and complexity.</literal>
      </binding>
      <binding name="year">
        <literal datatype="http://www.w3.org/2001/XMLSchema#integer">2012</literal>
      </binding>
    </result>
    <result>
      <binding name="title">
        <literal>Description Logic Knowledge and Action Bases.</literal>
      </binding>
      <binding name="year">
        <literal datatype="http://www.w3.org/2001/XMLSchema#integer">2013</literal>
      </binding>
    </result>
    <result>
      <binding name="title">
        <literal>The DL-Lite Family and Relations.</literal>
      </binding>
      <binding name="year">
        <literal datatype="http://www.w3.org/2001/XMLSchema#integer">2014</literal>
      </binding>
    </result>
    <result>
      <binding name="title">
        <literal>Verification of Generalized Inconsistency-Aware Knowledge and Action Bases (Extended Version).</literal>
      </binding>
      <binding name="year">
        <literal datatype="http://www.w3.org/2001/XMLSchema#integer">2015</literal>
      </binding>
    </result>
    <result>
      <binding name="title">
        <literal>View Synthesis from Schema Mappings</literal>
      </binding>
      <binding name="year">
        <literal datatype="http://www.w3.org/2001/XMLSchema#integer">2010</literal>
      </binding>
    </result>
    <result>
      <binding name="title">
        <literal>OCL-Lite: Finite reasoning on UML/OCL conceptual schemas.</literal>
      </binding>
      <binding name="year">
        <literal datatype="http://www.w3.org/2001/XMLSchema#integer">2012</literal>
      </binding>
    </result>
    <result>
      <binding name="title">
        <literal>Preface.</literal>
      </binding>
      <binding name="year">
        <literal datatype="http://www.w3.org/2001/XMLSchema#integer">2013</literal>
      </binding>
    </result>
    <result>
      <binding name="title">
        <literal>Semantics and Analysis of DMN Decision Tables.</literal>
      </binding>
      <binding name="year">
        <literal datatype="http://www.w3.org/2001/XMLSchema#integer">2016</literal>
      </binding>
    </result>
    <result>
      <binding name="title">
        <literal>Tractability and Intractability of Controlled Languages for Data Access.</literal>
      </binding>
      <binding name="year">
        <literal datatype="http://www.w3.org/2001/XMLSchema#integer">2012</literal>
      </binding>
    </result>
    <result>
      <binding name="title">
        <literal>Special issue of the Journal of Web Semantics on ontology-based data access.</literal>
      </binding>
      <binding name="year">
        <literal datatype="http://www.w3.org/2001/XMLSchema#integer">2015</literal>
      </binding>
    </result>
  </results>
</sparql>
2017-05-12 16:25:32 INFO  [main] (MorphRunner.scala:79) - Treatment completed, exiting.
