To override log4j configuration add JVM option: -Dlog4j.configuration=file:/home/.../your_log4j.properties
Loading log4j configuration: jar:file:/Users/xiao/src/morph-xr2rml/morph-xr2rml-dist/target/morph-xr2rml-dist-1.0-SNAPSHOT-jar-with-dependencies.jar!/xr2rml-log4j.properties
2017-05-12 16:52:31 INFO  [main] (MorphRunner.scala:57) - properties Directory = /Users/xiao/Development/obda-mongo/ontop-mongo/src/test/resources/dblp/morph
2017-05-12 16:52:31 INFO  [main] (MorphRunner.scala:58) - properties File      = output/q11.rq.properties
Reading configuration file : /Users/xiao/Development/obda-mongo/ontop-mongo/src/test/resources/dblp/morph/output/q11.rq.properties
2017-05-12 16:52:31 INFO  [main] (MorphProperties.scala:118) - Server active = false
2017-05-12 16:52:31 INFO  [main] (MorphProperties.scala:121) - Server port number = 8080
2017-05-12 16:52:31 INFO  [main] (MorphProperties.scala:124) - Output file = result.txt
2017-05-12 16:52:31 INFO  [main] (MorphProperties.scala:144) - Output RDF syntax = TURTLE
2017-05-12 16:52:31 INFO  [main] (MorphProperties.scala:153) - Output SPARQL result syntax = TURTLE
2017-05-12 16:52:31 INFO  [main] (MorphProperties.scala:156) - Display result on std output = true
2017-05-12 16:52:31 INFO  [main] (MorphProperties.scala:159) - Jena mode = memory
2017-05-12 16:52:31 INFO  [main] (MorphProperties.scala:162) - SPARQL Query Optimization = true
2017-05-12 16:52:31 INFO  [main] (MorphProperties.scala:165) - Optimization - Self join elimination = true
2017-05-12 16:52:31 INFO  [main] (MorphProperties.scala:168) - Optimization - Self union elimination = true
2017-05-12 16:52:31 INFO  [main] (MorphProperties.scala:171) - Optimization - Propagate conditions from a joined query = true
2017-05-12 16:52:31 INFO  [main] (MorphProperties.scala:174) - Optimization - Reorder STG = true
2017-05-12 16:52:31 INFO  [main] (MorphProperties.scala:177) - Optimization - Subquery elimination = true
2017-05-12 16:52:31 INFO  [main] (MorphProperties.scala:180) - Optimization - Trans join subquery elimination = true
2017-05-12 16:52:31 INFO  [main] (MorphProperties.scala:183) - Optimization - Trans stg subquery elimination = true
2017-05-12 16:52:31 INFO  [main] (MorphProperties.scala:186) - Optimization - Subquery as view = false
2017-05-12 16:52:31 INFO  [main] (MorphProperties.scala:189) - Cache the result of student.queries for join evaluation (non Relational DBs) = false
2017-05-12 16:52:31 INFO  [main] (MorphProperties.scala:196) - RunnerFactory = fr.unice.i3s.morph.xr2rml.mongo.engine.MorphMongoRunnerFactory
2017-05-12 16:52:31 INFO  [main] (MorphProperties.scala:199) - Remove Strange Chars From Literal Column = true
2017-05-12 16:52:31 INFO  [main] (MorphProperties.scala:202) - URL-encode reserved chars IRI tempalte string = true
2017-05-12 16:52:31 INFO  [main] (MorphProperties.scala:205) - URL-encode reserved chars in database values = true
2017-05-12 16:52:31 INFO  [main] (MorphProperties.scala:208) - String transformation = None
2017-05-12 16:52:31 INFO  [main] (R2RMLMappingDocument.scala:225) - Parsing mapping document /Users/xiao/Development/obda-mongo/ontop-mongo/src/test/resources/dblp/morph/dblp-mapping-publications.ttl
2017-05-12 16:52:32 INFO  [main] (MorphBaseRunner.scala:59) - ****************************************************************************************************************
2017-05-12 16:52:32 INFO  [main] (MorphBaseRunner.scala:60) - Running query translation. Content-type: null
2017-05-12 16:52:32 INFO  [main] (SparqlUtility.scala:224) - Request Accept: null. Negotiated: (application/sparql-results+xml,XML)
2017-05-12 16:52:32 INFO  [main] (SparqlQueryRewriter.scala:97) - SPARQL graph pattern:
(distinct
  (project (?x ?y ?title ?year ?venue)
    (join
      (bgp
        (triple ?x <http://www.w3.org/1999/02/22-rdf-syntax-ns#type> <http://dblp.l3s.de/d2r/Author>)
        (triple ?x <http://xmlns.com/foaf/0.1/name> "Moshe Y. Vardi")
        (triple ?y <http://www.w3.org/1999/02/22-rdf-syntax-ns#type> <http://dblp.l3s.de/d2r/Author>)
        (triple ?y <http://xmlns.com/foaf/0.1/name> "Phokion G. Kolaitis")
        (triple ?publ <http://www.w3.org/1999/02/22-rdf-syntax-ns#type> <http://dblp.l3s.de/d2r/Publication>)
        (triple ?publ <http://purl.org/dc/elements/1.1/creator> ?x)
        (triple ?publ <http://purl.org/dc/elements/1.1/creator> ?y)
        (triple ?publ <http://purl.org/dc/elements/1.1/title> ?title)
        (triple ?publ <http://purl.org/dc/terms/issued> ?year)
      )
      (union
        (bgp (triple ?publ <http://dblp.l3s.de/d2r/appearsIn> ?venue))
        (bgp
          (triple ?publ <http://purl.org/dc/terms/partOf> ?proceedings)
          (triple ?proceedings <http://purl.org/dc/elements/1.1/title> ?venue)
        )))))

2017-05-12 16:52:32 INFO  [main] (MorphMongoQueryTranslator.scala:84) - Triple pattern bindings computation time = 114ms.
2017-05-12 16:52:32 INFO  [main] (MorphMongoQueryTranslator.scala:85) - Triple pattern bindings:
   Binding(?publ @rdf:type http://dblp.l3s.de/d2r/Publication -> Article_Publication)
   Binding(?y @rdf:type http://dblp.l3s.de/d2r/Author -> Author_Author)
   Binding(?publ @http://purl.org/dc/terms/issued ?year -> Article_issued)
   Binding(?publ @dc:creator ?y -> Journal_creator)
   Binding(?publ @http://purl.org/dc/terms/partOf ?proceedings -> 
      Proceedings,
      inproceedings_partOf,
      Book,
      collections_partOf)
   Binding(?publ @dc:creator ?x -> Journal_creator)
   Binding(?publ @dc:title ?title -> Article_title)
   Binding(?y @http://xmlns.com/foaf/0.1/name "Phokion G. Kolaitis" -> Author_name)
   Binding(?x @rdf:type http://dblp.l3s.de/d2r/Author -> Author_Author)
   Binding(?publ @http://dblp.l3s.de/d2r/appearsIn ?venue -> Article_appearsIn)
   Binding(?x @http://xmlns.com/foaf/0.1/name "Moshe Y. Vardi" -> Author_name)
   Binding(?proceedings @dc:title ?venue -> 
      collections_title,
      inproceedings_title,
      Book_title,
      Article_title,
      proceedings_title)
2017-05-12 16:52:32 WARN  [main] (MorphMongoQueryTranslator.scala:219) - SPARQL DISTINCT ignored in query translation.
2017-05-12 16:52:32 INFO  [main] (MorphMongoQueryTranslator.scala:113) - 
-------------------------------------------------------------------------
------------------ Abstract query BEFORE optimization: ------------------
[{ Binding(?x @rdf:type http://dblp.l3s.de/d2r/Author -> Author_Author)
  from   : db.publications.find({}), Iterator: Some($.authors.*)
  project: Set(_id AS ?x)
  where  : Set(NotNull(_id)) }
] INNER JOIN [
[{ Binding(?x @http://xmlns.com/foaf/0.1/name "Moshe Y. Vardi" -> Author_name)
  from   : db.publications.find({}), Iterator: Some($.authors.*)
  project: Set(_id AS ?x)
  where  : Set(NotNull(_id), Equals($.name, Moshe Y. Vardi)) }
] INNER JOIN [
[{ Binding(?y @rdf:type http://dblp.l3s.de/d2r/Author -> Author_Author)
  from   : db.publications.find({}), Iterator: Some($.authors.*)
  project: Set(_id AS ?y)
  where  : Set(NotNull(_id)) }
] INNER JOIN [
[{ Binding(?y @http://xmlns.com/foaf/0.1/name "Phokion G. Kolaitis" -> Author_name)
  from   : db.publications.find({}), Iterator: Some($.authors.*)
  project: Set(_id AS ?y)
  where  : Set(NotNull(_id), Equals($.name, Phokion G. Kolaitis)) }
] INNER JOIN [
[{ Binding(?publ @rdf:type http://dblp.l3s.de/d2r/Publication -> Article_Publication)
  from   : db.publications.find({'type' : 'article'}), Iterator: Some($)
  project: Set(_id AS ?publ)
  where  : Set(NotNull(_id)) }
] INNER JOIN [
[{ Binding(?publ @dc:creator ?x -> Journal_creator)
  from   : db.publications.find({'type' : 'article'}), Iterator: Some($)
  project: Set(_id AS ?publ, authors[*]._id AS ?x)
  where  : Set(NotNull(_id), NotNull(authors[*]._id)) }
] INNER JOIN [
[{ Binding(?publ @dc:creator ?y -> Journal_creator)
  from   : db.publications.find({'type' : 'article'}), Iterator: Some($)
  project: Set(_id AS ?publ, authors[*]._id AS ?y)
  where  : Set(NotNull(_id), NotNull(authors[*]._id)) }
] INNER JOIN [
[{ Binding(?publ @dc:title ?title -> Article_title)
  from   : db.publications.find({'type' : 'article'}), Iterator: Some($)
  project: Set(_id AS ?publ, $.title AS ?title)
  where  : Set(NotNull(_id), NotNull($.title)) }
] INNER JOIN [
[{ Binding(?publ @http://purl.org/dc/terms/issued ?year -> Article_issued)
  from   : db.publications.find({'type' : 'article'}), Iterator: Some($)
  project: Set(_id AS ?publ, $.year AS ?year)
  where  : Set(NotNull(_id), NotNull($.year)) }
] INNER JOIN [
[{ Binding(?publ @http://dblp.l3s.de/d2r/appearsIn ?venue -> Article_appearsIn)
  from   : db.publications.find({'type' : 'article'}), Iterator: Some($)
  project: Set(_id AS ?publ, $.in AS ?venue)
  where  : Set(NotNull(_id), NotNull($.in)) }
] UNION [
[[{ Binding(?publ @http://purl.org/dc/terms/partOf ?proceedings -> Proceedings)
  from   : db.publications.find({'type' : 'inproceedings'}), Iterator: Some($)
  project: Set($.proceedings AS ?publ, http://dblp.l3s.de/d2r/Proceedings AS ?proceedings)
  where  : Set(NotNull($.proceedings)) }
] UNION [
{ Binding(?publ @http://purl.org/dc/terms/partOf ?proceedings -> inproceedings_partOf)
  from   : db.publications.find({'type' : 'inproceedings'}), Iterator: Some($)
  project: Set(_id AS ?publ, $.proceedings AS ?proceedings)
  where  : Set(NotNull(_id), NotNull($.proceedings)) }
] UNION [
{ Binding(?publ @http://purl.org/dc/terms/partOf ?proceedings -> Book)
  from   : db.publications.find({'type' : 'incollection'}), Iterator: Some($)
  project: Set($.proceedings AS ?publ, http://dblp.l3s.de/d2r/Book AS ?proceedings)
  where  : Set(NotNull($.proceedings)) }
] UNION [
{ Binding(?publ @http://purl.org/dc/terms/partOf ?proceedings -> collections_partOf)
  from   : db.publications.find({'type' : 'incollection'}), Iterator: Some($)
  project: Set(_id AS ?publ, $.proceedings AS ?proceedings)
  where  : Set(NotNull(_id), NotNull($.proceedings)) }
]
] INNER JOIN [
[{ Binding(?proceedings @dc:title ?venue -> proceedings_title)
  from   : db.publications.find({'type' : 'inproceedings'}), Iterator: Some($)
  project: Set($.proceedings AS ?proceedings, $.booktitle AS ?venue)
  where  : Set(NotNull($.proceedings), NotNull($.booktitle)) }
] UNION [
{ Binding(?proceedings @dc:title ?venue -> inproceedings_title)
  from   : db.publications.find({'type' : 'inproceedings'}), Iterator: Some($)
  project: Set(_id AS ?proceedings, $.title AS ?venue)
  where  : Set(NotNull(_id), NotNull($.title)) }
] UNION [
{ Binding(?proceedings @dc:title ?venue -> Book_title)
  from   : db.publications.find({'type' : 'incollection'}), Iterator: Some($)
  project: Set($.proceedings AS ?proceedings, $.booktitle AS ?venue)
  where  : Set(NotNull($.proceedings), NotNull($.booktitle)) }
] UNION [
{ Binding(?proceedings @dc:title ?venue -> collections_title)
  from   : db.publications.find({'type' : 'incollection'}), Iterator: Some($)
  project: Set(_id AS ?proceedings, $.title AS ?venue)
  where  : Set(NotNull(_id), NotNull($.title)) }
] UNION [
{ Binding(?proceedings @dc:title ?venue -> Article_title)
  from   : db.publications.find({'type' : 'article'}), Iterator: Some($)
  project: Set(_id AS ?proceedings, $.title AS ?venue)
  where  : Set(NotNull(_id), NotNull($.title)) }
]
] ON Set(?proceedings)
]
] ON Set(?publ)
] ON Set(?publ)
] ON Set(?publ)
] ON Set(?publ)
] ON Set(?publ)
] ON Set(?y)
] ON Set(?y)
] ON Set(?x)
] ON Set(?x)
2017-05-12 16:52:32 INFO  [main] (MorphMongoQueryTranslator.scala:115) - 
------------------ Abstract query AFTER optimization: -------------------
[{ Binding(?x @rdf:type http://dblp.l3s.de/d2r/Author -> Author_Author)
  from   : db.publications.find({}), Iterator: Some($.authors.*)
  project: Set(_id AS ?x)
  where  : Set(NotNull(_id)) }
] INNER JOIN [
[{ Binding(?x @http://xmlns.com/foaf/0.1/name "Moshe Y. Vardi" -> Author_name)
  from   : db.publications.find({}), Iterator: Some($.authors.*)
  project: Set(_id AS ?x)
  where  : Set(NotNull(_id), Equals($.name, Moshe Y. Vardi)) }
] INNER JOIN [
[{ Binding(?y @rdf:type http://dblp.l3s.de/d2r/Author -> Author_Author)
  from   : db.publications.find({}), Iterator: Some($.authors.*)
  project: Set(_id AS ?y)
  where  : Set(NotNull(_id)) }
] INNER JOIN [
[{ Binding(?y @http://xmlns.com/foaf/0.1/name "Phokion G. Kolaitis" -> Author_name)
  from   : db.publications.find({}), Iterator: Some($.authors.*)
  project: Set(_id AS ?y)
  where  : Set(NotNull(_id), Equals($.name, Phokion G. Kolaitis)) }
] INNER JOIN [
[{ Binding(?publ @rdf:type http://dblp.l3s.de/d2r/Publication -> Article_Publication)
  from   : db.publications.find({'type' : 'article'}), Iterator: Some($)
  project: Set(_id AS ?publ)
  where  : Set(NotNull(_id)) }
] INNER JOIN [
[{ Binding(?publ @dc:creator ?x -> Journal_creator)
  from   : db.publications.find({'type' : 'article'}), Iterator: Some($)
  project: Set(_id AS ?publ, authors[*]._id AS ?x)
  where  : Set(NotNull(_id), NotNull(authors[*]._id)) }
] INNER JOIN [
[{ Binding(?publ @dc:creator ?y -> Journal_creator)
  from   : db.publications.find({'type' : 'article'}), Iterator: Some($)
  project: Set(_id AS ?publ, authors[*]._id AS ?y)
  where  : Set(NotNull(_id), NotNull(authors[*]._id)) }
] INNER JOIN [
[{ Binding(?publ @dc:title ?title -> Article_title)
  from   : db.publications.find({'type' : 'article'}), Iterator: Some($)
  project: Set(_id AS ?publ, $.title AS ?title)
  where  : Set(NotNull(_id), NotNull($.title)) }
] INNER JOIN [
[{ Binding(?publ @http://purl.org/dc/terms/issued ?year -> Article_issued)
  from   : db.publications.find({'type' : 'article'}), Iterator: Some($)
  project: Set(_id AS ?publ, $.year AS ?year)
  where  : Set(NotNull(_id), NotNull($.year)) }
] INNER JOIN [
[{ Binding(?publ @http://dblp.l3s.de/d2r/appearsIn ?venue -> Article_appearsIn)
  from   : db.publications.find({'type' : 'article'}), Iterator: Some($)
  project: Set(_id AS ?publ, $.in AS ?venue)
  where  : Set(NotNull(_id), NotNull($.in)) }
] UNION [
[[{ Binding(?publ @http://purl.org/dc/terms/partOf ?proceedings -> 
      Proceedings,
      inproceedings_partOf)
  from   : db.publications.find({'type' : 'inproceedings'}), Iterator: Some($)
  project: Set($.proceedings AS ?publ, http://dblp.l3s.de/d2r/Proceedings AS ?proceedings, _id AS ?publ, $.proceedings AS ?proceedings)
  where  : Set(Or(NotNull($.proceedings), And(NotNull(_id), NotNull($.proceedings)))) }
] UNION [
{ Binding(?publ @http://purl.org/dc/terms/partOf ?proceedings -> 
      Book,
      collections_partOf)
  from   : db.publications.find({'type' : 'incollection'}), Iterator: Some($)
  project: Set($.proceedings AS ?publ, http://dblp.l3s.de/d2r/Book AS ?proceedings, _id AS ?publ, $.proceedings AS ?proceedings)
  where  : Set(Or(NotNull($.proceedings), And(NotNull(_id), NotNull($.proceedings)))) }
]
] INNER JOIN [
[{ Binding(?proceedings @dc:title ?venue -> 
      proceedings_title,
      inproceedings_title)
  from   : db.publications.find({'type' : 'inproceedings'}), Iterator: Some($)
  project: Set($.proceedings AS ?proceedings, $.booktitle AS ?venue, _id AS ?proceedings, $.title AS ?venue)
  where  : Set(Or(And(NotNull($.proceedings), NotNull($.booktitle)), And(NotNull(_id), NotNull($.title)))) }
] UNION [
{ Binding(?proceedings @dc:title ?venue -> 
      Book_title,
      collections_title)
  from   : db.publications.find({'type' : 'incollection'}), Iterator: Some($)
  project: Set($.proceedings AS ?proceedings, $.booktitle AS ?venue, _id AS ?proceedings, $.title AS ?venue)
  where  : Set(Or(And(NotNull($.proceedings), NotNull($.booktitle)), And(NotNull(_id), NotNull($.title)))) }
] UNION [
{ Binding(?proceedings @dc:title ?venue -> Article_title)
  from   : db.publications.find({'type' : 'article'}), Iterator: Some($)
  project: Set(_id AS ?proceedings, $.title AS ?venue)
  where  : Set(NotNull(_id), NotNull($.title)) }
]
] ON Set(?proceedings)
]
] ON Set(?publ)
] ON Set(?publ)
] ON Set(?publ)
] ON Set(?publ)
] ON Set(?publ)
] ON Set(?y)
] ON Set(?y)
] ON Set(?x)
] ON Set(?x)
-------------------------------------------------------------------------
2017-05-12 16:52:32 WARN  [main] (JsonPathToMongoTranslator.scala:464) - JSONPath expression [_id] did not match any rule. It is ignored.
2017-05-12 16:52:32 WARN  [main] (JsonPathToMongoTranslator.scala:464) - JSONPath expression [_id] did not match any rule. It is ignored.
2017-05-12 16:52:32 WARN  [main] (JsonPathToMongoTranslator.scala:464) - JSONPath expression [_id] did not match any rule. It is ignored.
2017-05-12 16:52:32 WARN  [main] (JsonPathToMongoTranslator.scala:464) - JSONPath expression [_id] did not match any rule. It is ignored.
2017-05-12 16:52:32 WARN  [main] (JsonPathToMongoTranslator.scala:464) - JSONPath expression [_id] did not match any rule. It is ignored.
2017-05-12 16:52:32 WARN  [main] (JsonPathToMongoTranslator.scala:464) - JSONPath expression [_id] did not match any rule. It is ignored.
2017-05-12 16:52:32 WARN  [main] (JsonPathToMongoTranslator.scala:464) - JSONPath expression [authors[*]._id] did not match any rule. It is ignored.
2017-05-12 16:52:32 WARN  [main] (JsonPathToMongoTranslator.scala:464) - JSONPath expression [_id] did not match any rule. It is ignored.
2017-05-12 16:52:32 WARN  [main] (JsonPathToMongoTranslator.scala:464) - JSONPath expression [authors[*]._id] did not match any rule. It is ignored.
2017-05-12 16:52:32 WARN  [main] (JsonPathToMongoTranslator.scala:464) - JSONPath expression [_id] did not match any rule. It is ignored.
2017-05-12 16:52:32 WARN  [main] (JsonPathToMongoTranslator.scala:464) - JSONPath expression [_id] did not match any rule. It is ignored.
2017-05-12 16:52:32 WARN  [main] (JsonPathToMongoTranslator.scala:464) - JSONPath expression [_id] did not match any rule. It is ignored.
2017-05-12 16:52:32 WARN  [main] (JsonPathToMongoTranslator.scala:464) - JSONPath expression [_id] did not match any rule. It is ignored.
2017-05-12 16:52:32 WARN  [main] (JsonPathToMongoTranslator.scala:464) - JSONPath expression [_id] did not match any rule. It is ignored.
2017-05-12 16:52:32 WARN  [main] (JsonPathToMongoTranslator.scala:464) - JSONPath expression [_id] did not match any rule. It is ignored.
2017-05-12 16:52:32 WARN  [main] (JsonPathToMongoTranslator.scala:464) - JSONPath expression [_id] did not match any rule. It is ignored.
2017-05-12 16:52:32 WARN  [main] (JsonPathToMongoTranslator.scala:464) - JSONPath expression [_id] did not match any rule. It is ignored.
2017-05-12 16:52:32 INFO  [main] (MorphBaseQueryTranslator.scala:107) - Query translation time (including bindings) = 269ms.
2017-05-12 16:52:32 INFO  [main] (MorphBaseRunner.scala:90) - SPARQL Query = 
PREFIX  :     <http://dblp.l3s.de/d2r/>
PREFIX  xsd:  <http://www.w3.org/2001/XMLSchema#>
PREFIX  dcterms: <http://purl.org/dc/terms/>
PREFIX  foaf: <http://xmlns.com/foaf/0.1/>
PREFIX  dc:   <http://purl.org/dc/elements/1.1/>

SELECT DISTINCT  ?x ?y ?title ?year ?venue
WHERE
  { ?x <http://www.w3.org/1999/02/22-rdf-syntax-ns#type> :Author .
    ?x foaf:name "Moshe Y. Vardi" .
    ?y <http://www.w3.org/1999/02/22-rdf-syntax-ns#type> :Author .
    ?y foaf:name "Phokion G. Kolaitis" .
    ?publ <http://www.w3.org/1999/02/22-rdf-syntax-ns#type> :Publication .
    ?publ dc:creator ?x .
    ?publ dc:creator ?y .
    ?publ dc:title ?title .
    ?publ dcterms:issued ?year
    {   { ?publ :appearsIn ?venue}
      UNION
        { ?publ dcterms:partOf ?proceedings .
          ?proceedings dc:title ?venue
        }
    }
  }

2017-05-12 16:52:32 INFO  [main] (MorphBaseRunner.scala:91) - ------------------ Abstract Query ------------------ = 
[{ Binding(?x @rdf:type http://dblp.l3s.de/d2r/Author -> Author_Author)
  from   : db.publications.find({}), Iterator: Some($.authors.*)
  project: Set(_id AS ?x)
  where  : Set(NotNull(_id)) }
] INNER JOIN [
[{ Binding(?x @http://xmlns.com/foaf/0.1/name "Moshe Y. Vardi" -> Author_name)
  from   : db.publications.find({}), Iterator: Some($.authors.*)
  project: Set(_id AS ?x)
  where  : Set(NotNull(_id), Equals($.name, Moshe Y. Vardi)) }
] INNER JOIN [
[{ Binding(?y @rdf:type http://dblp.l3s.de/d2r/Author -> Author_Author)
  from   : db.publications.find({}), Iterator: Some($.authors.*)
  project: Set(_id AS ?y)
  where  : Set(NotNull(_id)) }
] INNER JOIN [
[{ Binding(?y @http://xmlns.com/foaf/0.1/name "Phokion G. Kolaitis" -> Author_name)
  from   : db.publications.find({}), Iterator: Some($.authors.*)
  project: Set(_id AS ?y)
  where  : Set(NotNull(_id), Equals($.name, Phokion G. Kolaitis)) }
] INNER JOIN [
[{ Binding(?publ @rdf:type http://dblp.l3s.de/d2r/Publication -> Article_Publication)
  from   : db.publications.find({'type' : 'article'}), Iterator: Some($)
  project: Set(_id AS ?publ)
  where  : Set(NotNull(_id)) }
] INNER JOIN [
[{ Binding(?publ @dc:creator ?x -> Journal_creator)
  from   : db.publications.find({'type' : 'article'}), Iterator: Some($)
  project: Set(_id AS ?publ, authors[*]._id AS ?x)
  where  : Set(NotNull(_id), NotNull(authors[*]._id)) }
] INNER JOIN [
[{ Binding(?publ @dc:creator ?y -> Journal_creator)
  from   : db.publications.find({'type' : 'article'}), Iterator: Some($)
  project: Set(_id AS ?publ, authors[*]._id AS ?y)
  where  : Set(NotNull(_id), NotNull(authors[*]._id)) }
] INNER JOIN [
[{ Binding(?publ @dc:title ?title -> Article_title)
  from   : db.publications.find({'type' : 'article'}), Iterator: Some($)
  project: Set(_id AS ?publ, $.title AS ?title)
  where  : Set(NotNull(_id), NotNull($.title)) }
] INNER JOIN [
[{ Binding(?publ @http://purl.org/dc/terms/issued ?year -> Article_issued)
  from   : db.publications.find({'type' : 'article'}), Iterator: Some($)
  project: Set(_id AS ?publ, $.year AS ?year)
  where  : Set(NotNull(_id), NotNull($.year)) }
] INNER JOIN [
[{ Binding(?publ @http://dblp.l3s.de/d2r/appearsIn ?venue -> Article_appearsIn)
  from   : db.publications.find({'type' : 'article'}), Iterator: Some($)
  project: Set(_id AS ?publ, $.in AS ?venue)
  where  : Set(NotNull(_id), NotNull($.in)) }
] UNION [
[[{ Binding(?publ @http://purl.org/dc/terms/partOf ?proceedings -> 
      Proceedings,
      inproceedings_partOf)
  from   : db.publications.find({'type' : 'inproceedings'}), Iterator: Some($)
  project: Set($.proceedings AS ?publ, http://dblp.l3s.de/d2r/Proceedings AS ?proceedings, _id AS ?publ, $.proceedings AS ?proceedings)
  where  : Set(Or(NotNull($.proceedings), And(NotNull(_id), NotNull($.proceedings)))) }
] UNION [
{ Binding(?publ @http://purl.org/dc/terms/partOf ?proceedings -> 
      Book,
      collections_partOf)
  from   : db.publications.find({'type' : 'incollection'}), Iterator: Some($)
  project: Set($.proceedings AS ?publ, http://dblp.l3s.de/d2r/Book AS ?proceedings, _id AS ?publ, $.proceedings AS ?proceedings)
  where  : Set(Or(NotNull($.proceedings), And(NotNull(_id), NotNull($.proceedings)))) }
]
] INNER JOIN [
[{ Binding(?proceedings @dc:title ?venue -> 
      proceedings_title,
      inproceedings_title)
  from   : db.publications.find({'type' : 'inproceedings'}), Iterator: Some($)
  project: Set($.proceedings AS ?proceedings, $.booktitle AS ?venue, _id AS ?proceedings, $.title AS ?venue)
  where  : Set(Or(And(NotNull($.proceedings), NotNull($.booktitle)), And(NotNull(_id), NotNull($.title)))) }
] UNION [
{ Binding(?proceedings @dc:title ?venue -> 
      Book_title,
      collections_title)
  from   : db.publications.find({'type' : 'incollection'}), Iterator: Some($)
  project: Set($.proceedings AS ?proceedings, $.booktitle AS ?venue, _id AS ?proceedings, $.title AS ?venue)
  where  : Set(Or(And(NotNull($.proceedings), NotNull($.booktitle)), And(NotNull(_id), NotNull($.title)))) }
] UNION [
{ Binding(?proceedings @dc:title ?venue -> Article_title)
  from   : db.publications.find({'type' : 'article'}), Iterator: Some($)
  project: Set(_id AS ?proceedings, $.title AS ?venue)
  where  : Set(NotNull(_id), NotNull($.title)) }
]
] ON Set(?proceedings)
]
] ON Set(?publ)
] ON Set(?publ)
] ON Set(?publ)
] ON Set(?publ)
] ON Set(?publ)
] ON Set(?y)
] ON Set(?y)
] ON Set(?x)
] ON Set(?x)
2017-05-12 16:52:32 INFO  [main] (MorphBaseRunner.scala:92) - ------------------ Concrete Query ------------------ = 
[{ Binding(?x @rdf:type http://dblp.l3s.de/d2r/Author -> Author_Author)
 MongoDBQuery[Collection: publications. Query: {}. Projection: {}] }
] INNER JOIN [
[{ Binding(?x @http://xmlns.com/foaf/0.1/name "Moshe Y. Vardi" -> Author_name)
 MongoDBQuery[Collection: publications. Query: {'authors': {$elemMatch: {'name': {$eq: 'Moshe Y. Vardi'}}}}. Projection: {}] }
] INNER JOIN [
[{ Binding(?y @rdf:type http://dblp.l3s.de/d2r/Author -> Author_Author)
 MongoDBQuery[Collection: publications. Query: {}. Projection: {}] }
] INNER JOIN [
[{ Binding(?y @http://xmlns.com/foaf/0.1/name "Phokion G. Kolaitis" -> Author_name)
 MongoDBQuery[Collection: publications. Query: {'authors': {$elemMatch: {'name': {$eq: 'Phokion G. Kolaitis'}}}}. Projection: {}] }
] INNER JOIN [
[{ Binding(?publ @rdf:type http://dblp.l3s.de/d2r/Publication -> Article_Publication)
 MongoDBQuery[Collection: publications. Query: {'type':'article', }. Projection: {}] }
] INNER JOIN [
[{ Binding(?publ @dc:creator ?x -> Journal_creator)
 MongoDBQuery[Collection: publications. Query: {'type':'article', }. Projection: {}] }
] INNER JOIN [
[{ Binding(?publ @dc:creator ?y -> Journal_creator)
 MongoDBQuery[Collection: publications. Query: {'type':'article', }. Projection: {}] }
] INNER JOIN [
[{ Binding(?publ @dc:title ?title -> Article_title)
 MongoDBQuery[Collection: publications. Query: {'type':'article', 'title': {$exists: true, $ne: null}}. Projection: {}] }
] INNER JOIN [
[{ Binding(?publ @http://purl.org/dc/terms/issued ?year -> Article_issued)
 MongoDBQuery[Collection: publications. Query: {'type':'article', 'year': {$exists: true, $ne: null}}. Projection: {}] }
] INNER JOIN [
[{ Binding(?publ @http://dblp.l3s.de/d2r/appearsIn ?venue -> Article_appearsIn)
 MongoDBQuery[Collection: publications. Query: {'type':'article', 'in': {$exists: true, $ne: null}}. Projection: {}] }
] UNION [
[[{ Binding(?publ @http://purl.org/dc/terms/partOf ?proceedings -> 
      Proceedings,
      inproceedings_partOf)
 MongoDBQuery[Collection: publications. Query: {'type':'inproceedings', $or: [{'proceedings': {$exists: true, $ne: null}}, {'proceedings': {$exists: true, $ne: null}}]}. Projection: {}] }
] UNION [
{ Binding(?publ @http://purl.org/dc/terms/partOf ?proceedings -> 
      Book,
      collections_partOf)
 MongoDBQuery[Collection: publications. Query: {'type':'incollection', $or: [{'proceedings': {$exists: true, $ne: null}}, {'proceedings': {$exists: true, $ne: null}}]}. Projection: {}] }
]
] INNER JOIN [
[{ Binding(?proceedings @dc:title ?venue -> 
      proceedings_title,
      inproceedings_title)
 MongoDBQuery[Collection: publications. Query: {'type':'inproceedings', $or: [{$and: [{'proceedings': {$exists: true, $ne: null}}, {'booktitle': {$exists: true, $ne: null}}]}, {'title': {$exists: true, $ne: null}}]}. Projection: {}] }
] UNION [
{ Binding(?proceedings @dc:title ?venue -> 
      Book_title,
      collections_title)
 MongoDBQuery[Collection: publications. Query: {'type':'incollection', $or: [{$and: [{'proceedings': {$exists: true, $ne: null}}, {'booktitle': {$exists: true, $ne: null}}]}, {'title': {$exists: true, $ne: null}}]}. Projection: {}] }
] UNION [
{ Binding(?proceedings @dc:title ?venue -> Article_title)
 MongoDBQuery[Collection: publications. Query: {'type':'article', 'title': {$exists: true, $ne: null}}. Projection: {}] }
]
] ON Set(?proceedings)
]
] ON Set(?publ)
] ON Set(?publ)
] ON Set(?publ)
] ON Set(?publ)
] ON Set(?publ)
] ON Set(?y)
] ON Set(?y)
] ON Set(?x)
] ON Set(?x)
2017-05-12 16:52:32 INFO  [main] (AbstractQueryInnerJoin.scala:223) - ===============================================================================
2017-05-12 16:52:32 INFO  [main] (AbstractQueryInnerJoin.scala:224) - Generating RDF triples from the inner join query:
[{ Binding(?x @rdf:type http://dblp.l3s.de/d2r/Author -> Author_Author)
 MongoDBQuery[Collection: publications. Query: {}. Projection: {}] }
] INNER JOIN [
[{ Binding(?x @http://xmlns.com/foaf/0.1/name "Moshe Y. Vardi" -> Author_name)
 MongoDBQuery[Collection: publications. Query: {'authors': {$elemMatch: {'name': {$eq: 'Moshe Y. Vardi'}}}}. Projection: {}] }
] INNER JOIN [
[{ Binding(?y @rdf:type http://dblp.l3s.de/d2r/Author -> Author_Author)
 MongoDBQuery[Collection: publications. Query: {}. Projection: {}] }
] INNER JOIN [
[{ Binding(?y @http://xmlns.com/foaf/0.1/name "Phokion G. Kolaitis" -> Author_name)
 MongoDBQuery[Collection: publications. Query: {'authors': {$elemMatch: {'name': {$eq: 'Phokion G. Kolaitis'}}}}. Projection: {}] }
] INNER JOIN [
[{ Binding(?publ @rdf:type http://dblp.l3s.de/d2r/Publication -> Article_Publication)
 MongoDBQuery[Collection: publications. Query: {'type':'article', }. Projection: {}] }
] INNER JOIN [
[{ Binding(?publ @dc:creator ?x -> Journal_creator)
 MongoDBQuery[Collection: publications. Query: {'type':'article', }. Projection: {}] }
] INNER JOIN [
[{ Binding(?publ @dc:creator ?y -> Journal_creator)
 MongoDBQuery[Collection: publications. Query: {'type':'article', }. Projection: {}] }
] INNER JOIN [
[{ Binding(?publ @dc:title ?title -> Article_title)
 MongoDBQuery[Collection: publications. Query: {'type':'article', 'title': {$exists: true, $ne: null}}. Projection: {}] }
] INNER JOIN [
[{ Binding(?publ @http://purl.org/dc/terms/issued ?year -> Article_issued)
 MongoDBQuery[Collection: publications. Query: {'type':'article', 'year': {$exists: true, $ne: null}}. Projection: {}] }
] INNER JOIN [
[{ Binding(?publ @http://dblp.l3s.de/d2r/appearsIn ?venue -> Article_appearsIn)
 MongoDBQuery[Collection: publications. Query: {'type':'article', 'in': {$exists: true, $ne: null}}. Projection: {}] }
] UNION [
[[{ Binding(?publ @http://purl.org/dc/terms/partOf ?proceedings -> 
      Proceedings,
      inproceedings_partOf)
 MongoDBQuery[Collection: publications. Query: {'type':'inproceedings', $or: [{'proceedings': {$exists: true, $ne: null}}, {'proceedings': {$exists: true, $ne: null}}]}. Projection: {}] }
] UNION [
{ Binding(?publ @http://purl.org/dc/terms/partOf ?proceedings -> 
      Book,
      collections_partOf)
 MongoDBQuery[Collection: publications. Query: {'type':'incollection', $or: [{'proceedings': {$exists: true, $ne: null}}, {'proceedings': {$exists: true, $ne: null}}]}. Projection: {}] }
]
] INNER JOIN [
[{ Binding(?proceedings @dc:title ?venue -> 
      proceedings_title,
      inproceedings_title)
 MongoDBQuery[Collection: publications. Query: {'type':'inproceedings', $or: [{$and: [{'proceedings': {$exists: true, $ne: null}}, {'booktitle': {$exists: true, $ne: null}}]}, {'title': {$exists: true, $ne: null}}]}. Projection: {}] }
] UNION [
{ Binding(?proceedings @dc:title ?venue -> 
      Book_title,
      collections_title)
 MongoDBQuery[Collection: publications. Query: {'type':'incollection', $or: [{$and: [{'proceedings': {$exists: true, $ne: null}}, {'booktitle': {$exists: true, $ne: null}}]}, {'title': {$exists: true, $ne: null}}]}. Projection: {}] }
] UNION [
{ Binding(?proceedings @dc:title ?venue -> Article_title)
 MongoDBQuery[Collection: publications. Query: {'type':'article', 'title': {$exists: true, $ne: null}}. Projection: {}] }
]
] ON Set(?proceedings)
]
] ON Set(?publ)
] ON Set(?publ)
] ON Set(?publ)
] ON Set(?publ)
] ON Set(?publ)
] ON Set(?y)
] ON Set(?y)
] ON Set(?x)
] ON Set(?x)
2017-05-12 16:52:32 INFO  [main] (MorphMongoDataSourceReader.scala:84) - Executing query: MongoDBQuery[Collection: publications. Query: {}. Projection: {}] with limit None
2017-05-12 16:52:33 INFO  [main] (MorphMongoDataSourceReader.scala:113) - Query returned 1059 result(s), 3264 result(s) after applying the iterator, in: 652 ms.
2017-05-12 16:52:34 INFO  [main] (AbstractQueryAtomicMongo.scala:476) - Atomic query generated 3264 RDF triples for binding
 Binding(?x @rdf:type http://dblp.l3s.de/d2r/Author -> Author_Author)
2017-05-12 16:52:34 INFO  [main] (AbstractQueryAtomicMongo.scala:483) - Atomic query generated 3264 RDF triples for all binding in 666 ms.
2017-05-12 16:52:34 INFO  [main] (AbstractQueryInnerJoin.scala:223) - ===============================================================================
2017-05-12 16:52:34 INFO  [main] (AbstractQueryInnerJoin.scala:224) - Generating RDF triples from the inner join query:
[{ Binding(?x @http://xmlns.com/foaf/0.1/name "Moshe Y. Vardi" -> Author_name)
 MongoDBQuery[Collection: publications. Query: {'authors': {$elemMatch: {'name': {$eq: 'Moshe Y. Vardi'}}}}. Projection: {}] }
] INNER JOIN [
[{ Binding(?y @rdf:type http://dblp.l3s.de/d2r/Author -> Author_Author)
 MongoDBQuery[Collection: publications. Query: {}. Projection: {}] }
] INNER JOIN [
[{ Binding(?y @http://xmlns.com/foaf/0.1/name "Phokion G. Kolaitis" -> Author_name)
 MongoDBQuery[Collection: publications. Query: {'authors': {$elemMatch: {'name': {$eq: 'Phokion G. Kolaitis'}}}}. Projection: {}] }
] INNER JOIN [
[{ Binding(?publ @rdf:type http://dblp.l3s.de/d2r/Publication -> Article_Publication)
 MongoDBQuery[Collection: publications. Query: {'type':'article', }. Projection: {}] }
] INNER JOIN [
[{ Binding(?publ @dc:creator ?x -> Journal_creator)
 MongoDBQuery[Collection: publications. Query: {'type':'article', }. Projection: {}] }
] INNER JOIN [
[{ Binding(?publ @dc:creator ?y -> Journal_creator)
 MongoDBQuery[Collection: publications. Query: {'type':'article', }. Projection: {}] }
] INNER JOIN [
[{ Binding(?publ @dc:title ?title -> Article_title)
 MongoDBQuery[Collection: publications. Query: {'type':'article', 'title': {$exists: true, $ne: null}}. Projection: {}] }
] INNER JOIN [
[{ Binding(?publ @http://purl.org/dc/terms/issued ?year -> Article_issued)
 MongoDBQuery[Collection: publications. Query: {'type':'article', 'year': {$exists: true, $ne: null}}. Projection: {}] }
] INNER JOIN [
[{ Binding(?publ @http://dblp.l3s.de/d2r/appearsIn ?venue -> Article_appearsIn)
 MongoDBQuery[Collection: publications. Query: {'type':'article', 'in': {$exists: true, $ne: null}}. Projection: {}] }
] UNION [
[[{ Binding(?publ @http://purl.org/dc/terms/partOf ?proceedings -> 
      Proceedings,
      inproceedings_partOf)
 MongoDBQuery[Collection: publications. Query: {'type':'inproceedings', $or: [{'proceedings': {$exists: true, $ne: null}}, {'proceedings': {$exists: true, $ne: null}}]}. Projection: {}] }
] UNION [
{ Binding(?publ @http://purl.org/dc/terms/partOf ?proceedings -> 
      Book,
      collections_partOf)
 MongoDBQuery[Collection: publications. Query: {'type':'incollection', $or: [{'proceedings': {$exists: true, $ne: null}}, {'proceedings': {$exists: true, $ne: null}}]}. Projection: {}] }
]
] INNER JOIN [
[{ Binding(?proceedings @dc:title ?venue -> 
      proceedings_title,
      inproceedings_title)
 MongoDBQuery[Collection: publications. Query: {'type':'inproceedings', $or: [{$and: [{'proceedings': {$exists: true, $ne: null}}, {'booktitle': {$exists: true, $ne: null}}]}, {'title': {$exists: true, $ne: null}}]}. Projection: {}] }
] UNION [
{ Binding(?proceedings @dc:title ?venue -> 
      Book_title,
      collections_title)
 MongoDBQuery[Collection: publications. Query: {'type':'incollection', $or: [{$and: [{'proceedings': {$exists: true, $ne: null}}, {'booktitle': {$exists: true, $ne: null}}]}, {'title': {$exists: true, $ne: null}}]}. Projection: {}] }
] UNION [
{ Binding(?proceedings @dc:title ?venue -> Article_title)
 MongoDBQuery[Collection: publications. Query: {'type':'article', 'title': {$exists: true, $ne: null}}. Projection: {}] }
]
] ON Set(?proceedings)
]
] ON Set(?publ)
] ON Set(?publ)
] ON Set(?publ)
] ON Set(?publ)
] ON Set(?publ)
] ON Set(?y)
] ON Set(?y)
] ON Set(?x)
2017-05-12 16:52:34 INFO  [main] (MorphMongoDataSourceReader.scala:84) - Executing query: MongoDBQuery[Collection: publications. Query: {'authors': {$elemMatch: {'name': {$eq: 'Moshe Y. Vardi'}}}}. Projection: {}] with limit None
2017-05-12 16:52:34 INFO  [main] (MorphMongoDataSourceReader.scala:113) - Query returned 552 result(s), 1467 result(s) after applying the iterator, in: 101 ms.
2017-05-12 16:52:34 INFO  [main] (AbstractQueryAtomicMongo.scala:476) - Atomic query generated 1467 RDF triples for binding
 Binding(?x @http://xmlns.com/foaf/0.1/name "Moshe Y. Vardi" -> Author_name)
2017-05-12 16:52:34 INFO  [main] (AbstractQueryAtomicMongo.scala:483) - Atomic query generated 1467 RDF triples for all binding in 218 ms.
2017-05-12 16:52:34 INFO  [main] (AbstractQueryInnerJoin.scala:223) - ===============================================================================
2017-05-12 16:52:34 INFO  [main] (AbstractQueryInnerJoin.scala:224) - Generating RDF triples from the inner join query:
[{ Binding(?y @rdf:type http://dblp.l3s.de/d2r/Author -> Author_Author)
 MongoDBQuery[Collection: publications. Query: {}. Projection: {}] }
] INNER JOIN [
[{ Binding(?y @http://xmlns.com/foaf/0.1/name "Phokion G. Kolaitis" -> Author_name)
 MongoDBQuery[Collection: publications. Query: {'authors': {$elemMatch: {'name': {$eq: 'Phokion G. Kolaitis'}}}}. Projection: {}] }
] INNER JOIN [
[{ Binding(?publ @rdf:type http://dblp.l3s.de/d2r/Publication -> Article_Publication)
 MongoDBQuery[Collection: publications. Query: {'type':'article', }. Projection: {}] }
] INNER JOIN [
[{ Binding(?publ @dc:creator ?x -> Journal_creator)
 MongoDBQuery[Collection: publications. Query: {'type':'article', }. Projection: {}] }
] INNER JOIN [
[{ Binding(?publ @dc:creator ?y -> Journal_creator)
 MongoDBQuery[Collection: publications. Query: {'type':'article', }. Projection: {}] }
] INNER JOIN [
[{ Binding(?publ @dc:title ?title -> Article_title)
 MongoDBQuery[Collection: publications. Query: {'type':'article', 'title': {$exists: true, $ne: null}}. Projection: {}] }
] INNER JOIN [
[{ Binding(?publ @http://purl.org/dc/terms/issued ?year -> Article_issued)
 MongoDBQuery[Collection: publications. Query: {'type':'article', 'year': {$exists: true, $ne: null}}. Projection: {}] }
] INNER JOIN [
[{ Binding(?publ @http://dblp.l3s.de/d2r/appearsIn ?venue -> Article_appearsIn)
 MongoDBQuery[Collection: publications. Query: {'type':'article', 'in': {$exists: true, $ne: null}}. Projection: {}] }
] UNION [
[[{ Binding(?publ @http://purl.org/dc/terms/partOf ?proceedings -> 
      Proceedings,
      inproceedings_partOf)
 MongoDBQuery[Collection: publications. Query: {'type':'inproceedings', $or: [{'proceedings': {$exists: true, $ne: null}}, {'proceedings': {$exists: true, $ne: null}}]}. Projection: {}] }
] UNION [
{ Binding(?publ @http://purl.org/dc/terms/partOf ?proceedings -> 
      Book,
      collections_partOf)
 MongoDBQuery[Collection: publications. Query: {'type':'incollection', $or: [{'proceedings': {$exists: true, $ne: null}}, {'proceedings': {$exists: true, $ne: null}}]}. Projection: {}] }
]
] INNER JOIN [
[{ Binding(?proceedings @dc:title ?venue -> 
      proceedings_title,
      inproceedings_title)
 MongoDBQuery[Collection: publications. Query: {'type':'inproceedings', $or: [{$and: [{'proceedings': {$exists: true, $ne: null}}, {'booktitle': {$exists: true, $ne: null}}]}, {'title': {$exists: true, $ne: null}}]}. Projection: {}] }
] UNION [
{ Binding(?proceedings @dc:title ?venue -> 
      Book_title,
      collections_title)
 MongoDBQuery[Collection: publications. Query: {'type':'incollection', $or: [{$and: [{'proceedings': {$exists: true, $ne: null}}, {'booktitle': {$exists: true, $ne: null}}]}, {'title': {$exists: true, $ne: null}}]}. Projection: {}] }
] UNION [
{ Binding(?proceedings @dc:title ?venue -> Article_title)
 MongoDBQuery[Collection: publications. Query: {'type':'article', 'title': {$exists: true, $ne: null}}. Projection: {}] }
]
] ON Set(?proceedings)
]
] ON Set(?publ)
] ON Set(?publ)
] ON Set(?publ)
] ON Set(?publ)
] ON Set(?publ)
] ON Set(?y)
] ON Set(?y)
2017-05-12 16:52:34 INFO  [main] (MorphMongoDataSourceReader.scala:84) - Executing query: MongoDBQuery[Collection: publications. Query: {}. Projection: {}] with limit None
2017-05-12 16:52:34 INFO  [main] (MorphMongoDataSourceReader.scala:113) - Query returned 1059 result(s), 3264 result(s) after applying the iterator, in: 112 ms.
2017-05-12 16:52:35 INFO  [main] (AbstractQueryAtomicMongo.scala:476) - Atomic query generated 3264 RDF triples for binding
 Binding(?y @rdf:type http://dblp.l3s.de/d2r/Author -> Author_Author)
2017-05-12 16:52:35 INFO  [main] (AbstractQueryAtomicMongo.scala:483) - Atomic query generated 3264 RDF triples for all binding in 435 ms.
2017-05-12 16:52:35 INFO  [main] (AbstractQueryInnerJoin.scala:223) - ===============================================================================
2017-05-12 16:52:35 INFO  [main] (AbstractQueryInnerJoin.scala:224) - Generating RDF triples from the inner join query:
[{ Binding(?y @http://xmlns.com/foaf/0.1/name "Phokion G. Kolaitis" -> Author_name)
 MongoDBQuery[Collection: publications. Query: {'authors': {$elemMatch: {'name': {$eq: 'Phokion G. Kolaitis'}}}}. Projection: {}] }
] INNER JOIN [
[{ Binding(?publ @rdf:type http://dblp.l3s.de/d2r/Publication -> Article_Publication)
 MongoDBQuery[Collection: publications. Query: {'type':'article', }. Projection: {}] }
] INNER JOIN [
[{ Binding(?publ @dc:creator ?x -> Journal_creator)
 MongoDBQuery[Collection: publications. Query: {'type':'article', }. Projection: {}] }
] INNER JOIN [
[{ Binding(?publ @dc:creator ?y -> Journal_creator)
 MongoDBQuery[Collection: publications. Query: {'type':'article', }. Projection: {}] }
] INNER JOIN [
[{ Binding(?publ @dc:title ?title -> Article_title)
 MongoDBQuery[Collection: publications. Query: {'type':'article', 'title': {$exists: true, $ne: null}}. Projection: {}] }
] INNER JOIN [
[{ Binding(?publ @http://purl.org/dc/terms/issued ?year -> Article_issued)
 MongoDBQuery[Collection: publications. Query: {'type':'article', 'year': {$exists: true, $ne: null}}. Projection: {}] }
] INNER JOIN [
[{ Binding(?publ @http://dblp.l3s.de/d2r/appearsIn ?venue -> Article_appearsIn)
 MongoDBQuery[Collection: publications. Query: {'type':'article', 'in': {$exists: true, $ne: null}}. Projection: {}] }
] UNION [
[[{ Binding(?publ @http://purl.org/dc/terms/partOf ?proceedings -> 
      Proceedings,
      inproceedings_partOf)
 MongoDBQuery[Collection: publications. Query: {'type':'inproceedings', $or: [{'proceedings': {$exists: true, $ne: null}}, {'proceedings': {$exists: true, $ne: null}}]}. Projection: {}] }
] UNION [
{ Binding(?publ @http://purl.org/dc/terms/partOf ?proceedings -> 
      Book,
      collections_partOf)
 MongoDBQuery[Collection: publications. Query: {'type':'incollection', $or: [{'proceedings': {$exists: true, $ne: null}}, {'proceedings': {$exists: true, $ne: null}}]}. Projection: {}] }
]
] INNER JOIN [
[{ Binding(?proceedings @dc:title ?venue -> 
      proceedings_title,
      inproceedings_title)
 MongoDBQuery[Collection: publications. Query: {'type':'inproceedings', $or: [{$and: [{'proceedings': {$exists: true, $ne: null}}, {'booktitle': {$exists: true, $ne: null}}]}, {'title': {$exists: true, $ne: null}}]}. Projection: {}] }
] UNION [
{ Binding(?proceedings @dc:title ?venue -> 
      Book_title,
      collections_title)
 MongoDBQuery[Collection: publications. Query: {'type':'incollection', $or: [{$and: [{'proceedings': {$exists: true, $ne: null}}, {'booktitle': {$exists: true, $ne: null}}]}, {'title': {$exists: true, $ne: null}}]}. Projection: {}] }
] UNION [
{ Binding(?proceedings @dc:title ?venue -> Article_title)
 MongoDBQuery[Collection: publications. Query: {'type':'article', 'title': {$exists: true, $ne: null}}. Projection: {}] }
]
] ON Set(?proceedings)
]
] ON Set(?publ)
] ON Set(?publ)
] ON Set(?publ)
] ON Set(?publ)
] ON Set(?publ)
] ON Set(?y)
2017-05-12 16:52:35 INFO  [main] (MorphMongoDataSourceReader.scala:84) - Executing query: MongoDBQuery[Collection: publications. Query: {'authors': {$elemMatch: {'name': {$eq: 'Phokion G. Kolaitis'}}}}. Projection: {}] with limit None
2017-05-12 16:52:35 INFO  [main] (MorphMongoDataSourceReader.scala:113) - Query returned 167 result(s), 443 result(s) after applying the iterator, in: 44 ms.
2017-05-12 16:52:35 INFO  [main] (AbstractQueryAtomicMongo.scala:476) - Atomic query generated 443 RDF triples for binding
 Binding(?y @http://xmlns.com/foaf/0.1/name "Phokion G. Kolaitis" -> Author_name)
2017-05-12 16:52:35 INFO  [main] (AbstractQueryAtomicMongo.scala:483) - Atomic query generated 443 RDF triples for all binding in 106 ms.
2017-05-12 16:52:35 INFO  [main] (AbstractQueryInnerJoin.scala:223) - ===============================================================================
2017-05-12 16:52:35 INFO  [main] (AbstractQueryInnerJoin.scala:224) - Generating RDF triples from the inner join query:
[{ Binding(?publ @rdf:type http://dblp.l3s.de/d2r/Publication -> Article_Publication)
 MongoDBQuery[Collection: publications. Query: {'type':'article', }. Projection: {}] }
] INNER JOIN [
[{ Binding(?publ @dc:creator ?x -> Journal_creator)
 MongoDBQuery[Collection: publications. Query: {'type':'article', }. Projection: {}] }
] INNER JOIN [
[{ Binding(?publ @dc:creator ?y -> Journal_creator)
 MongoDBQuery[Collection: publications. Query: {'type':'article', }. Projection: {}] }
] INNER JOIN [
[{ Binding(?publ @dc:title ?title -> Article_title)
 MongoDBQuery[Collection: publications. Query: {'type':'article', 'title': {$exists: true, $ne: null}}. Projection: {}] }
] INNER JOIN [
[{ Binding(?publ @http://purl.org/dc/terms/issued ?year -> Article_issued)
 MongoDBQuery[Collection: publications. Query: {'type':'article', 'year': {$exists: true, $ne: null}}. Projection: {}] }
] INNER JOIN [
[{ Binding(?publ @http://dblp.l3s.de/d2r/appearsIn ?venue -> Article_appearsIn)
 MongoDBQuery[Collection: publications. Query: {'type':'article', 'in': {$exists: true, $ne: null}}. Projection: {}] }
] UNION [
[[{ Binding(?publ @http://purl.org/dc/terms/partOf ?proceedings -> 
      Proceedings,
      inproceedings_partOf)
 MongoDBQuery[Collection: publications. Query: {'type':'inproceedings', $or: [{'proceedings': {$exists: true, $ne: null}}, {'proceedings': {$exists: true, $ne: null}}]}. Projection: {}] }
] UNION [
{ Binding(?publ @http://purl.org/dc/terms/partOf ?proceedings -> 
      Book,
      collections_partOf)
 MongoDBQuery[Collection: publications. Query: {'type':'incollection', $or: [{'proceedings': {$exists: true, $ne: null}}, {'proceedings': {$exists: true, $ne: null}}]}. Projection: {}] }
]
] INNER JOIN [
[{ Binding(?proceedings @dc:title ?venue -> 
      proceedings_title,
      inproceedings_title)
 MongoDBQuery[Collection: publications. Query: {'type':'inproceedings', $or: [{$and: [{'proceedings': {$exists: true, $ne: null}}, {'booktitle': {$exists: true, $ne: null}}]}, {'title': {$exists: true, $ne: null}}]}. Projection: {}] }
] UNION [
{ Binding(?proceedings @dc:title ?venue -> 
      Book_title,
      collections_title)
 MongoDBQuery[Collection: publications. Query: {'type':'incollection', $or: [{$and: [{'proceedings': {$exists: true, $ne: null}}, {'booktitle': {$exists: true, $ne: null}}]}, {'title': {$exists: true, $ne: null}}]}. Projection: {}] }
] UNION [
{ Binding(?proceedings @dc:title ?venue -> Article_title)
 MongoDBQuery[Collection: publications. Query: {'type':'article', 'title': {$exists: true, $ne: null}}. Projection: {}] }
]
] ON Set(?proceedings)
]
] ON Set(?publ)
] ON Set(?publ)
] ON Set(?publ)
] ON Set(?publ)
] ON Set(?publ)
2017-05-12 16:52:35 INFO  [main] (MorphMongoDataSourceReader.scala:84) - Executing query: MongoDBQuery[Collection: publications. Query: {'type':'article', }. Projection: {}] with limit None
2017-05-12 16:52:35 INFO  [main] (MorphMongoDataSourceReader.scala:113) - Query returned 359 result(s), 359 result(s) after applying the iterator, in: 75 ms.
2017-05-12 16:52:35 INFO  [main] (AbstractQueryAtomicMongo.scala:476) - Atomic query generated 359 RDF triples for binding
 Binding(?publ @rdf:type http://dblp.l3s.de/d2r/Publication -> Article_Publication)
2017-05-12 16:52:35 INFO  [main] (AbstractQueryAtomicMongo.scala:483) - Atomic query generated 359 RDF triples for all binding in 47 ms.
2017-05-12 16:52:35 INFO  [main] (AbstractQueryInnerJoin.scala:223) - ===============================================================================
2017-05-12 16:52:35 INFO  [main] (AbstractQueryInnerJoin.scala:224) - Generating RDF triples from the inner join query:
[{ Binding(?publ @dc:creator ?x -> Journal_creator)
 MongoDBQuery[Collection: publications. Query: {'type':'article', }. Projection: {}] }
] INNER JOIN [
[{ Binding(?publ @dc:creator ?y -> Journal_creator)
 MongoDBQuery[Collection: publications. Query: {'type':'article', }. Projection: {}] }
] INNER JOIN [
[{ Binding(?publ @dc:title ?title -> Article_title)
 MongoDBQuery[Collection: publications. Query: {'type':'article', 'title': {$exists: true, $ne: null}}. Projection: {}] }
] INNER JOIN [
[{ Binding(?publ @http://purl.org/dc/terms/issued ?year -> Article_issued)
 MongoDBQuery[Collection: publications. Query: {'type':'article', 'year': {$exists: true, $ne: null}}. Projection: {}] }
] INNER JOIN [
[{ Binding(?publ @http://dblp.l3s.de/d2r/appearsIn ?venue -> Article_appearsIn)
 MongoDBQuery[Collection: publications. Query: {'type':'article', 'in': {$exists: true, $ne: null}}. Projection: {}] }
] UNION [
[[{ Binding(?publ @http://purl.org/dc/terms/partOf ?proceedings -> 
      Proceedings,
      inproceedings_partOf)
 MongoDBQuery[Collection: publications. Query: {'type':'inproceedings', $or: [{'proceedings': {$exists: true, $ne: null}}, {'proceedings': {$exists: true, $ne: null}}]}. Projection: {}] }
] UNION [
{ Binding(?publ @http://purl.org/dc/terms/partOf ?proceedings -> 
      Book,
      collections_partOf)
 MongoDBQuery[Collection: publications. Query: {'type':'incollection', $or: [{'proceedings': {$exists: true, $ne: null}}, {'proceedings': {$exists: true, $ne: null}}]}. Projection: {}] }
]
] INNER JOIN [
[{ Binding(?proceedings @dc:title ?venue -> 
      proceedings_title,
      inproceedings_title)
 MongoDBQuery[Collection: publications. Query: {'type':'inproceedings', $or: [{$and: [{'proceedings': {$exists: true, $ne: null}}, {'booktitle': {$exists: true, $ne: null}}]}, {'title': {$exists: true, $ne: null}}]}. Projection: {}] }
] UNION [
{ Binding(?proceedings @dc:title ?venue -> 
      Book_title,
      collections_title)
 MongoDBQuery[Collection: publications. Query: {'type':'incollection', $or: [{$and: [{'proceedings': {$exists: true, $ne: null}}, {'booktitle': {$exists: true, $ne: null}}]}, {'title': {$exists: true, $ne: null}}]}. Projection: {}] }
] UNION [
{ Binding(?proceedings @dc:title ?venue -> Article_title)
 MongoDBQuery[Collection: publications. Query: {'type':'article', 'title': {$exists: true, $ne: null}}. Projection: {}] }
]
] ON Set(?proceedings)
]
] ON Set(?publ)
] ON Set(?publ)
] ON Set(?publ)
] ON Set(?publ)
2017-05-12 16:52:35 INFO  [main] (MorphMongoDataSourceReader.scala:84) - Executing query: MongoDBQuery[Collection: publications. Query: {'type':'article', }. Projection: {}] with limit None
2017-05-12 16:52:35 INFO  [main] (MorphMongoDataSourceReader.scala:113) - Query returned 359 result(s), 359 result(s) after applying the iterator, in: 95 ms.
2017-05-12 16:52:35 INFO  [main] (AbstractQueryAtomicMongo.scala:476) - Atomic query generated 1032 RDF triples for binding
 Binding(?publ @dc:creator ?x -> Journal_creator)
2017-05-12 16:52:35 INFO  [main] (AbstractQueryAtomicMongo.scala:483) - Atomic query generated 1032 RDF triples for all binding in 110 ms.
2017-05-12 16:52:35 INFO  [main] (AbstractQueryInnerJoin.scala:223) - ===============================================================================
2017-05-12 16:52:35 INFO  [main] (AbstractQueryInnerJoin.scala:224) - Generating RDF triples from the inner join query:
[{ Binding(?publ @dc:creator ?y -> Journal_creator)
 MongoDBQuery[Collection: publications. Query: {'type':'article', }. Projection: {}] }
] INNER JOIN [
[{ Binding(?publ @dc:title ?title -> Article_title)
 MongoDBQuery[Collection: publications. Query: {'type':'article', 'title': {$exists: true, $ne: null}}. Projection: {}] }
] INNER JOIN [
[{ Binding(?publ @http://purl.org/dc/terms/issued ?year -> Article_issued)
 MongoDBQuery[Collection: publications. Query: {'type':'article', 'year': {$exists: true, $ne: null}}. Projection: {}] }
] INNER JOIN [
[{ Binding(?publ @http://dblp.l3s.de/d2r/appearsIn ?venue -> Article_appearsIn)
 MongoDBQuery[Collection: publications. Query: {'type':'article', 'in': {$exists: true, $ne: null}}. Projection: {}] }
] UNION [
[[{ Binding(?publ @http://purl.org/dc/terms/partOf ?proceedings -> 
      Proceedings,
      inproceedings_partOf)
 MongoDBQuery[Collection: publications. Query: {'type':'inproceedings', $or: [{'proceedings': {$exists: true, $ne: null}}, {'proceedings': {$exists: true, $ne: null}}]}. Projection: {}] }
] UNION [
{ Binding(?publ @http://purl.org/dc/terms/partOf ?proceedings -> 
      Book,
      collections_partOf)
 MongoDBQuery[Collection: publications. Query: {'type':'incollection', $or: [{'proceedings': {$exists: true, $ne: null}}, {'proceedings': {$exists: true, $ne: null}}]}. Projection: {}] }
]
] INNER JOIN [
[{ Binding(?proceedings @dc:title ?venue -> 
      proceedings_title,
      inproceedings_title)
 MongoDBQuery[Collection: publications. Query: {'type':'inproceedings', $or: [{$and: [{'proceedings': {$exists: true, $ne: null}}, {'booktitle': {$exists: true, $ne: null}}]}, {'title': {$exists: true, $ne: null}}]}. Projection: {}] }
] UNION [
{ Binding(?proceedings @dc:title ?venue -> 
      Book_title,
      collections_title)
 MongoDBQuery[Collection: publications. Query: {'type':'incollection', $or: [{$and: [{'proceedings': {$exists: true, $ne: null}}, {'booktitle': {$exists: true, $ne: null}}]}, {'title': {$exists: true, $ne: null}}]}. Projection: {}] }
] UNION [
{ Binding(?proceedings @dc:title ?venue -> Article_title)
 MongoDBQuery[Collection: publications. Query: {'type':'article', 'title': {$exists: true, $ne: null}}. Projection: {}] }
]
] ON Set(?proceedings)
]
] ON Set(?publ)
] ON Set(?publ)
] ON Set(?publ)
2017-05-12 16:52:35 INFO  [main] (MorphMongoDataSourceReader.scala:84) - Executing query: MongoDBQuery[Collection: publications. Query: {'type':'article', }. Projection: {}] with limit None
2017-05-12 16:52:35 INFO  [main] (MorphMongoDataSourceReader.scala:113) - Query returned 359 result(s), 359 result(s) after applying the iterator, in: 37 ms.
2017-05-12 16:52:35 INFO  [main] (AbstractQueryAtomicMongo.scala:476) - Atomic query generated 1032 RDF triples for binding
 Binding(?publ @dc:creator ?y -> Journal_creator)
2017-05-12 16:52:35 INFO  [main] (AbstractQueryAtomicMongo.scala:483) - Atomic query generated 1032 RDF triples for all binding in 98 ms.
2017-05-12 16:52:35 INFO  [main] (AbstractQueryInnerJoin.scala:223) - ===============================================================================
2017-05-12 16:52:35 INFO  [main] (AbstractQueryInnerJoin.scala:224) - Generating RDF triples from the inner join query:
[{ Binding(?publ @dc:title ?title -> Article_title)
 MongoDBQuery[Collection: publications. Query: {'type':'article', 'title': {$exists: true, $ne: null}}. Projection: {}] }
] INNER JOIN [
[{ Binding(?publ @http://purl.org/dc/terms/issued ?year -> Article_issued)
 MongoDBQuery[Collection: publications. Query: {'type':'article', 'year': {$exists: true, $ne: null}}. Projection: {}] }
] INNER JOIN [
[{ Binding(?publ @http://dblp.l3s.de/d2r/appearsIn ?venue -> Article_appearsIn)
 MongoDBQuery[Collection: publications. Query: {'type':'article', 'in': {$exists: true, $ne: null}}. Projection: {}] }
] UNION [
[[{ Binding(?publ @http://purl.org/dc/terms/partOf ?proceedings -> 
      Proceedings,
      inproceedings_partOf)
 MongoDBQuery[Collection: publications. Query: {'type':'inproceedings', $or: [{'proceedings': {$exists: true, $ne: null}}, {'proceedings': {$exists: true, $ne: null}}]}. Projection: {}] }
] UNION [
{ Binding(?publ @http://purl.org/dc/terms/partOf ?proceedings -> 
      Book,
      collections_partOf)
 MongoDBQuery[Collection: publications. Query: {'type':'incollection', $or: [{'proceedings': {$exists: true, $ne: null}}, {'proceedings': {$exists: true, $ne: null}}]}. Projection: {}] }
]
] INNER JOIN [
[{ Binding(?proceedings @dc:title ?venue -> 
      proceedings_title,
      inproceedings_title)
 MongoDBQuery[Collection: publications. Query: {'type':'inproceedings', $or: [{$and: [{'proceedings': {$exists: true, $ne: null}}, {'booktitle': {$exists: true, $ne: null}}]}, {'title': {$exists: true, $ne: null}}]}. Projection: {}] }
] UNION [
{ Binding(?proceedings @dc:title ?venue -> 
      Book_title,
      collections_title)
 MongoDBQuery[Collection: publications. Query: {'type':'incollection', $or: [{$and: [{'proceedings': {$exists: true, $ne: null}}, {'booktitle': {$exists: true, $ne: null}}]}, {'title': {$exists: true, $ne: null}}]}. Projection: {}] }
] UNION [
{ Binding(?proceedings @dc:title ?venue -> Article_title)
 MongoDBQuery[Collection: publications. Query: {'type':'article', 'title': {$exists: true, $ne: null}}. Projection: {}] }
]
] ON Set(?proceedings)
]
] ON Set(?publ)
] ON Set(?publ)
2017-05-12 16:52:35 INFO  [main] (MorphMongoDataSourceReader.scala:84) - Executing query: MongoDBQuery[Collection: publications. Query: {'type':'article', 'title': {$exists: true, $ne: null}}. Projection: {}] with limit None
2017-05-12 16:52:35 INFO  [main] (MorphMongoDataSourceReader.scala:113) - Query returned 359 result(s), 359 result(s) after applying the iterator, in: 34 ms.
2017-05-12 16:52:35 INFO  [main] (AbstractQueryAtomicMongo.scala:476) - Atomic query generated 359 RDF triples for binding
 Binding(?publ @dc:title ?title -> Article_title)
2017-05-12 16:52:35 INFO  [main] (AbstractQueryAtomicMongo.scala:483) - Atomic query generated 359 RDF triples for all binding in 39 ms.
2017-05-12 16:52:35 INFO  [main] (AbstractQueryInnerJoin.scala:223) - ===============================================================================
2017-05-12 16:52:35 INFO  [main] (AbstractQueryInnerJoin.scala:224) - Generating RDF triples from the inner join query:
[{ Binding(?publ @http://purl.org/dc/terms/issued ?year -> Article_issued)
 MongoDBQuery[Collection: publications. Query: {'type':'article', 'year': {$exists: true, $ne: null}}. Projection: {}] }
] INNER JOIN [
[{ Binding(?publ @http://dblp.l3s.de/d2r/appearsIn ?venue -> Article_appearsIn)
 MongoDBQuery[Collection: publications. Query: {'type':'article', 'in': {$exists: true, $ne: null}}. Projection: {}] }
] UNION [
[[{ Binding(?publ @http://purl.org/dc/terms/partOf ?proceedings -> 
      Proceedings,
      inproceedings_partOf)
 MongoDBQuery[Collection: publications. Query: {'type':'inproceedings', $or: [{'proceedings': {$exists: true, $ne: null}}, {'proceedings': {$exists: true, $ne: null}}]}. Projection: {}] }
] UNION [
{ Binding(?publ @http://purl.org/dc/terms/partOf ?proceedings -> 
      Book,
      collections_partOf)
 MongoDBQuery[Collection: publications. Query: {'type':'incollection', $or: [{'proceedings': {$exists: true, $ne: null}}, {'proceedings': {$exists: true, $ne: null}}]}. Projection: {}] }
]
] INNER JOIN [
[{ Binding(?proceedings @dc:title ?venue -> 
      proceedings_title,
      inproceedings_title)
 MongoDBQuery[Collection: publications. Query: {'type':'inproceedings', $or: [{$and: [{'proceedings': {$exists: true, $ne: null}}, {'booktitle': {$exists: true, $ne: null}}]}, {'title': {$exists: true, $ne: null}}]}. Projection: {}] }
] UNION [
{ Binding(?proceedings @dc:title ?venue -> 
      Book_title,
      collections_title)
 MongoDBQuery[Collection: publications. Query: {'type':'incollection', $or: [{$and: [{'proceedings': {$exists: true, $ne: null}}, {'booktitle': {$exists: true, $ne: null}}]}, {'title': {$exists: true, $ne: null}}]}. Projection: {}] }
] UNION [
{ Binding(?proceedings @dc:title ?venue -> Article_title)
 MongoDBQuery[Collection: publications. Query: {'type':'article', 'title': {$exists: true, $ne: null}}. Projection: {}] }
]
] ON Set(?proceedings)
]
] ON Set(?publ)
2017-05-12 16:52:35 INFO  [main] (MorphMongoDataSourceReader.scala:84) - Executing query: MongoDBQuery[Collection: publications. Query: {'type':'article', 'year': {$exists: true, $ne: null}}. Projection: {}] with limit None
2017-05-12 16:52:35 INFO  [main] (MorphMongoDataSourceReader.scala:113) - Query returned 359 result(s), 359 result(s) after applying the iterator, in: 53 ms.
2017-05-12 16:52:35 INFO  [main] (AbstractQueryAtomicMongo.scala:476) - Atomic query generated 359 RDF triples for binding
 Binding(?publ @http://purl.org/dc/terms/issued ?year -> Article_issued)
2017-05-12 16:52:35 INFO  [main] (AbstractQueryAtomicMongo.scala:483) - Atomic query generated 359 RDF triples for all binding in 40 ms.
2017-05-12 16:52:35 INFO  [main] (AbstractQueryUnion.scala:170) - ===============================================================================
2017-05-12 16:52:35 INFO  [main] (AbstractQueryUnion.scala:171) - Generating RDF triples from union query:
[{ Binding(?publ @http://dblp.l3s.de/d2r/appearsIn ?venue -> Article_appearsIn)
 MongoDBQuery[Collection: publications. Query: {'type':'article', 'in': {$exists: true, $ne: null}}. Projection: {}] }
] UNION [
[[{ Binding(?publ @http://purl.org/dc/terms/partOf ?proceedings -> 
      Proceedings,
      inproceedings_partOf)
 MongoDBQuery[Collection: publications. Query: {'type':'inproceedings', $or: [{'proceedings': {$exists: true, $ne: null}}, {'proceedings': {$exists: true, $ne: null}}]}. Projection: {}] }
] UNION [
{ Binding(?publ @http://purl.org/dc/terms/partOf ?proceedings -> 
      Book,
      collections_partOf)
 MongoDBQuery[Collection: publications. Query: {'type':'incollection', $or: [{'proceedings': {$exists: true, $ne: null}}, {'proceedings': {$exists: true, $ne: null}}]}. Projection: {}] }
]
] INNER JOIN [
[{ Binding(?proceedings @dc:title ?venue -> 
      proceedings_title,
      inproceedings_title)
 MongoDBQuery[Collection: publications. Query: {'type':'inproceedings', $or: [{$and: [{'proceedings': {$exists: true, $ne: null}}, {'booktitle': {$exists: true, $ne: null}}]}, {'title': {$exists: true, $ne: null}}]}. Projection: {}] }
] UNION [
{ Binding(?proceedings @dc:title ?venue -> 
      Book_title,
      collections_title)
 MongoDBQuery[Collection: publications. Query: {'type':'incollection', $or: [{$and: [{'proceedings': {$exists: true, $ne: null}}, {'booktitle': {$exists: true, $ne: null}}]}, {'title': {$exists: true, $ne: null}}]}. Projection: {}] }
] UNION [
{ Binding(?proceedings @dc:title ?venue -> Article_title)
 MongoDBQuery[Collection: publications. Query: {'type':'article', 'title': {$exists: true, $ne: null}}. Projection: {}] }
]
] ON Set(?proceedings)
]
2017-05-12 16:52:35 INFO  [main] (MorphMongoDataSourceReader.scala:84) - Executing query: MongoDBQuery[Collection: publications. Query: {'type':'article', 'in': {$exists: true, $ne: null}}. Projection: {}] with limit None
2017-05-12 16:52:35 INFO  [main] (MorphMongoDataSourceReader.scala:113) - Query returned 359 result(s), 359 result(s) after applying the iterator, in: 36 ms.
2017-05-12 16:52:35 INFO  [main] (AbstractQueryAtomicMongo.scala:476) - Atomic query generated 359 RDF triples for binding
 Binding(?publ @http://dblp.l3s.de/d2r/appearsIn ?venue -> Article_appearsIn)
2017-05-12 16:52:35 INFO  [main] (AbstractQueryAtomicMongo.scala:483) - Atomic query generated 359 RDF triples for all binding in 58 ms.
2017-05-12 16:52:35 INFO  [main] (AbstractQueryInnerJoin.scala:223) - ===============================================================================
2017-05-12 16:52:35 INFO  [main] (AbstractQueryInnerJoin.scala:224) - Generating RDF triples from the inner join query:
[[{ Binding(?publ @http://purl.org/dc/terms/partOf ?proceedings -> 
      Proceedings,
      inproceedings_partOf)
 MongoDBQuery[Collection: publications. Query: {'type':'inproceedings', $or: [{'proceedings': {$exists: true, $ne: null}}, {'proceedings': {$exists: true, $ne: null}}]}. Projection: {}] }
] UNION [
{ Binding(?publ @http://purl.org/dc/terms/partOf ?proceedings -> 
      Book,
      collections_partOf)
 MongoDBQuery[Collection: publications. Query: {'type':'incollection', $or: [{'proceedings': {$exists: true, $ne: null}}, {'proceedings': {$exists: true, $ne: null}}]}. Projection: {}] }
]
] INNER JOIN [
[{ Binding(?proceedings @dc:title ?venue -> 
      proceedings_title,
      inproceedings_title)
 MongoDBQuery[Collection: publications. Query: {'type':'inproceedings', $or: [{$and: [{'proceedings': {$exists: true, $ne: null}}, {'booktitle': {$exists: true, $ne: null}}]}, {'title': {$exists: true, $ne: null}}]}. Projection: {}] }
] UNION [
{ Binding(?proceedings @dc:title ?venue -> 
      Book_title,
      collections_title)
 MongoDBQuery[Collection: publications. Query: {'type':'incollection', $or: [{$and: [{'proceedings': {$exists: true, $ne: null}}, {'booktitle': {$exists: true, $ne: null}}]}, {'title': {$exists: true, $ne: null}}]}. Projection: {}] }
] UNION [
{ Binding(?proceedings @dc:title ?venue -> Article_title)
 MongoDBQuery[Collection: publications. Query: {'type':'article', 'title': {$exists: true, $ne: null}}. Projection: {}] }
]
] ON Set(?proceedings)
2017-05-12 16:52:35 INFO  [main] (AbstractQueryUnion.scala:170) - ===============================================================================
2017-05-12 16:52:35 INFO  [main] (AbstractQueryUnion.scala:171) - Generating RDF triples from union query:
[{ Binding(?publ @http://purl.org/dc/terms/partOf ?proceedings -> 
      Proceedings,
      inproceedings_partOf)
 MongoDBQuery[Collection: publications. Query: {'type':'inproceedings', $or: [{'proceedings': {$exists: true, $ne: null}}, {'proceedings': {$exists: true, $ne: null}}]}. Projection: {}] }
] UNION [
{ Binding(?publ @http://purl.org/dc/terms/partOf ?proceedings -> 
      Book,
      collections_partOf)
 MongoDBQuery[Collection: publications. Query: {'type':'incollection', $or: [{'proceedings': {$exists: true, $ne: null}}, {'proceedings': {$exists: true, $ne: null}}]}. Projection: {}] }
]
2017-05-12 16:52:35 INFO  [main] (MorphMongoDataSourceReader.scala:84) - Executing query: MongoDBQuery[Collection: publications. Query: {'type':'inproceedings', $or: [{'proceedings': {$exists: true, $ne: null}}, {'proceedings': {$exists: true, $ne: null}}]}. Projection: {}] with limit None
2017-05-12 16:52:36 INFO  [main] (MorphMongoDataSourceReader.scala:113) - Query returned 687 result(s), 687 result(s) after applying the iterator, in: 222 ms.
2017-05-12 16:52:36 INFO  [main] (AbstractQueryAtomicMongo.scala:476) - Atomic query generated 687 RDF triples for binding
 Binding(?publ @http://purl.org/dc/terms/partOf ?proceedings -> 
      Proceedings,
      inproceedings_partOf)
2017-05-12 16:52:36 INFO  [main] (AbstractQueryAtomicMongo.scala:476) - Atomic query generated 687 RDF triples for binding
 Binding(?publ @http://purl.org/dc/terms/partOf ?proceedings -> 
      Proceedings,
      inproceedings_partOf)
2017-05-12 16:52:36 INFO  [main] (AbstractQueryAtomicMongo.scala:483) - Atomic query generated 1374 RDF triples for all binding in 211 ms.
2017-05-12 16:52:36 INFO  [main] (MorphMongoDataSourceReader.scala:84) - Executing query: MongoDBQuery[Collection: publications. Query: {'type':'incollection', $or: [{'proceedings': {$exists: true, $ne: null}}, {'proceedings': {$exists: true, $ne: null}}]}. Projection: {}] with limit None
2017-05-12 16:52:36 INFO  [main] (MorphMongoDataSourceReader.scala:113) - Query returned 11 result(s), 11 result(s) after applying the iterator, in: 8 ms.
2017-05-12 16:52:36 INFO  [main] (AbstractQueryAtomicMongo.scala:476) - Atomic query generated 11 RDF triples for binding
 Binding(?publ @http://purl.org/dc/terms/partOf ?proceedings -> 
      Book,
      collections_partOf)
2017-05-12 16:52:36 INFO  [main] (AbstractQueryAtomicMongo.scala:476) - Atomic query generated 11 RDF triples for binding
 Binding(?publ @http://purl.org/dc/terms/partOf ?proceedings -> 
      Book,
      collections_partOf)
2017-05-12 16:52:36 INFO  [main] (AbstractQueryAtomicMongo.scala:483) - Atomic query generated 22 RDF triples for all binding in 5 ms.
2017-05-12 16:52:36 INFO  [main] (AbstractQueryUnion.scala:195) - Union computed 1396 triples, in 450 ms.
2017-05-12 16:52:36 INFO  [main] (AbstractQueryUnion.scala:170) - ===============================================================================
2017-05-12 16:52:36 INFO  [main] (AbstractQueryUnion.scala:171) - Generating RDF triples from union query:
[{ Binding(?proceedings @dc:title ?venue -> 
      proceedings_title,
      inproceedings_title)
 MongoDBQuery[Collection: publications. Query: {'type':'inproceedings', $or: [{$and: [{'proceedings': {$exists: true, $ne: null}}, {'booktitle': {$exists: true, $ne: null}}]}, {'title': {$exists: true, $ne: null}}]}. Projection: {}] }
] UNION [
{ Binding(?proceedings @dc:title ?venue -> 
      Book_title,
      collections_title)
 MongoDBQuery[Collection: publications. Query: {'type':'incollection', $or: [{$and: [{'proceedings': {$exists: true, $ne: null}}, {'booktitle': {$exists: true, $ne: null}}]}, {'title': {$exists: true, $ne: null}}]}. Projection: {}] }
] UNION [
{ Binding(?proceedings @dc:title ?venue -> Article_title)
 MongoDBQuery[Collection: publications. Query: {'type':'article', 'title': {$exists: true, $ne: null}}. Projection: {}] }
]
2017-05-12 16:52:36 INFO  [main] (MorphMongoDataSourceReader.scala:84) - Executing query: MongoDBQuery[Collection: publications. Query: {'type':'inproceedings', $or: [{$and: [{'proceedings': {$exists: true, $ne: null}}, {'booktitle': {$exists: true, $ne: null}}]}, {'title': {$exists: true, $ne: null}}]}. Projection: {}] with limit None
2017-05-12 16:52:36 INFO  [main] (MorphMongoDataSourceReader.scala:113) - Query returned 689 result(s), 689 result(s) after applying the iterator, in: 97 ms.
2017-05-12 16:52:36 INFO  [main] (AbstractQueryAtomicMongo.scala:476) - Atomic query generated 633 RDF triples for binding
 Binding(?proceedings @dc:title ?venue -> 
      proceedings_title,
      inproceedings_title)
2017-05-12 16:52:36 INFO  [main] (AbstractQueryAtomicMongo.scala:476) - Atomic query generated 689 RDF triples for binding
 Binding(?proceedings @dc:title ?venue -> 
      proceedings_title,
      inproceedings_title)
2017-05-12 16:52:36 INFO  [main] (AbstractQueryAtomicMongo.scala:483) - Atomic query generated 1322 RDF triples for all binding in 205 ms.
2017-05-12 16:52:36 INFO  [main] (MorphMongoDataSourceReader.scala:84) - Executing query: MongoDBQuery[Collection: publications. Query: {'type':'incollection', $or: [{$and: [{'proceedings': {$exists: true, $ne: null}}, {'booktitle': {$exists: true, $ne: null}}]}, {'title': {$exists: true, $ne: null}}]}. Projection: {}] with limit None
2017-05-12 16:52:36 INFO  [main] (MorphMongoDataSourceReader.scala:113) - Query returned 11 result(s), 11 result(s) after applying the iterator, in: 8 ms.
2017-05-12 16:52:36 INFO  [main] (AbstractQueryAtomicMongo.scala:476) - Atomic query generated 0 RDF triples for binding
 Binding(?proceedings @dc:title ?venue -> 
      Book_title,
      collections_title)
2017-05-12 16:52:36 INFO  [main] (AbstractQueryAtomicMongo.scala:476) - Atomic query generated 11 RDF triples for binding
 Binding(?proceedings @dc:title ?venue -> 
      Book_title,
      collections_title)
2017-05-12 16:52:36 INFO  [main] (AbstractQueryAtomicMongo.scala:483) - Atomic query generated 11 RDF triples for all binding in 4 ms.
2017-05-12 16:52:36 INFO  [main] (MorphMongoDataSourceReader.scala:84) - Executing query: MongoDBQuery[Collection: publications. Query: {'type':'article', 'title': {$exists: true, $ne: null}}. Projection: {}] with limit None
2017-05-12 16:52:36 INFO  [main] (MorphMongoDataSourceReader.scala:113) - Query returned 359 result(s), 359 result(s) after applying the iterator, in: 61 ms.
2017-05-12 16:52:36 INFO  [main] (AbstractQueryAtomicMongo.scala:476) - Atomic query generated 359 RDF triples for binding
 Binding(?proceedings @dc:title ?venue -> Article_title)
2017-05-12 16:52:36 INFO  [main] (AbstractQueryAtomicMongo.scala:483) - Atomic query generated 359 RDF triples for all binding in 52 ms.
2017-05-12 16:52:36 INFO  [main] (AbstractQueryUnion.scala:195) - Union computed 1692 triples, in 432 ms.
2017-05-12 16:52:36 INFO  [main] (AbstractQueryInnerJoin.scala:257) - Inner join on variable(s) Set(?proceedings)
2017-05-12 16:52:37 INFO  [main] (AbstractQueryInnerJoin.scala:290) - Inner join computed 1085 triples + 0 triples with no shared variable, in 357 ms.
2017-05-12 16:52:37 INFO  [main] (AbstractQueryUnion.scala:195) - Union computed 1444 triples, in 1340 ms.
2017-05-12 16:52:37 INFO  [main] (AbstractQueryInnerJoin.scala:257) - Inner join on variable(s) Set(?publ)
2017-05-12 16:52:37 INFO  [main] (AbstractQueryInnerJoin.scala:290) - Inner join computed 718 triples + 452 triples with no shared variable, in 17 ms.
2017-05-12 16:52:37 INFO  [main] (AbstractQueryInnerJoin.scala:257) - Inner join on variable(s) Set(?publ)
2017-05-12 16:52:37 INFO  [main] (AbstractQueryInnerJoin.scala:290) - Inner join computed 1077 triples + 452 triples with no shared variable, in 13 ms.
2017-05-12 16:52:37 INFO  [main] (AbstractQueryInnerJoin.scala:257) - Inner join on variable(s) Set(?publ)
2017-05-12 16:52:37 INFO  [main] (AbstractQueryInnerJoin.scala:290) - Inner join computed 2109 triples + 452 triples with no shared variable, in 73 ms.
2017-05-12 16:52:37 INFO  [main] (AbstractQueryInnerJoin.scala:257) - Inner join on variable(s) Set(?publ)
2017-05-12 16:52:37 INFO  [main] (AbstractQueryInnerJoin.scala:290) - Inner join computed 2109 triples + 452 triples with no shared variable, in 120 ms.
2017-05-12 16:52:37 INFO  [main] (AbstractQueryInnerJoin.scala:257) - Inner join on variable(s) Set(?publ)
2017-05-12 16:52:37 INFO  [main] (AbstractQueryInnerJoin.scala:290) - Inner join computed 2468 triples + 452 triples with no shared variable, in 37 ms.
2017-05-12 16:52:37 INFO  [main] (AbstractQueryInnerJoin.scala:257) - Inner join on variable(s) Set(?y)
2017-05-12 16:52:37 INFO  [main] (AbstractQueryInnerJoin.scala:290) - Inner join computed 338 triples + 2247 triples with no shared variable, in 25 ms.
2017-05-12 16:52:37 INFO  [main] (AbstractQueryInnerJoin.scala:257) - Inner join on variable(s) Set(?y)
2017-05-12 16:52:37 INFO  [main] (AbstractQueryInnerJoin.scala:290) - Inner join computed 379 triples + 2247 triples with no shared variable, in 66 ms.
2017-05-12 16:52:37 INFO  [main] (AbstractQueryInnerJoin.scala:257) - Inner join on variable(s) Set(?x)
2017-05-12 16:52:37 INFO  [main] (AbstractQueryInnerJoin.scala:290) - Inner join computed 354 triples + 2267 triples with no shared variable, in 27 ms.
2017-05-12 16:52:37 INFO  [main] (AbstractQueryInnerJoin.scala:257) - Inner join on variable(s) Set(?x)
2017-05-12 16:52:37 INFO  [main] (AbstractQueryInnerJoin.scala:290) - Inner join computed 427 triples + 2267 triples with no shared variable, in 56 ms.
2017-05-12 16:52:37 WARN  [main] (MorphMongoDataTranslator.scala:229) - Duration of query execution and generation of triples = 4820 ms.
2017-05-12 16:52:37 INFO  [main] (MorphMongoQueryProcessor.scala:139) - Result set contains 6 triples.
2017-05-12 16:52:37 INFO  [main] (MorphMongoQueryProcessor.scala:140) - Tabular result set:
---------------------------------------------------------------------------------------------------------------------------------------------------------------------------
| x                         | y                              | title                                                                | year | venue                        |
===========================================================================================================================================================================
| <:authors/Moshe_Y._Vardi> | <:authors/Phokion_G._Kolaitis> | "Infinitary Logics and 0-1 Laws"                                     | 1992 | "Inf. Comput."               |
| <:authors/Moshe_Y._Vardi> | <:authors/Phokion_G._Kolaitis> | "On the unusual effectiveness of logic in computer science."         | 2001 | "Bulletin of Symbolic Logic" |
| <:authors/Moshe_Y._Vardi> | <:authors/Phokion_G._Kolaitis> | "On the decision problem for two-variable first-order logic."        | 1997 | "Bulletin of Symbolic Logic" |
| <:authors/Moshe_Y._Vardi> | <:authors/Phokion_G._Kolaitis> | "On the Expressive Power of Datalog: Tools and a Case Study."        | 1995 | "J. Comput. Syst. Sci."      |
| <:authors/Moshe_Y._Vardi> | <:authors/Phokion_G._Kolaitis> | "Conjunctive-Query Containment and Constraint Satisfaction."         | 2000 | "J. Comput. Syst. Sci."      |
| <:authors/Moshe_Y._Vardi> | <:authors/Phokion_G._Kolaitis> | "0-1 Laws and Decision Problems for Fragments of Second-Order Logic" | 1990 | "Inf. Comput."               |
---------------------------------------------------------------------------------------------------------------------------------------------------------------------------

2017-05-12 16:52:37 WARN  [main] (MorphMongoQueryProcessor.scala:146) - Time for late SPARQL query evaluation = 149ms.
2017-05-12 16:52:37 INFO  [main] (MorphBaseRunner.scala:104) - Query response output file: /Users/xiao/Development/obda-mongo/ontop-mongo/src/test/resources/dblp/morph/result.txt
2017-05-12 16:52:37 WARN  [main] (MorphBaseRunner.scala:111) - Overall SPARQL query processing time = 5271ms.
2017-05-12 16:52:37 WARN  [main] (MorphBaseRunner.scala:112) - **********************DONE****************************
2017-05-12 16:52:37 INFO  [main] (MorphRunner.scala:74) - Query result:
<?xml version="1.0"?>
<sparql xmlns="http://www.w3.org/2005/sparql-results#">
  <head>
    <variable name="x"/>
    <variable name="y"/>
    <variable name="title"/>
    <variable name="year"/>
    <variable name="venue"/>
  </head>
  <results>
    <result>
      <binding name="x">
        <uri>:authors/Moshe_Y._Vardi</uri>
      </binding>
      <binding name="y">
        <uri>:authors/Phokion_G._Kolaitis</uri>
      </binding>
      <binding name="title">
        <literal>Infinitary Logics and 0-1 Laws</literal>
      </binding>
      <binding name="year">
        <literal datatype="http://www.w3.org/2001/XMLSchema#integer">1992</literal>
      </binding>
      <binding name="venue">
        <literal>Inf. Comput.</literal>
      </binding>
    </result>
    <result>
      <binding name="x">
        <uri>:authors/Moshe_Y._Vardi</uri>
      </binding>
      <binding name="y">
        <uri>:authors/Phokion_G._Kolaitis</uri>
      </binding>
      <binding name="title">
        <literal>On the unusual effectiveness of logic in computer science.</literal>
      </binding>
      <binding name="year">
        <literal datatype="http://www.w3.org/2001/XMLSchema#integer">2001</literal>
      </binding>
      <binding name="venue">
        <literal>Bulletin of Symbolic Logic</literal>
      </binding>
    </result>
    <result>
      <binding name="x">
        <uri>:authors/Moshe_Y._Vardi</uri>
      </binding>
      <binding name="y">
        <uri>:authors/Phokion_G._Kolaitis</uri>
      </binding>
      <binding name="title">
        <literal>On the decision problem for two-variable first-order logic.</literal>
      </binding>
      <binding name="year">
        <literal datatype="http://www.w3.org/2001/XMLSchema#integer">1997</literal>
      </binding>
      <binding name="venue">
        <literal>Bulletin of Symbolic Logic</literal>
      </binding>
    </result>
    <result>
      <binding name="x">
        <uri>:authors/Moshe_Y._Vardi</uri>
      </binding>
      <binding name="y">
        <uri>:authors/Phokion_G._Kolaitis</uri>
      </binding>
      <binding name="title">
        <literal>On the Expressive Power of Datalog: Tools and a Case Study.</literal>
      </binding>
      <binding name="year">
        <literal datatype="http://www.w3.org/2001/XMLSchema#integer">1995</literal>
      </binding>
      <binding name="venue">
        <literal>J. Comput. Syst. Sci.</literal>
      </binding>
    </result>
    <result>
      <binding name="x">
        <uri>:authors/Moshe_Y._Vardi</uri>
      </binding>
      <binding name="y">
        <uri>:authors/Phokion_G._Kolaitis</uri>
      </binding>
      <binding name="title">
        <literal>Conjunctive-Query Containment and Constraint Satisfaction.</literal>
      </binding>
      <binding name="year">
        <literal datatype="http://www.w3.org/2001/XMLSchema#integer">2000</literal>
      </binding>
      <binding name="venue">
        <literal>J. Comput. Syst. Sci.</literal>
      </binding>
    </result>
    <result>
      <binding name="x">
        <uri>:authors/Moshe_Y._Vardi</uri>
      </binding>
      <binding name="y">
        <uri>:authors/Phokion_G._Kolaitis</uri>
      </binding>
      <binding name="title">
        <literal>0-1 Laws and Decision Problems for Fragments of Second-Order Logic</literal>
      </binding>
      <binding name="year">
        <literal datatype="http://www.w3.org/2001/XMLSchema#integer">1990</literal>
      </binding>
      <binding name="venue">
        <literal>Inf. Comput.</literal>
      </binding>
    </result>
  </results>
</sparql>
2017-05-12 16:52:37 INFO  [main] (MorphRunner.scala:79) - Treatment completed, exiting.
