To override log4j configuration add JVM option: -Dlog4j.configuration=file:/home/.../your_log4j.properties
Loading log4j configuration: jar:file:/Users/xiao/src/morph-xr2rml/morph-xr2rml-dist/target/morph-xr2rml-dist-1.0-SNAPSHOT-jar-with-dependencies.jar!/xr2rml-log4j.properties
2017-05-12 16:25:48 INFO  [main] (MorphRunner.scala:57) - properties Directory = /Users/xiao/Development/obda-mongo/ontop-mongo/src/test/resources/dblp/morph
2017-05-12 16:25:48 INFO  [main] (MorphRunner.scala:58) - properties File      = output/q12.rq.properties
Reading configuration file : /Users/xiao/Development/obda-mongo/ontop-mongo/src/test/resources/dblp/morph/output/q12.rq.properties
2017-05-12 16:25:49 INFO  [main] (MorphProperties.scala:118) - Server active = false
2017-05-12 16:25:49 INFO  [main] (MorphProperties.scala:121) - Server port number = 8080
2017-05-12 16:25:49 INFO  [main] (MorphProperties.scala:124) - Output file = result.txt
2017-05-12 16:25:49 INFO  [main] (MorphProperties.scala:144) - Output RDF syntax = TURTLE
2017-05-12 16:25:49 INFO  [main] (MorphProperties.scala:153) - Output SPARQL result syntax = TURTLE
2017-05-12 16:25:49 INFO  [main] (MorphProperties.scala:156) - Display result on std output = true
2017-05-12 16:25:49 INFO  [main] (MorphProperties.scala:159) - Jena mode = memory
2017-05-12 16:25:49 INFO  [main] (MorphProperties.scala:162) - SPARQL Query Optimization = true
2017-05-12 16:25:49 INFO  [main] (MorphProperties.scala:165) - Optimization - Self join elimination = true
2017-05-12 16:25:49 INFO  [main] (MorphProperties.scala:168) - Optimization - Self union elimination = true
2017-05-12 16:25:49 INFO  [main] (MorphProperties.scala:171) - Optimization - Propagate conditions from a joined query = true
2017-05-12 16:25:49 INFO  [main] (MorphProperties.scala:174) - Optimization - Reorder STG = true
2017-05-12 16:25:49 INFO  [main] (MorphProperties.scala:177) - Optimization - Subquery elimination = true
2017-05-12 16:25:49 INFO  [main] (MorphProperties.scala:180) - Optimization - Trans join subquery elimination = true
2017-05-12 16:25:49 INFO  [main] (MorphProperties.scala:183) - Optimization - Trans stg subquery elimination = true
2017-05-12 16:25:49 INFO  [main] (MorphProperties.scala:186) - Optimization - Subquery as view = false
2017-05-12 16:25:49 INFO  [main] (MorphProperties.scala:189) - Cache the result of student.queries for join evaluation (non Relational DBs) = false
2017-05-12 16:25:49 INFO  [main] (MorphProperties.scala:196) - RunnerFactory = fr.unice.i3s.morph.xr2rml.mongo.engine.MorphMongoRunnerFactory
2017-05-12 16:25:49 INFO  [main] (MorphProperties.scala:199) - Remove Strange Chars From Literal Column = true
2017-05-12 16:25:49 INFO  [main] (MorphProperties.scala:202) - URL-encode reserved chars IRI tempalte string = true
2017-05-12 16:25:49 INFO  [main] (MorphProperties.scala:205) - URL-encode reserved chars in database values = true
2017-05-12 16:25:49 INFO  [main] (MorphProperties.scala:208) - String transformation = None
2017-05-12 16:25:49 INFO  [main] (R2RMLMappingDocument.scala:225) - Parsing mapping document /Users/xiao/Development/obda-mongo/ontop-mongo/src/test/resources/dblp/morph/dblp-mapping-publications.ttl
2017-05-12 16:25:50 INFO  [main] (MorphBaseRunner.scala:59) - ****************************************************************************************************************
2017-05-12 16:25:50 INFO  [main] (MorphBaseRunner.scala:60) - Running query translation. Content-type: null
2017-05-12 16:25:50 INFO  [main] (SparqlUtility.scala:224) - Request Accept: null. Negotiated: (application/sparql-results+xml,XML)
2017-05-12 16:25:50 INFO  [main] (SparqlQueryRewriter.scala:97) - SPARQL graph pattern:
(distinct
  (project (?title ?year ?venue)
    (bgp
      (triple ?x <http://www.w3.org/1999/02/22-rdf-syntax-ns#type> <http://dblp.l3s.de/d2r/Author>)
      (triple ?x <http://xmlns.com/foaf/0.1/name> "Moshe Y. Vardi")
      (triple ?y <http://www.w3.org/1999/02/22-rdf-syntax-ns#type> <http://dblp.l3s.de/d2r/Author>)
      (triple ?y <http://xmlns.com/foaf/0.1/name> "Phokion G. Kolaitis")
      (triple ?publ <http://www.w3.org/1999/02/22-rdf-syntax-ns#type> <http://dblp.l3s.de/d2r/JournalArticle>)
      (triple ?publ <http://purl.org/dc/elements/1.1/creator> ?x)
      (triple ?publ <http://purl.org/dc/elements/1.1/creator> ?y)
      (triple ?publ <http://purl.org/dc/elements/1.1/title> ?title)
      (triple ?publ <http://purl.org/dc/terms/issued> ?year)
      (triple ?publ <http://dblp.l3s.de/d2r/appearsIn> ?venue)
    )))

2017-05-12 16:25:50 INFO  [main] (MorphMongoQueryTranslator.scala:84) - Triple pattern bindings computation time = 156ms.
2017-05-12 16:25:50 INFO  [main] (MorphMongoQueryTranslator.scala:85) - Triple pattern bindings:
   Binding(?y @rdf:type http://dblp.l3s.de/d2r/Author -> Author_Author)
   Binding(?publ @http://purl.org/dc/terms/issued ?year -> Article_issued)
   Binding(?publ @dc:creator ?y -> Journal_creator)
   Binding(?publ @dc:creator ?x -> Journal_creator)
   Binding(?publ @dc:title ?title -> Article_title)
   Binding(?y @http://xmlns.com/foaf/0.1/name "Phokion G. Kolaitis" -> Author_name)
   Binding(?x @rdf:type http://dblp.l3s.de/d2r/Author -> Author_Author)
   Binding(?publ @http://dblp.l3s.de/d2r/appearsIn ?venue -> Article_appearsIn)
   Binding(?x @http://xmlns.com/foaf/0.1/name "Moshe Y. Vardi" -> Author_name)
   Binding(?publ @rdf:type http://dblp.l3s.de/d2r/JournalArticle -> Article_JournalArticle)
2017-05-12 16:25:50 WARN  [main] (MorphMongoQueryTranslator.scala:219) - SPARQL DISTINCT ignored in query translation.
2017-05-12 16:25:50 WARN  [main] (JsonPathToMongoTranslator.scala:464) - JSONPath expression [_id] did not match any rule. It is ignored.
2017-05-12 16:25:50 WARN  [main] (JsonPathToMongoTranslator.scala:464) - JSONPath expression [_id] did not match any rule. It is ignored.
2017-05-12 16:25:50 WARN  [main] (JsonPathToMongoTranslator.scala:464) - JSONPath expression [_id] did not match any rule. It is ignored.
2017-05-12 16:25:50 WARN  [main] (JsonPathToMongoTranslator.scala:464) - JSONPath expression [_id] did not match any rule. It is ignored.
2017-05-12 16:25:50 WARN  [main] (JsonPathToMongoTranslator.scala:464) - JSONPath expression [_id] did not match any rule. It is ignored.
2017-05-12 16:25:50 WARN  [main] (JsonPathToMongoTranslator.scala:464) - JSONPath expression [_id] did not match any rule. It is ignored.
2017-05-12 16:25:50 WARN  [main] (JsonPathToMongoTranslator.scala:464) - JSONPath expression [authors[*]._id] did not match any rule. It is ignored.
2017-05-12 16:25:50 WARN  [main] (JsonPathToMongoTranslator.scala:464) - JSONPath expression [_id] did not match any rule. It is ignored.
2017-05-12 16:25:50 WARN  [main] (JsonPathToMongoTranslator.scala:464) - JSONPath expression [authors[*]._id] did not match any rule. It is ignored.
2017-05-12 16:25:50 WARN  [main] (JsonPathToMongoTranslator.scala:464) - JSONPath expression [_id] did not match any rule. It is ignored.
2017-05-12 16:25:50 WARN  [main] (JsonPathToMongoTranslator.scala:464) - JSONPath expression [_id] did not match any rule. It is ignored.
2017-05-12 16:25:50 WARN  [main] (JsonPathToMongoTranslator.scala:464) - JSONPath expression [_id] did not match any rule. It is ignored.
2017-05-12 16:25:50 INFO  [main] (MorphBaseQueryTranslator.scala:107) - Query translation time (including bindings) = 361ms.
2017-05-12 16:25:50 INFO  [main] (MorphBaseRunner.scala:90) - SPARQL Query = 
PREFIX  :     <http://dblp.l3s.de/d2r/>
PREFIX  dcterms: <http://purl.org/dc/terms/>
PREFIX  foaf: <http://xmlns.com/foaf/0.1/>
PREFIX  dc:   <http://purl.org/dc/elements/1.1/>

SELECT DISTINCT  ?title ?year ?venue
WHERE
  { ?x <http://www.w3.org/1999/02/22-rdf-syntax-ns#type> :Author .
    ?x foaf:name "Moshe Y. Vardi" .
    ?y <http://www.w3.org/1999/02/22-rdf-syntax-ns#type> :Author .
    ?y foaf:name "Phokion G. Kolaitis" .
    ?publ <http://www.w3.org/1999/02/22-rdf-syntax-ns#type> :JournalArticle .
    ?publ dc:creator ?x .
    ?publ dc:creator ?y .
    ?publ dc:title ?title .
    ?publ dcterms:issued ?year .
    ?publ :appearsIn ?venue
  }

2017-05-12 16:25:50 INFO  [main] (MorphBaseRunner.scala:91) - ------------------ Abstract Query ------------------ = 
[{ Binding(?x @rdf:type http://dblp.l3s.de/d2r/Author -> Author_Author)
  from   : db.publications.find({}), Iterator: Some($.authors.*)
  project: Set(_id AS ?x)
  where  : Set(NotNull(_id)) }
] INNER JOIN [
[{ Binding(?x @http://xmlns.com/foaf/0.1/name "Moshe Y. Vardi" -> Author_name)
  from   : db.publications.find({}), Iterator: Some($.authors.*)
  project: Set(_id AS ?x)
  where  : Set(NotNull(_id), Equals($.name, Moshe Y. Vardi)) }
] INNER JOIN [
[{ Binding(?y @rdf:type http://dblp.l3s.de/d2r/Author -> Author_Author)
  from   : db.publications.find({}), Iterator: Some($.authors.*)
  project: Set(_id AS ?y)
  where  : Set(NotNull(_id)) }
] INNER JOIN [
[{ Binding(?y @http://xmlns.com/foaf/0.1/name "Phokion G. Kolaitis" -> Author_name)
  from   : db.publications.find({}), Iterator: Some($.authors.*)
  project: Set(_id AS ?y)
  where  : Set(NotNull(_id), Equals($.name, Phokion G. Kolaitis)) }
] INNER JOIN [
[{ Binding(?publ @rdf:type http://dblp.l3s.de/d2r/JournalArticle -> Article_JournalArticle)
  from   : db.publications.find({'type' : 'article'}), Iterator: Some($)
  project: Set(_id AS ?publ)
  where  : Set(NotNull(_id)) }
] INNER JOIN [
[{ Binding(?publ @dc:creator ?x -> Journal_creator)
  from   : db.publications.find({'type' : 'article'}), Iterator: Some($)
  project: Set(_id AS ?publ, authors[*]._id AS ?x)
  where  : Set(NotNull(_id), NotNull(authors[*]._id)) }
] INNER JOIN [
[{ Binding(?publ @dc:creator ?y -> Journal_creator)
  from   : db.publications.find({'type' : 'article'}), Iterator: Some($)
  project: Set(_id AS ?publ, authors[*]._id AS ?y)
  where  : Set(NotNull(_id), NotNull(authors[*]._id)) }
] INNER JOIN [
[{ Binding(?publ @dc:title ?title -> Article_title)
  from   : db.publications.find({'type' : 'article'}), Iterator: Some($)
  project: Set(_id AS ?publ, $.title AS ?title)
  where  : Set(NotNull(_id), NotNull($.title)) }
] INNER JOIN [
[{ Binding(?publ @http://purl.org/dc/terms/issued ?year -> Article_issued)
  from   : db.publications.find({'type' : 'article'}), Iterator: Some($)
  project: Set(_id AS ?publ, $.year AS ?year)
  where  : Set(NotNull(_id), NotNull($.year)) }
] INNER JOIN [
{ Binding(?publ @http://dblp.l3s.de/d2r/appearsIn ?venue -> Article_appearsIn)
  from   : db.publications.find({'type' : 'article'}), Iterator: Some($)
  project: Set(_id AS ?publ, $.in AS ?venue)
  where  : Set(NotNull(_id), NotNull($.in)) }
] ON Set(?publ)
] ON Set(?publ)
] ON Set(?publ)
] ON Set(?publ)
] ON Set(?publ)
] ON Set(?y)
] ON Set(?y)
] ON Set(?x)
] ON Set(?x)
2017-05-12 16:25:50 INFO  [main] (MorphBaseRunner.scala:92) - ------------------ Concrete Query ------------------ = 
[{ Binding(?x @rdf:type http://dblp.l3s.de/d2r/Author -> Author_Author)
 MongoDBQuery[Collection: publications. Query: {}. Projection: {}] }
] INNER JOIN [
[{ Binding(?x @http://xmlns.com/foaf/0.1/name "Moshe Y. Vardi" -> Author_name)
 MongoDBQuery[Collection: publications. Query: {'authors': {$elemMatch: {'name': {$eq: 'Moshe Y. Vardi'}}}}. Projection: {}] }
] INNER JOIN [
[{ Binding(?y @rdf:type http://dblp.l3s.de/d2r/Author -> Author_Author)
 MongoDBQuery[Collection: publications. Query: {}. Projection: {}] }
] INNER JOIN [
[{ Binding(?y @http://xmlns.com/foaf/0.1/name "Phokion G. Kolaitis" -> Author_name)
 MongoDBQuery[Collection: publications. Query: {'authors': {$elemMatch: {'name': {$eq: 'Phokion G. Kolaitis'}}}}. Projection: {}] }
] INNER JOIN [
[{ Binding(?publ @rdf:type http://dblp.l3s.de/d2r/JournalArticle -> Article_JournalArticle)
 MongoDBQuery[Collection: publications. Query: {'type':'article', }. Projection: {}] }
] INNER JOIN [
[{ Binding(?publ @dc:creator ?x -> Journal_creator)
 MongoDBQuery[Collection: publications. Query: {'type':'article', }. Projection: {}] }
] INNER JOIN [
[{ Binding(?publ @dc:creator ?y -> Journal_creator)
 MongoDBQuery[Collection: publications. Query: {'type':'article', }. Projection: {}] }
] INNER JOIN [
[{ Binding(?publ @dc:title ?title -> Article_title)
 MongoDBQuery[Collection: publications. Query: {'type':'article', 'title': {$exists: true, $ne: null}}. Projection: {}] }
] INNER JOIN [
[{ Binding(?publ @http://purl.org/dc/terms/issued ?year -> Article_issued)
 MongoDBQuery[Collection: publications. Query: {'type':'article', 'year': {$exists: true, $ne: null}}. Projection: {}] }
] INNER JOIN [
{ Binding(?publ @http://dblp.l3s.de/d2r/appearsIn ?venue -> Article_appearsIn)
 MongoDBQuery[Collection: publications. Query: {'type':'article', 'in': {$exists: true, $ne: null}}. Projection: {}] }
] ON Set(?publ)
] ON Set(?publ)
] ON Set(?publ)
] ON Set(?publ)
] ON Set(?publ)
] ON Set(?y)
] ON Set(?y)
] ON Set(?x)
] ON Set(?x)
2017-05-12 16:25:50 INFO  [main] (AbstractQueryInnerJoin.scala:223) - ===============================================================================
2017-05-12 16:25:50 INFO  [main] (AbstractQueryInnerJoin.scala:224) - Generating RDF triples from the inner join query:
[{ Binding(?x @rdf:type http://dblp.l3s.de/d2r/Author -> Author_Author)
 MongoDBQuery[Collection: publications. Query: {}. Projection: {}] }
] INNER JOIN [
[{ Binding(?x @http://xmlns.com/foaf/0.1/name "Moshe Y. Vardi" -> Author_name)
 MongoDBQuery[Collection: publications. Query: {'authors': {$elemMatch: {'name': {$eq: 'Moshe Y. Vardi'}}}}. Projection: {}] }
] INNER JOIN [
[{ Binding(?y @rdf:type http://dblp.l3s.de/d2r/Author -> Author_Author)
 MongoDBQuery[Collection: publications. Query: {}. Projection: {}] }
] INNER JOIN [
[{ Binding(?y @http://xmlns.com/foaf/0.1/name "Phokion G. Kolaitis" -> Author_name)
 MongoDBQuery[Collection: publications. Query: {'authors': {$elemMatch: {'name': {$eq: 'Phokion G. Kolaitis'}}}}. Projection: {}] }
] INNER JOIN [
[{ Binding(?publ @rdf:type http://dblp.l3s.de/d2r/JournalArticle -> Article_JournalArticle)
 MongoDBQuery[Collection: publications. Query: {'type':'article', }. Projection: {}] }
] INNER JOIN [
[{ Binding(?publ @dc:creator ?x -> Journal_creator)
 MongoDBQuery[Collection: publications. Query: {'type':'article', }. Projection: {}] }
] INNER JOIN [
[{ Binding(?publ @dc:creator ?y -> Journal_creator)
 MongoDBQuery[Collection: publications. Query: {'type':'article', }. Projection: {}] }
] INNER JOIN [
[{ Binding(?publ @dc:title ?title -> Article_title)
 MongoDBQuery[Collection: publications. Query: {'type':'article', 'title': {$exists: true, $ne: null}}. Projection: {}] }
] INNER JOIN [
[{ Binding(?publ @http://purl.org/dc/terms/issued ?year -> Article_issued)
 MongoDBQuery[Collection: publications. Query: {'type':'article', 'year': {$exists: true, $ne: null}}. Projection: {}] }
] INNER JOIN [
{ Binding(?publ @http://dblp.l3s.de/d2r/appearsIn ?venue -> Article_appearsIn)
 MongoDBQuery[Collection: publications. Query: {'type':'article', 'in': {$exists: true, $ne: null}}. Projection: {}] }
] ON Set(?publ)
] ON Set(?publ)
] ON Set(?publ)
] ON Set(?publ)
] ON Set(?publ)
] ON Set(?y)
] ON Set(?y)
] ON Set(?x)
] ON Set(?x)
2017-05-12 16:25:50 INFO  [main] (MorphMongoDataSourceReader.scala:84) - Executing query: MongoDBQuery[Collection: publications. Query: {}. Projection: {}] with limit None
2017-05-12 16:25:51 INFO  [main] (MorphMongoDataSourceReader.scala:113) - Query returned 1059 result(s), 3264 result(s) after applying the iterator, in: 789 ms.
2017-05-12 16:25:52 INFO  [main] (AbstractQueryAtomicMongo.scala:476) - Atomic query generated 3264 RDF triples for binding
 Binding(?x @rdf:type http://dblp.l3s.de/d2r/Author -> Author_Author)
2017-05-12 16:25:52 INFO  [main] (AbstractQueryAtomicMongo.scala:483) - Atomic query generated 3264 RDF triples for all binding in 1178 ms.
2017-05-12 16:25:52 INFO  [main] (AbstractQueryInnerJoin.scala:223) - ===============================================================================
2017-05-12 16:25:52 INFO  [main] (AbstractQueryInnerJoin.scala:224) - Generating RDF triples from the inner join query:
[{ Binding(?x @http://xmlns.com/foaf/0.1/name "Moshe Y. Vardi" -> Author_name)
 MongoDBQuery[Collection: publications. Query: {'authors': {$elemMatch: {'name': {$eq: 'Moshe Y. Vardi'}}}}. Projection: {}] }
] INNER JOIN [
[{ Binding(?y @rdf:type http://dblp.l3s.de/d2r/Author -> Author_Author)
 MongoDBQuery[Collection: publications. Query: {}. Projection: {}] }
] INNER JOIN [
[{ Binding(?y @http://xmlns.com/foaf/0.1/name "Phokion G. Kolaitis" -> Author_name)
 MongoDBQuery[Collection: publications. Query: {'authors': {$elemMatch: {'name': {$eq: 'Phokion G. Kolaitis'}}}}. Projection: {}] }
] INNER JOIN [
[{ Binding(?publ @rdf:type http://dblp.l3s.de/d2r/JournalArticle -> Article_JournalArticle)
 MongoDBQuery[Collection: publications. Query: {'type':'article', }. Projection: {}] }
] INNER JOIN [
[{ Binding(?publ @dc:creator ?x -> Journal_creator)
 MongoDBQuery[Collection: publications. Query: {'type':'article', }. Projection: {}] }
] INNER JOIN [
[{ Binding(?publ @dc:creator ?y -> Journal_creator)
 MongoDBQuery[Collection: publications. Query: {'type':'article', }. Projection: {}] }
] INNER JOIN [
[{ Binding(?publ @dc:title ?title -> Article_title)
 MongoDBQuery[Collection: publications. Query: {'type':'article', 'title': {$exists: true, $ne: null}}. Projection: {}] }
] INNER JOIN [
[{ Binding(?publ @http://purl.org/dc/terms/issued ?year -> Article_issued)
 MongoDBQuery[Collection: publications. Query: {'type':'article', 'year': {$exists: true, $ne: null}}. Projection: {}] }
] INNER JOIN [
{ Binding(?publ @http://dblp.l3s.de/d2r/appearsIn ?venue -> Article_appearsIn)
 MongoDBQuery[Collection: publications. Query: {'type':'article', 'in': {$exists: true, $ne: null}}. Projection: {}] }
] ON Set(?publ)
] ON Set(?publ)
] ON Set(?publ)
] ON Set(?publ)
] ON Set(?publ)
] ON Set(?y)
] ON Set(?y)
] ON Set(?x)
2017-05-12 16:25:52 INFO  [main] (MorphMongoDataSourceReader.scala:84) - Executing query: MongoDBQuery[Collection: publications. Query: {'authors': {$elemMatch: {'name': {$eq: 'Moshe Y. Vardi'}}}}. Projection: {}] with limit None
2017-05-12 16:25:53 INFO  [main] (MorphMongoDataSourceReader.scala:113) - Query returned 552 result(s), 1467 result(s) after applying the iterator, in: 112 ms.
2017-05-12 16:25:53 INFO  [main] (AbstractQueryAtomicMongo.scala:476) - Atomic query generated 1467 RDF triples for binding
 Binding(?x @http://xmlns.com/foaf/0.1/name "Moshe Y. Vardi" -> Author_name)
2017-05-12 16:25:53 INFO  [main] (AbstractQueryAtomicMongo.scala:483) - Atomic query generated 1467 RDF triples for all binding in 209 ms.
2017-05-12 16:25:53 INFO  [main] (AbstractQueryInnerJoin.scala:223) - ===============================================================================
2017-05-12 16:25:53 INFO  [main] (AbstractQueryInnerJoin.scala:224) - Generating RDF triples from the inner join query:
[{ Binding(?y @rdf:type http://dblp.l3s.de/d2r/Author -> Author_Author)
 MongoDBQuery[Collection: publications. Query: {}. Projection: {}] }
] INNER JOIN [
[{ Binding(?y @http://xmlns.com/foaf/0.1/name "Phokion G. Kolaitis" -> Author_name)
 MongoDBQuery[Collection: publications. Query: {'authors': {$elemMatch: {'name': {$eq: 'Phokion G. Kolaitis'}}}}. Projection: {}] }
] INNER JOIN [
[{ Binding(?publ @rdf:type http://dblp.l3s.de/d2r/JournalArticle -> Article_JournalArticle)
 MongoDBQuery[Collection: publications. Query: {'type':'article', }. Projection: {}] }
] INNER JOIN [
[{ Binding(?publ @dc:creator ?x -> Journal_creator)
 MongoDBQuery[Collection: publications. Query: {'type':'article', }. Projection: {}] }
] INNER JOIN [
[{ Binding(?publ @dc:creator ?y -> Journal_creator)
 MongoDBQuery[Collection: publications. Query: {'type':'article', }. Projection: {}] }
] INNER JOIN [
[{ Binding(?publ @dc:title ?title -> Article_title)
 MongoDBQuery[Collection: publications. Query: {'type':'article', 'title': {$exists: true, $ne: null}}. Projection: {}] }
] INNER JOIN [
[{ Binding(?publ @http://purl.org/dc/terms/issued ?year -> Article_issued)
 MongoDBQuery[Collection: publications. Query: {'type':'article', 'year': {$exists: true, $ne: null}}. Projection: {}] }
] INNER JOIN [
{ Binding(?publ @http://dblp.l3s.de/d2r/appearsIn ?venue -> Article_appearsIn)
 MongoDBQuery[Collection: publications. Query: {'type':'article', 'in': {$exists: true, $ne: null}}. Projection: {}] }
] ON Set(?publ)
] ON Set(?publ)
] ON Set(?publ)
] ON Set(?publ)
] ON Set(?publ)
] ON Set(?y)
] ON Set(?y)
2017-05-12 16:25:53 INFO  [main] (MorphMongoDataSourceReader.scala:84) - Executing query: MongoDBQuery[Collection: publications. Query: {}. Projection: {}] with limit None
2017-05-12 16:25:53 INFO  [main] (MorphMongoDataSourceReader.scala:113) - Query returned 1059 result(s), 3264 result(s) after applying the iterator, in: 318 ms.
2017-05-12 16:25:54 INFO  [main] (AbstractQueryAtomicMongo.scala:476) - Atomic query generated 3264 RDF triples for binding
 Binding(?y @rdf:type http://dblp.l3s.de/d2r/Author -> Author_Author)
2017-05-12 16:25:54 INFO  [main] (AbstractQueryAtomicMongo.scala:483) - Atomic query generated 3264 RDF triples for all binding in 549 ms.
2017-05-12 16:25:54 INFO  [main] (AbstractQueryInnerJoin.scala:223) - ===============================================================================
2017-05-12 16:25:54 INFO  [main] (AbstractQueryInnerJoin.scala:224) - Generating RDF triples from the inner join query:
[{ Binding(?y @http://xmlns.com/foaf/0.1/name "Phokion G. Kolaitis" -> Author_name)
 MongoDBQuery[Collection: publications. Query: {'authors': {$elemMatch: {'name': {$eq: 'Phokion G. Kolaitis'}}}}. Projection: {}] }
] INNER JOIN [
[{ Binding(?publ @rdf:type http://dblp.l3s.de/d2r/JournalArticle -> Article_JournalArticle)
 MongoDBQuery[Collection: publications. Query: {'type':'article', }. Projection: {}] }
] INNER JOIN [
[{ Binding(?publ @dc:creator ?x -> Journal_creator)
 MongoDBQuery[Collection: publications. Query: {'type':'article', }. Projection: {}] }
] INNER JOIN [
[{ Binding(?publ @dc:creator ?y -> Journal_creator)
 MongoDBQuery[Collection: publications. Query: {'type':'article', }. Projection: {}] }
] INNER JOIN [
[{ Binding(?publ @dc:title ?title -> Article_title)
 MongoDBQuery[Collection: publications. Query: {'type':'article', 'title': {$exists: true, $ne: null}}. Projection: {}] }
] INNER JOIN [
[{ Binding(?publ @http://purl.org/dc/terms/issued ?year -> Article_issued)
 MongoDBQuery[Collection: publications. Query: {'type':'article', 'year': {$exists: true, $ne: null}}. Projection: {}] }
] INNER JOIN [
{ Binding(?publ @http://dblp.l3s.de/d2r/appearsIn ?venue -> Article_appearsIn)
 MongoDBQuery[Collection: publications. Query: {'type':'article', 'in': {$exists: true, $ne: null}}. Projection: {}] }
] ON Set(?publ)
] ON Set(?publ)
] ON Set(?publ)
] ON Set(?publ)
] ON Set(?publ)
] ON Set(?y)
2017-05-12 16:25:54 INFO  [main] (MorphMongoDataSourceReader.scala:84) - Executing query: MongoDBQuery[Collection: publications. Query: {'authors': {$elemMatch: {'name': {$eq: 'Phokion G. Kolaitis'}}}}. Projection: {}] with limit None
2017-05-12 16:25:54 INFO  [main] (MorphMongoDataSourceReader.scala:113) - Query returned 167 result(s), 443 result(s) after applying the iterator, in: 54 ms.
2017-05-12 16:25:54 INFO  [main] (AbstractQueryAtomicMongo.scala:476) - Atomic query generated 443 RDF triples for binding
 Binding(?y @http://xmlns.com/foaf/0.1/name "Phokion G. Kolaitis" -> Author_name)
2017-05-12 16:25:54 INFO  [main] (AbstractQueryAtomicMongo.scala:483) - Atomic query generated 443 RDF triples for all binding in 122 ms.
2017-05-12 16:25:54 INFO  [main] (AbstractQueryInnerJoin.scala:223) - ===============================================================================
2017-05-12 16:25:54 INFO  [main] (AbstractQueryInnerJoin.scala:224) - Generating RDF triples from the inner join query:
[{ Binding(?publ @rdf:type http://dblp.l3s.de/d2r/JournalArticle -> Article_JournalArticle)
 MongoDBQuery[Collection: publications. Query: {'type':'article', }. Projection: {}] }
] INNER JOIN [
[{ Binding(?publ @dc:creator ?x -> Journal_creator)
 MongoDBQuery[Collection: publications. Query: {'type':'article', }. Projection: {}] }
] INNER JOIN [
[{ Binding(?publ @dc:creator ?y -> Journal_creator)
 MongoDBQuery[Collection: publications. Query: {'type':'article', }. Projection: {}] }
] INNER JOIN [
[{ Binding(?publ @dc:title ?title -> Article_title)
 MongoDBQuery[Collection: publications. Query: {'type':'article', 'title': {$exists: true, $ne: null}}. Projection: {}] }
] INNER JOIN [
[{ Binding(?publ @http://purl.org/dc/terms/issued ?year -> Article_issued)
 MongoDBQuery[Collection: publications. Query: {'type':'article', 'year': {$exists: true, $ne: null}}. Projection: {}] }
] INNER JOIN [
{ Binding(?publ @http://dblp.l3s.de/d2r/appearsIn ?venue -> Article_appearsIn)
 MongoDBQuery[Collection: publications. Query: {'type':'article', 'in': {$exists: true, $ne: null}}. Projection: {}] }
] ON Set(?publ)
] ON Set(?publ)
] ON Set(?publ)
] ON Set(?publ)
] ON Set(?publ)
2017-05-12 16:25:54 INFO  [main] (MorphMongoDataSourceReader.scala:84) - Executing query: MongoDBQuery[Collection: publications. Query: {'type':'article', }. Projection: {}] with limit None
2017-05-12 16:25:54 INFO  [main] (MorphMongoDataSourceReader.scala:113) - Query returned 359 result(s), 359 result(s) after applying the iterator, in: 41 ms.
2017-05-12 16:25:54 INFO  [main] (AbstractQueryAtomicMongo.scala:476) - Atomic query generated 359 RDF triples for binding
 Binding(?publ @rdf:type http://dblp.l3s.de/d2r/JournalArticle -> Article_JournalArticle)
2017-05-12 16:25:54 INFO  [main] (AbstractQueryAtomicMongo.scala:483) - Atomic query generated 359 RDF triples for all binding in 73 ms.
2017-05-12 16:25:54 INFO  [main] (AbstractQueryInnerJoin.scala:223) - ===============================================================================
2017-05-12 16:25:54 INFO  [main] (AbstractQueryInnerJoin.scala:224) - Generating RDF triples from the inner join query:
[{ Binding(?publ @dc:creator ?x -> Journal_creator)
 MongoDBQuery[Collection: publications. Query: {'type':'article', }. Projection: {}] }
] INNER JOIN [
[{ Binding(?publ @dc:creator ?y -> Journal_creator)
 MongoDBQuery[Collection: publications. Query: {'type':'article', }. Projection: {}] }
] INNER JOIN [
[{ Binding(?publ @dc:title ?title -> Article_title)
 MongoDBQuery[Collection: publications. Query: {'type':'article', 'title': {$exists: true, $ne: null}}. Projection: {}] }
] INNER JOIN [
[{ Binding(?publ @http://purl.org/dc/terms/issued ?year -> Article_issued)
 MongoDBQuery[Collection: publications. Query: {'type':'article', 'year': {$exists: true, $ne: null}}. Projection: {}] }
] INNER JOIN [
{ Binding(?publ @http://dblp.l3s.de/d2r/appearsIn ?venue -> Article_appearsIn)
 MongoDBQuery[Collection: publications. Query: {'type':'article', 'in': {$exists: true, $ne: null}}. Projection: {}] }
] ON Set(?publ)
] ON Set(?publ)
] ON Set(?publ)
] ON Set(?publ)
2017-05-12 16:25:54 INFO  [main] (MorphMongoDataSourceReader.scala:84) - Executing query: MongoDBQuery[Collection: publications. Query: {'type':'article', }. Projection: {}] with limit None
2017-05-12 16:25:54 INFO  [main] (MorphMongoDataSourceReader.scala:113) - Query returned 359 result(s), 359 result(s) after applying the iterator, in: 32 ms.
2017-05-12 16:25:54 INFO  [main] (AbstractQueryAtomicMongo.scala:476) - Atomic query generated 1032 RDF triples for binding
 Binding(?publ @dc:creator ?x -> Journal_creator)
2017-05-12 16:25:54 INFO  [main] (AbstractQueryAtomicMongo.scala:483) - Atomic query generated 1032 RDF triples for all binding in 119 ms.
2017-05-12 16:25:54 INFO  [main] (AbstractQueryInnerJoin.scala:223) - ===============================================================================
2017-05-12 16:25:54 INFO  [main] (AbstractQueryInnerJoin.scala:224) - Generating RDF triples from the inner join query:
[{ Binding(?publ @dc:creator ?y -> Journal_creator)
 MongoDBQuery[Collection: publications. Query: {'type':'article', }. Projection: {}] }
] INNER JOIN [
[{ Binding(?publ @dc:title ?title -> Article_title)
 MongoDBQuery[Collection: publications. Query: {'type':'article', 'title': {$exists: true, $ne: null}}. Projection: {}] }
] INNER JOIN [
[{ Binding(?publ @http://purl.org/dc/terms/issued ?year -> Article_issued)
 MongoDBQuery[Collection: publications. Query: {'type':'article', 'year': {$exists: true, $ne: null}}. Projection: {}] }
] INNER JOIN [
{ Binding(?publ @http://dblp.l3s.de/d2r/appearsIn ?venue -> Article_appearsIn)
 MongoDBQuery[Collection: publications. Query: {'type':'article', 'in': {$exists: true, $ne: null}}. Projection: {}] }
] ON Set(?publ)
] ON Set(?publ)
] ON Set(?publ)
2017-05-12 16:25:54 INFO  [main] (MorphMongoDataSourceReader.scala:84) - Executing query: MongoDBQuery[Collection: publications. Query: {'type':'article', }. Projection: {}] with limit None
2017-05-12 16:25:54 INFO  [main] (MorphMongoDataSourceReader.scala:113) - Query returned 359 result(s), 359 result(s) after applying the iterator, in: 26 ms.
2017-05-12 16:25:54 INFO  [main] (AbstractQueryAtomicMongo.scala:476) - Atomic query generated 1032 RDF triples for binding
 Binding(?publ @dc:creator ?y -> Journal_creator)
2017-05-12 16:25:54 INFO  [main] (AbstractQueryAtomicMongo.scala:483) - Atomic query generated 1032 RDF triples for all binding in 146 ms.
2017-05-12 16:25:54 INFO  [main] (AbstractQueryInnerJoin.scala:223) - ===============================================================================
2017-05-12 16:25:54 INFO  [main] (AbstractQueryInnerJoin.scala:224) - Generating RDF triples from the inner join query:
[{ Binding(?publ @dc:title ?title -> Article_title)
 MongoDBQuery[Collection: publications. Query: {'type':'article', 'title': {$exists: true, $ne: null}}. Projection: {}] }
] INNER JOIN [
[{ Binding(?publ @http://purl.org/dc/terms/issued ?year -> Article_issued)
 MongoDBQuery[Collection: publications. Query: {'type':'article', 'year': {$exists: true, $ne: null}}. Projection: {}] }
] INNER JOIN [
{ Binding(?publ @http://dblp.l3s.de/d2r/appearsIn ?venue -> Article_appearsIn)
 MongoDBQuery[Collection: publications. Query: {'type':'article', 'in': {$exists: true, $ne: null}}. Projection: {}] }
] ON Set(?publ)
] ON Set(?publ)
2017-05-12 16:25:54 INFO  [main] (MorphMongoDataSourceReader.scala:84) - Executing query: MongoDBQuery[Collection: publications. Query: {'type':'article', 'title': {$exists: true, $ne: null}}. Projection: {}] with limit None
2017-05-12 16:25:54 INFO  [main] (MorphMongoDataSourceReader.scala:113) - Query returned 359 result(s), 359 result(s) after applying the iterator, in: 46 ms.
2017-05-12 16:25:54 INFO  [main] (AbstractQueryAtomicMongo.scala:476) - Atomic query generated 359 RDF triples for binding
 Binding(?publ @dc:title ?title -> Article_title)
2017-05-12 16:25:54 INFO  [main] (AbstractQueryAtomicMongo.scala:483) - Atomic query generated 359 RDF triples for all binding in 72 ms.
2017-05-12 16:25:54 INFO  [main] (AbstractQueryInnerJoin.scala:223) - ===============================================================================
2017-05-12 16:25:54 INFO  [main] (AbstractQueryInnerJoin.scala:224) - Generating RDF triples from the inner join query:
[{ Binding(?publ @http://purl.org/dc/terms/issued ?year -> Article_issued)
 MongoDBQuery[Collection: publications. Query: {'type':'article', 'year': {$exists: true, $ne: null}}. Projection: {}] }
] INNER JOIN [
{ Binding(?publ @http://dblp.l3s.de/d2r/appearsIn ?venue -> Article_appearsIn)
 MongoDBQuery[Collection: publications. Query: {'type':'article', 'in': {$exists: true, $ne: null}}. Projection: {}] }
] ON Set(?publ)
2017-05-12 16:25:54 INFO  [main] (MorphMongoDataSourceReader.scala:84) - Executing query: MongoDBQuery[Collection: publications. Query: {'type':'article', 'year': {$exists: true, $ne: null}}. Projection: {}] with limit None
2017-05-12 16:25:54 INFO  [main] (MorphMongoDataSourceReader.scala:113) - Query returned 359 result(s), 359 result(s) after applying the iterator, in: 31 ms.
2017-05-12 16:25:54 INFO  [main] (AbstractQueryAtomicMongo.scala:476) - Atomic query generated 359 RDF triples for binding
 Binding(?publ @http://purl.org/dc/terms/issued ?year -> Article_issued)
2017-05-12 16:25:54 INFO  [main] (AbstractQueryAtomicMongo.scala:483) - Atomic query generated 359 RDF triples for all binding in 73 ms.
2017-05-12 16:25:54 INFO  [main] (MorphMongoDataSourceReader.scala:84) - Executing query: MongoDBQuery[Collection: publications. Query: {'type':'article', 'in': {$exists: true, $ne: null}}. Projection: {}] with limit None
2017-05-12 16:25:55 INFO  [main] (MorphMongoDataSourceReader.scala:113) - Query returned 359 result(s), 359 result(s) after applying the iterator, in: 83 ms.
2017-05-12 16:25:55 INFO  [main] (AbstractQueryAtomicMongo.scala:476) - Atomic query generated 359 RDF triples for binding
 Binding(?publ @http://dblp.l3s.de/d2r/appearsIn ?venue -> Article_appearsIn)
2017-05-12 16:25:55 INFO  [main] (AbstractQueryAtomicMongo.scala:483) - Atomic query generated 359 RDF triples for all binding in 62 ms.
2017-05-12 16:25:55 INFO  [main] (AbstractQueryInnerJoin.scala:257) - Inner join on variable(s) Set(?publ)
2017-05-12 16:25:55 INFO  [main] (AbstractQueryInnerJoin.scala:290) - Inner join computed 718 triples + 0 triples with no shared variable, in 99 ms.
2017-05-12 16:25:55 INFO  [main] (AbstractQueryInnerJoin.scala:257) - Inner join on variable(s) Set(?publ)
2017-05-12 16:25:55 INFO  [main] (AbstractQueryInnerJoin.scala:290) - Inner join computed 1077 triples + 0 triples with no shared variable, in 130 ms.
2017-05-12 16:25:55 INFO  [main] (AbstractQueryInnerJoin.scala:257) - Inner join on variable(s) Set(?publ)
2017-05-12 16:25:55 INFO  [main] (AbstractQueryInnerJoin.scala:290) - Inner join computed 2109 triples + 0 triples with no shared variable, in 520 ms.
2017-05-12 16:25:55 INFO  [main] (AbstractQueryInnerJoin.scala:257) - Inner join on variable(s) Set(?publ)
2017-05-12 16:25:56 INFO  [main] (AbstractQueryInnerJoin.scala:290) - Inner join computed 2109 triples + 0 triples with no shared variable, in 322 ms.
2017-05-12 16:25:56 INFO  [main] (AbstractQueryInnerJoin.scala:257) - Inner join on variable(s) Set(?publ)
2017-05-12 16:25:56 INFO  [main] (AbstractQueryInnerJoin.scala:290) - Inner join computed 2468 triples + 0 triples with no shared variable, in 108 ms.
2017-05-12 16:25:56 INFO  [main] (AbstractQueryInnerJoin.scala:257) - Inner join on variable(s) Set(?y)
2017-05-12 16:25:56 INFO  [main] (AbstractQueryInnerJoin.scala:290) - Inner join computed 338 triples + 1795 triples with no shared variable, in 92 ms.
2017-05-12 16:25:56 INFO  [main] (AbstractQueryInnerJoin.scala:257) - Inner join on variable(s) Set(?y)
2017-05-12 16:25:56 INFO  [main] (AbstractQueryInnerJoin.scala:290) - Inner join computed 379 triples + 1795 triples with no shared variable, in 119 ms.
2017-05-12 16:25:56 INFO  [main] (AbstractQueryInnerJoin.scala:257) - Inner join on variable(s) Set(?x)
2017-05-12 16:25:56 INFO  [main] (AbstractQueryInnerJoin.scala:290) - Inner join computed 354 triples + 1815 triples with no shared variable, in 76 ms.
2017-05-12 16:25:56 INFO  [main] (AbstractQueryInnerJoin.scala:257) - Inner join on variable(s) Set(?x)
2017-05-12 16:25:56 INFO  [main] (AbstractQueryInnerJoin.scala:290) - Inner join computed 427 triples + 1815 triples with no shared variable, in 79 ms.
2017-05-12 16:25:56 WARN  [main] (MorphMongoDataTranslator.scala:229) - Duration of query execution and generation of triples = 5807 ms.
2017-05-12 16:25:56 INFO  [main] (MorphMongoQueryProcessor.scala:139) - Result set contains 6 triples.
2017-05-12 16:25:56 INFO  [main] (MorphMongoQueryProcessor.scala:140) - Tabular result set:
--------------------------------------------------------------------------------------------------------------
| title                                                                | year | venue                        |
==============================================================================================================
| "On the unusual effectiveness of logic in computer science."         | 2001 | "Bulletin of Symbolic Logic" |
| "On the Expressive Power of Datalog: Tools and a Case Study."        | 1995 | "J. Comput. Syst. Sci."      |
| "Conjunctive-Query Containment and Constraint Satisfaction."         | 2000 | "J. Comput. Syst. Sci."      |
| "0-1 Laws and Decision Problems for Fragments of Second-Order Logic" | 1990 | "Inf. Comput."               |
| "On the decision problem for two-variable first-order logic."        | 1997 | "Bulletin of Symbolic Logic" |
| "Infinitary Logics and 0-1 Laws"                                     | 1992 | "Inf. Comput."               |
--------------------------------------------------------------------------------------------------------------

2017-05-12 16:25:56 WARN  [main] (MorphMongoQueryProcessor.scala:146) - Time for late SPARQL query evaluation = 193ms.
2017-05-12 16:25:56 INFO  [main] (MorphBaseRunner.scala:104) - Query response output file: /Users/xiao/Development/obda-mongo/ontop-mongo/src/test/resources/dblp/morph/result.txt
2017-05-12 16:25:56 WARN  [main] (MorphBaseRunner.scala:111) - Overall SPARQL query processing time = 6411ms.
2017-05-12 16:25:56 WARN  [main] (MorphBaseRunner.scala:112) - **********************DONE****************************
2017-05-12 16:25:56 INFO  [main] (MorphRunner.scala:74) - Query result:
<?xml version="1.0"?>
<sparql xmlns="http://www.w3.org/2005/sparql-results#">
  <head>
    <variable name="title"/>
    <variable name="year"/>
    <variable name="venue"/>
  </head>
  <results>
    <result>
      <binding name="title">
        <literal>On the unusual effectiveness of logic in computer science.</literal>
      </binding>
      <binding name="year">
        <literal datatype="http://www.w3.org/2001/XMLSchema#integer">2001</literal>
      </binding>
      <binding name="venue">
        <literal>Bulletin of Symbolic Logic</literal>
      </binding>
    </result>
    <result>
      <binding name="title">
        <literal>On the Expressive Power of Datalog: Tools and a Case Study.</literal>
      </binding>
      <binding name="year">
        <literal datatype="http://www.w3.org/2001/XMLSchema#integer">1995</literal>
      </binding>
      <binding name="venue">
        <literal>J. Comput. Syst. Sci.</literal>
      </binding>
    </result>
    <result>
      <binding name="title">
        <literal>Conjunctive-Query Containment and Constraint Satisfaction.</literal>
      </binding>
      <binding name="year">
        <literal datatype="http://www.w3.org/2001/XMLSchema#integer">2000</literal>
      </binding>
      <binding name="venue">
        <literal>J. Comput. Syst. Sci.</literal>
      </binding>
    </result>
    <result>
      <binding name="title">
        <literal>0-1 Laws and Decision Problems for Fragments of Second-Order Logic</literal>
      </binding>
      <binding name="year">
        <literal datatype="http://www.w3.org/2001/XMLSchema#integer">1990</literal>
      </binding>
      <binding name="venue">
        <literal>Inf. Comput.</literal>
      </binding>
    </result>
    <result>
      <binding name="title">
        <literal>On the decision problem for two-variable first-order logic.</literal>
      </binding>
      <binding name="year">
        <literal datatype="http://www.w3.org/2001/XMLSchema#integer">1997</literal>
      </binding>
      <binding name="venue">
        <literal>Bulletin of Symbolic Logic</literal>
      </binding>
    </result>
    <result>
      <binding name="title">
        <literal>Infinitary Logics and 0-1 Laws</literal>
      </binding>
      <binding name="year">
        <literal datatype="http://www.w3.org/2001/XMLSchema#integer">1992</literal>
      </binding>
      <binding name="venue">
        <literal>Inf. Comput.</literal>
      </binding>
    </result>
  </results>
</sparql>
2017-05-12 16:25:57 INFO  [main] (MorphRunner.scala:79) - Treatment completed, exiting.
