To override log4j configuration add JVM option: -Dlog4j.configuration=file:/home/.../your_log4j.properties
Loading log4j configuration: jar:file:/Users/xiao/src/morph-xr2rml/morph-xr2rml-dist/target/morph-xr2rml-dist-1.0-SNAPSHOT-jar-with-dependencies.jar!/xr2rml-log4j.properties
2017-05-12 23:34:12 INFO  [main] (MorphRunner.scala:57) - properties Directory = /Users/xiao/Development/obda-mongo/ontop-mongo/src/test/resources/dblp/morph
2017-05-12 23:34:12 INFO  [main] (MorphRunner.scala:58) - properties File      = output/q08.rq.properties
Reading configuration file : /Users/xiao/Development/obda-mongo/ontop-mongo/src/test/resources/dblp/morph/output/q08.rq.properties
2017-05-12 23:34:12 INFO  [main] (MorphProperties.scala:118) - Server active = false
2017-05-12 23:34:12 INFO  [main] (MorphProperties.scala:121) - Server port number = 8080
2017-05-12 23:34:12 INFO  [main] (MorphProperties.scala:124) - Output file = result.txt
2017-05-12 23:34:12 INFO  [main] (MorphProperties.scala:144) - Output RDF syntax = TURTLE
2017-05-12 23:34:12 INFO  [main] (MorphProperties.scala:153) - Output SPARQL result syntax = TURTLE
2017-05-12 23:34:12 INFO  [main] (MorphProperties.scala:156) - Display result on std output = true
2017-05-12 23:34:12 INFO  [main] (MorphProperties.scala:159) - Jena mode = memory
2017-05-12 23:34:12 INFO  [main] (MorphProperties.scala:162) - SPARQL Query Optimization = true
2017-05-12 23:34:12 INFO  [main] (MorphProperties.scala:165) - Optimization - Self join elimination = true
2017-05-12 23:34:12 INFO  [main] (MorphProperties.scala:168) - Optimization - Self union elimination = true
2017-05-12 23:34:12 INFO  [main] (MorphProperties.scala:171) - Optimization - Propagate conditions from a joined query = true
2017-05-12 23:34:12 INFO  [main] (MorphProperties.scala:174) - Optimization - Reorder STG = true
2017-05-12 23:34:12 INFO  [main] (MorphProperties.scala:177) - Optimization - Subquery elimination = true
2017-05-12 23:34:12 INFO  [main] (MorphProperties.scala:180) - Optimization - Trans join subquery elimination = true
2017-05-12 23:34:12 INFO  [main] (MorphProperties.scala:183) - Optimization - Trans stg subquery elimination = true
2017-05-12 23:34:12 INFO  [main] (MorphProperties.scala:186) - Optimization - Subquery as view = false
2017-05-12 23:34:12 INFO  [main] (MorphProperties.scala:189) - Cache the result of student.queries for join evaluation (non Relational DBs) = false
2017-05-12 23:34:12 INFO  [main] (MorphProperties.scala:196) - RunnerFactory = fr.unice.i3s.morph.xr2rml.mongo.engine.MorphMongoRunnerFactory
2017-05-12 23:34:12 INFO  [main] (MorphProperties.scala:199) - Remove Strange Chars From Literal Column = true
2017-05-12 23:34:12 INFO  [main] (MorphProperties.scala:202) - URL-encode reserved chars IRI tempalte string = true
2017-05-12 23:34:12 INFO  [main] (MorphProperties.scala:205) - URL-encode reserved chars in database values = true
2017-05-12 23:34:12 INFO  [main] (MorphProperties.scala:208) - String transformation = None
2017-05-12 23:34:12 INFO  [main] (R2RMLMappingDocument.scala:225) - Parsing mapping document /Users/xiao/Development/obda-mongo/ontop-mongo/src/test/resources/dblp/morph/dblp-mapping-ap.ttl
2017-05-12 23:34:13 INFO  [main] (MorphBaseRunner.scala:59) - ****************************************************************************************************************
2017-05-12 23:34:13 INFO  [main] (MorphBaseRunner.scala:60) - Running query translation. Content-type: null
2017-05-12 23:34:13 INFO  [main] (SparqlUtility.scala:224) - Request Accept: null. Negotiated: (application/sparql-results+xml,XML)
2017-05-12 23:34:13 INFO  [main] (SparqlQueryRewriter.scala:95) - Compiled SPARQL graph pattern:
(slice _ 1000
  (distinct
    (project (?name ?title1 ?title2 ?year ?journal)
      (filter (&& (!= ?journal "CoRR") (!= ?journ1 ?journ2))
        (bgp
          (triple ?x <http://www.w3.org/1999/02/22-rdf-syntax-ns#type> <http://dblp.l3s.de/d2r/Author>)
          (triple ?x <http://xmlns.com/foaf/0.1/name> ?name)
          (triple ?journ1 <http://www.w3.org/1999/02/22-rdf-syntax-ns#type> <http://dblp.l3s.de/d2r/JournalArticle>)
          (triple ?journ1 <http://purl.org/dc/elements/1.1/creator> ?x)
          (triple ?journ1 <http://purl.org/dc/terms/issued> ?year)
          (triple ?journ1 <http://purl.org/dc/elements/1.1/title> ?title1)
          (triple ?journ1 <http://dblp.l3s.de/d2r/appearsIn> ?journal)
          (triple ?journ2 <http://www.w3.org/1999/02/22-rdf-syntax-ns#type> <http://dblp.l3s.de/d2r/JournalArticle>)
          (triple ?journ2 <http://purl.org/dc/elements/1.1/creator> ?x)
          (triple ?journ2 <http://purl.org/dc/terms/issued> ?year)
          (triple ?journ2 <http://purl.org/dc/elements/1.1/title> ?title2)
          (triple ?journ2 <http://dblp.l3s.de/d2r/appearsIn> ?journal)
        )))))
-- rewritten/optimized to --
(slice _ 1000
  (distinct
    (project (?name ?title1 ?title2 ?year ?journal)
      (filter (exprlist (!= ?journal "CoRR") (!= ?journ1 ?journ2))
        (bgp
          (triple ?x <http://www.w3.org/1999/02/22-rdf-syntax-ns#type> <http://dblp.l3s.de/d2r/Author>)
          (triple ?x <http://xmlns.com/foaf/0.1/name> ?name)
          (triple ?journ1 <http://www.w3.org/1999/02/22-rdf-syntax-ns#type> <http://dblp.l3s.de/d2r/JournalArticle>)
          (triple ?journ1 <http://purl.org/dc/elements/1.1/creator> ?x)
          (triple ?journ1 <http://purl.org/dc/terms/issued> ?year)
          (triple ?journ1 <http://purl.org/dc/elements/1.1/title> ?title1)
          (triple ?journ1 <http://dblp.l3s.de/d2r/appearsIn> ?journal)
          (triple ?journ2 <http://www.w3.org/1999/02/22-rdf-syntax-ns#type> <http://dblp.l3s.de/d2r/JournalArticle>)
          (triple ?journ2 <http://purl.org/dc/elements/1.1/creator> ?x)
          (triple ?journ2 <http://purl.org/dc/terms/issued> ?year)
          (triple ?journ2 <http://purl.org/dc/elements/1.1/title> ?title2)
          (triple ?journ2 <http://dblp.l3s.de/d2r/appearsIn> ?journal)
        )))))

2017-05-12 23:34:13 INFO  [main] (MorphMongoQueryTranslator.scala:84) - Triple pattern bindings computation time = 119ms.
2017-05-12 23:34:13 INFO  [main] (MorphMongoQueryTranslator.scala:85) - Triple pattern bindings:
   Binding(?journ1 @http://dblp.l3s.de/d2r/appearsIn ?journal -> Article_appearsIn)
   Binding(?journ2 @rdf:type http://dblp.l3s.de/d2r/JournalArticle -> Article_JournalArticle)
   Binding(?journ2 @dc:title ?title2 -> Article_title)
   Binding(?journ1 @rdf:type http://dblp.l3s.de/d2r/JournalArticle -> Article_JournalArticle)
   Binding(?journ2 @dc:creator ?x -> Journal_creator)
   Binding(?journ2 @http://purl.org/dc/terms/issued ?year -> Article_issued)
   Binding(?journ1 @http://purl.org/dc/terms/issued ?year -> Article_issued)
   Binding(?x @rdf:type http://dblp.l3s.de/d2r/Author -> Author_Author)
   Binding(?journ1 @dc:creator ?x -> Journal_creator)
   Binding(?journ1 @dc:title ?title1 -> Article_title)
   Binding(?journ2 @http://dblp.l3s.de/d2r/appearsIn ?journal -> Article_appearsIn)
   Binding(?x @http://xmlns.com/foaf/0.1/name ?name -> Author_name)
2017-05-12 23:34:13 WARN  [main] (MorphMongoQueryTranslator.scala:219) - SPARQL DISTINCT ignored in query translation.
2017-05-12 23:34:13 WARN  [main] (MorphMongoQueryTranslator.scala:211) - SPARQL Filter ignored in query translation.
2017-05-12 23:34:13 INFO  [main] (MorphMongoQueryTranslator.scala:113) - 
-------------------------------------------------------------------------
------------------ Abstract query BEFORE optimization: ------------------
[{ Binding(?x @rdf:type http://dblp.l3s.de/d2r/Author -> Author_Author)
  from   : db.authors.find({}), Iterator: Some($)
  project: Set(_id AS ?x)
  where  : Set(NotNull(_id)) }
] INNER JOIN [
[{ Binding(?x @http://xmlns.com/foaf/0.1/name ?name -> Author_name)
  from   : db.authors.find({}), Iterator: Some($)
  project: Set(_id AS ?x, $.name AS ?name)
  where  : Set(NotNull(_id), NotNull($.name)) }
] INNER JOIN [
[{ Binding(?journ1 @rdf:type http://dblp.l3s.de/d2r/JournalArticle -> Article_JournalArticle)
  from   : db.publications.find({'type' : 'article'}), Iterator: Some($)
  project: Set(_id AS ?journ1)
  where  : Set(NotNull(_id)) }
] INNER JOIN [
[{ Binding(?journ1 @dc:creator ?x -> Journal_creator)
  from   : db.authors.find({}), Iterator: Some($)
  project: Set(publications.article[*].dblp_key AS ?journ1, _id AS ?x)
  where  : Set(NotNull(publications.article[*].dblp_key), NotNull(_id)) }
] INNER JOIN [
[{ Binding(?journ1 @http://purl.org/dc/terms/issued ?year -> Article_issued)
  from   : db.publications.find({'type' : 'article'}), Iterator: Some($)
  project: Set(_id AS ?journ1, $.year AS ?year)
  where  : Set(NotNull(_id), NotNull($.year)) }
] INNER JOIN [
[{ Binding(?journ1 @dc:title ?title1 -> Article_title)
  from   : db.publications.find({'type' : 'article'}), Iterator: Some($)
  project: Set(_id AS ?journ1, $.title AS ?title1)
  where  : Set(NotNull(_id), NotNull($.title)) }
] INNER JOIN [
[{ Binding(?journ1 @http://dblp.l3s.de/d2r/appearsIn ?journal -> Article_appearsIn)
  from   : db.publications.find({'type' : 'article'}), Iterator: Some($)
  project: Set(_id AS ?journ1, $.in AS ?journal)
  where  : Set(NotNull(_id), NotNull($.in)) }
] INNER JOIN [
[{ Binding(?journ2 @rdf:type http://dblp.l3s.de/d2r/JournalArticle -> Article_JournalArticle)
  from   : db.publications.find({'type' : 'article'}), Iterator: Some($)
  project: Set(_id AS ?journ2)
  where  : Set(NotNull(_id)) }
] INNER JOIN [
[{ Binding(?journ2 @dc:creator ?x -> Journal_creator)
  from   : db.authors.find({}), Iterator: Some($)
  project: Set(publications.article[*].dblp_key AS ?journ2, _id AS ?x)
  where  : Set(NotNull(publications.article[*].dblp_key), NotNull(_id)) }
] INNER JOIN [
[{ Binding(?journ2 @http://purl.org/dc/terms/issued ?year -> Article_issued)
  from   : db.publications.find({'type' : 'article'}), Iterator: Some($)
  project: Set(_id AS ?journ2, $.year AS ?year)
  where  : Set(NotNull(_id), NotNull($.year)) }
] INNER JOIN [
[{ Binding(?journ2 @dc:title ?title2 -> Article_title)
  from   : db.publications.find({'type' : 'article'}), Iterator: Some($)
  project: Set(_id AS ?journ2, $.title AS ?title2)
  where  : Set(NotNull(_id), NotNull($.title)) }
] INNER JOIN [
{ Binding(?journ2 @http://dblp.l3s.de/d2r/appearsIn ?journal -> Article_appearsIn)
  from   : db.publications.find({'type' : 'article'}), Iterator: Some($)
  project: Set(_id AS ?journ2, $.in AS ?journal)
  where  : Set(NotNull(_id), NotNull($.in)) }
] ON Set(?journ2)
] ON Set(?journ2)
] ON Set(?journ2)
] ON Set(?journ2)
] ON Set(?journal)
] ON Set(?journ1)
] ON Set(?journ1, ?year)
] ON Set(?journ1, ?x)
] ON Set(?journ1)
] ON Set(?x)
] ON Set(?x)
LIMIT 1000
2017-05-12 23:34:13 INFO  [main] (MorphMongoQueryTranslator.scala:115) - 
------------------ Abstract query AFTER optimization: -------------------
[{ Binding(?x @rdf:type http://dblp.l3s.de/d2r/Author -> Author_Author)
   Binding(?x @http://xmlns.com/foaf/0.1/name ?name -> Author_name)
   Binding(?journ1 @dc:creator ?x -> Journal_creator)
   Binding(?journ2 @dc:creator ?x -> Journal_creator)
  from   : db.authors.find({}), Iterator: Some($)
  project: Set(_id AS ?x, $.name AS ?name, publications.article[*].dblp_key AS ?journ1, publications.article[*].dblp_key AS ?journ2)
  where  : Set(NotNull(_id), NotNull($.name), NotNull(publications.article[*].dblp_key)) }
] INNER JOIN [
[{ Binding(?journ1 @rdf:type http://dblp.l3s.de/d2r/JournalArticle -> Article_JournalArticle)
   Binding(?journ1 @http://purl.org/dc/terms/issued ?year -> Article_issued)
   Binding(?journ1 @dc:title ?title1 -> Article_title)
   Binding(?journ1 @http://dblp.l3s.de/d2r/appearsIn ?journal -> Article_appearsIn)
  from   : db.publications.find({'type':'article'}), Iterator: Some($)
  project: Set(_id AS ?journ1, $.year AS ?year, $.title AS ?title1, $.in AS ?journal)
  where  : Set(NotNull(_id), NotNull($.year), NotNull($.title), NotNull($.in)) }
] INNER JOIN [
{ Binding(?journ2 @rdf:type http://dblp.l3s.de/d2r/JournalArticle -> Article_JournalArticle)
   Binding(?journ2 @http://purl.org/dc/terms/issued ?year -> Article_issued)
   Binding(?journ2 @dc:title ?title2 -> Article_title)
   Binding(?journ2 @http://dblp.l3s.de/d2r/appearsIn ?journal -> Article_appearsIn)
  from   : db.publications.find({'type':'article'}), Iterator: Some($)
  project: Set(_id AS ?journ2, $.year AS ?year, $.title AS ?title2, $.in AS ?journal)
  where  : Set(NotNull(_id), NotNull($.year), NotNull($.title), NotNull($.in)) }
] ON Set(?year, ?journal)
] ON Set(?journ1, ?journ2)
LIMIT 1000
-------------------------------------------------------------------------
2017-05-12 23:34:13 WARN  [main] (JsonPathToMongoTranslator.scala:464) - JSONPath expression [_id] did not match any rule. It is ignored.
2017-05-12 23:34:13 WARN  [main] (JsonPathToMongoTranslator.scala:464) - JSONPath expression [publications.article[*].dblp_key] did not match any rule. It is ignored.
2017-05-12 23:34:13 WARN  [main] (JsonPathToMongoTranslator.scala:464) - JSONPath expression [_id] did not match any rule. It is ignored.
2017-05-12 23:34:13 WARN  [main] (JsonPathToMongoTranslator.scala:464) - JSONPath expression [_id] did not match any rule. It is ignored.
2017-05-12 23:34:13 INFO  [main] (MorphBaseQueryTranslator.scala:107) - Query translation time (including bindings) = 252ms.
2017-05-12 23:34:13 INFO  [main] (MorphBaseRunner.scala:90) - SPARQL Query = 
PREFIX  :     <http://dblp.l3s.de/d2r/>
PREFIX  dcterms: <http://purl.org/dc/terms/>
PREFIX  foaf: <http://xmlns.com/foaf/0.1/>
PREFIX  dc:   <http://purl.org/dc/elements/1.1/>

SELECT DISTINCT  ?name ?title1 ?title2 ?year ?journal
WHERE
  { ?x <http://www.w3.org/1999/02/22-rdf-syntax-ns#type> :Author .
    ?x foaf:name ?name .
    ?journ1 <http://www.w3.org/1999/02/22-rdf-syntax-ns#type> :JournalArticle .
    ?journ1 dc:creator ?x .
    ?journ1 dcterms:issued ?year .
    ?journ1 dc:title ?title1 .
    ?journ1 :appearsIn ?journal .
    ?journ2 <http://www.w3.org/1999/02/22-rdf-syntax-ns#type> :JournalArticle .
    ?journ2 dc:creator ?x .
    ?journ2 dcterms:issued ?year .
    ?journ2 dc:title ?title2 .
    ?journ2 :appearsIn ?journal
    FILTER ( ( ?journal != "CoRR" ) && ( ?journ1 != ?journ2 ) )
  }
LIMIT   1000

2017-05-12 23:34:13 INFO  [main] (MorphBaseRunner.scala:91) - ------------------ Abstract Query ------------------ = 
[{ Binding(?x @rdf:type http://dblp.l3s.de/d2r/Author -> Author_Author)
   Binding(?x @http://xmlns.com/foaf/0.1/name ?name -> Author_name)
   Binding(?journ1 @dc:creator ?x -> Journal_creator)
   Binding(?journ2 @dc:creator ?x -> Journal_creator)
  from   : db.authors.find({}), Iterator: Some($)
  project: Set(_id AS ?x, $.name AS ?name, publications.article[*].dblp_key AS ?journ1, publications.article[*].dblp_key AS ?journ2)
  where  : Set(NotNull(_id), NotNull($.name), NotNull(publications.article[*].dblp_key)) }
] INNER JOIN [
[{ Binding(?journ1 @rdf:type http://dblp.l3s.de/d2r/JournalArticle -> Article_JournalArticle)
   Binding(?journ1 @http://purl.org/dc/terms/issued ?year -> Article_issued)
   Binding(?journ1 @dc:title ?title1 -> Article_title)
   Binding(?journ1 @http://dblp.l3s.de/d2r/appearsIn ?journal -> Article_appearsIn)
  from   : db.publications.find({'type':'article'}), Iterator: Some($)
  project: Set(_id AS ?journ1, $.year AS ?year, $.title AS ?title1, $.in AS ?journal)
  where  : Set(NotNull(_id), NotNull($.year), NotNull($.title), NotNull($.in)) }
] INNER JOIN [
{ Binding(?journ2 @rdf:type http://dblp.l3s.de/d2r/JournalArticle -> Article_JournalArticle)
   Binding(?journ2 @http://purl.org/dc/terms/issued ?year -> Article_issued)
   Binding(?journ2 @dc:title ?title2 -> Article_title)
   Binding(?journ2 @http://dblp.l3s.de/d2r/appearsIn ?journal -> Article_appearsIn)
  from   : db.publications.find({'type':'article'}), Iterator: Some($)
  project: Set(_id AS ?journ2, $.year AS ?year, $.title AS ?title2, $.in AS ?journal)
  where  : Set(NotNull(_id), NotNull($.year), NotNull($.title), NotNull($.in)) }
] ON Set(?year, ?journal)
] ON Set(?journ1, ?journ2)
LIMIT 1000
2017-05-12 23:34:13 INFO  [main] (MorphBaseRunner.scala:92) - ------------------ Concrete Query ------------------ = 
[{ Binding(?x @rdf:type http://dblp.l3s.de/d2r/Author -> Author_Author)
   Binding(?x @http://xmlns.com/foaf/0.1/name ?name -> Author_name)
   Binding(?journ1 @dc:creator ?x -> Journal_creator)
   Binding(?journ2 @dc:creator ?x -> Journal_creator)
 MongoDBQuery[Collection: authors. Query: {'name': {$exists: true, $ne: null}}. Projection: {}] }
] INNER JOIN [
[{ Binding(?journ1 @rdf:type http://dblp.l3s.de/d2r/JournalArticle -> Article_JournalArticle)
   Binding(?journ1 @http://purl.org/dc/terms/issued ?year -> Article_issued)
   Binding(?journ1 @dc:title ?title1 -> Article_title)
   Binding(?journ1 @http://dblp.l3s.de/d2r/appearsIn ?journal -> Article_appearsIn)
 MongoDBQuery[Collection: publications. Query: {'type':'article', 'in': {$exists: true, $ne: null}, 'title': {$exists: true, $ne: null}, 'year': {$exists: true, $ne: null}}. Projection: {}] }
] INNER JOIN [
{ Binding(?journ2 @rdf:type http://dblp.l3s.de/d2r/JournalArticle -> Article_JournalArticle)
   Binding(?journ2 @http://purl.org/dc/terms/issued ?year -> Article_issued)
   Binding(?journ2 @dc:title ?title2 -> Article_title)
   Binding(?journ2 @http://dblp.l3s.de/d2r/appearsIn ?journal -> Article_appearsIn)
 MongoDBQuery[Collection: publications. Query: {'type':'article', 'in': {$exists: true, $ne: null}, 'title': {$exists: true, $ne: null}, 'year': {$exists: true, $ne: null}}. Projection: {}] }
] ON Set(?year, ?journal)
] ON Set(?journ1, ?journ2)
LIMIT 1000
2017-05-12 23:34:13 INFO  [main] (AbstractQueryInnerJoin.scala:223) - ===============================================================================
2017-05-12 23:34:13 INFO  [main] (AbstractQueryInnerJoin.scala:224) - Generating RDF triples from the inner join query:
[{ Binding(?x @rdf:type http://dblp.l3s.de/d2r/Author -> Author_Author)
   Binding(?x @http://xmlns.com/foaf/0.1/name ?name -> Author_name)
   Binding(?journ1 @dc:creator ?x -> Journal_creator)
   Binding(?journ2 @dc:creator ?x -> Journal_creator)
 MongoDBQuery[Collection: authors. Query: {'name': {$exists: true, $ne: null}}. Projection: {}] }
] INNER JOIN [
[{ Binding(?journ1 @rdf:type http://dblp.l3s.de/d2r/JournalArticle -> Article_JournalArticle)
   Binding(?journ1 @http://purl.org/dc/terms/issued ?year -> Article_issued)
   Binding(?journ1 @dc:title ?title1 -> Article_title)
   Binding(?journ1 @http://dblp.l3s.de/d2r/appearsIn ?journal -> Article_appearsIn)
 MongoDBQuery[Collection: publications. Query: {'type':'article', 'in': {$exists: true, $ne: null}, 'title': {$exists: true, $ne: null}, 'year': {$exists: true, $ne: null}}. Projection: {}] }
] INNER JOIN [
{ Binding(?journ2 @rdf:type http://dblp.l3s.de/d2r/JournalArticle -> Article_JournalArticle)
   Binding(?journ2 @http://purl.org/dc/terms/issued ?year -> Article_issued)
   Binding(?journ2 @dc:title ?title2 -> Article_title)
   Binding(?journ2 @http://dblp.l3s.de/d2r/appearsIn ?journal -> Article_appearsIn)
 MongoDBQuery[Collection: publications. Query: {'type':'article', 'in': {$exists: true, $ne: null}, 'title': {$exists: true, $ne: null}, 'year': {$exists: true, $ne: null}}. Projection: {}] }
] ON Set(?year, ?journal)
] ON Set(?journ1, ?journ2)
LIMIT 1000
2017-05-12 23:34:13 INFO  [main] (MorphMongoDataSourceReader.scala:84) - Executing query: MongoDBQuery[Collection: authors. Query: {'name': {$exists: true, $ne: null}}. Projection: {}] with limit None
2017-05-12 23:34:13 INFO  [main] (MorphMongoDataSourceReader.scala:113) - Query returned 5 result(s), 5 result(s) after applying the iterator, in: 221 ms.
2017-05-12 23:34:13 INFO  [main] (AbstractQueryAtomicMongo.scala:476) - Atomic query generated 5 RDF triples for binding
 Binding(?x @rdf:type http://dblp.l3s.de/d2r/Author -> Author_Author)
2017-05-12 23:34:13 INFO  [main] (AbstractQueryAtomicMongo.scala:476) - Atomic query generated 5 RDF triples for binding
 Binding(?x @http://xmlns.com/foaf/0.1/name ?name -> Author_name)
2017-05-12 23:34:13 INFO  [main] (AbstractQueryAtomicMongo.scala:476) - Atomic query generated 376 RDF triples for binding
 Binding(?journ1 @dc:creator ?x -> Journal_creator)
2017-05-12 23:34:13 INFO  [main] (AbstractQueryAtomicMongo.scala:476) - Atomic query generated 376 RDF triples for binding
 Binding(?journ2 @dc:creator ?x -> Journal_creator)
2017-05-12 23:34:13 INFO  [main] (AbstractQueryAtomicMongo.scala:483) - Atomic query generated 762 RDF triples for all binding in 179 ms.
2017-05-12 23:34:13 INFO  [main] (AbstractQueryInnerJoin.scala:223) - ===============================================================================
2017-05-12 23:34:13 INFO  [main] (AbstractQueryInnerJoin.scala:224) - Generating RDF triples from the inner join query:
[{ Binding(?journ1 @rdf:type http://dblp.l3s.de/d2r/JournalArticle -> Article_JournalArticle)
   Binding(?journ1 @http://purl.org/dc/terms/issued ?year -> Article_issued)
   Binding(?journ1 @dc:title ?title1 -> Article_title)
   Binding(?journ1 @http://dblp.l3s.de/d2r/appearsIn ?journal -> Article_appearsIn)
 MongoDBQuery[Collection: publications. Query: {'type':'article', 'in': {$exists: true, $ne: null}, 'title': {$exists: true, $ne: null}, 'year': {$exists: true, $ne: null}}. Projection: {}] }
] INNER JOIN [
{ Binding(?journ2 @rdf:type http://dblp.l3s.de/d2r/JournalArticle -> Article_JournalArticle)
   Binding(?journ2 @http://purl.org/dc/terms/issued ?year -> Article_issued)
   Binding(?journ2 @dc:title ?title2 -> Article_title)
   Binding(?journ2 @http://dblp.l3s.de/d2r/appearsIn ?journal -> Article_appearsIn)
 MongoDBQuery[Collection: publications. Query: {'type':'article', 'in': {$exists: true, $ne: null}, 'title': {$exists: true, $ne: null}, 'year': {$exists: true, $ne: null}}. Projection: {}] }
] ON Set(?year, ?journal)
2017-05-12 23:34:13 INFO  [main] (MorphMongoDataSourceReader.scala:84) - Executing query: MongoDBQuery[Collection: publications. Query: {'type':'article', 'in': {$exists: true, $ne: null}, 'title': {$exists: true, $ne: null}, 'year': {$exists: true, $ne: null}}. Projection: {}] with limit None
2017-05-12 23:34:13 INFO  [main] (MorphMongoDataSourceReader.scala:113) - Query returned 0 result(s), 0 result(s) after applying the iterator, in: 6 ms.
2017-05-12 23:34:13 INFO  [main] (AbstractQueryAtomicMongo.scala:476) - Atomic query generated 0 RDF triples for binding
 Binding(?journ1 @rdf:type http://dblp.l3s.de/d2r/JournalArticle -> Article_JournalArticle)
2017-05-12 23:34:13 INFO  [main] (AbstractQueryAtomicMongo.scala:476) - Atomic query generated 0 RDF triples for binding
 Binding(?journ1 @http://purl.org/dc/terms/issued ?year -> Article_issued)
2017-05-12 23:34:13 INFO  [main] (AbstractQueryAtomicMongo.scala:476) - Atomic query generated 0 RDF triples for binding
 Binding(?journ1 @dc:title ?title1 -> Article_title)
2017-05-12 23:34:13 INFO  [main] (AbstractQueryAtomicMongo.scala:476) - Atomic query generated 0 RDF triples for binding
 Binding(?journ1 @http://dblp.l3s.de/d2r/appearsIn ?journal -> Article_appearsIn)
2017-05-12 23:34:13 INFO  [main] (AbstractQueryAtomicMongo.scala:483) - Atomic query generated 0 RDF triples for all binding in 2 ms.
2017-05-12 23:34:13 INFO  [main] (MorphMongoDataSourceReader.scala:84) - Executing query: MongoDBQuery[Collection: publications. Query: {'type':'article', 'in': {$exists: true, $ne: null}, 'title': {$exists: true, $ne: null}, 'year': {$exists: true, $ne: null}}. Projection: {}] with limit None
2017-05-12 23:34:13 INFO  [main] (MorphMongoDataSourceReader.scala:113) - Query returned 0 result(s), 0 result(s) after applying the iterator, in: 4 ms.
2017-05-12 23:34:13 INFO  [main] (AbstractQueryAtomicMongo.scala:476) - Atomic query generated 0 RDF triples for binding
 Binding(?journ2 @rdf:type http://dblp.l3s.de/d2r/JournalArticle -> Article_JournalArticle)
2017-05-12 23:34:13 INFO  [main] (AbstractQueryAtomicMongo.scala:476) - Atomic query generated 0 RDF triples for binding
 Binding(?journ2 @http://purl.org/dc/terms/issued ?year -> Article_issued)
2017-05-12 23:34:13 INFO  [main] (AbstractQueryAtomicMongo.scala:476) - Atomic query generated 0 RDF triples for binding
 Binding(?journ2 @dc:title ?title2 -> Article_title)
2017-05-12 23:34:13 INFO  [main] (AbstractQueryAtomicMongo.scala:476) - Atomic query generated 0 RDF triples for binding
 Binding(?journ2 @http://dblp.l3s.de/d2r/appearsIn ?journal -> Article_appearsIn)
2017-05-12 23:34:13 INFO  [main] (AbstractQueryAtomicMongo.scala:483) - Atomic query generated 0 RDF triples for all binding in 2 ms.
2017-05-12 23:34:13 INFO  [main] (AbstractQueryInnerJoin.scala:257) - Inner join on variable(s) Set(?year, ?journal)
2017-05-12 23:34:13 INFO  [main] (AbstractQueryInnerJoin.scala:290) - Inner join computed 0 triples + 0 triples with no shared variable, in 4 ms.
2017-05-12 23:34:13 INFO  [main] (AbstractQueryInnerJoin.scala:257) - Inner join on variable(s) Set(?journ1, ?journ2)
2017-05-12 23:34:13 INFO  [main] (AbstractQueryInnerJoin.scala:290) - Inner join computed 0 triples + 772 triples with no shared variable, in 6 ms.
2017-05-12 23:34:13 WARN  [main] (MorphMongoDataTranslator.scala:229) - Duration of query execution and generation of triples = 452 ms.
2017-05-12 23:34:14 WARN  [main] (MorphMongoQueryProcessor.scala:146) - Time for late SPARQL query evaluation = 173ms.
2017-05-12 23:34:14 INFO  [main] (MorphBaseRunner.scala:104) - Query response output file: /Users/xiao/Development/obda-mongo/ontop-mongo/src/test/resources/dblp/morph/result.txt
2017-05-12 23:34:14 WARN  [main] (MorphBaseRunner.scala:111) - Overall SPARQL query processing time = 891ms.
2017-05-12 23:34:14 WARN  [main] (MorphBaseRunner.scala:112) - **********************DONE****************************
2017-05-12 23:34:14 INFO  [main] (MorphRunner.scala:74) - Query result:
<?xml version="1.0"?>
<sparql xmlns="http://www.w3.org/2005/sparql-results#">
  <head>
    <variable name="name"/>
    <variable name="title1"/>
    <variable name="title2"/>
    <variable name="year"/>
    <variable name="journal"/>
  </head>
  <results>
  </results>
</sparql>
2017-05-12 23:34:14 INFO  [main] (MorphRunner.scala:79) - Treatment completed, exiting.
