To override log4j configuration add JVM option: -Dlog4j.configuration=file:/home/.../your_log4j.properties
Loading log4j configuration: jar:file:/Users/xiao/src/morph-xr2rml/morph-xr2rml-dist/target/morph-xr2rml-dist-1.0-SNAPSHOT-jar-with-dependencies.jar!/xr2rml-log4j.properties
2017-05-12 23:34:19 INFO  [main] (MorphRunner.scala:57) - properties Directory = /Users/xiao/Development/obda-mongo/ontop-mongo/src/test/resources/dblp/morph
2017-05-12 23:34:19 INFO  [main] (MorphRunner.scala:58) - properties File      = output/q10.rq.properties
Reading configuration file : /Users/xiao/Development/obda-mongo/ontop-mongo/src/test/resources/dblp/morph/output/q10.rq.properties
2017-05-12 23:34:19 INFO  [main] (MorphProperties.scala:118) - Server active = false
2017-05-12 23:34:19 INFO  [main] (MorphProperties.scala:121) - Server port number = 8080
2017-05-12 23:34:19 INFO  [main] (MorphProperties.scala:124) - Output file = result.txt
2017-05-12 23:34:19 INFO  [main] (MorphProperties.scala:144) - Output RDF syntax = TURTLE
2017-05-12 23:34:19 INFO  [main] (MorphProperties.scala:153) - Output SPARQL result syntax = TURTLE
2017-05-12 23:34:19 INFO  [main] (MorphProperties.scala:156) - Display result on std output = true
2017-05-12 23:34:19 INFO  [main] (MorphProperties.scala:159) - Jena mode = memory
2017-05-12 23:34:19 INFO  [main] (MorphProperties.scala:162) - SPARQL Query Optimization = true
2017-05-12 23:34:19 INFO  [main] (MorphProperties.scala:165) - Optimization - Self join elimination = true
2017-05-12 23:34:19 INFO  [main] (MorphProperties.scala:168) - Optimization - Self union elimination = true
2017-05-12 23:34:19 INFO  [main] (MorphProperties.scala:171) - Optimization - Propagate conditions from a joined query = true
2017-05-12 23:34:19 INFO  [main] (MorphProperties.scala:174) - Optimization - Reorder STG = true
2017-05-12 23:34:19 INFO  [main] (MorphProperties.scala:177) - Optimization - Subquery elimination = true
2017-05-12 23:34:19 INFO  [main] (MorphProperties.scala:180) - Optimization - Trans join subquery elimination = true
2017-05-12 23:34:19 INFO  [main] (MorphProperties.scala:183) - Optimization - Trans stg subquery elimination = true
2017-05-12 23:34:19 INFO  [main] (MorphProperties.scala:186) - Optimization - Subquery as view = false
2017-05-12 23:34:19 INFO  [main] (MorphProperties.scala:189) - Cache the result of student.queries for join evaluation (non Relational DBs) = false
2017-05-12 23:34:19 INFO  [main] (MorphProperties.scala:196) - RunnerFactory = fr.unice.i3s.morph.xr2rml.mongo.engine.MorphMongoRunnerFactory
2017-05-12 23:34:19 INFO  [main] (MorphProperties.scala:199) - Remove Strange Chars From Literal Column = true
2017-05-12 23:34:19 INFO  [main] (MorphProperties.scala:202) - URL-encode reserved chars IRI tempalte string = true
2017-05-12 23:34:19 INFO  [main] (MorphProperties.scala:205) - URL-encode reserved chars in database values = true
2017-05-12 23:34:19 INFO  [main] (MorphProperties.scala:208) - String transformation = None
2017-05-12 23:34:19 INFO  [main] (R2RMLMappingDocument.scala:225) - Parsing mapping document /Users/xiao/Development/obda-mongo/ontop-mongo/src/test/resources/dblp/morph/dblp-mapping-ap.ttl
2017-05-12 23:34:20 INFO  [main] (MorphBaseRunner.scala:59) - ****************************************************************************************************************
2017-05-12 23:34:20 INFO  [main] (MorphBaseRunner.scala:60) - Running query translation. Content-type: null
2017-05-12 23:34:20 INFO  [main] (SparqlUtility.scala:224) - Request Accept: null. Negotiated: (application/sparql-results+xml,XML)
2017-05-12 23:34:20 INFO  [main] (SparqlQueryRewriter.scala:97) - SPARQL graph pattern:
(distinct
  (project (?name)
    (filter (!= ?x ?y)
      (bgp
        (triple ?x <http://www.w3.org/1999/02/22-rdf-syntax-ns#type> <http://dblp.l3s.de/d2r/Author>)
        (triple ?x <http://xmlns.com/foaf/0.1/name> "Diego Calvanese")
        (triple ?y <http://www.w3.org/1999/02/22-rdf-syntax-ns#type> <http://dblp.l3s.de/d2r/Author>)
        (triple ?y <http://xmlns.com/foaf/0.1/name> ?name)
        (triple ?publ <http://purl.org/dc/elements/1.1/creator> ?x)
        (triple ?publ <http://purl.org/dc/elements/1.1/creator> ?y)
      ))))

2017-05-12 23:34:20 INFO  [main] (MorphMongoQueryTranslator.scala:84) - Triple pattern bindings computation time = 79ms.
2017-05-12 23:34:20 INFO  [main] (MorphMongoQueryTranslator.scala:85) - Triple pattern bindings:
   Binding(?y @rdf:type http://dblp.l3s.de/d2r/Author -> Author_Author)
   Binding(?publ @dc:creator ?y -> 
      Journal_creator,
      Conference_creator)
   Binding(?publ @dc:creator ?x -> 
      Journal_creator,
      Conference_creator)
   Binding(?y @http://xmlns.com/foaf/0.1/name ?name -> Author_name)
   Binding(?x @rdf:type http://dblp.l3s.de/d2r/Author -> Author_Author)
   Binding(?x @http://xmlns.com/foaf/0.1/name "Diego Calvanese" -> Author_name)
2017-05-12 23:34:20 WARN  [main] (MorphMongoQueryTranslator.scala:219) - SPARQL DISTINCT ignored in query translation.
2017-05-12 23:34:20 WARN  [main] (MorphMongoQueryTranslator.scala:211) - SPARQL Filter ignored in query translation.
2017-05-12 23:34:20 INFO  [main] (MorphMongoQueryTranslator.scala:113) - 
-------------------------------------------------------------------------
------------------ Abstract query BEFORE optimization: ------------------
[{ Binding(?x @rdf:type http://dblp.l3s.de/d2r/Author -> Author_Author)
  from   : db.authors.find({}), Iterator: Some($)
  project: Set(_id AS ?x)
  where  : Set(NotNull(_id)) }
] INNER JOIN [
[{ Binding(?x @http://xmlns.com/foaf/0.1/name "Diego Calvanese" -> Author_name)
  from   : db.authors.find({}), Iterator: Some($)
  project: Set(_id AS ?x)
  where  : Set(NotNull(_id), Equals($.name, Diego Calvanese)) }
] INNER JOIN [
[{ Binding(?y @rdf:type http://dblp.l3s.de/d2r/Author -> Author_Author)
  from   : db.authors.find({}), Iterator: Some($)
  project: Set(_id AS ?y)
  where  : Set(NotNull(_id)) }
] INNER JOIN [
[{ Binding(?y @http://xmlns.com/foaf/0.1/name ?name -> Author_name)
  from   : db.authors.find({}), Iterator: Some($)
  project: Set(_id AS ?y, $.name AS ?name)
  where  : Set(NotNull(_id), NotNull($.name)) }
] INNER JOIN [
[[{ Binding(?publ @dc:creator ?x -> Journal_creator)
  from   : db.authors.find({}), Iterator: Some($)
  project: Set(publications.article[*].dblp_key AS ?publ, _id AS ?x)
  where  : Set(NotNull(publications.article[*].dblp_key), NotNull(_id)) }
] UNION [
{ Binding(?publ @dc:creator ?x -> Conference_creator)
  from   : db.authors.find({}), Iterator: Some($)
  project: Set($.publications.inproceedings[*].dblp_key AS ?publ, _id AS ?x)
  where  : Set(NotNull($.publications.inproceedings[*].dblp_key), NotNull(_id)) }
]
] INNER JOIN [
[{ Binding(?publ @dc:creator ?y -> Journal_creator)
  from   : db.authors.find({}), Iterator: Some($)
  project: Set(publications.article[*].dblp_key AS ?publ, _id AS ?y)
  where  : Set(NotNull(publications.article[*].dblp_key), NotNull(_id)) }
] UNION [
{ Binding(?publ @dc:creator ?y -> Conference_creator)
  from   : db.authors.find({}), Iterator: Some($)
  project: Set($.publications.inproceedings[*].dblp_key AS ?publ, _id AS ?y)
  where  : Set(NotNull($.publications.inproceedings[*].dblp_key), NotNull(_id)) }
]
] ON Set(?publ)
] ON Set(?y)
] ON Set(?y)
] ON Set(?x)
] ON Set(?x)
2017-05-12 23:34:20 INFO  [main] (MorphMongoQueryTranslator.scala:115) - 
------------------ Abstract query AFTER optimization: -------------------
[{ Binding(?x @rdf:type http://dblp.l3s.de/d2r/Author -> Author_Author)
   Binding(?x @http://xmlns.com/foaf/0.1/name "Diego Calvanese" -> Author_name)
   Binding(?publ @dc:creator ?x -> 
      Journal_creator,
      Conference_creator)
  from   : db.authors.find({}), Iterator: Some($)
  project: Set(_id AS ?x, publications.article[*].dblp_key AS ?publ, $.publications.inproceedings[*].dblp_key AS ?publ)
  where  : Set(NotNull(_id), Equals($.name, Diego Calvanese), Or(And(NotNull(publications.article[*].dblp_key), NotNull(_id)), And(NotNull($.publications.inproceedings[*].dblp_key), NotNull(_id)))) }
] INNER JOIN [
{ Binding(?y @rdf:type http://dblp.l3s.de/d2r/Author -> Author_Author)
   Binding(?y @http://xmlns.com/foaf/0.1/name ?name -> Author_name)
   Binding(?publ @dc:creator ?y -> 
      Journal_creator,
      Conference_creator)
  from   : db.authors.find({}), Iterator: Some($)
  project: Set(_id AS ?y, $.name AS ?name, publications.article[*].dblp_key AS ?publ, $.publications.inproceedings[*].dblp_key AS ?publ)
  where  : Set(NotNull(_id), NotNull($.name), Or(And(NotNull(publications.article[*].dblp_key), NotNull(_id)), And(NotNull($.publications.inproceedings[*].dblp_key), NotNull(_id)))) }
] ON Set(?publ)
-------------------------------------------------------------------------
2017-05-12 23:34:20 WARN  [main] (JsonPathToMongoTranslator.scala:464) - JSONPath expression [_id] did not match any rule. It is ignored.
2017-05-12 23:34:20 WARN  [main] (JsonPathToMongoTranslator.scala:464) - JSONPath expression [publications.article[*].dblp_key] did not match any rule. It is ignored.
2017-05-12 23:34:20 WARN  [main] (JsonPathToMongoTranslator.scala:464) - JSONPath expression [_id] did not match any rule. It is ignored.
2017-05-12 23:34:20 WARN  [main] (JsonPathToMongoTranslator.scala:464) - JSONPath expression [_id] did not match any rule. It is ignored.
2017-05-12 23:34:20 WARN  [main] (MongoQueryNode.scala:174) - Removing OR node due to NOT_SUPPORTED element: $or: [{UNSUPPORTED}, {'publications.inproceedings': {$elemMatch: {'dblp_key': {$exists: true, $ne: null}}}}]
2017-05-12 23:34:20 WARN  [main] (JsonPathToMongoTranslator.scala:464) - JSONPath expression [_id] did not match any rule. It is ignored.
2017-05-12 23:34:20 WARN  [main] (JsonPathToMongoTranslator.scala:464) - JSONPath expression [publications.article[*].dblp_key] did not match any rule. It is ignored.
2017-05-12 23:34:20 WARN  [main] (JsonPathToMongoTranslator.scala:464) - JSONPath expression [_id] did not match any rule. It is ignored.
2017-05-12 23:34:20 WARN  [main] (JsonPathToMongoTranslator.scala:464) - JSONPath expression [_id] did not match any rule. It is ignored.
2017-05-12 23:34:20 WARN  [main] (MongoQueryNode.scala:174) - Removing OR node due to NOT_SUPPORTED element: $or: [{UNSUPPORTED}, {'publications.inproceedings': {$elemMatch: {'dblp_key': {$exists: true, $ne: null}}}}]
2017-05-12 23:34:20 INFO  [main] (MorphBaseQueryTranslator.scala:107) - Query translation time (including bindings) = 229ms.
2017-05-12 23:34:20 INFO  [main] (MorphBaseRunner.scala:90) - SPARQL Query = 
PREFIX  :     <http://dblp.l3s.de/d2r/>
PREFIX  dcterms: <http://purl.org/dc/terms/>
PREFIX  foaf: <http://xmlns.com/foaf/0.1/>
PREFIX  dc:   <http://purl.org/dc/elements/1.1/>

SELECT DISTINCT  ?name
WHERE
  { ?x <http://www.w3.org/1999/02/22-rdf-syntax-ns#type> :Author .
    ?x foaf:name "Diego Calvanese" .
    ?y <http://www.w3.org/1999/02/22-rdf-syntax-ns#type> :Author .
    ?y foaf:name ?name .
    ?publ dc:creator ?x .
    ?publ dc:creator ?y
    FILTER ( ?x != ?y )
  }

2017-05-12 23:34:20 INFO  [main] (MorphBaseRunner.scala:91) - ------------------ Abstract Query ------------------ = 
[{ Binding(?x @rdf:type http://dblp.l3s.de/d2r/Author -> Author_Author)
   Binding(?x @http://xmlns.com/foaf/0.1/name "Diego Calvanese" -> Author_name)
   Binding(?publ @dc:creator ?x -> 
      Journal_creator,
      Conference_creator)
  from   : db.authors.find({}), Iterator: Some($)
  project: Set(_id AS ?x, publications.article[*].dblp_key AS ?publ, $.publications.inproceedings[*].dblp_key AS ?publ)
  where  : Set(NotNull(_id), Equals($.name, Diego Calvanese), Or(And(NotNull(publications.article[*].dblp_key), NotNull(_id)), And(NotNull($.publications.inproceedings[*].dblp_key), NotNull(_id)))) }
] INNER JOIN [
{ Binding(?y @rdf:type http://dblp.l3s.de/d2r/Author -> Author_Author)
   Binding(?y @http://xmlns.com/foaf/0.1/name ?name -> Author_name)
   Binding(?publ @dc:creator ?y -> 
      Journal_creator,
      Conference_creator)
  from   : db.authors.find({}), Iterator: Some($)
  project: Set(_id AS ?y, $.name AS ?name, publications.article[*].dblp_key AS ?publ, $.publications.inproceedings[*].dblp_key AS ?publ)
  where  : Set(NotNull(_id), NotNull($.name), Or(And(NotNull(publications.article[*].dblp_key), NotNull(_id)), And(NotNull($.publications.inproceedings[*].dblp_key), NotNull(_id)))) }
] ON Set(?publ)
2017-05-12 23:34:20 INFO  [main] (MorphBaseRunner.scala:92) - ------------------ Concrete Query ------------------ = 
[{ Binding(?x @rdf:type http://dblp.l3s.de/d2r/Author -> Author_Author)
   Binding(?x @http://xmlns.com/foaf/0.1/name "Diego Calvanese" -> Author_name)
   Binding(?publ @dc:creator ?x -> 
      Journal_creator,
      Conference_creator)
 MongoDBQuery[Collection: authors. Query: {'name': {$eq: 'Diego Calvanese'}}. Projection: {}] }
] INNER JOIN [
{ Binding(?y @rdf:type http://dblp.l3s.de/d2r/Author -> Author_Author)
   Binding(?y @http://xmlns.com/foaf/0.1/name ?name -> Author_name)
   Binding(?publ @dc:creator ?y -> 
      Journal_creator,
      Conference_creator)
 MongoDBQuery[Collection: authors. Query: {'name': {$exists: true, $ne: null}}. Projection: {}] }
] ON Set(?publ)
2017-05-12 23:34:20 INFO  [main] (AbstractQueryInnerJoin.scala:223) - ===============================================================================
2017-05-12 23:34:20 INFO  [main] (AbstractQueryInnerJoin.scala:224) - Generating RDF triples from the inner join query:
[{ Binding(?x @rdf:type http://dblp.l3s.de/d2r/Author -> Author_Author)
   Binding(?x @http://xmlns.com/foaf/0.1/name "Diego Calvanese" -> Author_name)
   Binding(?publ @dc:creator ?x -> 
      Journal_creator,
      Conference_creator)
 MongoDBQuery[Collection: authors. Query: {'name': {$eq: 'Diego Calvanese'}}. Projection: {}] }
] INNER JOIN [
{ Binding(?y @rdf:type http://dblp.l3s.de/d2r/Author -> Author_Author)
   Binding(?y @http://xmlns.com/foaf/0.1/name ?name -> Author_name)
   Binding(?publ @dc:creator ?y -> 
      Journal_creator,
      Conference_creator)
 MongoDBQuery[Collection: authors. Query: {'name': {$exists: true, $ne: null}}. Projection: {}] }
] ON Set(?publ)
2017-05-12 23:34:20 INFO  [main] (MorphMongoDataSourceReader.scala:84) - Executing query: MongoDBQuery[Collection: authors. Query: {'name': {$eq: 'Diego Calvanese'}}. Projection: {}] with limit None
2017-05-12 23:34:20 INFO  [main] (MorphMongoDataSourceReader.scala:113) - Query returned 1 result(s), 1 result(s) after applying the iterator, in: 160 ms.
2017-05-12 23:34:20 INFO  [main] (AbstractQueryAtomicMongo.scala:476) - Atomic query generated 1 RDF triples for binding
 Binding(?x @rdf:type http://dblp.l3s.de/d2r/Author -> Author_Author)
2017-05-12 23:34:20 INFO  [main] (AbstractQueryAtomicMongo.scala:476) - Atomic query generated 1 RDF triples for binding
 Binding(?x @http://xmlns.com/foaf/0.1/name "Diego Calvanese" -> Author_name)
2017-05-12 23:34:20 INFO  [main] (AbstractQueryAtomicMongo.scala:476) - Atomic query generated 71 RDF triples for binding
 Binding(?publ @dc:creator ?x -> 
      Journal_creator,
      Conference_creator)
2017-05-12 23:34:20 INFO  [main] (AbstractQueryAtomicMongo.scala:476) - Atomic query generated 242 RDF triples for binding
 Binding(?publ @dc:creator ?x -> 
      Journal_creator,
      Conference_creator)
2017-05-12 23:34:20 INFO  [main] (AbstractQueryAtomicMongo.scala:483) - Atomic query generated 315 RDF triples for all binding in 97 ms.
2017-05-12 23:34:20 INFO  [main] (MorphMongoDataSourceReader.scala:84) - Executing query: MongoDBQuery[Collection: authors. Query: {'name': {$exists: true, $ne: null}}. Projection: {}] with limit None
2017-05-12 23:34:20 INFO  [main] (MorphMongoDataSourceReader.scala:113) - Query returned 5 result(s), 5 result(s) after applying the iterator, in: 35 ms.
2017-05-12 23:34:20 INFO  [main] (AbstractQueryAtomicMongo.scala:476) - Atomic query generated 5 RDF triples for binding
 Binding(?y @rdf:type http://dblp.l3s.de/d2r/Author -> Author_Author)
2017-05-12 23:34:20 INFO  [main] (AbstractQueryAtomicMongo.scala:476) - Atomic query generated 5 RDF triples for binding
 Binding(?y @http://xmlns.com/foaf/0.1/name ?name -> Author_name)
2017-05-12 23:34:20 INFO  [main] (AbstractQueryAtomicMongo.scala:476) - Atomic query generated 376 RDF triples for binding
 Binding(?publ @dc:creator ?y -> 
      Journal_creator,
      Conference_creator)
2017-05-12 23:34:21 INFO  [main] (AbstractQueryAtomicMongo.scala:476) - Atomic query generated 733 RDF triples for binding
 Binding(?publ @dc:creator ?y -> 
      Journal_creator,
      Conference_creator)
2017-05-12 23:34:21 INFO  [main] (AbstractQueryAtomicMongo.scala:483) - Atomic query generated 1119 RDF triples for all binding in 219 ms.
2017-05-12 23:34:21 INFO  [main] (AbstractQueryInnerJoin.scala:257) - Inner join on variable(s) Set(?publ)
2017-05-12 23:34:21 INFO  [main] (AbstractQueryInnerJoin.scala:290) - Inner join computed 354 triples + 12 triples with no shared variable, in 152 ms.
2017-05-12 23:34:21 WARN  [main] (MorphMongoDataTranslator.scala:229) - Duration of query execution and generation of triples = 679 ms.
2017-05-12 23:34:21 INFO  [main] (MorphMongoQueryProcessor.scala:139) - Result set contains 2 triples.
2017-05-12 23:34:21 INFO  [main] (MorphMongoQueryProcessor.scala:140) - Tabular result set:
-----------------------
| name                |
=======================
| "Moshe Y. Vardi"    |
| "Alessandro Artale" |
-----------------------

2017-05-12 23:34:21 WARN  [main] (MorphMongoQueryProcessor.scala:146) - Time for late SPARQL query evaluation = 213ms.
2017-05-12 23:34:21 INFO  [main] (MorphBaseRunner.scala:104) - Query response output file: /Users/xiao/Development/obda-mongo/ontop-mongo/src/test/resources/dblp/morph/result.txt
2017-05-12 23:34:21 WARN  [main] (MorphBaseRunner.scala:111) - Overall SPARQL query processing time = 1136ms.
2017-05-12 23:34:21 WARN  [main] (MorphBaseRunner.scala:112) - **********************DONE****************************
2017-05-12 23:34:21 INFO  [main] (MorphRunner.scala:74) - Query result:
<?xml version="1.0"?>
<sparql xmlns="http://www.w3.org/2005/sparql-results#">
  <head>
    <variable name="name"/>
  </head>
  <results>
    <result>
      <binding name="name">
        <literal>Moshe Y. Vardi</literal>
      </binding>
    </result>
    <result>
      <binding name="name">
        <literal>Alessandro Artale</literal>
      </binding>
    </result>
  </results>
</sparql>
2017-05-12 23:34:21 INFO  [main] (MorphRunner.scala:79) - Treatment completed, exiting.
