To override log4j configuration add JVM option: -Dlog4j.configuration=file:/home/.../your_log4j.properties
Loading log4j configuration: jar:file:/Users/xiao/src/morph-xr2rml/morph-xr2rml-dist/target/morph-xr2rml-dist-1.0-SNAPSHOT-jar-with-dependencies.jar!/xr2rml-log4j.properties
2017-05-12 23:34:26 INFO  [main] (MorphRunner.scala:57) - properties Directory = /Users/xiao/Development/obda-mongo/ontop-mongo/src/test/resources/dblp/morph
2017-05-12 23:34:26 INFO  [main] (MorphRunner.scala:58) - properties File      = output/q12.rq.properties
Reading configuration file : /Users/xiao/Development/obda-mongo/ontop-mongo/src/test/resources/dblp/morph/output/q12.rq.properties
2017-05-12 23:34:27 INFO  [main] (MorphProperties.scala:118) - Server active = false
2017-05-12 23:34:27 INFO  [main] (MorphProperties.scala:121) - Server port number = 8080
2017-05-12 23:34:27 INFO  [main] (MorphProperties.scala:124) - Output file = result.txt
2017-05-12 23:34:27 INFO  [main] (MorphProperties.scala:144) - Output RDF syntax = TURTLE
2017-05-12 23:34:27 INFO  [main] (MorphProperties.scala:153) - Output SPARQL result syntax = TURTLE
2017-05-12 23:34:27 INFO  [main] (MorphProperties.scala:156) - Display result on std output = true
2017-05-12 23:34:27 INFO  [main] (MorphProperties.scala:159) - Jena mode = memory
2017-05-12 23:34:27 INFO  [main] (MorphProperties.scala:162) - SPARQL Query Optimization = true
2017-05-12 23:34:27 INFO  [main] (MorphProperties.scala:165) - Optimization - Self join elimination = true
2017-05-12 23:34:27 INFO  [main] (MorphProperties.scala:168) - Optimization - Self union elimination = true
2017-05-12 23:34:27 INFO  [main] (MorphProperties.scala:171) - Optimization - Propagate conditions from a joined query = true
2017-05-12 23:34:27 INFO  [main] (MorphProperties.scala:174) - Optimization - Reorder STG = true
2017-05-12 23:34:27 INFO  [main] (MorphProperties.scala:177) - Optimization - Subquery elimination = true
2017-05-12 23:34:27 INFO  [main] (MorphProperties.scala:180) - Optimization - Trans join subquery elimination = true
2017-05-12 23:34:27 INFO  [main] (MorphProperties.scala:183) - Optimization - Trans stg subquery elimination = true
2017-05-12 23:34:27 INFO  [main] (MorphProperties.scala:186) - Optimization - Subquery as view = false
2017-05-12 23:34:27 INFO  [main] (MorphProperties.scala:189) - Cache the result of student.queries for join evaluation (non Relational DBs) = false
2017-05-12 23:34:27 INFO  [main] (MorphProperties.scala:196) - RunnerFactory = fr.unice.i3s.morph.xr2rml.mongo.engine.MorphMongoRunnerFactory
2017-05-12 23:34:27 INFO  [main] (MorphProperties.scala:199) - Remove Strange Chars From Literal Column = true
2017-05-12 23:34:27 INFO  [main] (MorphProperties.scala:202) - URL-encode reserved chars IRI tempalte string = true
2017-05-12 23:34:27 INFO  [main] (MorphProperties.scala:205) - URL-encode reserved chars in database values = true
2017-05-12 23:34:27 INFO  [main] (MorphProperties.scala:208) - String transformation = None
2017-05-12 23:34:27 INFO  [main] (R2RMLMappingDocument.scala:225) - Parsing mapping document /Users/xiao/Development/obda-mongo/ontop-mongo/src/test/resources/dblp/morph/dblp-mapping-ap.ttl
2017-05-12 23:34:28 INFO  [main] (MorphBaseRunner.scala:59) - ****************************************************************************************************************
2017-05-12 23:34:28 INFO  [main] (MorphBaseRunner.scala:60) - Running query translation. Content-type: null
2017-05-12 23:34:28 INFO  [main] (SparqlUtility.scala:224) - Request Accept: null. Negotiated: (application/sparql-results+xml,XML)
2017-05-12 23:34:28 INFO  [main] (SparqlQueryRewriter.scala:97) - SPARQL graph pattern:
(distinct
  (project (?title ?year ?venue)
    (bgp
      (triple ?x <http://www.w3.org/1999/02/22-rdf-syntax-ns#type> <http://dblp.l3s.de/d2r/Author>)
      (triple ?x <http://xmlns.com/foaf/0.1/name> "Moshe Y. Vardi")
      (triple ?y <http://www.w3.org/1999/02/22-rdf-syntax-ns#type> <http://dblp.l3s.de/d2r/Author>)
      (triple ?y <http://xmlns.com/foaf/0.1/name> "Phokion G. Kolaitis")
      (triple ?publ <http://www.w3.org/1999/02/22-rdf-syntax-ns#type> <http://dblp.l3s.de/d2r/JournalArticle>)
      (triple ?publ <http://purl.org/dc/elements/1.1/creator> ?x)
      (triple ?publ <http://purl.org/dc/elements/1.1/creator> ?y)
      (triple ?publ <http://purl.org/dc/elements/1.1/title> ?title)
      (triple ?publ <http://purl.org/dc/terms/issued> ?year)
      (triple ?publ <http://dblp.l3s.de/d2r/appearsIn> ?venue)
    )))

2017-05-12 23:34:28 INFO  [main] (MorphMongoQueryTranslator.scala:84) - Triple pattern bindings computation time = 98ms.
2017-05-12 23:34:28 INFO  [main] (MorphMongoQueryTranslator.scala:85) - Triple pattern bindings:
   Binding(?y @rdf:type http://dblp.l3s.de/d2r/Author -> Author_Author)
   Binding(?publ @http://purl.org/dc/terms/issued ?year -> Article_issued)
   Binding(?publ @dc:creator ?y -> Journal_creator)
   Binding(?publ @dc:creator ?x -> Journal_creator)
   Binding(?publ @dc:title ?title -> Article_title)
   Binding(?y @http://xmlns.com/foaf/0.1/name "Phokion G. Kolaitis" -> Author_name)
   Binding(?x @rdf:type http://dblp.l3s.de/d2r/Author -> Author_Author)
   Binding(?publ @http://dblp.l3s.de/d2r/appearsIn ?venue -> Article_appearsIn)
   Binding(?x @http://xmlns.com/foaf/0.1/name "Moshe Y. Vardi" -> Author_name)
   Binding(?publ @rdf:type http://dblp.l3s.de/d2r/JournalArticle -> Article_JournalArticle)
2017-05-12 23:34:28 WARN  [main] (MorphMongoQueryTranslator.scala:219) - SPARQL DISTINCT ignored in query translation.
2017-05-12 23:34:28 INFO  [main] (MorphMongoQueryTranslator.scala:113) - 
-------------------------------------------------------------------------
------------------ Abstract query BEFORE optimization: ------------------
[{ Binding(?x @rdf:type http://dblp.l3s.de/d2r/Author -> Author_Author)
  from   : db.authors.find({}), Iterator: Some($)
  project: Set(_id AS ?x)
  where  : Set(NotNull(_id)) }
] INNER JOIN [
[{ Binding(?x @http://xmlns.com/foaf/0.1/name "Moshe Y. Vardi" -> Author_name)
  from   : db.authors.find({}), Iterator: Some($)
  project: Set(_id AS ?x)
  where  : Set(NotNull(_id), Equals($.name, Moshe Y. Vardi)) }
] INNER JOIN [
[{ Binding(?y @rdf:type http://dblp.l3s.de/d2r/Author -> Author_Author)
  from   : db.authors.find({}), Iterator: Some($)
  project: Set(_id AS ?y)
  where  : Set(NotNull(_id)) }
] INNER JOIN [
[{ Binding(?y @http://xmlns.com/foaf/0.1/name "Phokion G. Kolaitis" -> Author_name)
  from   : db.authors.find({}), Iterator: Some($)
  project: Set(_id AS ?y)
  where  : Set(NotNull(_id), Equals($.name, Phokion G. Kolaitis)) }
] INNER JOIN [
[{ Binding(?publ @rdf:type http://dblp.l3s.de/d2r/JournalArticle -> Article_JournalArticle)
  from   : db.publications.find({'type' : 'article'}), Iterator: Some($)
  project: Set(_id AS ?publ)
  where  : Set(NotNull(_id)) }
] INNER JOIN [
[{ Binding(?publ @dc:creator ?x -> Journal_creator)
  from   : db.authors.find({}), Iterator: Some($)
  project: Set(publications.article[*].dblp_key AS ?publ, _id AS ?x)
  where  : Set(NotNull(publications.article[*].dblp_key), NotNull(_id)) }
] INNER JOIN [
[{ Binding(?publ @dc:creator ?y -> Journal_creator)
  from   : db.authors.find({}), Iterator: Some($)
  project: Set(publications.article[*].dblp_key AS ?publ, _id AS ?y)
  where  : Set(NotNull(publications.article[*].dblp_key), NotNull(_id)) }
] INNER JOIN [
[{ Binding(?publ @dc:title ?title -> Article_title)
  from   : db.publications.find({'type' : 'article'}), Iterator: Some($)
  project: Set(_id AS ?publ, $.title AS ?title)
  where  : Set(NotNull(_id), NotNull($.title)) }
] INNER JOIN [
[{ Binding(?publ @http://purl.org/dc/terms/issued ?year -> Article_issued)
  from   : db.publications.find({'type' : 'article'}), Iterator: Some($)
  project: Set(_id AS ?publ, $.year AS ?year)
  where  : Set(NotNull(_id), NotNull($.year)) }
] INNER JOIN [
{ Binding(?publ @http://dblp.l3s.de/d2r/appearsIn ?venue -> Article_appearsIn)
  from   : db.publications.find({'type' : 'article'}), Iterator: Some($)
  project: Set(_id AS ?publ, $.in AS ?venue)
  where  : Set(NotNull(_id), NotNull($.in)) }
] ON Set(?publ)
] ON Set(?publ)
] ON Set(?publ)
] ON Set(?publ)
] ON Set(?publ)
] ON Set(?y)
] ON Set(?y)
] ON Set(?x)
] ON Set(?x)
2017-05-12 23:34:28 INFO  [main] (MorphMongoQueryTranslator.scala:115) - 
------------------ Abstract query AFTER optimization: -------------------
[{ Binding(?x @rdf:type http://dblp.l3s.de/d2r/Author -> Author_Author)
   Binding(?x @http://xmlns.com/foaf/0.1/name "Moshe Y. Vardi" -> Author_name)
   Binding(?publ @dc:creator ?x -> Journal_creator)
  from   : db.authors.find({}), Iterator: Some($)
  project: Set(_id AS ?x, publications.article[*].dblp_key AS ?publ)
  where  : Set(NotNull(_id), Equals($.name, Moshe Y. Vardi), NotNull(publications.article[*].dblp_key)) }
] INNER JOIN [
[{ Binding(?y @rdf:type http://dblp.l3s.de/d2r/Author -> Author_Author)
   Binding(?y @http://xmlns.com/foaf/0.1/name "Phokion G. Kolaitis" -> Author_name)
   Binding(?publ @dc:creator ?y -> Journal_creator)
  from   : db.authors.find({}), Iterator: Some($)
  project: Set(_id AS ?y, publications.article[*].dblp_key AS ?publ)
  where  : Set(NotNull(_id), Equals($.name, Phokion G. Kolaitis), NotNull(publications.article[*].dblp_key)) }
] INNER JOIN [
{ Binding(?publ @rdf:type http://dblp.l3s.de/d2r/JournalArticle -> Article_JournalArticle)
   Binding(?publ @dc:title ?title -> Article_title)
   Binding(?publ @http://purl.org/dc/terms/issued ?year -> Article_issued)
   Binding(?publ @http://dblp.l3s.de/d2r/appearsIn ?venue -> Article_appearsIn)
  from   : db.publications.find({'type':'article'}), Iterator: Some($)
  project: Set(_id AS ?publ, $.title AS ?title, $.year AS ?year, $.in AS ?venue)
  where  : Set(NotNull(_id), NotNull($.title), NotNull($.year), NotNull($.in)) }
] ON Set(?publ)
] ON Set(?publ)
-------------------------------------------------------------------------
2017-05-12 23:34:28 WARN  [main] (JsonPathToMongoTranslator.scala:464) - JSONPath expression [_id] did not match any rule. It is ignored.
2017-05-12 23:34:28 WARN  [main] (JsonPathToMongoTranslator.scala:464) - JSONPath expression [publications.article[*].dblp_key] did not match any rule. It is ignored.
2017-05-12 23:34:28 WARN  [main] (JsonPathToMongoTranslator.scala:464) - JSONPath expression [_id] did not match any rule. It is ignored.
2017-05-12 23:34:28 WARN  [main] (JsonPathToMongoTranslator.scala:464) - JSONPath expression [publications.article[*].dblp_key] did not match any rule. It is ignored.
2017-05-12 23:34:28 WARN  [main] (JsonPathToMongoTranslator.scala:464) - JSONPath expression [_id] did not match any rule. It is ignored.
2017-05-12 23:34:28 INFO  [main] (MorphBaseQueryTranslator.scala:107) - Query translation time (including bindings) = 241ms.
2017-05-12 23:34:28 INFO  [main] (MorphBaseRunner.scala:90) - SPARQL Query = 
PREFIX  :     <http://dblp.l3s.de/d2r/>
PREFIX  dcterms: <http://purl.org/dc/terms/>
PREFIX  foaf: <http://xmlns.com/foaf/0.1/>
PREFIX  dc:   <http://purl.org/dc/elements/1.1/>

SELECT DISTINCT  ?title ?year ?venue
WHERE
  { ?x <http://www.w3.org/1999/02/22-rdf-syntax-ns#type> :Author .
    ?x foaf:name "Moshe Y. Vardi" .
    ?y <http://www.w3.org/1999/02/22-rdf-syntax-ns#type> :Author .
    ?y foaf:name "Phokion G. Kolaitis" .
    ?publ <http://www.w3.org/1999/02/22-rdf-syntax-ns#type> :JournalArticle .
    ?publ dc:creator ?x .
    ?publ dc:creator ?y .
    ?publ dc:title ?title .
    ?publ dcterms:issued ?year .
    ?publ :appearsIn ?venue
  }

2017-05-12 23:34:28 INFO  [main] (MorphBaseRunner.scala:91) - ------------------ Abstract Query ------------------ = 
[{ Binding(?x @rdf:type http://dblp.l3s.de/d2r/Author -> Author_Author)
   Binding(?x @http://xmlns.com/foaf/0.1/name "Moshe Y. Vardi" -> Author_name)
   Binding(?publ @dc:creator ?x -> Journal_creator)
  from   : db.authors.find({}), Iterator: Some($)
  project: Set(_id AS ?x, publications.article[*].dblp_key AS ?publ)
  where  : Set(NotNull(_id), Equals($.name, Moshe Y. Vardi), NotNull(publications.article[*].dblp_key)) }
] INNER JOIN [
[{ Binding(?y @rdf:type http://dblp.l3s.de/d2r/Author -> Author_Author)
   Binding(?y @http://xmlns.com/foaf/0.1/name "Phokion G. Kolaitis" -> Author_name)
   Binding(?publ @dc:creator ?y -> Journal_creator)
  from   : db.authors.find({}), Iterator: Some($)
  project: Set(_id AS ?y, publications.article[*].dblp_key AS ?publ)
  where  : Set(NotNull(_id), Equals($.name, Phokion G. Kolaitis), NotNull(publications.article[*].dblp_key)) }
] INNER JOIN [
{ Binding(?publ @rdf:type http://dblp.l3s.de/d2r/JournalArticle -> Article_JournalArticle)
   Binding(?publ @dc:title ?title -> Article_title)
   Binding(?publ @http://purl.org/dc/terms/issued ?year -> Article_issued)
   Binding(?publ @http://dblp.l3s.de/d2r/appearsIn ?venue -> Article_appearsIn)
  from   : db.publications.find({'type':'article'}), Iterator: Some($)
  project: Set(_id AS ?publ, $.title AS ?title, $.year AS ?year, $.in AS ?venue)
  where  : Set(NotNull(_id), NotNull($.title), NotNull($.year), NotNull($.in)) }
] ON Set(?publ)
] ON Set(?publ)
2017-05-12 23:34:28 INFO  [main] (MorphBaseRunner.scala:92) - ------------------ Concrete Query ------------------ = 
[{ Binding(?x @rdf:type http://dblp.l3s.de/d2r/Author -> Author_Author)
   Binding(?x @http://xmlns.com/foaf/0.1/name "Moshe Y. Vardi" -> Author_name)
   Binding(?publ @dc:creator ?x -> Journal_creator)
 MongoDBQuery[Collection: authors. Query: {'name': {$eq: 'Moshe Y. Vardi'}}. Projection: {}] }
] INNER JOIN [
[{ Binding(?y @rdf:type http://dblp.l3s.de/d2r/Author -> Author_Author)
   Binding(?y @http://xmlns.com/foaf/0.1/name "Phokion G. Kolaitis" -> Author_name)
   Binding(?publ @dc:creator ?y -> Journal_creator)
 MongoDBQuery[Collection: authors. Query: {'name': {$eq: 'Phokion G. Kolaitis'}}. Projection: {}] }
] INNER JOIN [
{ Binding(?publ @rdf:type http://dblp.l3s.de/d2r/JournalArticle -> Article_JournalArticle)
   Binding(?publ @dc:title ?title -> Article_title)
   Binding(?publ @http://purl.org/dc/terms/issued ?year -> Article_issued)
   Binding(?publ @http://dblp.l3s.de/d2r/appearsIn ?venue -> Article_appearsIn)
 MongoDBQuery[Collection: publications. Query: {'type':'article', 'in': {$exists: true, $ne: null}, 'year': {$exists: true, $ne: null}, 'title': {$exists: true, $ne: null}}. Projection: {}] }
] ON Set(?publ)
] ON Set(?publ)
2017-05-12 23:34:28 INFO  [main] (AbstractQueryInnerJoin.scala:223) - ===============================================================================
2017-05-12 23:34:28 INFO  [main] (AbstractQueryInnerJoin.scala:224) - Generating RDF triples from the inner join query:
[{ Binding(?x @rdf:type http://dblp.l3s.de/d2r/Author -> Author_Author)
   Binding(?x @http://xmlns.com/foaf/0.1/name "Moshe Y. Vardi" -> Author_name)
   Binding(?publ @dc:creator ?x -> Journal_creator)
 MongoDBQuery[Collection: authors. Query: {'name': {$eq: 'Moshe Y. Vardi'}}. Projection: {}] }
] INNER JOIN [
[{ Binding(?y @rdf:type http://dblp.l3s.de/d2r/Author -> Author_Author)
   Binding(?y @http://xmlns.com/foaf/0.1/name "Phokion G. Kolaitis" -> Author_name)
   Binding(?publ @dc:creator ?y -> Journal_creator)
 MongoDBQuery[Collection: authors. Query: {'name': {$eq: 'Phokion G. Kolaitis'}}. Projection: {}] }
] INNER JOIN [
{ Binding(?publ @rdf:type http://dblp.l3s.de/d2r/JournalArticle -> Article_JournalArticle)
   Binding(?publ @dc:title ?title -> Article_title)
   Binding(?publ @http://purl.org/dc/terms/issued ?year -> Article_issued)
   Binding(?publ @http://dblp.l3s.de/d2r/appearsIn ?venue -> Article_appearsIn)
 MongoDBQuery[Collection: publications. Query: {'type':'article', 'in': {$exists: true, $ne: null}, 'year': {$exists: true, $ne: null}, 'title': {$exists: true, $ne: null}}. Projection: {}] }
] ON Set(?publ)
] ON Set(?publ)
2017-05-12 23:34:28 INFO  [main] (MorphMongoDataSourceReader.scala:84) - Executing query: MongoDBQuery[Collection: authors. Query: {'name': {$eq: 'Moshe Y. Vardi'}}. Projection: {}] with limit None
2017-05-12 23:34:28 INFO  [main] (MorphMongoDataSourceReader.scala:113) - Query returned 1 result(s), 1 result(s) after applying the iterator, in: 182 ms.
2017-05-12 23:34:28 INFO  [main] (AbstractQueryAtomicMongo.scala:476) - Atomic query generated 1 RDF triples for binding
 Binding(?x @rdf:type http://dblp.l3s.de/d2r/Author -> Author_Author)
2017-05-12 23:34:28 INFO  [main] (AbstractQueryAtomicMongo.scala:476) - Atomic query generated 1 RDF triples for binding
 Binding(?x @http://xmlns.com/foaf/0.1/name "Moshe Y. Vardi" -> Author_name)
2017-05-12 23:34:28 INFO  [main] (AbstractQueryAtomicMongo.scala:476) - Atomic query generated 220 RDF triples for binding
 Binding(?publ @dc:creator ?x -> Journal_creator)
2017-05-12 23:34:28 INFO  [main] (AbstractQueryAtomicMongo.scala:483) - Atomic query generated 222 RDF triples for all binding in 76 ms.
2017-05-12 23:34:28 INFO  [main] (AbstractQueryInnerJoin.scala:223) - ===============================================================================
2017-05-12 23:34:28 INFO  [main] (AbstractQueryInnerJoin.scala:224) - Generating RDF triples from the inner join query:
[{ Binding(?y @rdf:type http://dblp.l3s.de/d2r/Author -> Author_Author)
   Binding(?y @http://xmlns.com/foaf/0.1/name "Phokion G. Kolaitis" -> Author_name)
   Binding(?publ @dc:creator ?y -> Journal_creator)
 MongoDBQuery[Collection: authors. Query: {'name': {$eq: 'Phokion G. Kolaitis'}}. Projection: {}] }
] INNER JOIN [
{ Binding(?publ @rdf:type http://dblp.l3s.de/d2r/JournalArticle -> Article_JournalArticle)
   Binding(?publ @dc:title ?title -> Article_title)
   Binding(?publ @http://purl.org/dc/terms/issued ?year -> Article_issued)
   Binding(?publ @http://dblp.l3s.de/d2r/appearsIn ?venue -> Article_appearsIn)
 MongoDBQuery[Collection: publications. Query: {'type':'article', 'in': {$exists: true, $ne: null}, 'year': {$exists: true, $ne: null}, 'title': {$exists: true, $ne: null}}. Projection: {}] }
] ON Set(?publ)
2017-05-12 23:34:28 INFO  [main] (MorphMongoDataSourceReader.scala:84) - Executing query: MongoDBQuery[Collection: authors. Query: {'name': {$eq: 'Phokion G. Kolaitis'}}. Projection: {}] with limit None
2017-05-12 23:34:28 INFO  [main] (MorphMongoDataSourceReader.scala:113) - Query returned 1 result(s), 1 result(s) after applying the iterator, in: 14 ms.
2017-05-12 23:34:28 INFO  [main] (AbstractQueryAtomicMongo.scala:476) - Atomic query generated 1 RDF triples for binding
 Binding(?y @rdf:type http://dblp.l3s.de/d2r/Author -> Author_Author)
2017-05-12 23:34:28 INFO  [main] (AbstractQueryAtomicMongo.scala:476) - Atomic query generated 1 RDF triples for binding
 Binding(?y @http://xmlns.com/foaf/0.1/name "Phokion G. Kolaitis" -> Author_name)
2017-05-12 23:34:28 INFO  [main] (AbstractQueryAtomicMongo.scala:476) - Atomic query generated 66 RDF triples for binding
 Binding(?publ @dc:creator ?y -> Journal_creator)
2017-05-12 23:34:28 INFO  [main] (AbstractQueryAtomicMongo.scala:483) - Atomic query generated 68 RDF triples for all binding in 18 ms.
2017-05-12 23:34:28 INFO  [main] (MorphMongoDataSourceReader.scala:84) - Executing query: MongoDBQuery[Collection: publications. Query: {'type':'article', 'in': {$exists: true, $ne: null}, 'year': {$exists: true, $ne: null}, 'title': {$exists: true, $ne: null}}. Projection: {}] with limit None
2017-05-12 23:34:28 INFO  [main] (MorphMongoDataSourceReader.scala:113) - Query returned 0 result(s), 0 result(s) after applying the iterator, in: 4 ms.
2017-05-12 23:34:28 INFO  [main] (AbstractQueryAtomicMongo.scala:476) - Atomic query generated 0 RDF triples for binding
 Binding(?publ @rdf:type http://dblp.l3s.de/d2r/JournalArticle -> Article_JournalArticle)
2017-05-12 23:34:28 INFO  [main] (AbstractQueryAtomicMongo.scala:476) - Atomic query generated 0 RDF triples for binding
 Binding(?publ @dc:title ?title -> Article_title)
2017-05-12 23:34:28 INFO  [main] (AbstractQueryAtomicMongo.scala:476) - Atomic query generated 0 RDF triples for binding
 Binding(?publ @http://purl.org/dc/terms/issued ?year -> Article_issued)
2017-05-12 23:34:28 INFO  [main] (AbstractQueryAtomicMongo.scala:476) - Atomic query generated 0 RDF triples for binding
 Binding(?publ @http://dblp.l3s.de/d2r/appearsIn ?venue -> Article_appearsIn)
2017-05-12 23:34:28 INFO  [main] (AbstractQueryAtomicMongo.scala:483) - Atomic query generated 0 RDF triples for all binding in 1 ms.
2017-05-12 23:34:28 INFO  [main] (AbstractQueryInnerJoin.scala:257) - Inner join on variable(s) Set(?publ)
2017-05-12 23:34:28 INFO  [main] (AbstractQueryInnerJoin.scala:290) - Inner join computed 0 triples + 2 triples with no shared variable, in 5 ms.
2017-05-12 23:34:28 INFO  [main] (AbstractQueryInnerJoin.scala:257) - Inner join on variable(s) Set(?publ)
2017-05-12 23:34:28 INFO  [main] (AbstractQueryInnerJoin.scala:290) - Inner join computed 0 triples + 4 triples with no shared variable, in 1 ms.
2017-05-12 23:34:28 WARN  [main] (MorphMongoDataTranslator.scala:229) - Duration of query execution and generation of triples = 309 ms.
2017-05-12 23:34:28 WARN  [main] (MorphMongoQueryProcessor.scala:146) - Time for late SPARQL query evaluation = 129ms.
2017-05-12 23:34:28 INFO  [main] (MorphBaseRunner.scala:104) - Query response output file: /Users/xiao/Development/obda-mongo/ontop-mongo/src/test/resources/dblp/morph/result.txt
2017-05-12 23:34:28 WARN  [main] (MorphBaseRunner.scala:111) - Overall SPARQL query processing time = 695ms.
2017-05-12 23:34:28 WARN  [main] (MorphBaseRunner.scala:112) - **********************DONE****************************
2017-05-12 23:34:28 INFO  [main] (MorphRunner.scala:74) - Query result:
<?xml version="1.0"?>
<sparql xmlns="http://www.w3.org/2005/sparql-results#">
  <head>
    <variable name="title"/>
    <variable name="year"/>
    <variable name="venue"/>
  </head>
  <results>
  </results>
</sparql>
2017-05-12 23:34:28 INFO  [main] (MorphRunner.scala:79) - Treatment completed, exiting.
