
DB2 Universal Database Version 9.7, 5622-044 (c) Copyright IBM Corp. 1991, 2009
Licensed Material - Program Property of IBM
IBM DB2 Universal Database SQL and XQUERY Explain Tool

DB2 Universal Database Version 9.7, 5622-044 (c) Copyright IBM Corp. 1991, 2009
Licensed Material - Program Property of IBM
IBM DB2 Universal Database SQL and XQUERY Explain Tool

******************** DYNAMIC ***************************************

==================== STATEMENT ==========================================

	Isolation Level          = Cursor Stability
	Blocking                 = Block Unambiguous Cursors
	Query Optimization Class = 5

	Partition Parallel       = No
	Intra-Partition Parallel = No

	SQL Path                 = "SYSIBM", "SYSFUN", "SYSPROC", "SYSIBMADM", 
                                   "DB2INST2"


Statement:
  
  SELECT 1 AS "xQuestType" , NULL AS "xLang" , (
          'http://www.example.org/' || REPLACE(REPLACE(REPLACE(
          REPLACE(REPLACE(REPLACE(REPLACE(REPLACE(REPLACE(REPLACE(
          REPLACE(REPLACE(REPLACE(REPLACE(REPLACE(REPLACE(REPLACE(
          REPLACE(REPLACE(CAST(QVIEW1."unique2Tab1" AS VARCHAR(500)),
          ' ', '%20' ), '!' , '%21' ), '@' , '%40' ), '#' , '%23' ), 
          '$' , '%24' ), '&' , '%26' ), '*' , '%42' ), '(', '%28' ), 
          ')', '%29' ), '[' , '%5B' ), ']' , '%5D' ), ', ', '%2C' ), 
          ';' , '%3B' ), ':' , '%3A' ), '?' , '%3F' ), '=', '%3D' ), 
          '+' , '%2B' ), '''', '%22' ), '/' , '%2F' ))AS "x" , 4 AS 
          "yQuestType" , NULL AS "yLang" , CAST(QVIEW5."unique1Tab5" 
          AS VARCHAR(500))AS "y" 
  FROM "Tab1" QVIEW1, "Tab2" QVIEW2, "Tab3" QVIEW3, "Tab4" QVIEW4, 
          "Tab5" QVIEW5 
  WHERE (QVIEW1."unique2Tab1" =QVIEW2."unique2Tab2" )AND (QVIEW1.
          "unique2Tab1" =QVIEW3."unique2Tab3" )AND (QVIEW1.
          "unique2Tab1" =QVIEW4."unique2Tab4" )AND (QVIEW1.
          "unique2Tab1" =QVIEW5."unique2Tab5" )AND QVIEW1.
          "unique2Tab1" IS NOT NULL AND QVIEW5."unique1Tab5" IS NOT 
          NULL AND QVIEW5."stringu1Tab5" IS NOT NULL AND QVIEW5.
          "stringu2Tab5" IS NOT NULL AND (QVIEW5."unique1Tab5" < 
          100000)


Section Code Page = 1208

Estimated Cost = 924560.687500
Estimated Cardinality = 45079.886719

Access Table Name = DB2INST2.Tab5  ID = 2,8
|  #Columns = 2
|  Skip Inserted Rows
|  Avoid Locking Committed Data
|  Currently Committed for Cursor Stability
|  May participate in Scan Sharing structures
|  Scan may start anywhere and wrap, for completion
|  Fast scan, for purposes of scan sharing management
|  Scan can be throttled in scan sharing management
|  Relation Scan
|  |  Prefetch: Eligible
|  Lock Intents
|  |  Table: Intent Share
|  |  Row  : Next Key Share
|  Sargable Predicate(s)
|  |  #Predicates = 1
|  |  Insert Into Sorted Temp Table  ID = t1
|  |  |  #Columns = 2
|  |  |  #Sort Key Columns = 1
|  |  |  |  Key 1: unique2Tab5 (Ascending)
|  |  |  Sortheap Allocation Parameters:
|  |  |  |  #Rows     = 45080.000000
|  |  |  |  Row Width = 12
|  |  |  Piped
Sorted Temp Table Completion  ID = t1
Access Temp Table  ID = t1
|  #Columns = 2
|  Relation Scan
|  |  Prefetch: Eligible
Nested Loop Join
|  Access Table Name = DB2INST2.Tab1  ID = 2,4
|  |  Index Scan:  Name = DB2INST2.TAB1_PKEY  ID = 1
|  |  |  Regular Index (Not Clustered)
|  |  |  Index Columns:
|  |  |  |  1: unique2Tab1 (Ascending)
|  |  #Columns = 1
|  |  Single Record
|  |  Fully Qualified Unique Key
|  |  Skip Inserted Rows
|  |  Avoid Locking Committed Data
|  |  Currently Committed for Cursor Stability
|  |  #Key Columns = 1
|  |  |  Start Key: Inclusive Value
|  |  |  |  |  1: ?
|  |  |  Stop Key: Inclusive Value
|  |  |  |  |  1: ?
|  |  Index-Only Access
|  |  Index Prefetch: Eligible 51021
|  |  Lock Intents
|  |  |  Table: Intent Share
|  |  |  Row  : Next Key Share
Nested Loop Join
|  Access Table Name = DB2INST2.Tab2  ID = 2,5
|  |  Index Scan:  Name = DB2INST2.TAB2_PKEY  ID = 1
|  |  |  Regular Index (Not Clustered)
|  |  |  Index Columns:
|  |  |  |  1: unique2Tab2 (Ascending)
|  |  #Columns = 1
|  |  Single Record
|  |  Fully Qualified Unique Key
|  |  Skip Inserted Rows
|  |  Avoid Locking Committed Data
|  |  Currently Committed for Cursor Stability
|  |  #Key Columns = 1
|  |  |  Start Key: Inclusive Value
|  |  |  |  |  1: ?
|  |  |  Stop Key: Inclusive Value
|  |  |  |  |  1: ?
|  |  Index-Only Access
|  |  Index Prefetch: Eligible 51021
|  |  Lock Intents
|  |  |  Table: Intent Share
|  |  |  Row  : Next Key Share
Nested Loop Join
|  Access Table Name = DB2INST2.Tab3  ID = 2,6
|  |  Index Scan:  Name = DB2INST2.TAB3_PKEY  ID = 1
|  |  |  Regular Index (Not Clustered)
|  |  |  Index Columns:
|  |  |  |  1: unique2Tab3 (Ascending)
|  |  #Columns = 1
|  |  Single Record
|  |  Fully Qualified Unique Key
|  |  Skip Inserted Rows
|  |  Avoid Locking Committed Data
|  |  Currently Committed for Cursor Stability
|  |  #Key Columns = 1
|  |  |  Start Key: Inclusive Value
|  |  |  |  |  1: ?
|  |  |  Stop Key: Inclusive Value
|  |  |  |  |  1: ?
|  |  Index-Only Access
|  |  Index Prefetch: Eligible 51021
|  |  Lock Intents
|  |  |  Table: Intent Share
|  |  |  Row  : Next Key Share
Nested Loop Join
|  Access Table Name = DB2INST2.Tab4  ID = 2,7
|  |  Index Scan:  Name = DB2INST2.TAB4_PKEY  ID = 1
|  |  |  Regular Index (Not Clustered)
|  |  |  Index Columns:
|  |  |  |  1: unique2Tab4 (Ascending)
|  |  #Columns = 1
|  |  Single Record
|  |  Fully Qualified Unique Key
|  |  Skip Inserted Rows
|  |  Avoid Locking Committed Data
|  |  Currently Committed for Cursor Stability
|  |  #Key Columns = 1
|  |  |  Start Key: Inclusive Value
|  |  |  |  |  1: ?
|  |  |  Stop Key: Inclusive Value
|  |  |  |  |  1: ?
|  |  Index-Only Access
|  |  Index Prefetch: Eligible 51021
|  |  Lock Intents
|  |  |  Table: Intent Share
|  |  |  Row  : Next Key Share
Return Data to Application
|  #Columns = 6

End of section


Optimizer Plan:

                          Rows   
                        Operator 
                          (ID)   
                          Cost   
                                
                        45079.9 
                          n/a   
                        RETURN  
                         ( 1)   
                        924561  
                          |     
                        45079.9 
                          n/a   
                        NLJOIN  
                         ( 2)   
                        924556  
                       /       \---\
                 45079.9            * 
                   n/a             |      
                 NLJOIN           1e+08   
                  ( 3)          Index:    
                 872709         DB2INST2  
                /       \---\   TAB4_PKEY 
           45079.9           * 
             n/a            |      
           NLJOIN          1e+08   
            ( 4)         Index:    
           820871        DB2INST2  
          /       \--\   TAB3_PKEY 
      45079.9         * 
        n/a          |      
      NLJOIN        1e+08   
       ( 5)       Index:    
      769041      DB2INST2  
     /       \    TAB2_PKEY 
  45079.9      * 
    n/a       |      
  TBSCAN     1e+08   
   ( 6)    Index:    
  717216   DB2INST2  
    |      TAB1_PKEY 
  45079.9 
    n/a   
   SORT   
   ( 7)   
  717216  
    |     
  45079.9 
    n/a   
  TBSCAN  
   ( 8)   
  717196  
    |     
  1e+08   
   n/a    
 Table:   
 DB2INST2 
 Tab5     



