
DB2 Universal Database Version 9.7, 5622-044 (c) Copyright IBM Corp. 1991, 2009
Licensed Material - Program Property of IBM
IBM DB2 Universal Database SQL and XQUERY Explain Tool

DB2 Universal Database Version 9.7, 5622-044 (c) Copyright IBM Corp. 1991, 2009
Licensed Material - Program Property of IBM
IBM DB2 Universal Database SQL and XQUERY Explain Tool

******************** DYNAMIC ***************************************

==================== STATEMENT ==========================================

	Isolation Level          = Cursor Stability
	Blocking                 = Block Unambiguous Cursors
	Query Optimization Class = 5

	Partition Parallel       = No
	Intra-Partition Parallel = No

	SQL Path                 = "SYSIBM", "SYSFUN", "SYSPROC", "SYSIBMADM", 
                                   "DB2INST2"


Statement:
  
  SELECT 1 AS "xQuestType" , NULL AS "xLang" , (
          'http://www.example.org/' || REPLACE(REPLACE(REPLACE(
          REPLACE(REPLACE(REPLACE(REPLACE(REPLACE(REPLACE(REPLACE(
          REPLACE(REPLACE(REPLACE(REPLACE(REPLACE(REPLACE(REPLACE(
          REPLACE(REPLACE(CAST(QVIEW1."unique21" AS VARCHAR(500)), ' 
          ', '%20' ), '!' , '%21' ), '@' , '%40' ), '#' , '%23' ), '$'
          , '%24' ), '&' , '%26' ), '*' , '%42' ), '(', '%28' ), ')',
          '%29' ), '[' , '%5B' ), ']' , '%5D' ), ', ', '%2C' ), ';' ,
          '%3B' ), ':' , '%3A' ), '?' , '%3F' ), '=', '%3D' ), '+' , 
          '%2B' ), '''', '%22' ), '/' , '%2F' ))AS "x" , 4 AS 
          "yQuestType" , NULL AS "yLang" , CAST(QVIEW1."unique15" AS 
          VARCHAR(500))AS "y" 
  FROM "view12345" QVIEW1 
  WHERE QVIEW1."unique21" IS NOT NULL AND QVIEW1."unique15" IS NOT 
          NULL AND QVIEW1."stringu11" IS NOT NULL AND QVIEW1.
          "stringu21" IS NOT NULL AND (QVIEW1."unique15" < 100000)


Section Code Page = 1208

Estimated Cost = 3273839.000000
Estimated Cardinality = 45079.886719

Access Table Name = DB2INST2.view12345  ID = 2,12
|  #Columns = 2
|  Skip Inserted Rows
|  Avoid Locking Committed Data
|  Currently Committed for Cursor Stability
|  May participate in Scan Sharing structures
|  Scan may start anywhere and wrap, for completion
|  Fast scan, for purposes of scan sharing management
|  Scan can be throttled in scan sharing management
|  Relation Scan
|  |  Prefetch: Eligible
|  Lock Intents
|  |  Table: Intent Share
|  |  Row  : Next Key Share
|  Sargable Predicate(s)
|  |  #Predicates = 1
Return Data to Application
|  #Columns = 6

End of section


Optimizer Plan:

     Rows   
   Operator 
     (ID)   
     Cost   
             
   45079.9   
     n/a     
   RETURN    
    ( 1)     
 3.27384e+06 
     |       
   45079.9   
     n/a     
   TBSCAN    
    ( 2)     
 3.27383e+06 
    |      
   1e+08   
    n/a    
 Table:    
 DB2INST2  
 view12345 



